CRITICAL - 2020-07-13 08:32:10 --> Cannot access private const App\Controllers\ServerLogin::SERVERKEY
#0 /home/rizcky/git/project.asman/engine/CodeIgniter.php(860): App\Controllers\Dashboard->setup()
#1 /home/rizcky/git/project.asman/engine/CodeIgniter.php(381): CodeIgniter\CodeIgniter->runController(Object(App\Controllers\Dashboard))
#2 /home/rizcky/git/project.asman/engine/CodeIgniter.php(297): CodeIgniter\CodeIgniter->handleRequest(NULL, Object(Config\Cache), false)
#3 /home/rizcky/git/project.asman/server/public/index.php(44): CodeIgniter\CodeIgniter->run()
#4 {main}
CRITICAL - 2020-07-13 16:07:36 --> Trying to get property 'password' of non-object
#0 /home/rizcky/git/project.asman/server/core/Controllers/ServerRequest.php(52): CodeIgniter\Debug\Exceptions->errorHandler(8, 'Trying to get p...', '/home/rizcky/gi...', 52, Array)
#1 /home/rizcky/git/project.asman/server/core/Controllers/ServerRequest.php(139): App\Controllers\ServerRequest->validateLogin()
#2 /home/rizcky/git/project.asman/engine/CodeIgniter.php(860): App\Controllers\ServerRequest->index()
#3 /home/rizcky/git/project.asman/engine/CodeIgniter.php(381): CodeIgniter\CodeIgniter->runController(Object(App\Controllers\ServerRequest))
#4 /home/rizcky/git/project.asman/engine/CodeIgniter.php(297): CodeIgniter\CodeIgniter->handleRequest(NULL, Object(Config\Cache), false)
#5 /home/rizcky/git/project.asman/server/public/index.php(44): CodeIgniter\CodeIgniter->run()
#6 {main}
CRITICAL - 2020-07-13 16:07:36 --> 22 : The requested URL returned error: 500 Internal Server Error
#0 /home/rizcky/git/project.asman/engine/HTTP/CURLRequest.php(761): CodeIgniter\HTTP\Exceptions\HTTPException::forCurlError('22', 'The requested U...')
#1 /home/rizcky/git/project.asman/engine/HTTP/CURLRequest.php(441): CodeIgniter\HTTP\CURLRequest->sendRequest(Array)
#2 /home/rizcky/git/project.asman/engine/HTTP/CURLRequest.php(157): CodeIgniter\HTTP\CURLRequest->send('put', 'http://localhos...')
#3 /home/rizcky/git/project.asman/engine/HTTP/CURLRequest.php(264): CodeIgniter\HTTP\CURLRequest->request('put', 'http://localhos...', Array)
#4 /home/rizcky/git/project.asman/server/core/Controllers/ServerLogin.php(25): CodeIgniter\HTTP\CURLRequest->put('http://localhos...', Array)
#5 /home/rizcky/git/project.asman/server/core/Controllers/ServerLogin.php(60): App\Controllers\ServerLogin->doLogin(Array)
#6 /home/rizcky/git/project.asman/engine/CodeIgniter.php(860): App\Controllers\ServerLogin->index()
#7 /home/rizcky/git/project.asman/engine/CodeIgniter.php(381): CodeIgniter\CodeIgniter->runController(Object(App\Controllers\ServerLogin))
#8 /home/rizcky/git/project.asman/engine/CodeIgniter.php(297): CodeIgniter\CodeIgniter->handleRequest(NULL, Object(Config\Cache), false)
#9 /home/rizcky/git/project.asman/server/public/index.php(44): CodeIgniter\CodeIgniter->run()
#10 {main}
CRITICAL - 2020-07-13 16:07:43 --> Trying to get property 'password' of non-object
#0 /home/rizcky/git/project.asman/server/core/Controllers/ServerRequest.php(52): CodeIgniter\Debug\Exceptions->errorHandler(8, 'Trying to get p...', '/home/rizcky/gi...', 52, Array)
#1 /home/rizcky/git/project.asman/server/core/Controllers/ServerRequest.php(138): App\Controllers\ServerRequest->validateLogin()
#2 /home/rizcky/git/project.asman/engine/CodeIgniter.php(860): App\Controllers\ServerRequest->index()
#3 /home/rizcky/git/project.asman/engine/CodeIgniter.php(381): CodeIgniter\CodeIgniter->runController(Object(App\Controllers\ServerRequest))
#4 /home/rizcky/git/project.asman/engine/CodeIgniter.php(297): CodeIgniter\CodeIgniter->handleRequest(NULL, Object(Config\Cache), false)
#5 /home/rizcky/git/project.asman/server/public/index.php(44): CodeIgniter\CodeIgniter->run()
#6 {main}
CRITICAL - 2020-07-13 16:07:43 --> 22 : The requested URL returned error: 500 Internal Server Error
#0 /home/rizcky/git/project.asman/engine/HTTP/CURLRequest.php(761): CodeIgniter\HTTP\Exceptions\HTTPException::forCurlError('22', 'The requested U...')
#1 /home/rizcky/git/project.asman/engine/HTTP/CURLRequest.php(441): CodeIgniter\HTTP\CURLRequest->sendRequest(Array)
#2 /home/rizcky/git/project.asman/engine/HTTP/CURLRequest.php(157): CodeIgniter\HTTP\CURLRequest->send('put', 'http://localhos...')
#3 /home/rizcky/git/project.asman/engine/HTTP/CURLRequest.php(264): CodeIgniter\HTTP\CURLRequest->request('put', 'http://localhos...', Array)
#4 /home/rizcky/git/project.asman/server/core/Controllers/ServerLogin.php(25): CodeIgniter\HTTP\CURLRequest->put('http://localhos...', Array)
#5 /home/rizcky/git/project.asman/server/core/Controllers/ServerLogin.php(60): App\Controllers\ServerLogin->doLogin(Array)
#6 /home/rizcky/git/project.asman/engine/CodeIgniter.php(860): App\Controllers\ServerLogin->index()
#7 /home/rizcky/git/project.asman/engine/CodeIgniter.php(381): CodeIgniter\CodeIgniter->runController(Object(App\Controllers\ServerLogin))
#8 /home/rizcky/git/project.asman/engine/CodeIgniter.php(297): CodeIgniter\CodeIgniter->handleRequest(NULL, Object(Config\Cache), false)
#9 /home/rizcky/git/project.asman/server/public/index.php(44): CodeIgniter\CodeIgniter->run()
#10 {main}
CRITICAL - 2020-07-13 16:08:26 --> Trying to get property 'password' of non-object
#0 /home/rizcky/git/project.asman/server/core/Controllers/ServerRequest.php(52): CodeIgniter\Debug\Exceptions->errorHandler(8, 'Trying to get p...', '/home/rizcky/gi...', 52, Array)
#1 /home/rizcky/git/project.asman/server/core/Controllers/ServerRequest.php(138): App\Controllers\ServerRequest->validateLogin()
#2 /home/rizcky/git/project.asman/engine/CodeIgniter.php(860): App\Controllers\ServerRequest->index()
#3 /home/rizcky/git/project.asman/engine/CodeIgniter.php(381): CodeIgniter\CodeIgniter->runController(Object(App\Controllers\ServerRequest))
#4 /home/rizcky/git/project.asman/engine/CodeIgniter.php(297): CodeIgniter\CodeIgniter->handleRequest(NULL, Object(Config\Cache), false)
#5 /home/rizcky/git/project.asman/server/public/index.php(44): CodeIgniter\CodeIgniter->run()
#6 {main}
CRITICAL - 2020-07-13 16:08:26 --> 22 : The requested URL returned error: 500 Internal Server Error
#0 /home/rizcky/git/project.asman/engine/HTTP/CURLRequest.php(761): CodeIgniter\HTTP\Exceptions\HTTPException::forCurlError('22', 'The requested U...')
#1 /home/rizcky/git/project.asman/engine/HTTP/CURLRequest.php(441): CodeIgniter\HTTP\CURLRequest->sendRequest(Array)
#2 /home/rizcky/git/project.asman/engine/HTTP/CURLRequest.php(157): CodeIgniter\HTTP\CURLRequest->send('put', 'http://localhos...')
#3 /home/rizcky/git/project.asman/engine/HTTP/CURLRequest.php(264): CodeIgniter\HTTP\CURLRequest->request('put', 'http://localhos...', Array)
#4 /home/rizcky/git/project.asman/server/core/Controllers/ServerLogin.php(25): CodeIgniter\HTTP\CURLRequest->put('http://localhos...', Array)
#5 /home/rizcky/git/project.asman/server/core/Controllers/ServerLogin.php(60): App\Controllers\ServerLogin->doLogin(Array)
#6 /home/rizcky/git/project.asman/engine/CodeIgniter.php(860): App\Controllers\ServerLogin->index()
#7 /home/rizcky/git/project.asman/engine/CodeIgniter.php(381): CodeIgniter\CodeIgniter->runController(Object(App\Controllers\ServerLogin))
#8 /home/rizcky/git/project.asman/engine/CodeIgniter.php(297): CodeIgniter\CodeIgniter->handleRequest(NULL, Object(Config\Cache), false)
#9 /home/rizcky/git/project.asman/server/public/index.php(44): CodeIgniter\CodeIgniter->run()
#10 {main}
CRITICAL - 2020-07-13 16:08:51 --> Trying to get property 'password' of non-object
#0 /home/rizcky/git/project.asman/server/core/Controllers/ServerRequest.php(52): CodeIgniter\Debug\Exceptions->errorHandler(8, 'Trying to get p...', '/home/rizcky/gi...', 52, Array)
#1 /home/rizcky/git/project.asman/server/core/Controllers/ServerRequest.php(139): App\Controllers\ServerRequest->validateLogin()
#2 /home/rizcky/git/project.asman/engine/CodeIgniter.php(860): App\Controllers\ServerRequest->index()
#3 /home/rizcky/git/project.asman/engine/CodeIgniter.php(381): CodeIgniter\CodeIgniter->runController(Object(App\Controllers\ServerRequest))
#4 /home/rizcky/git/project.asman/engine/CodeIgniter.php(297): CodeIgniter\CodeIgniter->handleRequest(NULL, Object(Config\Cache), false)
#5 /home/rizcky/git/project.asman/server/public/index.php(44): CodeIgniter\CodeIgniter->run()
#6 {main}
CRITICAL - 2020-07-13 16:08:51 --> 22 : The requested URL returned error: 500 Internal Server Error
#0 /home/rizcky/git/project.asman/engine/HTTP/CURLRequest.php(761): CodeIgniter\HTTP\Exceptions\HTTPException::forCurlError('22', 'The requested U...')
#1 /home/rizcky/git/project.asman/engine/HTTP/CURLRequest.php(441): CodeIgniter\HTTP\CURLRequest->sendRequest(Array)
#2 /home/rizcky/git/project.asman/engine/HTTP/CURLRequest.php(157): CodeIgniter\HTTP\CURLRequest->send('put', 'http://localhos...')
#3 /home/rizcky/git/project.asman/engine/HTTP/CURLRequest.php(264): CodeIgniter\HTTP\CURLRequest->request('put', 'http://localhos...', Array)
#4 /home/rizcky/git/project.asman/server/core/Controllers/ServerLogin.php(25): CodeIgniter\HTTP\CURLRequest->put('http://localhos...', Array)
#5 /home/rizcky/git/project.asman/server/core/Controllers/ServerLogin.php(60): App\Controllers\ServerLogin->doLogin(Array)
#6 /home/rizcky/git/project.asman/engine/CodeIgniter.php(860): App\Controllers\ServerLogin->index()
#7 /home/rizcky/git/project.asman/engine/CodeIgniter.php(381): CodeIgniter\CodeIgniter->runController(Object(App\Controllers\ServerLogin))
#8 /home/rizcky/git/project.asman/engine/CodeIgniter.php(297): CodeIgniter\CodeIgniter->handleRequest(NULL, Object(Config\Cache), false)
#9 /home/rizcky/git/project.asman/server/public/index.php(44): CodeIgniter\CodeIgniter->run()
#10 {main}
CRITICAL - 2020-07-13 16:10:53 --> Undefined index: password
#0 /home/rizcky/git/project.asman/server/core/Controllers/ServerRequest.php(52): CodeIgniter\Debug\Exceptions->errorHandler(8, 'Undefined index...', '/home/rizcky/gi...', 52, Array)
#1 /home/rizcky/git/project.asman/server/core/Controllers/ServerRequest.php(139): App\Controllers\ServerRequest->validateLogin()
#2 /home/rizcky/git/project.asman/engine/CodeIgniter.php(860): App\Controllers\ServerRequest->index()
#3 /home/rizcky/git/project.asman/engine/CodeIgniter.php(381): CodeIgniter\CodeIgniter->runController(Object(App\Controllers\ServerRequest))
#4 /home/rizcky/git/project.asman/engine/CodeIgniter.php(297): CodeIgniter\CodeIgniter->handleRequest(NULL, Object(Config\Cache), false)
#5 /home/rizcky/git/project.asman/server/public/index.php(44): CodeIgniter\CodeIgniter->run()
#6 {main}
CRITICAL - 2020-07-13 16:10:53 --> 22 : The requested URL returned error: 500 Internal Server Error
#0 /home/rizcky/git/project.asman/engine/HTTP/CURLRequest.php(761): CodeIgniter\HTTP\Exceptions\HTTPException::forCurlError('22', 'The requested U...')
#1 /home/rizcky/git/project.asman/engine/HTTP/CURLRequest.php(441): CodeIgniter\HTTP\CURLRequest->sendRequest(Array)
#2 /home/rizcky/git/project.asman/engine/HTTP/CURLRequest.php(157): CodeIgniter\HTTP\CURLRequest->send('put', 'http://localhos...')
#3 /home/rizcky/git/project.asman/engine/HTTP/CURLRequest.php(264): CodeIgniter\HTTP\CURLRequest->request('put', 'http://localhos...', Array)
#4 /home/rizcky/git/project.asman/server/core/Controllers/ServerLogin.php(25): CodeIgniter\HTTP\CURLRequest->put('http://localhos...', Array)
#5 /home/rizcky/git/project.asman/server/core/Controllers/ServerLogin.php(60): App\Controllers\ServerLogin->doLogin(Array)
#6 /home/rizcky/git/project.asman/engine/CodeIgniter.php(860): App\Controllers\ServerLogin->index()
#7 /home/rizcky/git/project.asman/engine/CodeIgniter.php(381): CodeIgniter\CodeIgniter->runController(Object(App\Controllers\ServerLogin))
#8 /home/rizcky/git/project.asman/engine/CodeIgniter.php(297): CodeIgniter\CodeIgniter->handleRequest(NULL, Object(Config\Cache), false)
#9 /home/rizcky/git/project.asman/server/public/index.php(44): CodeIgniter\CodeIgniter->run()
#10 {main}
CRITICAL - 2020-07-13 16:13:45 --> Trying to get property 'password' of non-object
#0 /home/rizcky/git/project.asman/server/core/Controllers/ServerRequest.php(52): CodeIgniter\Debug\Exceptions->errorHandler(8, 'Trying to get p...', '/home/rizcky/gi...', 52, Array)
#1 /home/rizcky/git/project.asman/server/core/Controllers/ServerRequest.php(139): App\Controllers\ServerRequest->validateLogin()
#2 /home/rizcky/git/project.asman/engine/CodeIgniter.php(860): App\Controllers\ServerRequest->index()
#3 /home/rizcky/git/project.asman/engine/CodeIgniter.php(381): CodeIgniter\CodeIgniter->runController(Object(App\Controllers\ServerRequest))
#4 /home/rizcky/git/project.asman/engine/CodeIgniter.php(297): CodeIgniter\CodeIgniter->handleRequest(NULL, Object(Config\Cache), false)
#5 /home/rizcky/git/project.asman/server/public/index.php(44): CodeIgniter\CodeIgniter->run()
#6 {main}
CRITICAL - 2020-07-13 16:13:45 --> 22 : The requested URL returned error: 500 Internal Server Error
#0 /home/rizcky/git/project.asman/engine/HTTP/CURLRequest.php(761): CodeIgniter\HTTP\Exceptions\HTTPException::forCurlError('22', 'The requested U...')
#1 /home/rizcky/git/project.asman/engine/HTTP/CURLRequest.php(441): CodeIgniter\HTTP\CURLRequest->sendRequest(Array)
#2 /home/rizcky/git/project.asman/engine/HTTP/CURLRequest.php(157): CodeIgniter\HTTP\CURLRequest->send('put', 'http://localhos...')
#3 /home/rizcky/git/project.asman/engine/HTTP/CURLRequest.php(264): CodeIgniter\HTTP\CURLRequest->request('put', 'http://localhos...', Array)
#4 /home/rizcky/git/project.asman/server/core/Controllers/ServerLogin.php(25): CodeIgniter\HTTP\CURLRequest->put('http://localhos...', Array)
#5 /home/rizcky/git/project.asman/server/core/Controllers/ServerLogin.php(60): App\Controllers\ServerLogin->doLogin(Array)
#6 /home/rizcky/git/project.asman/engine/CodeIgniter.php(860): App\Controllers\ServerLogin->index()
#7 /home/rizcky/git/project.asman/engine/CodeIgniter.php(381): CodeIgniter\CodeIgniter->runController(Object(App\Controllers\ServerLogin))
#8 /home/rizcky/git/project.asman/engine/CodeIgniter.php(297): CodeIgniter\CodeIgniter->handleRequest(NULL, Object(Config\Cache), false)
#9 /home/rizcky/git/project.asman/server/public/index.php(44): CodeIgniter\CodeIgniter->run()
#10 {main}
CRITICAL - 2020-07-13 18:33:30 --> Trying to get property 'password' of non-object
#0 /home/rizcky/git/project.asman/server/core/Controllers/ServerRequest.php(52): CodeIgniter\Debug\Exceptions->errorHandler(8, 'Trying to get p...', '/home/rizcky/gi...', 52, Array)
#1 /home/rizcky/git/project.asman/server/core/Controllers/ServerRequest.php(139): App\Controllers\ServerRequest->validateLogin()
#2 /home/rizcky/git/project.asman/engine/CodeIgniter.php(860): App\Controllers\ServerRequest->index()
#3 /home/rizcky/git/project.asman/engine/CodeIgniter.php(381): CodeIgniter\CodeIgniter->runController(Object(App\Controllers\ServerRequest))
#4 /home/rizcky/git/project.asman/engine/CodeIgniter.php(297): CodeIgniter\CodeIgniter->handleRequest(NULL, Object(Config\Cache), false)
#5 /home/rizcky/git/project.asman/server/public/index.php(44): CodeIgniter\CodeIgniter->run()
#6 {main}
CRITICAL - 2020-07-13 18:33:30 --> 22 : The requested URL returned error: 500 Internal Server Error
#0 /home/rizcky/git/project.asman/engine/HTTP/CURLRequest.php(761): CodeIgniter\HTTP\Exceptions\HTTPException::forCurlError('22', 'The requested U...')
#1 /home/rizcky/git/project.asman/engine/HTTP/CURLRequest.php(441): CodeIgniter\HTTP\CURLRequest->sendRequest(Array)
#2 /home/rizcky/git/project.asman/engine/HTTP/CURLRequest.php(157): CodeIgniter\HTTP\CURLRequest->send('put', 'http://localhos...')
#3 /home/rizcky/git/project.asman/engine/HTTP/CURLRequest.php(264): CodeIgniter\HTTP\CURLRequest->request('put', 'http://localhos...', Array)
#4 /home/rizcky/git/project.asman/server/core/Controllers/ServerLogin.php(25): CodeIgniter\HTTP\CURLRequest->put('http://localhos...', Array)
#5 /home/rizcky/git/project.asman/server/core/Controllers/ServerLogin.php(60): App\Controllers\ServerLogin->doLogin(Array)
#6 /home/rizcky/git/project.asman/engine/CodeIgniter.php(860): App\Controllers\ServerLogin->index()
#7 /home/rizcky/git/project.asman/engine/CodeIgniter.php(381): CodeIgniter\CodeIgniter->runController(Object(App\Controllers\ServerLogin))
#8 /home/rizcky/git/project.asman/engine/CodeIgniter.php(297): CodeIgniter\CodeIgniter->handleRequest(NULL, Object(Config\Cache), false)
#9 /home/rizcky/git/project.asman/server/public/index.php(44): CodeIgniter\CodeIgniter->run()
#10 {main}
CRITICAL - 2020-07-13 18:33:44 --> Undefined index: password
#0 /home/rizcky/git/project.asman/server/core/Controllers/ServerRequest.php(52): CodeIgniter\Debug\Exceptions->errorHandler(8, 'Undefined index...', '/home/rizcky/gi...', 52, Array)
#1 /home/rizcky/git/project.asman/server/core/Controllers/ServerRequest.php(139): App\Controllers\ServerRequest->validateLogin()
#2 /home/rizcky/git/project.asman/engine/CodeIgniter.php(860): App\Controllers\ServerRequest->index()
#3 /home/rizcky/git/project.asman/engine/CodeIgniter.php(381): CodeIgniter\CodeIgniter->runController(Object(App\Controllers\ServerRequest))
#4 /home/rizcky/git/project.asman/engine/CodeIgniter.php(297): CodeIgniter\CodeIgniter->handleRequest(NULL, Object(Config\Cache), false)
#5 /home/rizcky/git/project.asman/server/public/index.php(44): CodeIgniter\CodeIgniter->run()
#6 {main}
CRITICAL - 2020-07-13 18:33:44 --> 22 : The requested URL returned error: 500 Internal Server Error
#0 /home/rizcky/git/project.asman/engine/HTTP/CURLRequest.php(761): CodeIgniter\HTTP\Exceptions\HTTPException::forCurlError('22', 'The requested U...')
#1 /home/rizcky/git/project.asman/engine/HTTP/CURLRequest.php(441): CodeIgniter\HTTP\CURLRequest->sendRequest(Array)
#2 /home/rizcky/git/project.asman/engine/HTTP/CURLRequest.php(157): CodeIgniter\HTTP\CURLRequest->send('put', 'http://localhos...')
#3 /home/rizcky/git/project.asman/engine/HTTP/CURLRequest.php(264): CodeIgniter\HTTP\CURLRequest->request('put', 'http://localhos...', Array)
#4 /home/rizcky/git/project.asman/server/core/Controllers/ServerLogin.php(25): CodeIgniter\HTTP\CURLRequest->put('http://localhos...', Array)
#5 /home/rizcky/git/project.asman/server/core/Controllers/ServerLogin.php(60): App\Controllers\ServerLogin->doLogin(Array)
#6 /home/rizcky/git/project.asman/engine/CodeIgniter.php(860): App\Controllers\ServerLogin->index()
#7 /home/rizcky/git/project.asman/engine/CodeIgniter.php(381): CodeIgniter\CodeIgniter->runController(Object(App\Controllers\ServerLogin))
#8 /home/rizcky/git/project.asman/engine/CodeIgniter.php(297): CodeIgniter\CodeIgniter->handleRequest(NULL, Object(Config\Cache), false)
#9 /home/rizcky/git/project.asman/server/public/index.php(44): CodeIgniter\CodeIgniter->run()
#10 {main}
CRITICAL - 2020-07-13 18:58:46 --> Trying to get property 'password' of non-object
#0 /home/rizcky/git/project.asman/server/core/Controllers/ServerRequest.php(53): CodeIgniter\Debug\Exceptions->errorHandler(8, 'Trying to get p...', '/home/rizcky/gi...', 53, Array)
#1 /home/rizcky/git/project.asman/server/core/Controllers/ServerRequest.php(140): App\Controllers\ServerRequest->validateLogin()
#2 /home/rizcky/git/project.asman/engine/CodeIgniter.php(860): App\Controllers\ServerRequest->index()
#3 /home/rizcky/git/project.asman/engine/CodeIgniter.php(381): CodeIgniter\CodeIgniter->runController(Object(App\Controllers\ServerRequest))
#4 /home/rizcky/git/project.asman/engine/CodeIgniter.php(297): CodeIgniter\CodeIgniter->handleRequest(NULL, Object(Config\Cache), false)
#5 /home/rizcky/git/project.asman/server/public/index.php(44): CodeIgniter\CodeIgniter->run()
#6 {main}
CRITICAL - 2020-07-13 18:58:46 --> 22 : The requested URL returned error: 500 Internal Server Error
#0 /home/rizcky/git/project.asman/engine/HTTP/CURLRequest.php(761): CodeIgniter\HTTP\Exceptions\HTTPException::forCurlError('22', 'The requested U...')
#1 /home/rizcky/git/project.asman/engine/HTTP/CURLRequest.php(441): CodeIgniter\HTTP\CURLRequest->sendRequest(Array)
#2 /home/rizcky/git/project.asman/engine/HTTP/CURLRequest.php(157): CodeIgniter\HTTP\CURLRequest->send('put', 'http://localhos...')
#3 /home/rizcky/git/project.asman/engine/HTTP/CURLRequest.php(264): CodeIgniter\HTTP\CURLRequest->request('put', 'http://localhos...', Array)
#4 /home/rizcky/git/project.asman/server/core/Controllers/ServerLogin.php(25): CodeIgniter\HTTP\CURLRequest->put('http://localhos...', Array)
#5 /home/rizcky/git/project.asman/server/core/Controllers/ServerLogin.php(60): App\Controllers\ServerLogin->doLogin(Array)
#6 /home/rizcky/git/project.asman/engine/CodeIgniter.php(860): App\Controllers\ServerLogin->index()
#7 /home/rizcky/git/project.asman/engine/CodeIgniter.php(381): CodeIgniter\CodeIgniter->runController(Object(App\Controllers\ServerLogin))
#8 /home/rizcky/git/project.asman/engine/CodeIgniter.php(297): CodeIgniter\CodeIgniter->handleRequest(NULL, Object(Config\Cache), false)
#9 /home/rizcky/git/project.asman/server/public/index.php(44): CodeIgniter\CodeIgniter->run()
#10 {main}
CRITICAL - 2020-07-13 19:03:23 --> Attempt to assign property 'password' of non-object
#0 /home/rizcky/git/project.asman/server/core/Controllers/ServerRequest.php(53): CodeIgniter\Debug\Exceptions->errorHandler(2, 'Attempt to assi...', '/home/rizcky/gi...', 53, Array)
#1 /home/rizcky/git/project.asman/server/core/Controllers/ServerRequest.php(140): App\Controllers\ServerRequest->validateLogin()
#2 /home/rizcky/git/project.asman/engine/CodeIgniter.php(860): App\Controllers\ServerRequest->index()
#3 /home/rizcky/git/project.asman/engine/CodeIgniter.php(381): CodeIgniter\CodeIgniter->runController(Object(App\Controllers\ServerRequest))
#4 /home/rizcky/git/project.asman/engine/CodeIgniter.php(297): CodeIgniter\CodeIgniter->handleRequest(NULL, Object(Config\Cache), false)
#5 /home/rizcky/git/project.asman/server/public/index.php(44): CodeIgniter\CodeIgniter->run()
#6 {main}
CRITICAL - 2020-07-13 19:03:23 --> 22 : The requested URL returned error: 500 Internal Server Error
#0 /home/rizcky/git/project.asman/engine/HTTP/CURLRequest.php(761): CodeIgniter\HTTP\Exceptions\HTTPException::forCurlError('22', 'The requested U...')
#1 /home/rizcky/git/project.asman/engine/HTTP/CURLRequest.php(441): CodeIgniter\HTTP\CURLRequest->sendRequest(Array)
#2 /home/rizcky/git/project.asman/engine/HTTP/CURLRequest.php(157): CodeIgniter\HTTP\CURLRequest->send('put', 'http://localhos...')
#3 /home/rizcky/git/project.asman/engine/HTTP/CURLRequest.php(264): CodeIgniter\HTTP\CURLRequest->request('put', 'http://localhos...', Array)
#4 /home/rizcky/git/project.asman/server/core/Controllers/ServerLogin.php(25): CodeIgniter\HTTP\CURLRequest->put('http://localhos...', Array)
#5 /home/rizcky/git/project.asman/server/core/Controllers/ServerLogin.php(60): App\Controllers\ServerLogin->doLogin(Array)
#6 /home/rizcky/git/project.asman/engine/CodeIgniter.php(860): App\Controllers\ServerLogin->index()
#7 /home/rizcky/git/project.asman/engine/CodeIgniter.php(381): CodeIgniter\CodeIgniter->runController(Object(App\Controllers\ServerLogin))
#8 /home/rizcky/git/project.asman/engine/CodeIgniter.php(297): CodeIgniter\CodeIgniter->handleRequest(NULL, Object(Config\Cache), false)
#9 /home/rizcky/git/project.asman/server/public/index.php(44): CodeIgniter\CodeIgniter->run()
#10 {main}
CRITICAL - 2020-07-13 19:11:42 --> Attempt to assign property 'password' of non-object
#0 /home/rizcky/git/project.asman/server/core/Controllers/ServerRequest.php(53): CodeIgniter\Debug\Exceptions->errorHandler(2, 'Attempt to assi...', '/home/rizcky/gi...', 53, Array)
#1 /home/rizcky/git/project.asman/server/core/Controllers/ServerRequest.php(140): App\Controllers\ServerRequest->validateLogin()
#2 /home/rizcky/git/project.asman/engine/CodeIgniter.php(860): App\Controllers\ServerRequest->index()
#3 /home/rizcky/git/project.asman/engine/CodeIgniter.php(381): CodeIgniter\CodeIgniter->runController(Object(App\Controllers\ServerRequest))
#4 /home/rizcky/git/project.asman/engine/CodeIgniter.php(297): CodeIgniter\CodeIgniter->handleRequest(NULL, Object(Config\Cache), false)
#5 /home/rizcky/git/project.asman/server/public/index.php(44): CodeIgniter\CodeIgniter->run()
#6 {main}
CRITICAL - 2020-07-13 19:11:42 --> 22 : The requested URL returned error: 500 Internal Server Error
#0 /home/rizcky/git/project.asman/engine/HTTP/CURLRequest.php(761): CodeIgniter\HTTP\Exceptions\HTTPException::forCurlError('22', 'The requested U...')
#1 /home/rizcky/git/project.asman/engine/HTTP/CURLRequest.php(441): CodeIgniter\HTTP\CURLRequest->sendRequest(Array)
#2 /home/rizcky/git/project.asman/engine/HTTP/CURLRequest.php(157): CodeIgniter\HTTP\CURLRequest->send('put', 'http://localhos...')
#3 /home/rizcky/git/project.asman/engine/HTTP/CURLRequest.php(264): CodeIgniter\HTTP\CURLRequest->request('put', 'http://localhos...', Array)
#4 /home/rizcky/git/project.asman/server/core/Controllers/ServerLogin.php(25): CodeIgniter\HTTP\CURLRequest->put('http://localhos...', Array)
#5 /home/rizcky/git/project.asman/server/core/Controllers/ServerLogin.php(60): App\Controllers\ServerLogin->doLogin(Array)
#6 /home/rizcky/git/project.asman/engine/CodeIgniter.php(860): App\Controllers\ServerLogin->index()
#7 /home/rizcky/git/project.asman/engine/CodeIgniter.php(381): CodeIgniter\CodeIgniter->runController(Object(App\Controllers\ServerLogin))
#8 /home/rizcky/git/project.asman/engine/CodeIgniter.php(297): CodeIgniter\CodeIgniter->handleRequest(NULL, Object(Config\Cache), false)
#9 /home/rizcky/git/project.asman/server/public/index.php(44): CodeIgniter\CodeIgniter->run()
#10 {main}
CRITICAL - 2020-07-13 19:14:20 --> Call to a member function get() on array
#0 /home/rizcky/git/project.asman/server/core/Controllers/ServerRequest.php(139): App\Controllers\ServerRequest->validateLogin()
#1 /home/rizcky/git/project.asman/engine/CodeIgniter.php(860): App\Controllers\ServerRequest->index()
#2 /home/rizcky/git/project.asman/engine/CodeIgniter.php(381): CodeIgniter\CodeIgniter->runController(Object(App\Controllers\ServerRequest))
#3 /home/rizcky/git/project.asman/engine/CodeIgniter.php(297): CodeIgniter\CodeIgniter->handleRequest(NULL, Object(Config\Cache), false)
#4 /home/rizcky/git/project.asman/server/public/index.php(44): CodeIgniter\CodeIgniter->run()
#5 {main}
CRITICAL - 2020-07-13 19:14:20 --> 22 : The requested URL returned error: 500 Internal Server Error
#0 /home/rizcky/git/project.asman/engine/HTTP/CURLRequest.php(761): CodeIgniter\HTTP\Exceptions\HTTPException::forCurlError('22', 'The requested U...')
#1 /home/rizcky/git/project.asman/engine/HTTP/CURLRequest.php(441): CodeIgniter\HTTP\CURLRequest->sendRequest(Array)
#2 /home/rizcky/git/project.asman/engine/HTTP/CURLRequest.php(157): CodeIgniter\HTTP\CURLRequest->send('put', 'http://localhos...')
#3 /home/rizcky/git/project.asman/engine/HTTP/CURLRequest.php(264): CodeIgniter\HTTP\CURLRequest->request('put', 'http://localhos...', Array)
#4 /home/rizcky/git/project.asman/server/core/Controllers/ServerLogin.php(25): CodeIgniter\HTTP\CURLRequest->put('http://localhos...', Array)
#5 /home/rizcky/git/project.asman/server/core/Controllers/ServerLogin.php(60): App\Controllers\ServerLogin->doLogin(Array)
#6 /home/rizcky/git/project.asman/engine/CodeIgniter.php(860): App\Controllers\ServerLogin->index()
#7 /home/rizcky/git/project.asman/engine/CodeIgniter.php(381): CodeIgniter\CodeIgniter->runController(Object(App\Controllers\ServerLogin))
#8 /home/rizcky/git/project.asman/engine/CodeIgniter.php(297): CodeIgniter\CodeIgniter->handleRequest(NULL, Object(Config\Cache), false)
#9 /home/rizcky/git/project.asman/server/public/index.php(44): CodeIgniter\CodeIgniter->run()
#10 {main}
CRITICAL - 2020-07-13 19:28:12 --> Call to a member function get() on array
#0 /home/rizcky/git/project.asman/server/core/Controllers/ServerRequest.php(139): App\Controllers\ServerRequest->validateLogin()
#1 /home/rizcky/git/project.asman/engine/CodeIgniter.php(860): App\Controllers\ServerRequest->index()
#2 /home/rizcky/git/project.asman/engine/CodeIgniter.php(381): CodeIgniter\CodeIgniter->runController(Object(App\Controllers\ServerRequest))
#3 /home/rizcky/git/project.asman/engine/CodeIgniter.php(297): CodeIgniter\CodeIgniter->handleRequest(NULL, Object(Config\Cache), false)
#4 /home/rizcky/git/project.asman/server/public/index.php(44): CodeIgniter\CodeIgniter->run()
#5 {main}
CRITICAL - 2020-07-13 19:28:12 --> 22 : The requested URL returned error: 500 Internal Server Error
#0 /home/rizcky/git/project.asman/engine/HTTP/CURLRequest.php(761): CodeIgniter\HTTP\Exceptions\HTTPException::forCurlError('22', 'The requested U...')
#1 /home/rizcky/git/project.asman/engine/HTTP/CURLRequest.php(441): CodeIgniter\HTTP\CURLRequest->sendRequest(Array)
#2 /home/rizcky/git/project.asman/engine/HTTP/CURLRequest.php(157): CodeIgniter\HTTP\CURLRequest->send('put', 'http://localhos...')
#3 /home/rizcky/git/project.asman/engine/HTTP/CURLRequest.php(264): CodeIgniter\HTTP\CURLRequest->request('put', 'http://localhos...', Array)
#4 /home/rizcky/git/project.asman/server/core/Controllers/ServerLogin.php(25): CodeIgniter\HTTP\CURLRequest->put('http://localhos...', Array)
#5 /home/rizcky/git/project.asman/server/core/Controllers/ServerLogin.php(60): App\Controllers\ServerLogin->doLogin(Array)
#6 /home/rizcky/git/project.asman/engine/CodeIgniter.php(860): App\Controllers\ServerLogin->index()
#7 /home/rizcky/git/project.asman/engine/CodeIgniter.php(381): CodeIgniter\CodeIgniter->runController(Object(App\Controllers\ServerLogin))
#8 /home/rizcky/git/project.asman/engine/CodeIgniter.php(297): CodeIgniter\CodeIgniter->handleRequest(NULL, Object(Config\Cache), false)
#9 /home/rizcky/git/project.asman/server/public/index.php(44): CodeIgniter\CodeIgniter->run()
#10 {main}
CRITICAL - 2020-07-13 19:28:36 --> Trying to get property 'password' of non-object
#0 /home/rizcky/git/project.asman/server/core/Controllers/ServerRequest.php(52): CodeIgniter\Debug\Exceptions->errorHandler(8, 'Trying to get p...', '/home/rizcky/gi...', 52, Array)
#1 /home/rizcky/git/project.asman/server/core/Controllers/ServerRequest.php(139): App\Controllers\ServerRequest->validateLogin()
#2 /home/rizcky/git/project.asman/engine/CodeIgniter.php(860): App\Controllers\ServerRequest->index()
#3 /home/rizcky/git/project.asman/engine/CodeIgniter.php(381): CodeIgniter\CodeIgniter->runController(Object(App\Controllers\ServerRequest))
#4 /home/rizcky/git/project.asman/engine/CodeIgniter.php(297): CodeIgniter\CodeIgniter->handleRequest(NULL, Object(Config\Cache), false)
#5 /home/rizcky/git/project.asman/server/public/index.php(44): CodeIgniter\CodeIgniter->run()
#6 {main}
CRITICAL - 2020-07-13 19:28:36 --> 22 : The requested URL returned error: 500 Internal Server Error
#0 /home/rizcky/git/project.asman/engine/HTTP/CURLRequest.php(761): CodeIgniter\HTTP\Exceptions\HTTPException::forCurlError('22', 'The requested U...')
#1 /home/rizcky/git/project.asman/engine/HTTP/CURLRequest.php(441): CodeIgniter\HTTP\CURLRequest->sendRequest(Array)
#2 /home/rizcky/git/project.asman/engine/HTTP/CURLRequest.php(157): CodeIgniter\HTTP\CURLRequest->send('put', 'http://localhos...')
#3 /home/rizcky/git/project.asman/engine/HTTP/CURLRequest.php(264): CodeIgniter\HTTP\CURLRequest->request('put', 'http://localhos...', Array)
#4 /home/rizcky/git/project.asman/server/core/Controllers/ServerLogin.php(25): CodeIgniter\HTTP\CURLRequest->put('http://localhos...', Array)
#5 /home/rizcky/git/project.asman/server/core/Controllers/ServerLogin.php(60): App\Controllers\ServerLogin->doLogin(Array)
#6 /home/rizcky/git/project.asman/engine/CodeIgniter.php(860): App\Controllers\ServerLogin->index()
#7 /home/rizcky/git/project.asman/engine/CodeIgniter.php(381): CodeIgniter\CodeIgniter->runController(Object(App\Controllers\ServerLogin))
#8 /home/rizcky/git/project.asman/engine/CodeIgniter.php(297): CodeIgniter\CodeIgniter->handleRequest(NULL, Object(Config\Cache), false)
#9 /home/rizcky/git/project.asman/server/public/index.php(44): CodeIgniter\CodeIgniter->run()
#10 {main}
CRITICAL - 2020-07-13 19:38:40 --> Trying to get property 'password' of non-object
#0 /home/rizcky/git/project.asman/server/core/Controllers/ServerLogin.php(60): CodeIgniter\Debug\Exceptions->errorHandler(8, 'Trying to get p...', '/home/rizcky/gi...', 60, Array)
#1 /home/rizcky/git/project.asman/engine/CodeIgniter.php(860): App\Controllers\ServerLogin->index()
#2 /home/rizcky/git/project.asman/engine/CodeIgniter.php(381): CodeIgniter\CodeIgniter->runController(Object(App\Controllers\ServerLogin))
#3 /home/rizcky/git/project.asman/engine/CodeIgniter.php(297): CodeIgniter\CodeIgniter->handleRequest(NULL, Object(Config\Cache), false)
#4 /home/rizcky/git/project.asman/server/public/index.php(44): CodeIgniter\CodeIgniter->run()
#5 {main}
CRITICAL - 2020-07-13 19:39:40 --> Trying to get property 'password' of non-object
#0 /home/rizcky/git/project.asman/server/core/Controllers/ServerLogin.php(60): CodeIgniter\Debug\Exceptions->errorHandler(8, 'Trying to get p...', '/home/rizcky/gi...', 60, Array)
#1 /home/rizcky/git/project.asman/engine/CodeIgniter.php(860): App\Controllers\ServerLogin->index()
#2 /home/rizcky/git/project.asman/engine/CodeIgniter.php(381): CodeIgniter\CodeIgniter->runController(Object(App\Controllers\ServerLogin))
#3 /home/rizcky/git/project.asman/engine/CodeIgniter.php(297): CodeIgniter\CodeIgniter->handleRequest(NULL, Object(Config\Cache), false)
#4 /home/rizcky/git/project.asman/server/public/index.php(44): CodeIgniter\CodeIgniter->run()
#5 {main}
CRITICAL - 2020-07-13 19:52:40 --> Illegal string offset 'password'
#0 /home/rizcky/git/project.asman/server/core/Controllers/ServerLogin.php(27): CodeIgniter\Debug\Exceptions->errorHandler(2, 'Illegal string ...', '/home/rizcky/gi...', 27, Array)
#1 /home/rizcky/git/project.asman/server/core/Controllers/ServerLogin.php(62): App\Controllers\ServerLogin->doLogin(Array)
#2 /home/rizcky/git/project.asman/engine/CodeIgniter.php(860): App\Controllers\ServerLogin->index()
#3 /home/rizcky/git/project.asman/engine/CodeIgniter.php(381): CodeIgniter\CodeIgniter->runController(Object(App\Controllers\ServerLogin))
#4 /home/rizcky/git/project.asman/engine/CodeIgniter.php(297): CodeIgniter\CodeIgniter->handleRequest(NULL, Object(Config\Cache), false)
#5 /home/rizcky/git/project.asman/server/public/index.php(44): CodeIgniter\CodeIgniter->run()
#6 {main}
CRITICAL - 2020-07-13 20:08:50 --> Trying to get property 'username' of non-object
#0 /home/rizcky/git/project.asman/server/core/Controllers/ServerLogin.php(40): CodeIgniter\Debug\Exceptions->errorHandler(8, 'Trying to get p...', '/home/rizcky/gi...', 40, Array)
#1 /home/rizcky/git/project.asman/server/core/Controllers/ServerLogin.php(88): App\Controllers\ServerLogin->doLogin(Array)
#2 /home/rizcky/git/project.asman/engine/CodeIgniter.php(860): App\Controllers\ServerLogin->index()
#3 /home/rizcky/git/project.asman/engine/CodeIgniter.php(381): CodeIgniter\CodeIgniter->runController(Object(App\Controllers\ServerLogin))
#4 /home/rizcky/git/project.asman/engine/CodeIgniter.php(297): CodeIgniter\CodeIgniter->handleRequest(NULL, Object(Config\Cache), false)
#5 /home/rizcky/git/project.asman/server/public/index.php(44): CodeIgniter\CodeIgniter->run()
#6 {main}
CRITICAL - 2020-07-13 20:09:06 --> Trying to get property 'username' of non-object
#0 /home/rizcky/git/project.asman/server/core/Controllers/ServerLogin.php(40): CodeIgniter\Debug\Exceptions->errorHandler(8, 'Trying to get p...', '/home/rizcky/gi...', 40, Array)
#1 /home/rizcky/git/project.asman/server/core/Controllers/ServerLogin.php(87): App\Controllers\ServerLogin->doLogin(Array)
#2 /home/rizcky/git/project.asman/engine/CodeIgniter.php(860): App\Controllers\ServerLogin->index()
#3 /home/rizcky/git/project.asman/engine/CodeIgniter.php(381): CodeIgniter\CodeIgniter->runController(Object(App\Controllers\ServerLogin))
#4 /home/rizcky/git/project.asman/engine/CodeIgniter.php(297): CodeIgniter\CodeIgniter->handleRequest(NULL, Object(Config\Cache), false)
#5 /home/rizcky/git/project.asman/server/public/index.php(44): CodeIgniter\CodeIgniter->run()
#6 {main}
CRITICAL - 2020-07-13 20:09:26 --> Trying to get property 'username' of non-object
#0 /home/rizcky/git/project.asman/server/core/Controllers/ServerLogin.php(41): CodeIgniter\Debug\Exceptions->errorHandler(8, 'Trying to get p...', '/home/rizcky/gi...', 41, Array)
#1 /home/rizcky/git/project.asman/server/core/Controllers/ServerLogin.php(88): App\Controllers\ServerLogin->doLogin(Array)
#2 /home/rizcky/git/project.asman/engine/CodeIgniter.php(860): App\Controllers\ServerLogin->index()
#3 /home/rizcky/git/project.asman/engine/CodeIgniter.php(381): CodeIgniter\CodeIgniter->runController(Object(App\Controllers\ServerLogin))
#4 /home/rizcky/git/project.asman/engine/CodeIgniter.php(297): CodeIgniter\CodeIgniter->handleRequest(NULL, Object(Config\Cache), false)
#5 /home/rizcky/git/project.asman/server/public/index.php(44): CodeIgniter\CodeIgniter->run()
#6 {main}
CRITICAL - 2020-07-13 20:09:53 --> Trying to get property 'username' of non-object
#0 /home/rizcky/git/project.asman/server/core/Controllers/ServerLogin.php(37): CodeIgniter\Debug\Exceptions->errorHandler(8, 'Trying to get p...', '/home/rizcky/gi...', 37, Array)
#1 /home/rizcky/git/project.asman/server/core/Controllers/ServerLogin.php(88): App\Controllers\ServerLogin->doLogin(Array)
#2 /home/rizcky/git/project.asman/engine/CodeIgniter.php(860): App\Controllers\ServerLogin->index()
#3 /home/rizcky/git/project.asman/engine/CodeIgniter.php(381): CodeIgniter\CodeIgniter->runController(Object(App\Controllers\ServerLogin))
#4 /home/rizcky/git/project.asman/engine/CodeIgniter.php(297): CodeIgniter\CodeIgniter->handleRequest(NULL, Object(Config\Cache), false)
#5 /home/rizcky/git/project.asman/server/public/index.php(44): CodeIgniter\CodeIgniter->run()
#6 {main}
CRITICAL - 2020-07-13 20:24:20 --> syntax error, unexpected 'echo' (T_ECHO)
#0 /home/rizcky/git/project.asman/engine/Common.php(1038): CodeIgniter\View\View->render('dashboard', Array, true)
#1 /home/rizcky/git/project.asman/server/core/Controllers/Dashboard.php(39): view('dashboard', Array)
#2 /home/rizcky/git/project.asman/engine/CodeIgniter.php(860): App\Controllers\Dashboard->index()
#3 /home/rizcky/git/project.asman/engine/CodeIgniter.php(381): CodeIgniter\CodeIgniter->runController(Object(App\Controllers\Dashboard))
#4 /home/rizcky/git/project.asman/engine/CodeIgniter.php(297): CodeIgniter\CodeIgniter->handleRequest(NULL, Object(Config\Cache), false)
#5 /home/rizcky/git/project.asman/server/public/index.php(44): CodeIgniter\CodeIgniter->run()
#6 {main}
