CRITICAL - 2021-10-13 08:11:20 --> array_push() expects parameter 1 to be array, null given
#0 [internal function]: CodeIgniter\Debug\Exceptions->errorHandler(2, 'array_push() ex...', '/home/fmkiddo/g...', 710, Array)
#1 /home/fmkiddo/git/project.alcentrali/server/syscore/Libraries/APIModules/OsamModule.php(710): array_push(NULL, Array)
#2 /home/fmkiddo/git/project.alcentrali/server/syscore/Controllers/ClientRequest.php(62): App\Libraries\APIModules\OsamModule->executeRequest('movein-document...')
#3 /home/fmkiddo/git/project.alcentrali/server/syscore/Controllers/ClientRequest.php(143): App\Controllers\ClientRequest->requestExecution()
#4 /home/fmkiddo/git/project.alcentrali/engine/CodeIgniter.php(918): App\Controllers\ClientRequest->dataRequest()
#5 /home/fmkiddo/git/project.alcentrali/engine/CodeIgniter.php(404): CodeIgniter\CodeIgniter->runController(Object(App\Controllers\ClientRequest))
#6 /home/fmkiddo/git/project.alcentrali/engine/CodeIgniter.php(312): CodeIgniter\CodeIgniter->handleRequest(NULL, Object(Config\Cache), false)
#7 /home/fmkiddo/git/project.alcentrali/server/index/index.php(45): CodeIgniter\CodeIgniter->run()
#8 {main}
CRITICAL - 2021-10-13 08:11:58 --> array_push() expects parameter 1 to be array, null given
#0 [internal function]: CodeIgniter\Debug\Exceptions->errorHandler(2, 'array_push() ex...', '/home/fmkiddo/g...', 710, Array)
#1 /home/fmkiddo/git/project.alcentrali/server/syscore/Libraries/APIModules/OsamModule.php(710): array_push(NULL, Array)
#2 /home/fmkiddo/git/project.alcentrali/server/syscore/Controllers/ClientRequest.php(62): App\Libraries\APIModules\OsamModule->executeRequest('movein-document...')
#3 /home/fmkiddo/git/project.alcentrali/server/syscore/Controllers/ClientRequest.php(143): App\Controllers\ClientRequest->requestExecution()
#4 /home/fmkiddo/git/project.alcentrali/engine/CodeIgniter.php(918): App\Controllers\ClientRequest->dataRequest()
#5 /home/fmkiddo/git/project.alcentrali/engine/CodeIgniter.php(404): CodeIgniter\CodeIgniter->runController(Object(App\Controllers\ClientRequest))
#6 /home/fmkiddo/git/project.alcentrali/engine/CodeIgniter.php(312): CodeIgniter\CodeIgniter->handleRequest(NULL, Object(Config\Cache), false)
#7 /home/fmkiddo/git/project.alcentrali/server/index/index.php(45): CodeIgniter\CodeIgniter->run()
#8 {main}
CRITICAL - 2021-10-13 08:12:04 --> array_push() expects parameter 1 to be array, null given
#0 [internal function]: CodeIgniter\Debug\Exceptions->errorHandler(2, 'array_push() ex...', '/home/fmkiddo/g...', 710, Array)
#1 /home/fmkiddo/git/project.alcentrali/server/syscore/Libraries/APIModules/OsamModule.php(710): array_push(NULL, Array)
#2 /home/fmkiddo/git/project.alcentrali/server/syscore/Controllers/ClientRequest.php(62): App\Libraries\APIModules\OsamModule->executeRequest('movein-document...')
#3 /home/fmkiddo/git/project.alcentrali/server/syscore/Controllers/ClientRequest.php(143): App\Controllers\ClientRequest->requestExecution()
#4 /home/fmkiddo/git/project.alcentrali/engine/CodeIgniter.php(918): App\Controllers\ClientRequest->dataRequest()
#5 /home/fmkiddo/git/project.alcentrali/engine/CodeIgniter.php(404): CodeIgniter\CodeIgniter->runController(Object(App\Controllers\ClientRequest))
#6 /home/fmkiddo/git/project.alcentrali/engine/CodeIgniter.php(312): CodeIgniter\CodeIgniter->handleRequest(NULL, Object(Config\Cache), false)
#7 /home/fmkiddo/git/project.alcentrali/server/index/index.php(45): CodeIgniter\CodeIgniter->run()
#8 {main}
CRITICAL - 2021-10-13 08:12:45 --> Undefined variable: sublocation
#0 /home/fmkiddo/git/project.alcentrali/server/syscore/Libraries/APIModules/OsamModule.php(703): CodeIgniter\Debug\Exceptions->errorHandler(8, 'Undefined varia...', '/home/fmkiddo/g...', 703, Array)
#1 /home/fmkiddo/git/project.alcentrali/server/syscore/Controllers/ClientRequest.php(62): App\Libraries\APIModules\OsamModule->executeRequest('movein-document...')
#2 /home/fmkiddo/git/project.alcentrali/server/syscore/Controllers/ClientRequest.php(143): App\Controllers\ClientRequest->requestExecution()
#3 /home/fmkiddo/git/project.alcentrali/engine/CodeIgniter.php(918): App\Controllers\ClientRequest->dataRequest()
#4 /home/fmkiddo/git/project.alcentrali/engine/CodeIgniter.php(404): CodeIgniter\CodeIgniter->runController(Object(App\Controllers\ClientRequest))
#5 /home/fmkiddo/git/project.alcentrali/engine/CodeIgniter.php(312): CodeIgniter\CodeIgniter->handleRequest(NULL, Object(Config\Cache), false)
#6 /home/fmkiddo/git/project.alcentrali/server/index/index.php(45): CodeIgniter\CodeIgniter->run()
#7 {main}
CRITICAL - 2021-10-13 08:21:57 --> Undefined variable: osbl
#0 /home/fmkiddo/git/project.alcentrali/server/syscore/Libraries/APIModules/OsamModule.php(715): CodeIgniter\Debug\Exceptions->errorHandler(8, 'Undefined varia...', '/home/fmkiddo/g...', 715, Array)
#1 /home/fmkiddo/git/project.alcentrali/server/syscore/Controllers/ClientRequest.php(62): App\Libraries\APIModules\OsamModule->executeRequest('movein-document...')
#2 /home/fmkiddo/git/project.alcentrali/server/syscore/Controllers/ClientRequest.php(143): App\Controllers\ClientRequest->requestExecution()
#3 /home/fmkiddo/git/project.alcentrali/engine/CodeIgniter.php(918): App\Controllers\ClientRequest->dataRequest()
#4 /home/fmkiddo/git/project.alcentrali/engine/CodeIgniter.php(404): CodeIgniter\CodeIgniter->runController(Object(App\Controllers\ClientRequest))
#5 /home/fmkiddo/git/project.alcentrali/engine/CodeIgniter.php(312): CodeIgniter\CodeIgniter->handleRequest(NULL, Object(Config\Cache), false)
#6 /home/fmkiddo/git/project.alcentrali/server/index/index.php(45): CodeIgniter\CodeIgniter->run()
#7 {main}
CRITICAL - 2021-10-13 08:24:05 --> Undefined variable: osbl
#0 /home/fmkiddo/git/project.alcentrali/server/syscore/Libraries/APIModules/OsamModule.php(715): CodeIgniter\Debug\Exceptions->errorHandler(8, 'Undefined varia...', '/home/fmkiddo/g...', 715, Array)
#1 /home/fmkiddo/git/project.alcentrali/server/syscore/Controllers/ClientRequest.php(62): App\Libraries\APIModules\OsamModule->executeRequest('movein-document...')
#2 /home/fmkiddo/git/project.alcentrali/server/syscore/Controllers/ClientRequest.php(143): App\Controllers\ClientRequest->requestExecution()
#3 /home/fmkiddo/git/project.alcentrali/engine/CodeIgniter.php(918): App\Controllers\ClientRequest->dataRequest()
#4 /home/fmkiddo/git/project.alcentrali/engine/CodeIgniter.php(404): CodeIgniter\CodeIgniter->runController(Object(App\Controllers\ClientRequest))
#5 /home/fmkiddo/git/project.alcentrali/engine/CodeIgniter.php(312): CodeIgniter\CodeIgniter->handleRequest(NULL, Object(Config\Cache), false)
#6 /home/fmkiddo/git/project.alcentrali/server/index/index.php(45): CodeIgniter\CodeIgniter->run()
#7 {main}
CRITICAL - 2021-10-13 11:07:50 --> Undefined offset: 0
#0 /home/fmkiddo/git/project.alcentrali/server/syscore/Libraries/APIModules/OsamModule.php(320): CodeIgniter\Debug\Exceptions->errorHandler(8, 'Undefined offse...', '/home/fmkiddo/g...', 320, Array)
#1 /home/fmkiddo/git/project.alcentrali/server/syscore/Controllers/ClientRequest.php(62): App\Libraries\APIModules\OsamModule->executeRequest('user-retrieve')
#2 /home/fmkiddo/git/project.alcentrali/server/syscore/Controllers/ClientRequest.php(143): App\Controllers\ClientRequest->requestExecution()
#3 /home/fmkiddo/git/project.alcentrali/engine/CodeIgniter.php(918): App\Controllers\ClientRequest->dataRequest()
#4 /home/fmkiddo/git/project.alcentrali/engine/CodeIgniter.php(404): CodeIgniter\CodeIgniter->runController(Object(App\Controllers\ClientRequest))
#5 /home/fmkiddo/git/project.alcentrali/engine/CodeIgniter.php(312): CodeIgniter\CodeIgniter->handleRequest(NULL, Object(Config\Cache), false)
#6 /home/fmkiddo/git/project.alcentrali/server/index/index.php(45): CodeIgniter\CodeIgniter->run()
#7 {main}
CRITICAL - 2021-10-13 21:35:41 --> Undefined variable: requestResponse
#0 /home/fmkiddo/git/project.alcentrali/server/syscore/Libraries/APIModules/OsamModule.php(1260): CodeIgniter\Debug\Exceptions->errorHandler(8, 'Undefined varia...', '/home/fmkiddo/g...', 1260, Array)
#1 /home/fmkiddo/git/project.alcentrali/server/syscore/Controllers/ClientRequest.php(62): App\Libraries\APIModules\OsamModule->executeRequest('moveindo-assetd...')
#2 /home/fmkiddo/git/project.alcentrali/server/syscore/Controllers/ClientRequest.php(143): App\Controllers\ClientRequest->requestExecution()
#3 /home/fmkiddo/git/project.alcentrali/engine/CodeIgniter.php(918): App\Controllers\ClientRequest->dataRequest()
#4 /home/fmkiddo/git/project.alcentrali/engine/CodeIgniter.php(404): CodeIgniter\CodeIgniter->runController(Object(App\Controllers\ClientRequest))
#5 /home/fmkiddo/git/project.alcentrali/engine/CodeIgniter.php(312): CodeIgniter\CodeIgniter->handleRequest(NULL, Object(Config\Cache), false)
#6 /home/fmkiddo/git/project.alcentrali/server/index/index.php(45): CodeIgniter\CodeIgniter->run()
#7 {main}
CRITICAL - 2021-10-13 21:42:15 --> Trying to access array offset on value of type int
#0 /home/fmkiddo/git/project.alcentrali/server/syscore/Libraries/APIModules/OsamModule.php(921): CodeIgniter\Debug\Exceptions->errorHandler(8, 'Trying to acces...', '/home/fmkiddo/g...', 921, Array)
#1 /home/fmkiddo/git/project.alcentrali/server/syscore/Controllers/ClientRequest.php(62): App\Libraries\APIModules\OsamModule->executeRequest('moveindo-assetd...')
#2 /home/fmkiddo/git/project.alcentrali/server/syscore/Controllers/ClientRequest.php(143): App\Controllers\ClientRequest->requestExecution()
#3 /home/fmkiddo/git/project.alcentrali/engine/CodeIgniter.php(918): App\Controllers\ClientRequest->dataRequest()
#4 /home/fmkiddo/git/project.alcentrali/engine/CodeIgniter.php(404): CodeIgniter\CodeIgniter->runController(Object(App\Controllers\ClientRequest))
#5 /home/fmkiddo/git/project.alcentrali/engine/CodeIgniter.php(312): CodeIgniter\CodeIgniter->handleRequest(NULL, Object(Config\Cache), false)
#6 /home/fmkiddo/git/project.alcentrali/server/index/index.php(45): CodeIgniter\CodeIgniter->run()
#7 {main}
CRITICAL - 2021-10-13 21:46:08 --> Undefined variable: value
#0 /home/fmkiddo/git/project.alcentrali/server/syscore/Libraries/APIModules/OsamModule.php(933): CodeIgniter\Debug\Exceptions->errorHandler(8, 'Undefined varia...', '/home/fmkiddo/g...', 933, Array)
#1 /home/fmkiddo/git/project.alcentrali/server/syscore/Controllers/ClientRequest.php(62): App\Libraries\APIModules\OsamModule->executeRequest('moveindo-assetd...')
#2 /home/fmkiddo/git/project.alcentrali/server/syscore/Controllers/ClientRequest.php(143): App\Controllers\ClientRequest->requestExecution()
#3 /home/fmkiddo/git/project.alcentrali/engine/CodeIgniter.php(918): App\Controllers\ClientRequest->dataRequest()
#4 /home/fmkiddo/git/project.alcentrali/engine/CodeIgniter.php(404): CodeIgniter\CodeIgniter->runController(Object(App\Controllers\ClientRequest))
#5 /home/fmkiddo/git/project.alcentrali/engine/CodeIgniter.php(312): CodeIgniter\CodeIgniter->handleRequest(NULL, Object(Config\Cache), false)
#6 /home/fmkiddo/git/project.alcentrali/server/index/index.php(45): CodeIgniter\CodeIgniter->run()
#7 {main}
CRITICAL - 2021-10-13 21:46:19 --> Undefined variable: value
#0 /home/fmkiddo/git/project.alcentrali/server/syscore/Libraries/APIModules/OsamModule.php(933): CodeIgniter\Debug\Exceptions->errorHandler(8, 'Undefined varia...', '/home/fmkiddo/g...', 933, Array)
#1 /home/fmkiddo/git/project.alcentrali/server/syscore/Controllers/ClientRequest.php(62): App\Libraries\APIModules\OsamModule->executeRequest('moveindo-assetd...')
#2 /home/fmkiddo/git/project.alcentrali/server/syscore/Controllers/ClientRequest.php(143): App\Controllers\ClientRequest->requestExecution()
#3 /home/fmkiddo/git/project.alcentrali/engine/CodeIgniter.php(918): App\Controllers\ClientRequest->dataRequest()
#4 /home/fmkiddo/git/project.alcentrali/engine/CodeIgniter.php(404): CodeIgniter\CodeIgniter->runController(Object(App\Controllers\ClientRequest))
#5 /home/fmkiddo/git/project.alcentrali/engine/CodeIgniter.php(312): CodeIgniter\CodeIgniter->handleRequest(NULL, Object(Config\Cache), false)
#6 /home/fmkiddo/git/project.alcentrali/server/index/index.php(45): CodeIgniter\CodeIgniter->run()
#7 {main}
CRITICAL - 2021-10-13 21:57:54 --> Trying to access array offset on value of type int
#0 /home/fmkiddo/git/project.alcentrali/server/syscore/Libraries/APIModules/OsamModule.php(923): CodeIgniter\Debug\Exceptions->errorHandler(8, 'Trying to acces...', '/home/fmkiddo/g...', 923, Array)
#1 /home/fmkiddo/git/project.alcentrali/server/syscore/Controllers/ClientRequest.php(62): App\Libraries\APIModules\OsamModule->executeRequest('moveindo-assetd...')
#2 /home/fmkiddo/git/project.alcentrali/server/syscore/Controllers/ClientRequest.php(143): App\Controllers\ClientRequest->requestExecution()
#3 /home/fmkiddo/git/project.alcentrali/engine/CodeIgniter.php(918): App\Controllers\ClientRequest->dataRequest()
#4 /home/fmkiddo/git/project.alcentrali/engine/CodeIgniter.php(404): CodeIgniter\CodeIgniter->runController(Object(App\Controllers\ClientRequest))
#5 /home/fmkiddo/git/project.alcentrali/engine/CodeIgniter.php(312): CodeIgniter\CodeIgniter->handleRequest(NULL, Object(Config\Cache), false)
#6 /home/fmkiddo/git/project.alcentrali/server/index/index.php(45): CodeIgniter\CodeIgniter->run()
#7 {main}
CRITICAL - 2021-10-13 21:58:08 --> Trying to access array offset on value of type int
#0 /home/fmkiddo/git/project.alcentrali/server/syscore/Libraries/APIModules/OsamModule.php(923): CodeIgniter\Debug\Exceptions->errorHandler(8, 'Trying to acces...', '/home/fmkiddo/g...', 923, Array)
#1 /home/fmkiddo/git/project.alcentrali/server/syscore/Controllers/ClientRequest.php(62): App\Libraries\APIModules\OsamModule->executeRequest('moveindo-assetd...')
#2 /home/fmkiddo/git/project.alcentrali/server/syscore/Controllers/ClientRequest.php(143): App\Controllers\ClientRequest->requestExecution()
#3 /home/fmkiddo/git/project.alcentrali/engine/CodeIgniter.php(918): App\Controllers\ClientRequest->dataRequest()
#4 /home/fmkiddo/git/project.alcentrali/engine/CodeIgniter.php(404): CodeIgniter\CodeIgniter->runController(Object(App\Controllers\ClientRequest))
#5 /home/fmkiddo/git/project.alcentrali/engine/CodeIgniter.php(312): CodeIgniter\CodeIgniter->handleRequest(NULL, Object(Config\Cache), false)
#6 /home/fmkiddo/git/project.alcentrali/server/index/index.php(45): CodeIgniter\CodeIgniter->run()
#7 {main}
