CRITICAL - 2021-04-30 03:08:40 --> Undefined variable: result
#0 /home/rizcky/git/project.alcentrali/server/syscore/Controllers/DataForgery.php(78): CodeIgniter\Debug\Exceptions->errorHandler(8, 'Undefined varia...', '/home/rizcky/gi...', 78, Array)
#1 /home/rizcky/git/project.alcentrali/engine/CodeIgniter.php(918): App\Controllers\DataForgery->start_forgery()
#2 /home/rizcky/git/project.alcentrali/engine/CodeIgniter.php(404): CodeIgniter\CodeIgniter->runController(Object(App\Controllers\DataForgery))
#3 /home/rizcky/git/project.alcentrali/engine/CodeIgniter.php(312): CodeIgniter\CodeIgniter->handleRequest(NULL, Object(Config\Cache), false)
#4 /home/rizcky/git/project.alcentrali/server/index/index.php(45): CodeIgniter\CodeIgniter->run()
#5 {main}
CRITICAL - 2021-04-30 03:13:56 --> Undefined index: oaci
#0 /home/rizcky/git/project.alcentrali/server/syscore/Database/DBStructure.php(20): CodeIgniter\Debug\Exceptions->errorHandler(8, 'Undefined index...', '/home/rizcky/gi...', 20, Array)
#1 /home/rizcky/git/project.alcentrali/server/syscore/Controllers/DataForgery.php(60): App\Database\DBStructure->getTableStructures('oaci')
#2 /home/rizcky/git/project.alcentrali/server/syscore/Controllers/DataForgery.php(88): App\Controllers\DataForgery->initiateDatabaseForgery()
#3 /home/rizcky/git/project.alcentrali/engine/CodeIgniter.php(918): App\Controllers\DataForgery->start_forgery()
#4 /home/rizcky/git/project.alcentrali/engine/CodeIgniter.php(404): CodeIgniter\CodeIgniter->runController(Object(App\Controllers\DataForgery))
#5 /home/rizcky/git/project.alcentrali/engine/CodeIgniter.php(312): CodeIgniter\CodeIgniter->handleRequest(NULL, Object(Config\Cache), false)
#6 /home/rizcky/git/project.alcentrali/server/index/index.php(45): CodeIgniter\CodeIgniter->run()
#7 {main}
CRITICAL - 2021-04-30 03:14:32 --> Undefined variable: result
#0 /home/rizcky/git/project.alcentrali/server/syscore/Controllers/DataForgery.php(91): CodeIgniter\Debug\Exceptions->errorHandler(8, 'Undefined varia...', '/home/rizcky/gi...', 91, Array)
#1 /home/rizcky/git/project.alcentrali/engine/CodeIgniter.php(918): App\Controllers\DataForgery->start_forgery()
#2 /home/rizcky/git/project.alcentrali/engine/CodeIgniter.php(404): CodeIgniter\CodeIgniter->runController(Object(App\Controllers\DataForgery))
#3 /home/rizcky/git/project.alcentrali/engine/CodeIgniter.php(312): CodeIgniter\CodeIgniter->handleRequest(NULL, Object(Config\Cache), false)
#4 /home/rizcky/git/project.alcentrali/server/index/index.php(45): CodeIgniter\CodeIgniter->run()
#5 {main}
