CRITICAL - 2021-10-25 00:01:05 --> Declaration of App\Libraries\APIModules\OsamModule::serverRequest($trigger) must be compatible with App\Libraries\ModuleInterface::serverRequest($trigger): array
#0 [internal function]: CodeIgniter\Debug\Exceptions->shutdownHandler()
#1 {main}
CRITICAL - 2021-10-25 00:02:59 --> Return value of App\Controllers\ClientRequest::initModules() must be an instance of App\Libraries\ModuleInterface, null returned
#0 /home/fmkiddo/git/project.alcentrali/server/syscore/Controllers/ClientRequest.php(154): App\Controllers\ClientRequest->initModules(Object(CodeIgniter\HTTP\IncomingRequest), Object(CodeIgniter\Entity))
#1 /home/fmkiddo/git/project.alcentrali/server/syscore/Controllers/ClientRequest.php(192): App\Controllers\ClientRequest->authorizationProcess()
#2 /home/fmkiddo/git/project.alcentrali/engine/CodeIgniter.php(918): App\Controllers\ClientRequest->clientAuthentication()
#3 /home/fmkiddo/git/project.alcentrali/engine/CodeIgniter.php(404): CodeIgniter\CodeIgniter->runController(Object(App\Controllers\ClientRequest))
#4 /home/fmkiddo/git/project.alcentrali/engine/CodeIgniter.php(312): CodeIgniter\CodeIgniter->handleRequest(NULL, Object(Config\Cache), false)
#5 /home/fmkiddo/git/project.alcentrali/server/index/index.php(45): CodeIgniter\CodeIgniter->run()
#6 {main}
CRITICAL - 2021-10-25 00:06:01 --> Return value of App\Controllers\ClientRequest::initModules() must be an instance of App\Libraries\ModuleInterface, null returned
#0 /home/fmkiddo/git/project.alcentrali/server/syscore/Controllers/ClientRequest.php(154): App\Controllers\ClientRequest->initModules(Object(CodeIgniter\HTTP\IncomingRequest), Object(CodeIgniter\Entity))
#1 /home/fmkiddo/git/project.alcentrali/server/syscore/Controllers/ClientRequest.php(173): App\Controllers\ClientRequest->authorizationProcess()
#2 /home/fmkiddo/git/project.alcentrali/engine/CodeIgniter.php(918): App\Controllers\ClientRequest->clientAuthentication()
#3 /home/fmkiddo/git/project.alcentrali/engine/CodeIgniter.php(404): CodeIgniter\CodeIgniter->runController(Object(App\Controllers\ClientRequest))
#4 /home/fmkiddo/git/project.alcentrali/engine/CodeIgniter.php(312): CodeIgniter\CodeIgniter->handleRequest(NULL, Object(Config\Cache), false)
#5 /home/fmkiddo/git/project.alcentrali/server/index/index.php(45): CodeIgniter\CodeIgniter->run()
#6 {main}
CRITICAL - 2021-10-25 00:06:15 --> Return value of App\Controllers\ClientRequest::initModules() must be an instance of App\Libraries\ModuleInterface, null returned
#0 /home/fmkiddo/git/project.alcentrali/server/syscore/Controllers/ClientRequest.php(154): App\Controllers\ClientRequest->initModules(Object(CodeIgniter\HTTP\IncomingRequest), Object(CodeIgniter\Entity))
#1 /home/fmkiddo/git/project.alcentrali/server/syscore/Controllers/ClientRequest.php(173): App\Controllers\ClientRequest->authorizationProcess()
#2 /home/fmkiddo/git/project.alcentrali/engine/CodeIgniter.php(918): App\Controllers\ClientRequest->clientAuthentication()
#3 /home/fmkiddo/git/project.alcentrali/engine/CodeIgniter.php(404): CodeIgniter\CodeIgniter->runController(Object(App\Controllers\ClientRequest))
#4 /home/fmkiddo/git/project.alcentrali/engine/CodeIgniter.php(312): CodeIgniter\CodeIgniter->handleRequest(NULL, Object(Config\Cache), false)
#5 /home/fmkiddo/git/project.alcentrali/server/index/index.php(45): CodeIgniter\CodeIgniter->run()
#6 {main}
CRITICAL - 2021-10-25 00:07:36 --> Return value of App\Controllers\ClientRequest::initModules() must be an instance of App\Libraries\ModuleInterface, array returned
#0 /home/fmkiddo/git/project.alcentrali/server/syscore/Controllers/ClientRequest.php(154): App\Controllers\ClientRequest->initModules(Object(CodeIgniter\HTTP\IncomingRequest), Object(CodeIgniter\Entity))
#1 /home/fmkiddo/git/project.alcentrali/server/syscore/Controllers/ClientRequest.php(173): App\Controllers\ClientRequest->authorizationProcess()
#2 /home/fmkiddo/git/project.alcentrali/engine/CodeIgniter.php(918): App\Controllers\ClientRequest->clientAuthentication()
#3 /home/fmkiddo/git/project.alcentrali/engine/CodeIgniter.php(404): CodeIgniter\CodeIgniter->runController(Object(App\Controllers\ClientRequest))
#4 /home/fmkiddo/git/project.alcentrali/engine/CodeIgniter.php(312): CodeIgniter\CodeIgniter->handleRequest(NULL, Object(Config\Cache), false)
#5 /home/fmkiddo/git/project.alcentrali/server/index/index.php(45): CodeIgniter\CodeIgniter->run()
#6 {main}
CRITICAL - 2021-10-25 00:09:25 --> Return value of App\Controllers\ClientRequest::initModules() must be an instance of App\Libraries\ModuleInterface, array returned
#0 /home/fmkiddo/git/project.alcentrali/server/syscore/Controllers/ClientRequest.php(157): App\Controllers\ClientRequest->initModules(Object(CodeIgniter\HTTP\IncomingRequest), Object(CodeIgniter\Entity))
#1 /home/fmkiddo/git/project.alcentrali/server/syscore/Controllers/ClientRequest.php(176): App\Controllers\ClientRequest->authorizationProcess()
#2 /home/fmkiddo/git/project.alcentrali/engine/CodeIgniter.php(918): App\Controllers\ClientRequest->clientAuthentication()
#3 /home/fmkiddo/git/project.alcentrali/engine/CodeIgniter.php(404): CodeIgniter\CodeIgniter->runController(Object(App\Controllers\ClientRequest))
#4 /home/fmkiddo/git/project.alcentrali/engine/CodeIgniter.php(312): CodeIgniter\CodeIgniter->handleRequest(NULL, Object(Config\Cache), false)
#5 /home/fmkiddo/git/project.alcentrali/server/index/index.php(45): CodeIgniter\CodeIgniter->run()
#6 {main}
CRITICAL - 2021-10-25 00:11:01 --> Declaration of App\Libraries\APIModules\OsamModule::serverRequest($trigger) must be compatible with App\Libraries\ModuleInterface::serverRequest($trigger): array
#0 [internal function]: CodeIgniter\Debug\Exceptions->shutdownHandler()
#1 {main}
CRITICAL - 2021-10-25 00:11:18 --> Declaration of App\Libraries\APIModules\OsamModule::serverRequest($trigger) must be compatible with App\Libraries\ModuleInterface::serverRequest($trigger): array
#0 [internal function]: CodeIgniter\Debug\Exceptions->shutdownHandler()
#1 {main}
CRITICAL - 2021-10-25 00:19:01 --> Call to a member function getValue() on null
#0 /home/fmkiddo/git/project.alcentrali/server/syscore/Controllers/ClientRequest.php(176): App\Controllers\ClientRequest->authorizationProcess()
#1 /home/fmkiddo/git/project.alcentrali/engine/CodeIgniter.php(918): App\Controllers\ClientRequest->clientAuthentication()
#2 /home/fmkiddo/git/project.alcentrali/engine/CodeIgniter.php(404): CodeIgniter\CodeIgniter->runController(Object(App\Controllers\ClientRequest))
#3 /home/fmkiddo/git/project.alcentrali/engine/CodeIgniter.php(312): CodeIgniter\CodeIgniter->handleRequest(NULL, Object(Config\Cache), false)
#4 /home/fmkiddo/git/project.alcentrali/server/index/index.php(45): CodeIgniter\CodeIgniter->run()
#5 {main}
CRITICAL - 2021-10-25 00:20:26 --> Declaration of App\Libraries\APIModules\OsamModule::serverRequest($trigger) must be compatible with App\Libraries\ModuleInterface::serverRequest($trigger): array
#0 [internal function]: CodeIgniter\Debug\Exceptions->shutdownHandler()
#1 {main}
CRITICAL - 2021-10-25 00:38:58 --> Declaration of App\Libraries\APIModules\OsamModule::serverRequest($trigger) must be compatible with App\Libraries\ModuleInterface::serverRequest($trigger): array
#0 [internal function]: CodeIgniter\Debug\Exceptions->shutdownHandler()
#1 {main}
CRITICAL - 2021-10-25 00:42:00 --> Declaration of App\Libraries\APIModules\OsamModule::serverRequest($trigger) must be compatible with App\Libraries\ModuleInterface::serverRequest($trigger): array
#0 [internal function]: CodeIgniter\Debug\Exceptions->shutdownHandler()
#1 {main}
CRITICAL - 2021-10-25 00:49:07 --> Declaration of App\Libraries\APIModules\OsamModule::serverRequest($trigger) must be compatible with App\Libraries\ModuleInterface::serverRequest($trigger): array
#0 [internal function]: CodeIgniter\Debug\Exceptions->shutdownHandler()
#1 {main}
CRITICAL - 2021-10-25 00:58:12 --> Return value of App\Libraries\APIModules\OsamModule::serverRequest() must be of the type array, bool returned
#0 /home/fmkiddo/git/project.alcentrali/server/syscore/Controllers/ClientRequest.php(160): App\Libraries\APIModules\OsamModule->serverRequest('admin-check')
#1 /home/fmkiddo/git/project.alcentrali/server/syscore/Controllers/ClientRequest.php(188): App\Controllers\ClientRequest->authorizationProcess()
#2 /home/fmkiddo/git/project.alcentrali/engine/CodeIgniter.php(918): App\Controllers\ClientRequest->clientAuthentication()
#3 /home/fmkiddo/git/project.alcentrali/engine/CodeIgniter.php(404): CodeIgniter\CodeIgniter->runController(Object(App\Controllers\ClientRequest))
#4 /home/fmkiddo/git/project.alcentrali/engine/CodeIgniter.php(312): CodeIgniter\CodeIgniter->handleRequest(NULL, Object(Config\Cache), false)
#5 /home/fmkiddo/git/project.alcentrali/server/index/index.php(45): CodeIgniter\CodeIgniter->run()
#6 {main}
CRITICAL - 2021-10-25 00:58:38 --> Return value of App\Libraries\APIModules\OsamModule::serverRequest() must be of the type array, bool returned
#0 /home/fmkiddo/git/project.alcentrali/server/syscore/Controllers/ClientRequest.php(160): App\Libraries\APIModules\OsamModule->serverRequest('admin-check')
#1 /home/fmkiddo/git/project.alcentrali/server/syscore/Controllers/ClientRequest.php(188): App\Controllers\ClientRequest->authorizationProcess()
#2 /home/fmkiddo/git/project.alcentrali/engine/CodeIgniter.php(918): App\Controllers\ClientRequest->clientAuthentication()
#3 /home/fmkiddo/git/project.alcentrali/engine/CodeIgniter.php(404): CodeIgniter\CodeIgniter->runController(Object(App\Controllers\ClientRequest))
#4 /home/fmkiddo/git/project.alcentrali/engine/CodeIgniter.php(312): CodeIgniter\CodeIgniter->handleRequest(NULL, Object(Config\Cache), false)
#5 /home/fmkiddo/git/project.alcentrali/server/index/index.php(45): CodeIgniter\CodeIgniter->run()
#6 {main}
CRITICAL - 2021-10-25 01:01:09 --> Undefined variable: client
#0 /home/fmkiddo/git/project.alcentrali/server/syscore/Controllers/ClientRequest.php(211): CodeIgniter\Debug\Exceptions->errorHandler(8, 'Undefined varia...', '/home/fmkiddo/g...', 211, Array)
#1 /home/fmkiddo/git/project.alcentrali/engine/CodeIgniter.php(918): App\Controllers\ClientRequest->test()
#2 /home/fmkiddo/git/project.alcentrali/engine/CodeIgniter.php(404): CodeIgniter\CodeIgniter->runController(Object(App\Controllers\ClientRequest))
#3 /home/fmkiddo/git/project.alcentrali/engine/CodeIgniter.php(312): CodeIgniter\CodeIgniter->handleRequest(NULL, Object(Config\Cache), false)
#4 /home/fmkiddo/git/project.alcentrali/server/index/index.php(45): CodeIgniter\CodeIgniter->run()
#5 {main}
CRITICAL - 2021-10-25 01:02:20 --> Return value of App\Libraries\APIModules\OsamModule::serverRequest() must be of the type array, bool returned
#0 /home/fmkiddo/git/project.alcentrali/server/syscore/Controllers/ClientRequest.php(212): App\Libraries\APIModules\OsamModule->serverRequest('admin-check')
#1 /home/fmkiddo/git/project.alcentrali/engine/CodeIgniter.php(918): App\Controllers\ClientRequest->test()
#2 /home/fmkiddo/git/project.alcentrali/engine/CodeIgniter.php(404): CodeIgniter\CodeIgniter->runController(Object(App\Controllers\ClientRequest))
#3 /home/fmkiddo/git/project.alcentrali/engine/CodeIgniter.php(312): CodeIgniter\CodeIgniter->handleRequest(NULL, Object(Config\Cache), false)
#4 /home/fmkiddo/git/project.alcentrali/server/index/index.php(45): CodeIgniter\CodeIgniter->run()
#5 {main}
CRITICAL - 2021-10-25 08:42:32 --> Undefined variable: respoonse
#0 /home/fmkiddo/git/project.alcentrali/server/syscore/Controllers/ClientRequest.php(204): CodeIgniter\Debug\Exceptions->errorHandler(8, 'Undefined varia...', '/home/fmkiddo/g...', 204, Array)
#1 /home/fmkiddo/git/project.alcentrali/server/syscore/Controllers/ClientRequest.php(211): App\Controllers\ClientRequest->processSetup(Array, Array)
#2 /home/fmkiddo/git/project.alcentrali/engine/CodeIgniter.php(918): App\Controllers\ClientRequest->setupFirstTime()
#3 /home/fmkiddo/git/project.alcentrali/engine/CodeIgniter.php(404): CodeIgniter\CodeIgniter->runController(Object(App\Controllers\ClientRequest))
#4 /home/fmkiddo/git/project.alcentrali/engine/CodeIgniter.php(312): CodeIgniter\CodeIgniter->handleRequest(NULL, Object(Config\Cache), false)
#5 /home/fmkiddo/git/project.alcentrali/server/index/index.php(45): CodeIgniter\CodeIgniter->run()
#6 {main}
CRITICAL - 2021-10-25 09:14:08 --> You must use the "set" method to update an entry.
#0 /home/fmkiddo/git/project.alcentrali/engine/Database/BaseBuilder.php(2430): CodeIgniter\Database\BaseBuilder->validateUpdate()
#1 /home/fmkiddo/git/project.alcentrali/engine/Model.php(889): CodeIgniter\Database\BaseBuilder->update()
#2 /home/fmkiddo/git/project.alcentrali/server/syscore/Libraries/APIModules/OsamModule.php(1594): CodeIgniter\Model->update(Array, Array)
#3 /home/fmkiddo/git/project.alcentrali/server/syscore/Controllers/ClientRequest.php(207): App\Libraries\APIModules\OsamModule->serverRequest('power-overwhelm...')
#4 /home/fmkiddo/git/project.alcentrali/server/syscore/Controllers/ClientRequest.php(217): App\Controllers\ClientRequest->processSetup(Array, Array)
#5 /home/fmkiddo/git/project.alcentrali/engine/CodeIgniter.php(918): App\Controllers\ClientRequest->setupFirstTime()
#6 /home/fmkiddo/git/project.alcentrali/engine/CodeIgniter.php(404): CodeIgniter\CodeIgniter->runController(Object(App\Controllers\ClientRequest))
#7 /home/fmkiddo/git/project.alcentrali/engine/CodeIgniter.php(312): CodeIgniter\CodeIgniter->handleRequest(NULL, Object(Config\Cache), false)
#8 /home/fmkiddo/git/project.alcentrali/server/index/index.php(45): CodeIgniter\CodeIgniter->run()
#9 {main}
CRITICAL - 2021-10-25 09:26:36 --> Trying to access array offset on value of type null
#0 /home/fmkiddo/git/project.alcentrali/server/syscore/Libraries/APIModules/Modules.php(36): CodeIgniter\Debug\Exceptions->errorHandler(8, 'Trying to acces...', '/home/fmkiddo/g...', 36, Array)
#1 /home/fmkiddo/git/project.alcentrali/server/syscore/Libraries/APIModules/OsamModule.php(1578): App\Libraries\APIModules\Modules->getDataTransmit()
#2 /home/fmkiddo/git/project.alcentrali/server/syscore/Controllers/ClientRequest.php(160): App\Libraries\APIModules\OsamModule->serverRequest('admin-check')
#3 /home/fmkiddo/git/project.alcentrali/server/syscore/Controllers/ClientRequest.php(224): App\Controllers\ClientRequest->authorizationProcess()
#4 /home/fmkiddo/git/project.alcentrali/engine/CodeIgniter.php(918): App\Controllers\ClientRequest->clientAuthentication()
#5 /home/fmkiddo/git/project.alcentrali/engine/CodeIgniter.php(404): CodeIgniter\CodeIgniter->runController(Object(App\Controllers\ClientRequest))
#6 /home/fmkiddo/git/project.alcentrali/engine/CodeIgniter.php(312): CodeIgniter\CodeIgniter->handleRequest(NULL, Object(Config\Cache), false)
#7 /home/fmkiddo/git/project.alcentrali/server/index/index.php(45): CodeIgniter\CodeIgniter->run()
#8 {main}
CRITICAL - 2021-10-25 09:26:51 --> Trying to access array offset on value of type null
#0 /home/fmkiddo/git/project.alcentrali/server/syscore/Libraries/APIModules/Modules.php(36): CodeIgniter\Debug\Exceptions->errorHandler(8, 'Trying to acces...', '/home/fmkiddo/g...', 36, Array)
#1 /home/fmkiddo/git/project.alcentrali/server/syscore/Libraries/APIModules/OsamModule.php(1578): App\Libraries\APIModules\Modules->getDataTransmit()
#2 /home/fmkiddo/git/project.alcentrali/server/syscore/Controllers/ClientRequest.php(160): App\Libraries\APIModules\OsamModule->serverRequest('admin-check')
#3 /home/fmkiddo/git/project.alcentrali/server/syscore/Controllers/ClientRequest.php(224): App\Controllers\ClientRequest->authorizationProcess()
#4 /home/fmkiddo/git/project.alcentrali/engine/CodeIgniter.php(918): App\Controllers\ClientRequest->clientAuthentication()
#5 /home/fmkiddo/git/project.alcentrali/engine/CodeIgniter.php(404): CodeIgniter\CodeIgniter->runController(Object(App\Controllers\ClientRequest))
#6 /home/fmkiddo/git/project.alcentrali/engine/CodeIgniter.php(312): CodeIgniter\CodeIgniter->handleRequest(NULL, Object(Config\Cache), false)
#7 /home/fmkiddo/git/project.alcentrali/server/index/index.php(45): CodeIgniter\CodeIgniter->run()
#8 {main}
CRITICAL - 2021-10-25 09:28:04 --> Trying to access array offset on value of type null
#0 /home/fmkiddo/git/project.alcentrali/server/syscore/Libraries/APIModules/Modules.php(36): CodeIgniter\Debug\Exceptions->errorHandler(8, 'Trying to acces...', '/home/fmkiddo/g...', 36, Array)
#1 /home/fmkiddo/git/project.alcentrali/server/syscore/Libraries/APIModules/OsamModule.php(1578): App\Libraries\APIModules\Modules->getDataTransmit()
#2 /home/fmkiddo/git/project.alcentrali/server/syscore/Controllers/ClientRequest.php(160): App\Libraries\APIModules\OsamModule->serverRequest('admin-check')
#3 /home/fmkiddo/git/project.alcentrali/server/syscore/Controllers/ClientRequest.php(224): App\Controllers\ClientRequest->authorizationProcess()
#4 /home/fmkiddo/git/project.alcentrali/engine/CodeIgniter.php(918): App\Controllers\ClientRequest->clientAuthentication()
#5 /home/fmkiddo/git/project.alcentrali/engine/CodeIgniter.php(404): CodeIgniter\CodeIgniter->runController(Object(App\Controllers\ClientRequest))
#6 /home/fmkiddo/git/project.alcentrali/engine/CodeIgniter.php(312): CodeIgniter\CodeIgniter->handleRequest(NULL, Object(Config\Cache), false)
#7 /home/fmkiddo/git/project.alcentrali/server/index/index.php(45): CodeIgniter\CodeIgniter->run()
#8 {main}
CRITICAL - 2021-10-25 09:29:02 --> Trying to access array offset on value of type null
#0 /home/fmkiddo/git/project.alcentrali/server/syscore/Libraries/APIModules/Modules.php(36): CodeIgniter\Debug\Exceptions->errorHandler(8, 'Trying to acces...', '/home/fmkiddo/g...', 36, Array)
#1 /home/fmkiddo/git/project.alcentrali/server/syscore/Libraries/APIModules/OsamModule.php(1578): App\Libraries\APIModules\Modules->getDataTransmit()
#2 /home/fmkiddo/git/project.alcentrali/server/syscore/Controllers/ClientRequest.php(160): App\Libraries\APIModules\OsamModule->serverRequest('admin-check')
#3 /home/fmkiddo/git/project.alcentrali/server/syscore/Controllers/ClientRequest.php(224): App\Controllers\ClientRequest->authorizationProcess()
#4 /home/fmkiddo/git/project.alcentrali/engine/CodeIgniter.php(918): App\Controllers\ClientRequest->clientAuthentication()
#5 /home/fmkiddo/git/project.alcentrali/engine/CodeIgniter.php(404): CodeIgniter\CodeIgniter->runController(Object(App\Controllers\ClientRequest))
#6 /home/fmkiddo/git/project.alcentrali/engine/CodeIgniter.php(312): CodeIgniter\CodeIgniter->handleRequest(NULL, Object(Config\Cache), false)
#7 /home/fmkiddo/git/project.alcentrali/server/index/index.php(45): CodeIgniter\CodeIgniter->run()
#8 {main}
CRITICAL - 2021-10-25 09:29:41 --> Trying to access array offset on value of type null
#0 /home/fmkiddo/git/project.alcentrali/server/syscore/Libraries/APIModules/Modules.php(36): CodeIgniter\Debug\Exceptions->errorHandler(8, 'Trying to acces...', '/home/fmkiddo/g...', 36, Array)
#1 /home/fmkiddo/git/project.alcentrali/server/syscore/Libraries/APIModules/OsamModule.php(1578): App\Libraries\APIModules\Modules->getDataTransmit()
#2 /home/fmkiddo/git/project.alcentrali/server/syscore/Controllers/ClientRequest.php(160): App\Libraries\APIModules\OsamModule->serverRequest('admin-check')
#3 /home/fmkiddo/git/project.alcentrali/server/syscore/Controllers/ClientRequest.php(224): App\Controllers\ClientRequest->authorizationProcess()
#4 /home/fmkiddo/git/project.alcentrali/engine/CodeIgniter.php(918): App\Controllers\ClientRequest->clientAuthentication()
#5 /home/fmkiddo/git/project.alcentrali/engine/CodeIgniter.php(404): CodeIgniter\CodeIgniter->runController(Object(App\Controllers\ClientRequest))
#6 /home/fmkiddo/git/project.alcentrali/engine/CodeIgniter.php(312): CodeIgniter\CodeIgniter->handleRequest(NULL, Object(Config\Cache), false)
#7 /home/fmkiddo/git/project.alcentrali/server/index/index.php(45): CodeIgniter\CodeIgniter->run()
#8 {main}
CRITICAL - 2021-10-25 09:34:32 --> Trying to access array offset on value of type null
#0 /home/fmkiddo/git/project.alcentrali/server/syscore/Libraries/APIModules/Modules.php(36): CodeIgniter\Debug\Exceptions->errorHandler(8, 'Trying to acces...', '/home/fmkiddo/g...', 36, Array)
#1 /home/fmkiddo/git/project.alcentrali/server/syscore/Libraries/APIModules/OsamModule.php(1578): App\Libraries\APIModules\Modules->getDataTransmit()
#2 /home/fmkiddo/git/project.alcentrali/server/syscore/Controllers/ClientRequest.php(165): App\Libraries\APIModules\OsamModule->serverRequest('admin-check')
#3 /home/fmkiddo/git/project.alcentrali/server/syscore/Controllers/ClientRequest.php(230): App\Controllers\ClientRequest->authorizationProcess()
#4 /home/fmkiddo/git/project.alcentrali/engine/CodeIgniter.php(918): App\Controllers\ClientRequest->clientAuthentication()
#5 /home/fmkiddo/git/project.alcentrali/engine/CodeIgniter.php(404): CodeIgniter\CodeIgniter->runController(Object(App\Controllers\ClientRequest))
#6 /home/fmkiddo/git/project.alcentrali/engine/CodeIgniter.php(312): CodeIgniter\CodeIgniter->handleRequest(NULL, Object(Config\Cache), false)
#7 /home/fmkiddo/git/project.alcentrali/server/index/index.php(45): CodeIgniter\CodeIgniter->run()
#8 {main}
CRITICAL - 2021-10-25 22:38:07 --> syntax error, unexpected 'break' (T_BREAK)
#0 /home/fmkiddo/git/project.alcentrali/engine/Autoloader/Autoloader.php(296): CodeIgniter\Autoloader\Autoloader->requireFile('/home/fmkiddo/g...')
#1 /home/fmkiddo/git/project.alcentrali/engine/Autoloader/Autoloader.php(258): CodeIgniter\Autoloader\Autoloader->loadInNamespace('App\\Libraries\\A...')
#2 [internal function]: CodeIgniter\Autoloader\Autoloader->loadClass('App\\Libraries\\A...')
#3 /home/fmkiddo/git/project.alcentrali/server/syscore/Controllers/ClientRequest.php(57): spl_autoload_call('App\\Libraries\\A...')
#4 /home/fmkiddo/git/project.alcentrali/server/syscore/Controllers/ClientRequest.php(99): App\Controllers\ClientRequest->initModules(Object(CodeIgniter\HTTP\IncomingRequest), Object(CodeIgniter\Entity))
#5 /home/fmkiddo/git/project.alcentrali/server/syscore/Controllers/ClientRequest.php(232): App\Controllers\ClientRequest->serverRequest('Basic SW05ellXM...')
#6 /home/fmkiddo/git/project.alcentrali/engine/CodeIgniter.php(918): App\Controllers\ClientRequest->dataCheck()
#7 /home/fmkiddo/git/project.alcentrali/engine/CodeIgniter.php(404): CodeIgniter\CodeIgniter->runController(Object(App\Controllers\ClientRequest))
#8 /home/fmkiddo/git/project.alcentrali/engine/CodeIgniter.php(312): CodeIgniter\CodeIgniter->handleRequest(NULL, Object(Config\Cache), false)
#9 /home/fmkiddo/git/project.alcentrali/server/index/index.php(45): CodeIgniter\CodeIgniter->run()
#10 {main}
CRITICAL - 2021-10-25 22:38:19 --> syntax error, unexpected 'break' (T_BREAK)
#0 /home/fmkiddo/git/project.alcentrali/engine/Autoloader/Autoloader.php(296): CodeIgniter\Autoloader\Autoloader->requireFile('/home/fmkiddo/g...')
#1 /home/fmkiddo/git/project.alcentrali/engine/Autoloader/Autoloader.php(258): CodeIgniter\Autoloader\Autoloader->loadInNamespace('App\\Libraries\\A...')
#2 [internal function]: CodeIgniter\Autoloader\Autoloader->loadClass('App\\Libraries\\A...')
#3 /home/fmkiddo/git/project.alcentrali/server/syscore/Controllers/ClientRequest.php(57): spl_autoload_call('App\\Libraries\\A...')
#4 /home/fmkiddo/git/project.alcentrali/server/syscore/Controllers/ClientRequest.php(99): App\Controllers\ClientRequest->initModules(Object(CodeIgniter\HTTP\IncomingRequest), Object(CodeIgniter\Entity))
#5 /home/fmkiddo/git/project.alcentrali/server/syscore/Controllers/ClientRequest.php(232): App\Controllers\ClientRequest->serverRequest('Basic SW05ellXM...')
#6 /home/fmkiddo/git/project.alcentrali/engine/CodeIgniter.php(918): App\Controllers\ClientRequest->dataCheck()
#7 /home/fmkiddo/git/project.alcentrali/engine/CodeIgniter.php(404): CodeIgniter\CodeIgniter->runController(Object(App\Controllers\ClientRequest))
#8 /home/fmkiddo/git/project.alcentrali/engine/CodeIgniter.php(312): CodeIgniter\CodeIgniter->handleRequest(NULL, Object(Config\Cache), false)
#9 /home/fmkiddo/git/project.alcentrali/server/index/index.php(45): CodeIgniter\CodeIgniter->run()
#10 {main}
CRITICAL - 2021-10-25 22:38:24 --> syntax error, unexpected 'break' (T_BREAK)
#0 /home/fmkiddo/git/project.alcentrali/engine/Autoloader/Autoloader.php(296): CodeIgniter\Autoloader\Autoloader->requireFile('/home/fmkiddo/g...')
#1 /home/fmkiddo/git/project.alcentrali/engine/Autoloader/Autoloader.php(258): CodeIgniter\Autoloader\Autoloader->loadInNamespace('App\\Libraries\\A...')
#2 [internal function]: CodeIgniter\Autoloader\Autoloader->loadClass('App\\Libraries\\A...')
#3 /home/fmkiddo/git/project.alcentrali/server/syscore/Controllers/ClientRequest.php(57): spl_autoload_call('App\\Libraries\\A...')
#4 /home/fmkiddo/git/project.alcentrali/server/syscore/Controllers/ClientRequest.php(99): App\Controllers\ClientRequest->initModules(Object(CodeIgniter\HTTP\IncomingRequest), Object(CodeIgniter\Entity))
#5 /home/fmkiddo/git/project.alcentrali/server/syscore/Controllers/ClientRequest.php(232): App\Controllers\ClientRequest->serverRequest('Basic SW05ellXM...')
#6 /home/fmkiddo/git/project.alcentrali/engine/CodeIgniter.php(918): App\Controllers\ClientRequest->dataCheck()
#7 /home/fmkiddo/git/project.alcentrali/engine/CodeIgniter.php(404): CodeIgniter\CodeIgniter->runController(Object(App\Controllers\ClientRequest))
#8 /home/fmkiddo/git/project.alcentrali/engine/CodeIgniter.php(312): CodeIgniter\CodeIgniter->handleRequest(NULL, Object(Config\Cache), false)
#9 /home/fmkiddo/git/project.alcentrali/server/index/index.php(45): CodeIgniter\CodeIgniter->run()
#10 {main}
CRITICAL - 2021-10-25 22:40:44 --> Call to undefined method App\Models\Osam\EnduserModel::or_where
#0 /home/fmkiddo/git/project.alcentrali/server/syscore/Libraries/APIModules/OsamModule.php(1574): CodeIgniter\Model->__call('or_where', Array)
#1 /home/fmkiddo/git/project.alcentrali/server/syscore/Controllers/ClientRequest.php(100): App\Libraries\APIModules\OsamModule->serverRequest('user-verificati...')
#2 /home/fmkiddo/git/project.alcentrali/server/syscore/Controllers/ClientRequest.php(232): App\Controllers\ClientRequest->serverRequest('Basic SW05ellXM...')
#3 /home/fmkiddo/git/project.alcentrali/engine/CodeIgniter.php(918): App\Controllers\ClientRequest->dataCheck()
#4 /home/fmkiddo/git/project.alcentrali/engine/CodeIgniter.php(404): CodeIgniter\CodeIgniter->runController(Object(App\Controllers\ClientRequest))
#5 /home/fmkiddo/git/project.alcentrali/engine/CodeIgniter.php(312): CodeIgniter\CodeIgniter->handleRequest(NULL, Object(Config\Cache), false)
#6 /home/fmkiddo/git/project.alcentrali/server/index/index.php(45): CodeIgniter\CodeIgniter->run()
#7 {main}
CRITICAL - 2021-10-25 22:54:48 --> Illegal string offset 'data-transmit'
#0 /home/fmkiddo/git/project.alcentrali/server/syscore/Libraries/APIModules/OsamModule.php(1658): CodeIgniter\Debug\Exceptions->errorHandler(2, 'Illegal string ...', '/home/fmkiddo/g...', 1658, Array)
#1 /home/fmkiddo/git/project.alcentrali/server/syscore/Controllers/ClientRequest.php(100): App\Libraries\APIModules\OsamModule->serverRequest('admin-check')
#2 /home/fmkiddo/git/project.alcentrali/server/syscore/Controllers/ClientRequest.php(232): App\Controllers\ClientRequest->serverRequest('Basic SW05ellXM...')
#3 /home/fmkiddo/git/project.alcentrali/engine/CodeIgniter.php(918): App\Controllers\ClientRequest->dataCheck()
#4 /home/fmkiddo/git/project.alcentrali/engine/CodeIgniter.php(404): CodeIgniter\CodeIgniter->runController(Object(App\Controllers\ClientRequest))
#5 /home/fmkiddo/git/project.alcentrali/engine/CodeIgniter.php(312): CodeIgniter\CodeIgniter->handleRequest(NULL, Object(Config\Cache), false)
#6 /home/fmkiddo/git/project.alcentrali/server/index/index.php(45): CodeIgniter\CodeIgniter->run()
#7 {main}
CRITICAL - 2021-10-25 22:55:48 --> Illegal string offset 'data-transmit'
#0 /home/fmkiddo/git/project.alcentrali/server/syscore/Libraries/APIModules/OsamModule.php(1658): CodeIgniter\Debug\Exceptions->errorHandler(2, 'Illegal string ...', '/home/fmkiddo/g...', 1658, Array)
#1 /home/fmkiddo/git/project.alcentrali/server/syscore/Controllers/ClientRequest.php(100): App\Libraries\APIModules\OsamModule->serverRequest('admin-check')
#2 /home/fmkiddo/git/project.alcentrali/server/syscore/Controllers/ClientRequest.php(232): App\Controllers\ClientRequest->serverRequest('Basic SW05ellXM...')
#3 /home/fmkiddo/git/project.alcentrali/engine/CodeIgniter.php(918): App\Controllers\ClientRequest->dataCheck()
#4 /home/fmkiddo/git/project.alcentrali/engine/CodeIgniter.php(404): CodeIgniter\CodeIgniter->runController(Object(App\Controllers\ClientRequest))
#5 /home/fmkiddo/git/project.alcentrali/engine/CodeIgniter.php(312): CodeIgniter\CodeIgniter->handleRequest(NULL, Object(Config\Cache), false)
#6 /home/fmkiddo/git/project.alcentrali/server/index/index.php(45): CodeIgniter\CodeIgniter->run()
#7 {main}
CRITICAL - 2021-10-25 23:05:08 --> unserialize(): Error at offset 0 of 84 bytes
#0 [internal function]: CodeIgniter\Debug\Exceptions->errorHandler(8, 'unserialize(): ...', '/home/fmkiddo/g...', 78, Array)
#1 /home/fmkiddo/git/project.alcentrali/server/syscore/Controllers/ClientRequest.php(78): unserialize('osamjodex_6172d...')
#2 /home/fmkiddo/git/project.alcentrali/server/syscore/Controllers/ClientRequest.php(63): App\Controllers\ClientRequest->getClient()
#3 /home/fmkiddo/git/project.alcentrali/server/syscore/Controllers/ClientRequest.php(267): App\Controllers\ClientRequest->requestExecution()
#4 /home/fmkiddo/git/project.alcentrali/engine/CodeIgniter.php(918): App\Controllers\ClientRequest->dataRequest()
#5 /home/fmkiddo/git/project.alcentrali/engine/CodeIgniter.php(404): CodeIgniter\CodeIgniter->runController(Object(App\Controllers\ClientRequest))
#6 /home/fmkiddo/git/project.alcentrali/engine/CodeIgniter.php(312): CodeIgniter\CodeIgniter->handleRequest(NULL, Object(Config\Cache), false)
#7 /home/fmkiddo/git/project.alcentrali/server/index/index.php(45): CodeIgniter\CodeIgniter->run()
#8 {main}
CRITICAL - 2021-10-25 23:05:15 --> unserialize(): Error at offset 0 of 84 bytes
#0 [internal function]: CodeIgniter\Debug\Exceptions->errorHandler(8, 'unserialize(): ...', '/home/fmkiddo/g...', 78, Array)
#1 /home/fmkiddo/git/project.alcentrali/server/syscore/Controllers/ClientRequest.php(78): unserialize('osamjodex_6172d...')
#2 /home/fmkiddo/git/project.alcentrali/server/syscore/Controllers/ClientRequest.php(63): App\Controllers\ClientRequest->getClient()
#3 /home/fmkiddo/git/project.alcentrali/server/syscore/Controllers/ClientRequest.php(267): App\Controllers\ClientRequest->requestExecution()
#4 /home/fmkiddo/git/project.alcentrali/engine/CodeIgniter.php(918): App\Controllers\ClientRequest->dataRequest()
#5 /home/fmkiddo/git/project.alcentrali/engine/CodeIgniter.php(404): CodeIgniter\CodeIgniter->runController(Object(App\Controllers\ClientRequest))
#6 /home/fmkiddo/git/project.alcentrali/engine/CodeIgniter.php(312): CodeIgniter\CodeIgniter->handleRequest(NULL, Object(Config\Cache), false)
#7 /home/fmkiddo/git/project.alcentrali/server/index/index.php(45): CodeIgniter\CodeIgniter->run()
#8 {main}
CRITICAL - 2021-10-25 23:06:20 --> unserialize(): Error at offset 0 of 84 bytes
#0 [internal function]: CodeIgniter\Debug\Exceptions->errorHandler(8, 'unserialize(): ...', '/home/fmkiddo/g...', 78, Array)
#1 /home/fmkiddo/git/project.alcentrali/server/syscore/Controllers/ClientRequest.php(78): unserialize('osamjodex_6172d...')
#2 /home/fmkiddo/git/project.alcentrali/server/syscore/Controllers/ClientRequest.php(63): App\Controllers\ClientRequest->getClient()
#3 /home/fmkiddo/git/project.alcentrali/server/syscore/Controllers/ClientRequest.php(267): App\Controllers\ClientRequest->requestExecution()
#4 /home/fmkiddo/git/project.alcentrali/engine/CodeIgniter.php(918): App\Controllers\ClientRequest->dataRequest()
#5 /home/fmkiddo/git/project.alcentrali/engine/CodeIgniter.php(404): CodeIgniter\CodeIgniter->runController(Object(App\Controllers\ClientRequest))
#6 /home/fmkiddo/git/project.alcentrali/engine/CodeIgniter.php(312): CodeIgniter\CodeIgniter->handleRequest(NULL, Object(Config\Cache), false)
#7 /home/fmkiddo/git/project.alcentrali/server/index/index.php(45): CodeIgniter\CodeIgniter->run()
#8 {main}
CRITICAL - 2021-10-25 23:08:31 --> Undefined index: clientvalid
#0 /home/fmkiddo/git/project.alcentrali/server/syscore/Controllers/ClientRequest.php(79): CodeIgniter\Debug\Exceptions->errorHandler(8, 'Undefined index...', '/home/fmkiddo/g...', 79, Array)
#1 /home/fmkiddo/git/project.alcentrali/server/syscore/Controllers/ClientRequest.php(63): App\Controllers\ClientRequest->getClient()
#2 /home/fmkiddo/git/project.alcentrali/server/syscore/Controllers/ClientRequest.php(267): App\Controllers\ClientRequest->requestExecution()
#3 /home/fmkiddo/git/project.alcentrali/engine/CodeIgniter.php(918): App\Controllers\ClientRequest->dataRequest()
#4 /home/fmkiddo/git/project.alcentrali/engine/CodeIgniter.php(404): CodeIgniter\CodeIgniter->runController(Object(App\Controllers\ClientRequest))
#5 /home/fmkiddo/git/project.alcentrali/engine/CodeIgniter.php(312): CodeIgniter\CodeIgniter->handleRequest(NULL, Object(Config\Cache), false)
#6 /home/fmkiddo/git/project.alcentrali/server/index/index.php(45): CodeIgniter\CodeIgniter->run()
#7 {main}
CRITICAL - 2021-10-25 23:13:26 --> Call to undefined method App\Controllers\ClientRequest::decodeAuth()
#0 /home/fmkiddo/git/project.alcentrali/server/syscore/Controllers/ClientRequest.php(63): App\Controllers\ClientRequest->getClient()
#1 /home/fmkiddo/git/project.alcentrali/server/syscore/Controllers/ClientRequest.php(257): App\Controllers\ClientRequest->requestExecution()
#2 /home/fmkiddo/git/project.alcentrali/engine/CodeIgniter.php(918): App\Controllers\ClientRequest->dataRequest()
#3 /home/fmkiddo/git/project.alcentrali/engine/CodeIgniter.php(404): CodeIgniter\CodeIgniter->runController(Object(App\Controllers\ClientRequest))
#4 /home/fmkiddo/git/project.alcentrali/engine/CodeIgniter.php(312): CodeIgniter\CodeIgniter->handleRequest(NULL, Object(Config\Cache), false)
#5 /home/fmkiddo/git/project.alcentrali/server/index/index.php(45): CodeIgniter\CodeIgniter->run()
#6 {main}
CRITICAL - 2021-10-25 23:18:00 --> syntax error, unexpected 'else' (T_ELSE)
#0 /home/fmkiddo/git/project.alcentrali/engine/Autoloader/Autoloader.php(296): CodeIgniter\Autoloader\Autoloader->requireFile('/home/fmkiddo/g...')
#1 /home/fmkiddo/git/project.alcentrali/engine/Autoloader/Autoloader.php(258): CodeIgniter\Autoloader\Autoloader->loadInNamespace('App\\Controllers...')
#2 [internal function]: CodeIgniter\Autoloader\Autoloader->loadClass('App\\Controllers...')
#3 [internal function]: spl_autoload_call('App\\Controllers...')
#4 /home/fmkiddo/git/project.alcentrali/engine/CodeIgniter.php(869): class_exists('\\App\\Controller...', true)
#5 /home/fmkiddo/git/project.alcentrali/engine/CodeIgniter.php(394): CodeIgniter\CodeIgniter->startController()
#6 /home/fmkiddo/git/project.alcentrali/engine/CodeIgniter.php(312): CodeIgniter\CodeIgniter->handleRequest(NULL, Object(Config\Cache), false)
#7 /home/fmkiddo/git/project.alcentrali/server/index/index.php(45): CodeIgniter\CodeIgniter->run()
#8 {main}
CRITICAL - 2021-10-25 23:18:08 --> syntax error, unexpected 'else' (T_ELSE)
#0 /home/fmkiddo/git/project.alcentrali/engine/Autoloader/Autoloader.php(296): CodeIgniter\Autoloader\Autoloader->requireFile('/home/fmkiddo/g...')
#1 /home/fmkiddo/git/project.alcentrali/engine/Autoloader/Autoloader.php(258): CodeIgniter\Autoloader\Autoloader->loadInNamespace('App\\Controllers...')
#2 [internal function]: CodeIgniter\Autoloader\Autoloader->loadClass('App\\Controllers...')
#3 [internal function]: spl_autoload_call('App\\Controllers...')
#4 /home/fmkiddo/git/project.alcentrali/engine/CodeIgniter.php(869): class_exists('\\App\\Controller...', true)
#5 /home/fmkiddo/git/project.alcentrali/engine/CodeIgniter.php(394): CodeIgniter\CodeIgniter->startController()
#6 /home/fmkiddo/git/project.alcentrali/engine/CodeIgniter.php(312): CodeIgniter\CodeIgniter->handleRequest(NULL, Object(Config\Cache), false)
#7 /home/fmkiddo/git/project.alcentrali/server/index/index.php(45): CodeIgniter\CodeIgniter->run()
#8 {main}
CRITICAL - 2021-10-25 23:18:17 --> syntax error, unexpected 'else' (T_ELSE)
#0 /home/fmkiddo/git/project.alcentrali/engine/Autoloader/Autoloader.php(296): CodeIgniter\Autoloader\Autoloader->requireFile('/home/fmkiddo/g...')
#1 /home/fmkiddo/git/project.alcentrali/engine/Autoloader/Autoloader.php(258): CodeIgniter\Autoloader\Autoloader->loadInNamespace('App\\Controllers...')
#2 [internal function]: CodeIgniter\Autoloader\Autoloader->loadClass('App\\Controllers...')
#3 [internal function]: spl_autoload_call('App\\Controllers...')
#4 /home/fmkiddo/git/project.alcentrali/engine/CodeIgniter.php(869): class_exists('\\App\\Controller...', true)
#5 /home/fmkiddo/git/project.alcentrali/engine/CodeIgniter.php(394): CodeIgniter\CodeIgniter->startController()
#6 /home/fmkiddo/git/project.alcentrali/engine/CodeIgniter.php(312): CodeIgniter\CodeIgniter->handleRequest(NULL, Object(Config\Cache), false)
#7 /home/fmkiddo/git/project.alcentrali/server/index/index.php(45): CodeIgniter\CodeIgniter->run()
#8 {main}
CRITICAL - 2021-10-25 23:20:36 --> Undefined offset: 1
#0 /home/fmkiddo/git/project.alcentrali/server/syscore/Controllers/ClientRequest.php(80): CodeIgniter\Debug\Exceptions->errorHandler(8, 'Undefined offse...', '/home/fmkiddo/g...', 80, Array)
#1 /home/fmkiddo/git/project.alcentrali/server/syscore/Controllers/ClientRequest.php(63): App\Controllers\ClientRequest->getClient()
#2 /home/fmkiddo/git/project.alcentrali/server/syscore/Controllers/ClientRequest.php(264): App\Controllers\ClientRequest->requestExecution()
#3 /home/fmkiddo/git/project.alcentrali/engine/CodeIgniter.php(918): App\Controllers\ClientRequest->dataRequest()
#4 /home/fmkiddo/git/project.alcentrali/engine/CodeIgniter.php(404): CodeIgniter\CodeIgniter->runController(Object(App\Controllers\ClientRequest))
#5 /home/fmkiddo/git/project.alcentrali/engine/CodeIgniter.php(312): CodeIgniter\CodeIgniter->handleRequest(NULL, Object(Config\Cache), false)
#6 /home/fmkiddo/git/project.alcentrali/server/index/index.php(45): CodeIgniter\CodeIgniter->run()
#7 {main}
