CRITICAL - 2020-10-22 21:03:03 --> include(../footer.php): failed to open stream: No such file or directory
#0 /home/rizcky/git/project.alcentrali/server/syscore/Views/tools/randomizer.php(35): CodeIgniter\Debug\Exceptions->errorHandler(2, 'include(../foot...', '/home/rizcky/gi...', 35, Array)
#1 /home/rizcky/git/project.alcentrali/server/syscore/Views/tools/randomizer.php(35): include()
#2 /home/rizcky/git/project.alcentrali/engine/View/View.php(246): include('/home/rizcky/gi...')
#3 /home/rizcky/git/project.alcentrali/engine/Common.php(1119): CodeIgniter\View\View->render('tools/randomize...', Array, true)
#4 /home/rizcky/git/project.alcentrali/server/syscore/Controllers/Tools.php(22): view('tools/randomize...', Array)
#5 /home/rizcky/git/project.alcentrali/engine/CodeIgniter.php(918): App\Controllers\Tools->randomizer()
#6 /home/rizcky/git/project.alcentrali/engine/CodeIgniter.php(404): CodeIgniter\CodeIgniter->runController(Object(App\Controllers\Tools))
#7 /home/rizcky/git/project.alcentrali/engine/CodeIgniter.php(312): CodeIgniter\CodeIgniter->handleRequest(NULL, Object(Config\Cache), false)
#8 /home/rizcky/git/project.alcentrali/server/index/index.php(45): CodeIgniter\CodeIgniter->run()
#9 {main}
CRITICAL - 2020-10-22 21:03:12 --> include(../footer.php): failed to open stream: No such file or directory
#0 /home/rizcky/git/project.alcentrali/server/syscore/Views/tools/randomizer.php(35): CodeIgniter\Debug\Exceptions->errorHandler(2, 'include(../foot...', '/home/rizcky/gi...', 35, Array)
#1 /home/rizcky/git/project.alcentrali/server/syscore/Views/tools/randomizer.php(35): include()
#2 /home/rizcky/git/project.alcentrali/engine/View/View.php(246): include('/home/rizcky/gi...')
#3 /home/rizcky/git/project.alcentrali/engine/Common.php(1119): CodeIgniter\View\View->render('tools/randomize...', Array, true)
#4 /home/rizcky/git/project.alcentrali/server/syscore/Controllers/Tools.php(22): view('tools/randomize...', Array)
#5 /home/rizcky/git/project.alcentrali/engine/CodeIgniter.php(918): App\Controllers\Tools->randomizer()
#6 /home/rizcky/git/project.alcentrali/engine/CodeIgniter.php(404): CodeIgniter\CodeIgniter->runController(Object(App\Controllers\Tools))
#7 /home/rizcky/git/project.alcentrali/engine/CodeIgniter.php(312): CodeIgniter\CodeIgniter->handleRequest(NULL, Object(Config\Cache), false)
#8 /home/rizcky/git/project.alcentrali/server/index/index.php(45): CodeIgniter\CodeIgniter->run()
#9 {main}
CRITICAL - 2020-10-22 23:03:13 --> syntax error, unexpected 'public' (T_PUBLIC)
#0 /home/rizcky/git/project.alcentrali/engine/Autoloader/Autoloader.php(296): CodeIgniter\Autoloader\Autoloader->requireFile('/home/rizcky/gi...')
#1 /home/rizcky/git/project.alcentrali/engine/Autoloader/Autoloader.php(258): CodeIgniter\Autoloader\Autoloader->loadInNamespace('App\\Controllers...')
#2 [internal function]: CodeIgniter\Autoloader\Autoloader->loadClass('App\\Controllers...')
#3 [internal function]: spl_autoload_call('App\\Controllers...')
#4 /home/rizcky/git/project.alcentrali/engine/CodeIgniter.php(869): class_exists('\\App\\Controller...', true)
#5 /home/rizcky/git/project.alcentrali/engine/CodeIgniter.php(394): CodeIgniter\CodeIgniter->startController()
#6 /home/rizcky/git/project.alcentrali/engine/CodeIgniter.php(312): CodeIgniter\CodeIgniter->handleRequest(NULL, Object(Config\Cache), false)
#7 /home/rizcky/git/project.alcentrali/server/index/index.php(45): CodeIgniter\CodeIgniter->run()
#8 {main}
