CRITICAL - 2021-01-03 23:01:55 --> Undefined index: body-title
#0 /home/rizcky/git/project.alcentrali/officer/appcore/Views/setup/welcome.php(5): CodeIgniter\Debug\Exceptions->errorHandler(8, 'Undefined index...', '/home/rizcky/gi...', 5, Array)
#1 /home/rizcky/git/project.alcentrali/engine/View/View.php(246): include('/home/rizcky/gi...')
#2 /home/rizcky/git/project.alcentrali/engine/Common.php(1119): CodeIgniter\View\View->render('setup/welcome', Array, true)
#3 /home/rizcky/git/project.alcentrali/officer/appcore/Controllers/Starter.php(31): view('setup/welcome', Array)
#4 /home/rizcky/git/project.alcentrali/engine/CodeIgniter.php(918): App\Controllers\Starter->setup()
#5 /home/rizcky/git/project.alcentrali/engine/CodeIgniter.php(404): CodeIgniter\CodeIgniter->runController(Object(App\Controllers\Starter))
#6 /home/rizcky/git/project.alcentrali/engine/CodeIgniter.php(312): CodeIgniter\CodeIgniter->handleRequest(NULL, Object(Config\Cache), false)
#7 /home/rizcky/git/project.alcentrali/officer/index/index.php(45): CodeIgniter\CodeIgniter->run()
#8 {main}
CRITICAL - 2021-01-03 23:02:04 --> Undefined index: body-title
#0 /home/rizcky/git/project.alcentrali/officer/appcore/Views/setup/welcome.php(5): CodeIgniter\Debug\Exceptions->errorHandler(8, 'Undefined index...', '/home/rizcky/gi...', 5, Array)
#1 /home/rizcky/git/project.alcentrali/engine/View/View.php(246): include('/home/rizcky/gi...')
#2 /home/rizcky/git/project.alcentrali/engine/Common.php(1119): CodeIgniter\View\View->render('setup/welcome', Array, true)
#3 /home/rizcky/git/project.alcentrali/officer/appcore/Controllers/Starter.php(31): view('setup/welcome', Array)
#4 /home/rizcky/git/project.alcentrali/engine/CodeIgniter.php(918): App\Controllers\Starter->setup()
#5 /home/rizcky/git/project.alcentrali/engine/CodeIgniter.php(404): CodeIgniter\CodeIgniter->runController(Object(App\Controllers\Starter))
#6 /home/rizcky/git/project.alcentrali/engine/CodeIgniter.php(312): CodeIgniter\CodeIgniter->handleRequest(NULL, Object(Config\Cache), false)
#7 /home/rizcky/git/project.alcentrali/officer/index/index.php(45): CodeIgniter\CodeIgniter->run()
#8 {main}
CRITICAL - 2021-01-03 23:02:34 --> Undefined index: body-description
#0 /home/rizcky/git/project.alcentrali/officer/appcore/Views/setup/welcome.php(6): CodeIgniter\Debug\Exceptions->errorHandler(8, 'Undefined index...', '/home/rizcky/gi...', 6, Array)
#1 /home/rizcky/git/project.alcentrali/engine/View/View.php(246): include('/home/rizcky/gi...')
#2 /home/rizcky/git/project.alcentrali/engine/Common.php(1119): CodeIgniter\View\View->render('setup/welcome', Array, true)
#3 /home/rizcky/git/project.alcentrali/officer/appcore/Controllers/Starter.php(32): view('setup/welcome', Array)
#4 /home/rizcky/git/project.alcentrali/engine/CodeIgniter.php(918): App\Controllers\Starter->setup()
#5 /home/rizcky/git/project.alcentrali/engine/CodeIgniter.php(404): CodeIgniter\CodeIgniter->runController(Object(App\Controllers\Starter))
#6 /home/rizcky/git/project.alcentrali/engine/CodeIgniter.php(312): CodeIgniter\CodeIgniter->handleRequest(NULL, Object(Config\Cache), false)
#7 /home/rizcky/git/project.alcentrali/officer/index/index.php(45): CodeIgniter\CodeIgniter->run()
#8 {main}
CRITICAL - 2021-01-03 23:02:43 --> Undefined index: button-start
#0 /home/rizcky/git/project.alcentrali/officer/appcore/Views/setup/welcome.php(12): CodeIgniter\Debug\Exceptions->errorHandler(8, 'Undefined index...', '/home/rizcky/gi...', 12, Array)
#1 /home/rizcky/git/project.alcentrali/engine/View/View.php(246): include('/home/rizcky/gi...')
#2 /home/rizcky/git/project.alcentrali/engine/Common.php(1119): CodeIgniter\View\View->render('setup/welcome', Array, true)
#3 /home/rizcky/git/project.alcentrali/officer/appcore/Controllers/Starter.php(33): view('setup/welcome', Array)
#4 /home/rizcky/git/project.alcentrali/engine/CodeIgniter.php(918): App\Controllers\Starter->setup()
#5 /home/rizcky/git/project.alcentrali/engine/CodeIgniter.php(404): CodeIgniter\CodeIgniter->runController(Object(App\Controllers\Starter))
#6 /home/rizcky/git/project.alcentrali/engine/CodeIgniter.php(312): CodeIgniter\CodeIgniter->handleRequest(NULL, Object(Config\Cache), false)
#7 /home/rizcky/git/project.alcentrali/officer/index/index.php(45): CodeIgniter\CodeIgniter->run()
#8 {main}
CRITICAL - 2021-01-03 23:11:24 --> Return value of App\Controllers\Starter::isPostBasedRequest() must be of the type bool, none returned
#0 /home/rizcky/git/project.alcentrali/officer/appcore/Controllers/Starter.php(18): App\Controllers\Starter->isPostBasedRequest()
#1 /home/rizcky/git/project.alcentrali/engine/CodeIgniter.php(918): App\Controllers\Starter->setup()
#2 /home/rizcky/git/project.alcentrali/engine/CodeIgniter.php(404): CodeIgniter\CodeIgniter->runController(Object(App\Controllers\Starter))
#3 /home/rizcky/git/project.alcentrali/engine/CodeIgniter.php(312): CodeIgniter\CodeIgniter->handleRequest(NULL, Object(Config\Cache), false)
#4 /home/rizcky/git/project.alcentrali/officer/index/index.php(45): CodeIgniter\CodeIgniter->run()
#5 {main}
CRITICAL - 2021-01-03 23:11:32 --> Return value of App\Controllers\Starter::isPostBasedRequest() must be of the type bool, none returned
#0 /home/rizcky/git/project.alcentrali/officer/appcore/Controllers/Starter.php(18): App\Controllers\Starter->isPostBasedRequest()
#1 /home/rizcky/git/project.alcentrali/engine/CodeIgniter.php(918): App\Controllers\Starter->setup()
#2 /home/rizcky/git/project.alcentrali/engine/CodeIgniter.php(404): CodeIgniter\CodeIgniter->runController(Object(App\Controllers\Starter))
#3 /home/rizcky/git/project.alcentrali/engine/CodeIgniter.php(312): CodeIgniter\CodeIgniter->handleRequest(NULL, Object(Config\Cache), false)
#4 /home/rizcky/git/project.alcentrali/officer/index/index.php(45): CodeIgniter\CodeIgniter->run()
#5 {main}
CRITICAL - 2021-01-03 23:14:48 --> Call to a member function getValue() on null
#0 /home/rizcky/git/project.alcentrali/officer/appcore/Controllers/Starter.php(18): App\Controllers\Starter->isPostBasedRequest()
#1 /home/rizcky/git/project.alcentrali/engine/CodeIgniter.php(918): App\Controllers\Starter->setup()
#2 /home/rizcky/git/project.alcentrali/engine/CodeIgniter.php(404): CodeIgniter\CodeIgniter->runController(Object(App\Controllers\Starter))
#3 /home/rizcky/git/project.alcentrali/engine/CodeIgniter.php(312): CodeIgniter\CodeIgniter->handleRequest(NULL, Object(Config\Cache), false)
#4 /home/rizcky/git/project.alcentrali/officer/index/index.php(45): CodeIgniter\CodeIgniter->run()
#5 {main}
