CRITICAL - 2021-11-04 08:23:50 --> Undefined variable: requestResponse
#0 /home/fmkiddo/git/project.alcentrali/cores/rest-cores/syscore/Libraries/APIModules/OsamModule.php(1728): CodeIgniter\Debug\Exceptions->errorHandler(8, 'Undefined varia...', '/home/fmkiddo/g...', 1728, Array)
#1 /home/fmkiddo/git/project.alcentrali/cores/rest-cores/syscore/Controllers/ClientRequest.php(72): App\Libraries\APIModules\OsamModule->executeRequest('headdata')
#2 /home/fmkiddo/git/project.alcentrali/cores/rest-cores/syscore/Controllers/ClientRequest.php(267): App\Controllers\ClientRequest->requestExecution()
#3 /home/fmkiddo/git/project.alcentrali/cores/engine/CodeIgniter.php(918): App\Controllers\ClientRequest->dataRequest()
#4 /home/fmkiddo/git/project.alcentrali/cores/engine/CodeIgniter.php(404): CodeIgniter\CodeIgniter->runController(Object(App\Controllers\ClientRequest))
#5 /home/fmkiddo/git/project.alcentrali/cores/engine/CodeIgniter.php(312): CodeIgniter\CodeIgniter->handleRequest(NULL, Object(Config\Cache), false)
#6 /home/fmkiddo/git/project.alcentrali/cdn/restful/index.php(45): CodeIgniter\CodeIgniter->run()
#7 {main}
CRITICAL - 2021-11-04 08:44:51 --> Illegal parameter data types int and row for operation '='
#0 /home/fmkiddo/git/project.alcentrali/cores/engine/Database/MySQLi/Connection.php(331): mysqli->query('SELECT *\nFROM `...')
#1 /home/fmkiddo/git/project.alcentrali/cores/engine/Database/BaseConnection.php(741): CodeIgniter\Database\MySQLi\Connection->execute('SELECT *\nFROM `...')
#2 /home/fmkiddo/git/project.alcentrali/cores/engine/Database/BaseConnection.php(669): CodeIgniter\Database\BaseConnection->simpleQuery('SELECT *\nFROM `...')
#3 /home/fmkiddo/git/project.alcentrali/cores/engine/Database/BaseBuilder.php(1860): CodeIgniter\Database\BaseConnection->query('SELECT *\nFROM `...', Array, false)
#4 /home/fmkiddo/git/project.alcentrali/cores/rest-cores/syscore/Models/BaseModel.php(66): CodeIgniter\Database\BaseBuilder->get()
#5 /home/fmkiddo/git/project.alcentrali/cores/rest-cores/syscore/Libraries/APIModules/OsamModule.php(1735): App\Models\BaseModel->find()
#6 /home/fmkiddo/git/project.alcentrali/cores/rest-cores/syscore/Controllers/ClientRequest.php(72): App\Libraries\APIModules\OsamModule->executeRequest('headdata')
#7 /home/fmkiddo/git/project.alcentrali/cores/rest-cores/syscore/Controllers/ClientRequest.php(267): App\Controllers\ClientRequest->requestExecution()
#8 /home/fmkiddo/git/project.alcentrali/cores/engine/CodeIgniter.php(918): App\Controllers\ClientRequest->dataRequest()
#9 /home/fmkiddo/git/project.alcentrali/cores/engine/CodeIgniter.php(404): CodeIgniter\CodeIgniter->runController(Object(App\Controllers\ClientRequest))
#10 /home/fmkiddo/git/project.alcentrali/cores/engine/CodeIgniter.php(312): CodeIgniter\CodeIgniter->handleRequest(NULL, Object(Config\Cache), false)
#11 /home/fmkiddo/git/project.alcentrali/cdn/restful/index.php(45): CodeIgniter\CodeIgniter->run()
#12 {main}
CRITICAL - 2021-11-04 08:45:02 --> Illegal parameter data types int and row for operation '='
#0 /home/fmkiddo/git/project.alcentrali/cores/engine/Database/MySQLi/Connection.php(331): mysqli->query('SELECT *\nFROM `...')
#1 /home/fmkiddo/git/project.alcentrali/cores/engine/Database/BaseConnection.php(741): CodeIgniter\Database\MySQLi\Connection->execute('SELECT *\nFROM `...')
#2 /home/fmkiddo/git/project.alcentrali/cores/engine/Database/BaseConnection.php(669): CodeIgniter\Database\BaseConnection->simpleQuery('SELECT *\nFROM `...')
#3 /home/fmkiddo/git/project.alcentrali/cores/engine/Database/BaseBuilder.php(1860): CodeIgniter\Database\BaseConnection->query('SELECT *\nFROM `...', Array, false)
#4 /home/fmkiddo/git/project.alcentrali/cores/rest-cores/syscore/Models/BaseModel.php(66): CodeIgniter\Database\BaseBuilder->get()
#5 /home/fmkiddo/git/project.alcentrali/cores/rest-cores/syscore/Libraries/APIModules/OsamModule.php(1735): App\Models\BaseModel->find()
#6 /home/fmkiddo/git/project.alcentrali/cores/rest-cores/syscore/Controllers/ClientRequest.php(72): App\Libraries\APIModules\OsamModule->executeRequest('headdata')
#7 /home/fmkiddo/git/project.alcentrali/cores/rest-cores/syscore/Controllers/ClientRequest.php(267): App\Controllers\ClientRequest->requestExecution()
#8 /home/fmkiddo/git/project.alcentrali/cores/engine/CodeIgniter.php(918): App\Controllers\ClientRequest->dataRequest()
#9 /home/fmkiddo/git/project.alcentrali/cores/engine/CodeIgniter.php(404): CodeIgniter\CodeIgniter->runController(Object(App\Controllers\ClientRequest))
#10 /home/fmkiddo/git/project.alcentrali/cores/engine/CodeIgniter.php(312): CodeIgniter\CodeIgniter->handleRequest(NULL, Object(Config\Cache), false)
#11 /home/fmkiddo/git/project.alcentrali/cdn/restful/index.php(45): CodeIgniter\CodeIgniter->run()
#12 {main}
CRITICAL - 2021-11-04 08:45:21 --> Undefined variable: pri
#0 /home/fmkiddo/git/project.alcentrali/cores/rest-cores/syscore/Libraries/APIModules/OsamModule.php(1737): CodeIgniter\Debug\Exceptions->errorHandler(8, 'Undefined varia...', '/home/fmkiddo/g...', 1737, Array)
#1 /home/fmkiddo/git/project.alcentrali/cores/rest-cores/syscore/Controllers/ClientRequest.php(72): App\Libraries\APIModules\OsamModule->executeRequest('headdata')
#2 /home/fmkiddo/git/project.alcentrali/cores/rest-cores/syscore/Controllers/ClientRequest.php(267): App\Controllers\ClientRequest->requestExecution()
#3 /home/fmkiddo/git/project.alcentrali/cores/engine/CodeIgniter.php(918): App\Controllers\ClientRequest->dataRequest()
#4 /home/fmkiddo/git/project.alcentrali/cores/engine/CodeIgniter.php(404): CodeIgniter\CodeIgniter->runController(Object(App\Controllers\ClientRequest))
#5 /home/fmkiddo/git/project.alcentrali/cores/engine/CodeIgniter.php(312): CodeIgniter\CodeIgniter->handleRequest(NULL, Object(Config\Cache), false)
#6 /home/fmkiddo/git/project.alcentrali/cdn/restful/index.php(45): CodeIgniter\CodeIgniter->run()
#7 {main}
