CRITICAL - 2021-04-22 23:11:10 --> Undefined index: trigger
#0 /home/rizcky/git/project.alcentrali/officer/appcore/Controllers/Officer.php(192): CodeIgniter\Debug\Exceptions->errorHandler(8, 'Undefined index...', '/home/rizcky/gi...', 192, Array)
#1 /home/rizcky/git/project.alcentrali/engine/CodeIgniter.php(918): App\Controllers\Officer->dataprocessing('client')
#2 /home/rizcky/git/project.alcentrali/engine/CodeIgniter.php(404): CodeIgniter\CodeIgniter->runController(Object(App\Controllers\Officer))
#3 /home/rizcky/git/project.alcentrali/engine/CodeIgniter.php(312): CodeIgniter\CodeIgniter->handleRequest(NULL, Object(Config\Cache), false)
#4 /home/rizcky/git/project.alcentrali/officer/index/index.php(45): CodeIgniter\CodeIgniter->run()
#5 {main}
CRITICAL - 2021-04-22 23:14:35 --> Undefined index: trigger
#0 /home/rizcky/git/project.alcentrali/officer/appcore/Controllers/Officer.php(192): CodeIgniter\Debug\Exceptions->errorHandler(8, 'Undefined index...', '/home/rizcky/gi...', 192, Array)
#1 /home/rizcky/git/project.alcentrali/engine/CodeIgniter.php(918): App\Controllers\Officer->dataprocessing('client')
#2 /home/rizcky/git/project.alcentrali/engine/CodeIgniter.php(404): CodeIgniter\CodeIgniter->runController(Object(App\Controllers\Officer))
#3 /home/rizcky/git/project.alcentrali/engine/CodeIgniter.php(312): CodeIgniter\CodeIgniter->handleRequest(NULL, Object(Config\Cache), false)
#4 /home/rizcky/git/project.alcentrali/officer/index/index.php(45): CodeIgniter\CodeIgniter->run()
#5 {main}
CRITICAL - 2021-04-22 23:34:00 --> syntax error, unexpected '}', expecting ';'
#0 /home/rizcky/git/project.alcentrali/engine/Autoloader/Autoloader.php(296): CodeIgniter\Autoloader\Autoloader->requireFile('/home/rizcky/gi...')
#1 /home/rizcky/git/project.alcentrali/engine/Autoloader/Autoloader.php(258): CodeIgniter\Autoloader\Autoloader->loadInNamespace('App\\Controllers...')
#2 [internal function]: CodeIgniter\Autoloader\Autoloader->loadClass('App\\Controllers...')
#3 [internal function]: spl_autoload_call('App\\Controllers...')
#4 /home/rizcky/git/project.alcentrali/engine/CodeIgniter.php(869): class_exists('\\App\\Controller...', true)
#5 /home/rizcky/git/project.alcentrali/engine/CodeIgniter.php(394): CodeIgniter\CodeIgniter->startController()
#6 /home/rizcky/git/project.alcentrali/engine/CodeIgniter.php(312): CodeIgniter\CodeIgniter->handleRequest(NULL, Object(Config\Cache), false)
#7 /home/rizcky/git/project.alcentrali/server/index/index.php(45): CodeIgniter\CodeIgniter->run()
#8 {main}
CRITICAL - 2021-04-22 23:34:00 --> 22 : The requested URL returned error: 500 Internal Server Error
#0 /home/rizcky/git/project.alcentrali/engine/HTTP/CURLRequest.php(821): CodeIgniter\HTTP\Exceptions\HTTPException::forCurlError('22', 'The requested U...')
#1 /home/rizcky/git/project.alcentrali/engine/HTTP/CURLRequest.php(449): CodeIgniter\HTTP\CURLRequest->sendRequest(Array)
#2 /home/rizcky/git/project.alcentrali/engine/HTTP/CURLRequest.php(158): CodeIgniter\HTTP\CURLRequest->send('put', 'http://localhos...')
#3 /home/rizcky/git/project.alcentrali/engine/HTTP/CURLRequest.php(265): CodeIgniter\HTTP\CURLRequest->request('put', 'http://localhos...', Array)
#4 /home/rizcky/git/project.alcentrali/officer/appcore/Controllers/BaseController.php(95): CodeIgniter\HTTP\CURLRequest->put('http://localhos...', Array)
#5 /home/rizcky/git/project.alcentrali/officer/appcore/Controllers/Officer.php(125): App\Controllers\BaseController->sessionCheck()
#6 /home/rizcky/git/project.alcentrali/engine/CodeIgniter.php(918): App\Controllers\Officer->dataprocessing('client-processi...')
#7 /home/rizcky/git/project.alcentrali/engine/CodeIgniter.php(404): CodeIgniter\CodeIgniter->runController(Object(App\Controllers\Officer))
#8 /home/rizcky/git/project.alcentrali/engine/CodeIgniter.php(312): CodeIgniter\CodeIgniter->handleRequest(NULL, Object(Config\Cache), false)
#9 /home/rizcky/git/project.alcentrali/officer/index/index.php(45): CodeIgniter\CodeIgniter->run()
#10 {main}
CRITICAL - 2021-04-22 23:34:12 --> syntax error, unexpected '}', expecting ';'
#0 /home/rizcky/git/project.alcentrali/engine/Autoloader/Autoloader.php(296): CodeIgniter\Autoloader\Autoloader->requireFile('/home/rizcky/gi...')
#1 /home/rizcky/git/project.alcentrali/engine/Autoloader/Autoloader.php(258): CodeIgniter\Autoloader\Autoloader->loadInNamespace('App\\Controllers...')
#2 [internal function]: CodeIgniter\Autoloader\Autoloader->loadClass('App\\Controllers...')
#3 [internal function]: spl_autoload_call('App\\Controllers...')
#4 /home/rizcky/git/project.alcentrali/engine/CodeIgniter.php(869): class_exists('\\App\\Controller...', true)
#5 /home/rizcky/git/project.alcentrali/engine/CodeIgniter.php(394): CodeIgniter\CodeIgniter->startController()
#6 /home/rizcky/git/project.alcentrali/engine/CodeIgniter.php(312): CodeIgniter\CodeIgniter->handleRequest(NULL, Object(Config\Cache), false)
#7 /home/rizcky/git/project.alcentrali/server/index/index.php(45): CodeIgniter\CodeIgniter->run()
#8 {main}
CRITICAL - 2021-04-22 23:34:12 --> 22 : The requested URL returned error: 500 Internal Server Error
#0 /home/rizcky/git/project.alcentrali/engine/HTTP/CURLRequest.php(821): CodeIgniter\HTTP\Exceptions\HTTPException::forCurlError('22', 'The requested U...')
#1 /home/rizcky/git/project.alcentrali/engine/HTTP/CURLRequest.php(449): CodeIgniter\HTTP\CURLRequest->sendRequest(Array)
#2 /home/rizcky/git/project.alcentrali/engine/HTTP/CURLRequest.php(158): CodeIgniter\HTTP\CURLRequest->send('put', 'http://localhos...')
#3 /home/rizcky/git/project.alcentrali/engine/HTTP/CURLRequest.php(265): CodeIgniter\HTTP\CURLRequest->request('put', 'http://localhos...', Array)
#4 /home/rizcky/git/project.alcentrali/officer/appcore/Controllers/BaseController.php(95): CodeIgniter\HTTP\CURLRequest->put('http://localhos...', Array)
#5 /home/rizcky/git/project.alcentrali/officer/appcore/Controllers/Officer.php(125): App\Controllers\BaseController->sessionCheck()
#6 /home/rizcky/git/project.alcentrali/engine/CodeIgniter.php(918): App\Controllers\Officer->dataprocessing('client-processi...')
#7 /home/rizcky/git/project.alcentrali/engine/CodeIgniter.php(404): CodeIgniter\CodeIgniter->runController(Object(App\Controllers\Officer))
#8 /home/rizcky/git/project.alcentrali/engine/CodeIgniter.php(312): CodeIgniter\CodeIgniter->handleRequest(NULL, Object(Config\Cache), false)
#9 /home/rizcky/git/project.alcentrali/officer/index/index.php(45): CodeIgniter\CodeIgniter->run()
#10 {main}
