CRITICAL - 2021-10-23 08:42:36 --> Array to string conversion
#0 /home/fmkiddo/git/project.alcentrali/engine/HTTP/Response.php(739): CodeIgniter\Debug\Exceptions->errorHandler(8, 'Array to string...', '/home/fmkiddo/g...', 739, Array)
#1 /home/fmkiddo/git/project.alcentrali/engine/HTTP/Response.php(691): CodeIgniter\HTTP\Response->sendBody()
#2 /home/fmkiddo/git/project.alcentrali/server/syscore/Controllers/ClientRequest.php(135): CodeIgniter\HTTP\Response->send()
#3 /home/fmkiddo/git/project.alcentrali/engine/CodeIgniter.php(918): App\Controllers\ClientRequest->tokenization()
#4 /home/fmkiddo/git/project.alcentrali/engine/CodeIgniter.php(404): CodeIgniter\CodeIgniter->runController(Object(App\Controllers\ClientRequest))
#5 /home/fmkiddo/git/project.alcentrali/engine/CodeIgniter.php(312): CodeIgniter\CodeIgniter->handleRequest(NULL, Object(Config\Cache), false)
#6 /home/fmkiddo/git/project.alcentrali/server/index/index.php(45): CodeIgniter\CodeIgniter->run()
#7 {main}
CRITICAL - 2021-10-23 08:42:56 --> Array to string conversion
#0 /home/fmkiddo/git/project.alcentrali/engine/HTTP/Response.php(739): CodeIgniter\Debug\Exceptions->errorHandler(8, 'Array to string...', '/home/fmkiddo/g...', 739, Array)
#1 /home/fmkiddo/git/project.alcentrali/engine/HTTP/Response.php(691): CodeIgniter\HTTP\Response->sendBody()
#2 /home/fmkiddo/git/project.alcentrali/server/syscore/Controllers/ClientRequest.php(135): CodeIgniter\HTTP\Response->send()
#3 /home/fmkiddo/git/project.alcentrali/engine/CodeIgniter.php(918): App\Controllers\ClientRequest->tokenization()
#4 /home/fmkiddo/git/project.alcentrali/engine/CodeIgniter.php(404): CodeIgniter\CodeIgniter->runController(Object(App\Controllers\ClientRequest))
#5 /home/fmkiddo/git/project.alcentrali/engine/CodeIgniter.php(312): CodeIgniter\CodeIgniter->handleRequest(NULL, Object(Config\Cache), false)
#6 /home/fmkiddo/git/project.alcentrali/server/index/index.php(45): CodeIgniter\CodeIgniter->run()
#7 {main}
CRITICAL - 2021-10-23 08:49:25 --> openssl_decrypt(): IV passed is 17 bytes long which is longer than the 16 expected by selected cipher, truncating
#0 [internal function]: CodeIgniter\Debug\Exceptions->errorHandler(2, 'openssl_decrypt...', '/home/fmkiddo/g...', 29, Array)
#1 /home/fmkiddo/git/project.alcentrali/server/syscore/Libraries/Obfuscator.php(29): openssl_decrypt('\x9A\x9B\xED\xE2\x8F\x12T4nF\x9AV\x1D_\xAF...', 'aes-256-cbc', '`\xA8g\xB2y\x96\x11\x064\xF22\xAE\xAB~\xA1...', 1, '_\xE4\xEC\x89\x1F\xE7mw\x13"\x1D\xCBN2r...')
#2 /home/fmkiddo/git/project.alcentrali/server/syscore/Controllers/OfficerRequest.php(57): App\Libraries\Obfuscator->decrypt('\x9A\x9B\xED\xE2\x8F\x12T4nF\x9AV\x1D_\xAF...', 'YKhnsnmWEQY08jK...', '_\xE4\xEC\x89\x1F\xE7mw\x13"\x1D\xCBN2r...')
#3 /home/fmkiddo/git/project.alcentrali/server/syscore/Controllers/OfficerRequest.php(664): App\Controllers\OfficerRequest->officerDataDecoding('fmkiddo mpvt4o8...')
#4 /home/fmkiddo/git/project.alcentrali/engine/CodeIgniter.php(918): App\Controllers\OfficerRequest->officerValidation()
#5 /home/fmkiddo/git/project.alcentrali/engine/CodeIgniter.php(404): CodeIgniter\CodeIgniter->runController(Object(App\Controllers\OfficerRequest))
#6 /home/fmkiddo/git/project.alcentrali/engine/CodeIgniter.php(312): CodeIgniter\CodeIgniter->handleRequest(NULL, Object(Config\Cache), false)
#7 /home/fmkiddo/git/project.alcentrali/server/index/index.php(45): CodeIgniter\CodeIgniter->run()
#8 {main}
CRITICAL - 2021-10-23 08:49:25 --> Uncaught CodeIgniter\Format\Exceptions\FormatException: Failed to parse json string, error: "Malformed UTF-8 characters, possibly incorrectly encoded". in /home/fmkiddo/git/project.alcentrali/engine/Format/Exceptions/FormatException.php:9
Stack trace:
#0 /home/fmkiddo/git/project.alcentrali/engine/Format/JSONFormatter.php(71): CodeIgniter\Format\Exceptions\FormatException::forInvalidJSON('Malformed UTF-8...')
#1 /home/fmkiddo/git/project.alcentrali/engine/API/ResponseTrait.php(414): CodeIgniter\Format\JSONFormatter->format(Array)
#2 /home/fmkiddo/git/project.alcentrali/engine/API/ResponseTrait.php(134): CodeIgniter\Debug\Exceptions->format(Array)
#3 /home/fmkiddo/git/project.alcentrali/engine/Debug/Exceptions.php(168): CodeIgniter\Debug\Exceptions->respond(Array, 500)
#4 [internal function]: CodeIgniter\Debug\Exceptions->exceptionHandler(Object(ErrorException))
#5 {main}
  thrown
#0 [internal function]: CodeIgniter\Debug\Exceptions->shutdownHandler()
#1 {main}
CRITICAL - 2021-10-23 08:49:25 --> 22 : The requested URL returned error: 500 Internal Server Error
#0 /home/fmkiddo/git/project.alcentrali/engine/HTTP/CURLRequest.php(821): CodeIgniter\HTTP\Exceptions\HTTPException::forCurlError('22', 'The requested U...')
#1 /home/fmkiddo/git/project.alcentrali/engine/HTTP/CURLRequest.php(449): CodeIgniter\HTTP\CURLRequest->sendRequest(Array)
#2 /home/fmkiddo/git/project.alcentrali/engine/HTTP/CURLRequest.php(158): CodeIgniter\HTTP\CURLRequest->send('put', 'http://localhos...')
#3 /home/fmkiddo/git/project.alcentrali/engine/HTTP/CURLRequest.php(265): CodeIgniter\HTTP\CURLRequest->request('put', 'http://localhos...', Array)
#4 /home/fmkiddo/git/project.alcentrali/officer/appcore/Controllers/Officer.php(469): CodeIgniter\HTTP\CURLRequest->put('http://localhos...', Array)
#5 /home/fmkiddo/git/project.alcentrali/engine/CodeIgniter.php(918): App\Controllers\Officer->do('process-login')
#6 /home/fmkiddo/git/project.alcentrali/engine/CodeIgniter.php(404): CodeIgniter\CodeIgniter->runController(Object(App\Controllers\Officer))
#7 /home/fmkiddo/git/project.alcentrali/engine/CodeIgniter.php(312): CodeIgniter\CodeIgniter->handleRequest(NULL, Object(Config\Cache), false)
#8 /home/fmkiddo/git/project.alcentrali/officer/index/index.php(45): CodeIgniter\CodeIgniter->run()
#9 {main}
