CRITICAL - 2020-10-21 03:52:48 --> Uninitialized string offset: 62
#0 /home/rizcky/git/project.alcentrali/server/syscore/Controllers/Tools.php(51): CodeIgniter\Debug\Exceptions->errorHandler(8, 'Uninitialized s...', '/home/rizcky/gi...', 51, Array)
#1 /home/rizcky/git/project.alcentrali/server/syscore/Controllers/Tools.php(35): App\Controllers\Tools->generator('32')
#2 /home/rizcky/git/project.alcentrali/engine/CodeIgniter.php(918): App\Controllers\Tools->generatekey()
#3 /home/rizcky/git/project.alcentrali/engine/CodeIgniter.php(404): CodeIgniter\CodeIgniter->runController(Object(App\Controllers\Tools))
#4 /home/rizcky/git/project.alcentrali/engine/CodeIgniter.php(312): CodeIgniter\CodeIgniter->handleRequest(NULL, Object(Config\Cache), false)
#5 /home/rizcky/git/project.alcentrali/server/index/index.php(45): CodeIgniter\CodeIgniter->run()
#6 {main}
CRITICAL - 2020-10-21 03:53:24 --> Uninitialized string offset: 62
#0 /home/rizcky/git/project.alcentrali/server/syscore/Controllers/Tools.php(51): CodeIgniter\Debug\Exceptions->errorHandler(8, 'Uninitialized s...', '/home/rizcky/gi...', 51, Array)
#1 /home/rizcky/git/project.alcentrali/server/syscore/Controllers/Tools.php(35): App\Controllers\Tools->generator('32')
#2 /home/rizcky/git/project.alcentrali/engine/CodeIgniter.php(918): App\Controllers\Tools->generatekey()
#3 /home/rizcky/git/project.alcentrali/engine/CodeIgniter.php(404): CodeIgniter\CodeIgniter->runController(Object(App\Controllers\Tools))
#4 /home/rizcky/git/project.alcentrali/engine/CodeIgniter.php(312): CodeIgniter\CodeIgniter->handleRequest(NULL, Object(Config\Cache), false)
#5 /home/rizcky/git/project.alcentrali/server/index/index.php(45): CodeIgniter\CodeIgniter->run()
#6 {main}
CRITICAL - 2020-10-21 03:53:32 --> Uninitialized string offset: 62
#0 /home/rizcky/git/project.alcentrali/server/syscore/Controllers/Tools.php(51): CodeIgniter\Debug\Exceptions->errorHandler(8, 'Uninitialized s...', '/home/rizcky/gi...', 51, Array)
#1 /home/rizcky/git/project.alcentrali/server/syscore/Controllers/Tools.php(35): App\Controllers\Tools->generator('32')
#2 /home/rizcky/git/project.alcentrali/engine/CodeIgniter.php(918): App\Controllers\Tools->generatekey()
#3 /home/rizcky/git/project.alcentrali/engine/CodeIgniter.php(404): CodeIgniter\CodeIgniter->runController(Object(App\Controllers\Tools))
#4 /home/rizcky/git/project.alcentrali/engine/CodeIgniter.php(312): CodeIgniter\CodeIgniter->handleRequest(NULL, Object(Config\Cache), false)
#5 /home/rizcky/git/project.alcentrali/server/index/index.php(45): CodeIgniter\CodeIgniter->run()
#6 {main}
CRITICAL - 2020-10-21 03:54:03 --> Uninitialized string offset: 62
#0 /home/rizcky/git/project.alcentrali/server/syscore/Controllers/Tools.php(51): CodeIgniter\Debug\Exceptions->errorHandler(8, 'Uninitialized s...', '/home/rizcky/gi...', 51, Array)
#1 /home/rizcky/git/project.alcentrali/server/syscore/Controllers/Tools.php(35): App\Controllers\Tools->generator('32')
#2 /home/rizcky/git/project.alcentrali/engine/CodeIgniter.php(918): App\Controllers\Tools->generatekey()
#3 /home/rizcky/git/project.alcentrali/engine/CodeIgniter.php(404): CodeIgniter\CodeIgniter->runController(Object(App\Controllers\Tools))
#4 /home/rizcky/git/project.alcentrali/engine/CodeIgniter.php(312): CodeIgniter\CodeIgniter->handleRequest(NULL, Object(Config\Cache), false)
#5 /home/rizcky/git/project.alcentrali/server/index/index.php(45): CodeIgniter\CodeIgniter->run()
#6 {main}
CRITICAL - 2020-10-21 03:55:06 --> Uninitialized string offset: 62
#0 /home/rizcky/git/project.alcentrali/server/syscore/Controllers/Tools.php(49): CodeIgniter\Debug\Exceptions->errorHandler(8, 'Uninitialized s...', '/home/rizcky/gi...', 49, Array)
#1 /home/rizcky/git/project.alcentrali/server/syscore/Controllers/Tools.php(35): App\Controllers\Tools->generator('32')
#2 /home/rizcky/git/project.alcentrali/engine/CodeIgniter.php(918): App\Controllers\Tools->generatekey()
#3 /home/rizcky/git/project.alcentrali/engine/CodeIgniter.php(404): CodeIgniter\CodeIgniter->runController(Object(App\Controllers\Tools))
#4 /home/rizcky/git/project.alcentrali/engine/CodeIgniter.php(312): CodeIgniter\CodeIgniter->handleRequest(NULL, Object(Config\Cache), false)
#5 /home/rizcky/git/project.alcentrali/server/index/index.php(45): CodeIgniter\CodeIgniter->run()
#6 {main}
