CRITICAL - 2022-06-01 21:37:43 --> unlink(/home/fmkiddo/git/project.alcentrali/cores/writable/debugbar/debugbar_1645581345.json): No such file or directory
#0 [internal function]: CodeIgniter\Debug\Exceptions->errorHandler(2, 'unlink(/home/fm...', '/home/fmkiddo/g...', 106, Array)
#1 /home/fmkiddo/git/project.alcentrali/cores/engine/Debug/Toolbar/Collectors/History.php(106): unlink('/home/fmkiddo/g...')
#2 /home/fmkiddo/git/project.alcentrali/cores/engine/Debug/Toolbar.php(483): CodeIgniter\Debug\Toolbar\Collectors\History->setFiles(1645852547, 20)
#3 /home/fmkiddo/git/project.alcentrali/cores/engine/Debug/Toolbar.php(455): CodeIgniter\Debug\Toolbar->format(Array, 'html')
#4 /home/fmkiddo/git/project.alcentrali/cores/rest-officercores/appcore/Config/Events.php(50): CodeIgniter\Debug\Toolbar->respond()
#5 [internal function]: CodeIgniter\Events\Events::Config\{closure}()
#6 /home/fmkiddo/git/project.alcentrali/cores/engine/Events/Events.php(188): call_user_func(Object(Closure))
#7 /home/fmkiddo/git/project.alcentrali/cores/engine/CodeIgniter.php(293): CodeIgniter\Events\Events::trigger('pre_system')
#8 /home/fmkiddo/git/project.alcentrali/subs/officer/index.php(45): CodeIgniter\CodeIgniter->run()
#9 {main}
CRITICAL - 2022-06-01 21:37:43 --> unlink(/home/fmkiddo/git/project.alcentrali/cores/writable/debugbar/debugbar_1645581345.json): No such file or directory
#0 [internal function]: CodeIgniter\Debug\Exceptions->errorHandler(2, 'unlink(/home/fm...', '/home/fmkiddo/g...', 106, Array)
#1 /home/fmkiddo/git/project.alcentrali/cores/engine/Debug/Toolbar/Collectors/History.php(106): unlink('/home/fmkiddo/g...')
#2 /home/fmkiddo/git/project.alcentrali/cores/engine/Debug/Toolbar.php(483): CodeIgniter\Debug\Toolbar\Collectors\History->setFiles(1645852885, 20)
#3 /home/fmkiddo/git/project.alcentrali/cores/engine/Debug/Toolbar.php(455): CodeIgniter\Debug\Toolbar->format(Array, 'html')
#4 /home/fmkiddo/git/project.alcentrali/cores/rest-officercores/appcore/Config/Events.php(50): CodeIgniter\Debug\Toolbar->respond()
#5 [internal function]: CodeIgniter\Events\Events::Config\{closure}()
#6 /home/fmkiddo/git/project.alcentrali/cores/engine/Events/Events.php(188): call_user_func(Object(Closure))
#7 /home/fmkiddo/git/project.alcentrali/cores/engine/CodeIgniter.php(293): CodeIgniter\Events\Events::trigger('pre_system')
#8 /home/fmkiddo/git/project.alcentrali/subs/officer/index.php(45): CodeIgniter\CodeIgniter->run()
#9 {main}
CRITICAL - 2022-06-01 21:37:43 --> unlink(/home/fmkiddo/git/project.alcentrali/cores/writable/debugbar/debugbar_1645581345.json): No such file or directory
#0 [internal function]: CodeIgniter\Debug\Exceptions->errorHandler(2, 'unlink(/home/fm...', '/home/fmkiddo/g...', 106, Array)
#1 /home/fmkiddo/git/project.alcentrali/cores/engine/Debug/Toolbar/Collectors/History.php(106): unlink('/home/fmkiddo/g...')
#2 /home/fmkiddo/git/project.alcentrali/cores/engine/Debug/Toolbar.php(483): CodeIgniter\Debug\Toolbar\Collectors\History->setFiles(1645852790, 20)
#3 /home/fmkiddo/git/project.alcentrali/cores/engine/Debug/Toolbar.php(455): CodeIgniter\Debug\Toolbar->format(Array, 'html')
#4 /home/fmkiddo/git/project.alcentrali/cores/rest-officercores/appcore/Config/Events.php(50): CodeIgniter\Debug\Toolbar->respond()
#5 [internal function]: CodeIgniter\Events\Events::Config\{closure}()
#6 /home/fmkiddo/git/project.alcentrali/cores/engine/Events/Events.php(188): call_user_func(Object(Closure))
#7 /home/fmkiddo/git/project.alcentrali/cores/engine/CodeIgniter.php(293): CodeIgniter\Events\Events::trigger('pre_system')
#8 /home/fmkiddo/git/project.alcentrali/subs/officer/index.php(45): CodeIgniter\CodeIgniter->run()
#9 {main}
CRITICAL - 2022-06-01 22:24:02 --> Duplicate entry '1' for key 'PRIMARY'
#0 /home/fmkiddo/git/project.alcentrali/cores/engine/Database/MySQLi/Connection.php(331): mysqli->query('INSERT INTO `fm...')
#1 /home/fmkiddo/git/project.alcentrali/cores/engine/Database/BaseConnection.php(741): CodeIgniter\Database\MySQLi\Connection->execute('INSERT INTO `fm...')
#2 /home/fmkiddo/git/project.alcentrali/cores/engine/Database/BaseConnection.php(669): CodeIgniter\Database\BaseConnection->simpleQuery('INSERT INTO `fm...')
#3 /home/fmkiddo/git/project.alcentrali/cores/engine/Database/BaseBuilder.php(2249): CodeIgniter\Database\BaseConnection->query('INSERT INTO `fm...', Array, false)
#4 /home/fmkiddo/git/project.alcentrali/cores/engine/Model.php(755): CodeIgniter\Database\BaseBuilder->insert()
#5 /home/fmkiddo/git/project.alcentrali/cores/rest-cores/syscore/Controllers/OfficerRequest.php(551): CodeIgniter\Model->insert(Array)
#6 /home/fmkiddo/git/project.alcentrali/cores/engine/CodeIgniter.php(918): App\Controllers\OfficerRequest->dataRequest()
#7 /home/fmkiddo/git/project.alcentrali/cores/engine/CodeIgniter.php(404): CodeIgniter\CodeIgniter->runController(Object(App\Controllers\OfficerRequest))
#8 /home/fmkiddo/git/project.alcentrali/cores/engine/CodeIgniter.php(312): CodeIgniter\CodeIgniter->handleRequest(NULL, Object(Config\Cache), false)
#9 /home/fmkiddo/git/project.alcentrali/cdn/restful/index.php(45): CodeIgniter\CodeIgniter->run()
#10 {main}
CRITICAL - 2022-06-01 22:24:02 --> 22 : The requested URL returned error: 500 Internal Server Error
#0 /home/fmkiddo/git/project.alcentrali/cores/engine/HTTP/CURLRequest.php(821): CodeIgniter\HTTP\Exceptions\HTTPException::forCurlError('22', 'The requested U...')
#1 /home/fmkiddo/git/project.alcentrali/cores/engine/HTTP/CURLRequest.php(449): CodeIgniter\HTTP\CURLRequest->sendRequest(Array)
#2 /home/fmkiddo/git/project.alcentrali/cores/engine/HTTP/CURLRequest.php(158): CodeIgniter\HTTP\CURLRequest->send('put', 'http://localhos...')
#3 /home/fmkiddo/git/project.alcentrali/cores/engine/HTTP/CURLRequest.php(265): CodeIgniter\HTTP\CURLRequest->request('put', 'http://localhos...', Array)
#4 /home/fmkiddo/git/project.alcentrali/cores/rest-officercores/appcore/Controllers/Officer.php(26): CodeIgniter\HTTP\CURLRequest->put('http://localhos...', Array)
#5 /home/fmkiddo/git/project.alcentrali/cores/rest-officercores/appcore/Controllers/Officer.php(197): App\Controllers\Officer->dataRequest('api/dataaccess', Array)
#6 /home/fmkiddo/git/project.alcentrali/cores/engine/CodeIgniter.php(918): App\Controllers\Officer->dataprocessing('client-processi...')
#7 /home/fmkiddo/git/project.alcentrali/cores/engine/CodeIgniter.php(404): CodeIgniter\CodeIgniter->runController(Object(App\Controllers\Officer))
#8 /home/fmkiddo/git/project.alcentrali/cores/engine/CodeIgniter.php(312): CodeIgniter\CodeIgniter->handleRequest(NULL, Object(Config\Cache), false)
#9 /home/fmkiddo/git/project.alcentrali/subs/officer/index.php(45): CodeIgniter\CodeIgniter->run()
#10 {main}
CRITICAL - 2022-06-01 22:46:30 --> Unable to connect to the database.
#0 /home/fmkiddo/git/project.alcentrali/cores/engine/Database/BaseConnection.php(646): CodeIgniter\Database\BaseConnection->initialize()
#1 /home/fmkiddo/git/project.alcentrali/cores/engine/Database/BaseBuilder.php(1860): CodeIgniter\Database\BaseConnection->query('SELECT *\nFROM `...', Array, false)
#2 /home/fmkiddo/git/project.alcentrali/cores/rest-cores/syscore/Models/BaseModel.php(70): CodeIgniter\Database\BaseBuilder->get()
#3 /home/fmkiddo/git/project.alcentrali/cores/rest-cores/syscore/Libraries/APIModules/OsamModule.php(2190): App\Models\BaseModel->find()
#4 /home/fmkiddo/git/project.alcentrali/cores/rest-cores/syscore/Controllers/ClientRequest.php(179): App\Libraries\APIModules\OsamModule->serverRequest('admin-check')
#5 /home/fmkiddo/git/project.alcentrali/cores/rest-cores/syscore/Controllers/ClientRequest.php(269): App\Controllers\ClientRequest->authorizationProcess()
#6 /home/fmkiddo/git/project.alcentrali/cores/engine/CodeIgniter.php(918): App\Controllers\ClientRequest->clientAuthentication()
#7 /home/fmkiddo/git/project.alcentrali/cores/engine/CodeIgniter.php(404): CodeIgniter\CodeIgniter->runController(Object(App\Controllers\ClientRequest))
#8 /home/fmkiddo/git/project.alcentrali/cores/engine/CodeIgniter.php(312): CodeIgniter\CodeIgniter->handleRequest(NULL, Object(Config\Cache), false)
#9 /home/fmkiddo/git/project.alcentrali/cdn/restful/index.php(45): CodeIgniter\CodeIgniter->run()
#10 {main}
CRITICAL - 2022-06-01 22:47:01 --> Unable to connect to the database.
#0 /home/fmkiddo/git/project.alcentrali/cores/engine/Database/BaseConnection.php(646): CodeIgniter\Database\BaseConnection->initialize()
#1 /home/fmkiddo/git/project.alcentrali/cores/engine/Database/BaseBuilder.php(1860): CodeIgniter\Database\BaseConnection->query('SELECT *\nFROM `...', Array, false)
#2 /home/fmkiddo/git/project.alcentrali/cores/rest-cores/syscore/Models/BaseModel.php(70): CodeIgniter\Database\BaseBuilder->get()
#3 /home/fmkiddo/git/project.alcentrali/cores/rest-cores/syscore/Libraries/APIModules/OsamModule.php(2190): App\Models\BaseModel->find()
#4 /home/fmkiddo/git/project.alcentrali/cores/rest-cores/syscore/Controllers/ClientRequest.php(179): App\Libraries\APIModules\OsamModule->serverRequest('admin-check')
#5 /home/fmkiddo/git/project.alcentrali/cores/rest-cores/syscore/Controllers/ClientRequest.php(269): App\Controllers\ClientRequest->authorizationProcess()
#6 /home/fmkiddo/git/project.alcentrali/cores/engine/CodeIgniter.php(918): App\Controllers\ClientRequest->clientAuthentication()
#7 /home/fmkiddo/git/project.alcentrali/cores/engine/CodeIgniter.php(404): CodeIgniter\CodeIgniter->runController(Object(App\Controllers\ClientRequest))
#8 /home/fmkiddo/git/project.alcentrali/cores/engine/CodeIgniter.php(312): CodeIgniter\CodeIgniter->handleRequest(NULL, Object(Config\Cache), false)
#9 /home/fmkiddo/git/project.alcentrali/cdn/restful/index.php(45): CodeIgniter\CodeIgniter->run()
#10 {main}
CRITICAL - 2022-06-01 22:48:13 --> Unable to connect to the database.
#0 /home/fmkiddo/git/project.alcentrali/cores/engine/Database/BaseConnection.php(646): CodeIgniter\Database\BaseConnection->initialize()
#1 /home/fmkiddo/git/project.alcentrali/cores/engine/Database/BaseBuilder.php(1860): CodeIgniter\Database\BaseConnection->query('SELECT *\nFROM `...', Array, false)
#2 /home/fmkiddo/git/project.alcentrali/cores/rest-cores/syscore/Models/BaseModel.php(70): CodeIgniter\Database\BaseBuilder->get()
#3 /home/fmkiddo/git/project.alcentrali/cores/rest-cores/syscore/Libraries/APIModules/OsamModule.php(2190): App\Models\BaseModel->find()
#4 /home/fmkiddo/git/project.alcentrali/cores/rest-cores/syscore/Controllers/ClientRequest.php(179): App\Libraries\APIModules\OsamModule->serverRequest('admin-check')
#5 /home/fmkiddo/git/project.alcentrali/cores/rest-cores/syscore/Controllers/ClientRequest.php(269): App\Controllers\ClientRequest->authorizationProcess()
#6 /home/fmkiddo/git/project.alcentrali/cores/engine/CodeIgniter.php(918): App\Controllers\ClientRequest->clientAuthentication()
#7 /home/fmkiddo/git/project.alcentrali/cores/engine/CodeIgniter.php(404): CodeIgniter\CodeIgniter->runController(Object(App\Controllers\ClientRequest))
#8 /home/fmkiddo/git/project.alcentrali/cores/engine/CodeIgniter.php(312): CodeIgniter\CodeIgniter->handleRequest(NULL, Object(Config\Cache), false)
#9 /home/fmkiddo/git/project.alcentrali/cdn/restful/index.php(45): CodeIgniter\CodeIgniter->run()
#10 {main}
