CRITICAL - 2022-01-26 20:29:59 --> Data too long for column 'contact_person' at row 1
#0 /home/fmkiddo/git/project.alcentrali/cores/engine/Database/MySQLi/Connection.php(331): mysqli->query('INSERT INTO `as...')
#1 /home/fmkiddo/git/project.alcentrali/cores/engine/Database/BaseConnection.php(741): CodeIgniter\Database\MySQLi\Connection->execute('INSERT INTO `as...')
#2 /home/fmkiddo/git/project.alcentrali/cores/engine/Database/BaseConnection.php(669): CodeIgniter\Database\BaseConnection->simpleQuery('INSERT INTO `as...')
#3 /home/fmkiddo/git/project.alcentrali/cores/engine/Database/BaseBuilder.php(2249): CodeIgniter\Database\BaseConnection->query('INSERT INTO `as...', Array, false)
#4 /home/fmkiddo/git/project.alcentrali/cores/engine/Model.php(755): CodeIgniter\Database\BaseBuilder->insert()
#5 /home/fmkiddo/git/project.alcentrali/cores/rest-cores/syscore/Models/Osam/LocationModel.php(39): CodeIgniter\Model->insert(Array)
#6 /home/fmkiddo/git/project.alcentrali/cores/rest-cores/syscore/Libraries/APIModules/OsamModule.php(65): App\Models\Osam\LocationModel->insertFromFile(Array, '1', '2022-01-26 20:2...')
#7 /home/fmkiddo/git/project.alcentrali/cores/rest-cores/syscore/Libraries/APIModules/OsamModule.php(100): App\Libraries\APIModules\OsamModule->csvDataProcessing('locations', '1', Array)
#8 /home/fmkiddo/git/project.alcentrali/cores/rest-cores/syscore/Controllers/ClientRequest.php(72): App\Libraries\APIModules\OsamModule->executeRequest('dataupload-md-l...')
#9 /home/fmkiddo/git/project.alcentrali/cores/rest-cores/syscore/Controllers/ClientRequest.php(288): App\Controllers\ClientRequest->requestExecution()
#10 /home/fmkiddo/git/project.alcentrali/cores/engine/CodeIgniter.php(918): App\Controllers\ClientRequest->dataRequest()
#11 /home/fmkiddo/git/project.alcentrali/cores/engine/CodeIgniter.php(404): CodeIgniter\CodeIgniter->runController(Object(App\Controllers\ClientRequest))
#12 /home/fmkiddo/git/project.alcentrali/cores/engine/CodeIgniter.php(312): CodeIgniter\CodeIgniter->handleRequest(NULL, Object(Config\Cache), false)
#13 /home/fmkiddo/git/project.alcentrali/cdn/restful/index.php(45): CodeIgniter\CodeIgniter->run()
#14 {main}
CRITICAL - 2022-01-26 20:33:55 --> Data too long for column 'contact_person' at row 1
#0 /home/fmkiddo/git/project.alcentrali/cores/engine/Database/MySQLi/Connection.php(331): mysqli->query('INSERT INTO `as...')
#1 /home/fmkiddo/git/project.alcentrali/cores/engine/Database/BaseConnection.php(741): CodeIgniter\Database\MySQLi\Connection->execute('INSERT INTO `as...')
#2 /home/fmkiddo/git/project.alcentrali/cores/engine/Database/BaseConnection.php(669): CodeIgniter\Database\BaseConnection->simpleQuery('INSERT INTO `as...')
#3 /home/fmkiddo/git/project.alcentrali/cores/engine/Database/BaseBuilder.php(2249): CodeIgniter\Database\BaseConnection->query('INSERT INTO `as...', Array, false)
#4 /home/fmkiddo/git/project.alcentrali/cores/engine/Model.php(755): CodeIgniter\Database\BaseBuilder->insert()
#5 /home/fmkiddo/git/project.alcentrali/cores/rest-cores/syscore/Models/Osam/LocationModel.php(39): CodeIgniter\Model->insert(Array)
#6 /home/fmkiddo/git/project.alcentrali/cores/rest-cores/syscore/Libraries/APIModules/OsamModule.php(65): App\Models\Osam\LocationModel->insertFromFile(Array, '1', '2022-01-26 20:3...')
#7 /home/fmkiddo/git/project.alcentrali/cores/rest-cores/syscore/Libraries/APIModules/OsamModule.php(100): App\Libraries\APIModules\OsamModule->csvDataProcessing('locations', '1', Array)
#8 /home/fmkiddo/git/project.alcentrali/cores/rest-cores/syscore/Controllers/ClientRequest.php(72): App\Libraries\APIModules\OsamModule->executeRequest('dataupload-md-l...')
#9 /home/fmkiddo/git/project.alcentrali/cores/rest-cores/syscore/Controllers/ClientRequest.php(288): App\Controllers\ClientRequest->requestExecution()
#10 /home/fmkiddo/git/project.alcentrali/cores/engine/CodeIgniter.php(918): App\Controllers\ClientRequest->dataRequest()
#11 /home/fmkiddo/git/project.alcentrali/cores/engine/CodeIgniter.php(404): CodeIgniter\CodeIgniter->runController(Object(App\Controllers\ClientRequest))
#12 /home/fmkiddo/git/project.alcentrali/cores/engine/CodeIgniter.php(312): CodeIgniter\CodeIgniter->handleRequest(NULL, Object(Config\Cache), false)
#13 /home/fmkiddo/git/project.alcentrali/cdn/restful/index.php(45): CodeIgniter\CodeIgniter->run()
#14 {main}
CRITICAL - 2022-01-26 22:13:40 --> You have an error in your SQL syntax; check the manual that corresponds to your MariaDB server version for the right syntax to use near '0) VALUES ('1')' at line 1
#0 /home/fmkiddo/git/project.alcentrali/cores/engine/Database/MySQLi/Connection.php(331): mysqli->query('INSERT INTO `as...')
#1 /home/fmkiddo/git/project.alcentrali/cores/engine/Database/BaseConnection.php(741): CodeIgniter\Database\MySQLi\Connection->execute('INSERT INTO `as...')
#2 /home/fmkiddo/git/project.alcentrali/cores/engine/Database/BaseConnection.php(669): CodeIgniter\Database\BaseConnection->simpleQuery('INSERT INTO `as...')
#3 /home/fmkiddo/git/project.alcentrali/cores/engine/Database/BaseBuilder.php(2249): CodeIgniter\Database\BaseConnection->query('INSERT INTO `as...', Array, false)
#4 /home/fmkiddo/git/project.alcentrali/cores/engine/Model.php(755): CodeIgniter\Database\BaseBuilder->insert()
#5 /home/fmkiddo/git/project.alcentrali/cores/rest-cores/syscore/Models/Osam/ItemAttributeModel.php(19): CodeIgniter\Model->insert(Array)
#6 /home/fmkiddo/git/project.alcentrali/cores/rest-cores/syscore/Libraries/APIModules/OsamModule.php(68): App\Models\Osam\ItemAttributeModel->insertFromFile(Array, '1', '2022-01-26 22:1...')
#7 /home/fmkiddo/git/project.alcentrali/cores/rest-cores/syscore/Libraries/APIModules/OsamModule.php(100): App\Libraries\APIModules\OsamModule->csvDataProcessing('categories', '1', Array)
#8 /home/fmkiddo/git/project.alcentrali/cores/rest-cores/syscore/Controllers/ClientRequest.php(72): App\Libraries\APIModules\OsamModule->executeRequest('dataupload-md-c...')
#9 /home/fmkiddo/git/project.alcentrali/cores/rest-cores/syscore/Controllers/ClientRequest.php(288): App\Controllers\ClientRequest->requestExecution()
#10 /home/fmkiddo/git/project.alcentrali/cores/engine/CodeIgniter.php(918): App\Controllers\ClientRequest->dataRequest()
#11 /home/fmkiddo/git/project.alcentrali/cores/engine/CodeIgniter.php(404): CodeIgniter\CodeIgniter->runController(Object(App\Controllers\ClientRequest))
#12 /home/fmkiddo/git/project.alcentrali/cores/engine/CodeIgniter.php(312): CodeIgniter\CodeIgniter->handleRequest(NULL, Object(Config\Cache), false)
#13 /home/fmkiddo/git/project.alcentrali/cdn/restful/index.php(45): CodeIgniter\CodeIgniter->run()
#14 {main}
CRITICAL - 2022-01-26 22:16:30 --> Trying to get property 'idx' of non-object
#0 /home/fmkiddo/git/project.alcentrali/cores/rest-cores/syscore/Models/Osam/ItemAttributeModel.php(18): CodeIgniter\Debug\Exceptions->errorHandler(8, 'Trying to get p...', '/home/fmkiddo/g...', 18, Array)
#1 /home/fmkiddo/git/project.alcentrali/cores/rest-cores/syscore/Libraries/APIModules/OsamModule.php(68): App\Models\Osam\ItemAttributeModel->insertFromFile(Array, '1', '2022-01-26 22:1...')
#2 /home/fmkiddo/git/project.alcentrali/cores/rest-cores/syscore/Libraries/APIModules/OsamModule.php(100): App\Libraries\APIModules\OsamModule->csvDataProcessing('categories', '1', Array)
#3 /home/fmkiddo/git/project.alcentrali/cores/rest-cores/syscore/Controllers/ClientRequest.php(72): App\Libraries\APIModules\OsamModule->executeRequest('dataupload-md-c...')
#4 /home/fmkiddo/git/project.alcentrali/cores/rest-cores/syscore/Controllers/ClientRequest.php(288): App\Controllers\ClientRequest->requestExecution()
#5 /home/fmkiddo/git/project.alcentrali/cores/engine/CodeIgniter.php(918): App\Controllers\ClientRequest->dataRequest()
#6 /home/fmkiddo/git/project.alcentrali/cores/engine/CodeIgniter.php(404): CodeIgniter\CodeIgniter->runController(Object(App\Controllers\ClientRequest))
#7 /home/fmkiddo/git/project.alcentrali/cores/engine/CodeIgniter.php(312): CodeIgniter\CodeIgniter->handleRequest(NULL, Object(Config\Cache), false)
#8 /home/fmkiddo/git/project.alcentrali/cdn/restful/index.php(45): CodeIgniter\CodeIgniter->run()
#9 {main}
CRITICAL - 2022-01-26 22:17:22 --> Trying to get property 'idx' of non-object
#0 /home/fmkiddo/git/project.alcentrali/cores/rest-cores/syscore/Models/Osam/ItemAttributeModel.php(18): CodeIgniter\Debug\Exceptions->errorHandler(8, 'Trying to get p...', '/home/fmkiddo/g...', 18, Array)
#1 /home/fmkiddo/git/project.alcentrali/cores/rest-cores/syscore/Libraries/APIModules/OsamModule.php(68): App\Models\Osam\ItemAttributeModel->insertFromFile(Array, '1', '2022-01-26 22:1...')
#2 /home/fmkiddo/git/project.alcentrali/cores/rest-cores/syscore/Libraries/APIModules/OsamModule.php(100): App\Libraries\APIModules\OsamModule->csvDataProcessing('categories', '1', Array)
#3 /home/fmkiddo/git/project.alcentrali/cores/rest-cores/syscore/Controllers/ClientRequest.php(72): App\Libraries\APIModules\OsamModule->executeRequest('dataupload-md-c...')
#4 /home/fmkiddo/git/project.alcentrali/cores/rest-cores/syscore/Controllers/ClientRequest.php(288): App\Controllers\ClientRequest->requestExecution()
#5 /home/fmkiddo/git/project.alcentrali/cores/engine/CodeIgniter.php(918): App\Controllers\ClientRequest->dataRequest()
#6 /home/fmkiddo/git/project.alcentrali/cores/engine/CodeIgniter.php(404): CodeIgniter\CodeIgniter->runController(Object(App\Controllers\ClientRequest))
#7 /home/fmkiddo/git/project.alcentrali/cores/engine/CodeIgniter.php(312): CodeIgniter\CodeIgniter->handleRequest(NULL, Object(Config\Cache), false)
#8 /home/fmkiddo/git/project.alcentrali/cdn/restful/index.php(45): CodeIgniter\CodeIgniter->run()
#9 {main}
CRITICAL - 2022-01-26 22:17:51 --> Undefined offset: 0
#0 /home/fmkiddo/git/project.alcentrali/cores/rest-cores/syscore/Models/Osam/ItemAttributeModel.php(18): CodeIgniter\Debug\Exceptions->errorHandler(8, 'Undefined offse...', '/home/fmkiddo/g...', 18, Array)
#1 /home/fmkiddo/git/project.alcentrali/cores/rest-cores/syscore/Libraries/APIModules/OsamModule.php(68): App\Models\Osam\ItemAttributeModel->insertFromFile(Array, '1', '2022-01-26 22:1...')
#2 /home/fmkiddo/git/project.alcentrali/cores/rest-cores/syscore/Libraries/APIModules/OsamModule.php(100): App\Libraries\APIModules\OsamModule->csvDataProcessing('categories', '1', Array)
#3 /home/fmkiddo/git/project.alcentrali/cores/rest-cores/syscore/Controllers/ClientRequest.php(72): App\Libraries\APIModules\OsamModule->executeRequest('dataupload-md-c...')
#4 /home/fmkiddo/git/project.alcentrali/cores/rest-cores/syscore/Controllers/ClientRequest.php(288): App\Controllers\ClientRequest->requestExecution()
#5 /home/fmkiddo/git/project.alcentrali/cores/engine/CodeIgniter.php(918): App\Controllers\ClientRequest->dataRequest()
#6 /home/fmkiddo/git/project.alcentrali/cores/engine/CodeIgniter.php(404): CodeIgniter\CodeIgniter->runController(Object(App\Controllers\ClientRequest))
#7 /home/fmkiddo/git/project.alcentrali/cores/engine/CodeIgniter.php(312): CodeIgniter\CodeIgniter->handleRequest(NULL, Object(Config\Cache), false)
#8 /home/fmkiddo/git/project.alcentrali/cdn/restful/index.php(45): CodeIgniter\CodeIgniter->run()
#9 {main}
