CRITICAL - 2020-11-06 23:22:03 --> Undefined index: locale-data
#0 /home/rizcky/git/project.alcentrali/server/syscore/Controllers/OfficerRequest.php(44): CodeIgniter\Debug\Exceptions->errorHandler(8, 'Undefined index...', '/home/rizcky/gi...', 44, Array)
#1 /home/rizcky/git/project.alcentrali/engine/CodeIgniter.php(918): App\Controllers\OfficerRequest->localedata()
#2 /home/rizcky/git/project.alcentrali/engine/CodeIgniter.php(404): CodeIgniter\CodeIgniter->runController(Object(App\Controllers\OfficerRequest))
#3 /home/rizcky/git/project.alcentrali/engine/CodeIgniter.php(312): CodeIgniter\CodeIgniter->handleRequest(NULL, Object(Config\Cache), false)
#4 /home/rizcky/git/project.alcentrali/server/index/index.php(45): CodeIgniter\CodeIgniter->run()
#5 {main}
CRITICAL - 2020-11-06 23:22:03 --> 22 : The requested URL returned error: 500 Internal Server Error
#0 /home/rizcky/git/project.alcentrali/engine/HTTP/CURLRequest.php(821): CodeIgniter\HTTP\Exceptions\HTTPException::forCurlError('22', 'The requested U...')
#1 /home/rizcky/git/project.alcentrali/engine/HTTP/CURLRequest.php(449): CodeIgniter\HTTP\CURLRequest->sendRequest(Array)
#2 /home/rizcky/git/project.alcentrali/engine/HTTP/CURLRequest.php(158): CodeIgniter\HTTP\CURLRequest->send('PUT', 'http://localhos...')
#3 /home/rizcky/git/project.alcentrali/officer/appcore/Controllers/Data.php(31): CodeIgniter\HTTP\CURLRequest->request('PUT', 'http://localhos...', Array)
#4 /home/rizcky/git/project.alcentrali/officer/appcore/Controllers/Data.php(47): App\Controllers\Data->getDialogButton(0)
#5 /home/rizcky/git/project.alcentrali/engine/CodeIgniter.php(918): App\Controllers\Data->fetcher()
#6 /home/rizcky/git/project.alcentrali/engine/CodeIgniter.php(404): CodeIgniter\CodeIgniter->runController(Object(App\Controllers\Data))
#7 /home/rizcky/git/project.alcentrali/engine/CodeIgniter.php(312): CodeIgniter\CodeIgniter->handleRequest(NULL, Object(Config\Cache), false)
#8 /home/rizcky/git/project.alcentrali/officer/index/index.php(45): CodeIgniter\CodeIgniter->run()
#9 {main}
CRITICAL - 2020-11-06 23:22:18 --> Undefined index: locale-data
#0 /home/rizcky/git/project.alcentrali/server/syscore/Controllers/OfficerRequest.php(44): CodeIgniter\Debug\Exceptions->errorHandler(8, 'Undefined index...', '/home/rizcky/gi...', 44, Array)
#1 /home/rizcky/git/project.alcentrali/engine/CodeIgniter.php(918): App\Controllers\OfficerRequest->localedata()
#2 /home/rizcky/git/project.alcentrali/engine/CodeIgniter.php(404): CodeIgniter\CodeIgniter->runController(Object(App\Controllers\OfficerRequest))
#3 /home/rizcky/git/project.alcentrali/engine/CodeIgniter.php(312): CodeIgniter\CodeIgniter->handleRequest(NULL, Object(Config\Cache), false)
#4 /home/rizcky/git/project.alcentrali/server/index/index.php(45): CodeIgniter\CodeIgniter->run()
#5 {main}
CRITICAL - 2020-11-06 23:22:18 --> 22 : The requested URL returned error: 500 Internal Server Error
#0 /home/rizcky/git/project.alcentrali/engine/HTTP/CURLRequest.php(821): CodeIgniter\HTTP\Exceptions\HTTPException::forCurlError('22', 'The requested U...')
#1 /home/rizcky/git/project.alcentrali/engine/HTTP/CURLRequest.php(449): CodeIgniter\HTTP\CURLRequest->sendRequest(Array)
#2 /home/rizcky/git/project.alcentrali/engine/HTTP/CURLRequest.php(158): CodeIgniter\HTTP\CURLRequest->send('PUT', 'http://localhos...')
#3 /home/rizcky/git/project.alcentrali/officer/appcore/Controllers/Data.php(31): CodeIgniter\HTTP\CURLRequest->request('PUT', 'http://localhos...', Array)
#4 /home/rizcky/git/project.alcentrali/officer/appcore/Controllers/Data.php(47): App\Controllers\Data->getDialogButton(0)
#5 /home/rizcky/git/project.alcentrali/engine/CodeIgniter.php(918): App\Controllers\Data->fetcher()
#6 /home/rizcky/git/project.alcentrali/engine/CodeIgniter.php(404): CodeIgniter\CodeIgniter->runController(Object(App\Controllers\Data))
#7 /home/rizcky/git/project.alcentrali/engine/CodeIgniter.php(312): CodeIgniter\CodeIgniter->handleRequest(NULL, Object(Config\Cache), false)
#8 /home/rizcky/git/project.alcentrali/officer/index/index.php(45): CodeIgniter\CodeIgniter->run()
#9 {main}
CRITICAL - 2020-11-06 23:23:26 --> array_key_exists() expects parameter 2 to be array, null given
#0 [internal function]: CodeIgniter\Debug\Exceptions->errorHandler(2, 'array_key_exist...', '/home/rizcky/gi...', 39, Array)
#1 /home/rizcky/git/project.alcentrali/officer/appcore/Controllers/Data.php(39): array_key_exists('trigger', NULL)
#2 /home/rizcky/git/project.alcentrali/engine/CodeIgniter.php(918): App\Controllers\Data->fetcher()
#3 /home/rizcky/git/project.alcentrali/engine/CodeIgniter.php(404): CodeIgniter\CodeIgniter->runController(Object(App\Controllers\Data))
#4 /home/rizcky/git/project.alcentrali/engine/CodeIgniter.php(312): CodeIgniter\CodeIgniter->handleRequest(NULL, Object(Config\Cache), false)
#5 /home/rizcky/git/project.alcentrali/officer/index/index.php(45): CodeIgniter\CodeIgniter->run()
#6 {main}
CRITICAL - 2020-11-06 23:24:52 --> Undefined index: locale-data
#0 /home/rizcky/git/project.alcentrali/server/syscore/Controllers/OfficerRequest.php(44): CodeIgniter\Debug\Exceptions->errorHandler(8, 'Undefined index...', '/home/rizcky/gi...', 44, Array)
#1 /home/rizcky/git/project.alcentrali/engine/CodeIgniter.php(918): App\Controllers\OfficerRequest->localedata()
#2 /home/rizcky/git/project.alcentrali/engine/CodeIgniter.php(404): CodeIgniter\CodeIgniter->runController(Object(App\Controllers\OfficerRequest))
#3 /home/rizcky/git/project.alcentrali/engine/CodeIgniter.php(312): CodeIgniter\CodeIgniter->handleRequest(NULL, Object(Config\Cache), false)
#4 /home/rizcky/git/project.alcentrali/server/index/index.php(45): CodeIgniter\CodeIgniter->run()
#5 {main}
CRITICAL - 2020-11-06 23:24:52 --> 22 : The requested URL returned error: 500 Internal Server Error
#0 /home/rizcky/git/project.alcentrali/engine/HTTP/CURLRequest.php(821): CodeIgniter\HTTP\Exceptions\HTTPException::forCurlError('22', 'The requested U...')
#1 /home/rizcky/git/project.alcentrali/engine/HTTP/CURLRequest.php(449): CodeIgniter\HTTP\CURLRequest->sendRequest(Array)
#2 /home/rizcky/git/project.alcentrali/engine/HTTP/CURLRequest.php(158): CodeIgniter\HTTP\CURLRequest->send('PUT', 'http://localhos...')
#3 /home/rizcky/git/project.alcentrali/officer/appcore/Controllers/Data.php(31): CodeIgniter\HTTP\CURLRequest->request('PUT', 'http://localhos...', Array)
#4 /home/rizcky/git/project.alcentrali/officer/appcore/Controllers/Data.php(47): App\Controllers\Data->getDialogButton(0)
#5 /home/rizcky/git/project.alcentrali/engine/CodeIgniter.php(918): App\Controllers\Data->fetcher()
#6 /home/rizcky/git/project.alcentrali/engine/CodeIgniter.php(404): CodeIgniter\CodeIgniter->runController(Object(App\Controllers\Data))
#7 /home/rizcky/git/project.alcentrali/engine/CodeIgniter.php(312): CodeIgniter\CodeIgniter->handleRequest(NULL, Object(Config\Cache), false)
#8 /home/rizcky/git/project.alcentrali/officer/index/index.php(45): CodeIgniter\CodeIgniter->run()
#9 {main}
CRITICAL - 2020-11-06 23:30:19 --> Call to a member function getValue() on null
#0 /home/rizcky/git/project.alcentrali/server/syscore/Controllers/OfficerRequest.php(38): App\Controllers\BaseRESTController->validateHTTPAuths()
#1 /home/rizcky/git/project.alcentrali/engine/CodeIgniter.php(918): App\Controllers\OfficerRequest->localedata()
#2 /home/rizcky/git/project.alcentrali/engine/CodeIgniter.php(404): CodeIgniter\CodeIgniter->runController(Object(App\Controllers\OfficerRequest))
#3 /home/rizcky/git/project.alcentrali/engine/CodeIgniter.php(312): CodeIgniter\CodeIgniter->handleRequest(NULL, Object(Config\Cache), false)
#4 /home/rizcky/git/project.alcentrali/server/index/index.php(45): CodeIgniter\CodeIgniter->run()
#5 {main}
CRITICAL - 2020-11-06 23:30:19 --> 22 : The requested URL returned error: 500 Internal Server Error
#0 /home/rizcky/git/project.alcentrali/engine/HTTP/CURLRequest.php(821): CodeIgniter\HTTP\Exceptions\HTTPException::forCurlError('22', 'The requested U...')
#1 /home/rizcky/git/project.alcentrali/engine/HTTP/CURLRequest.php(449): CodeIgniter\HTTP\CURLRequest->sendRequest(Array)
#2 /home/rizcky/git/project.alcentrali/engine/HTTP/CURLRequest.php(158): CodeIgniter\HTTP\CURLRequest->send('PUT', 'http://localhos...')
#3 /home/rizcky/git/project.alcentrali/officer/appcore/Controllers/Data.php(17): CodeIgniter\HTTP\CURLRequest->request('PUT', 'http://localhos...', Array)
#4 /home/rizcky/git/project.alcentrali/officer/appcore/Controllers/Data.php(32): App\Controllers\Data->getDialogButton(0)
#5 /home/rizcky/git/project.alcentrali/engine/CodeIgniter.php(918): App\Controllers\Data->fetcher()
#6 /home/rizcky/git/project.alcentrali/engine/CodeIgniter.php(404): CodeIgniter\CodeIgniter->runController(Object(App\Controllers\Data))
#7 /home/rizcky/git/project.alcentrali/engine/CodeIgniter.php(312): CodeIgniter\CodeIgniter->handleRequest(NULL, Object(Config\Cache), false)
#8 /home/rizcky/git/project.alcentrali/officer/index/index.php(45): CodeIgniter\CodeIgniter->run()
#9 {main}
CRITICAL - 2020-11-06 23:31:21 --> Undefined variable: resId
#0 /home/rizcky/git/project.alcentrali/officer/appcore/Controllers/Data.php(28): CodeIgniter\Debug\Exceptions->errorHandler(8, 'Undefined varia...', '/home/rizcky/gi...', 28, Array)
#1 /home/rizcky/git/project.alcentrali/officer/appcore/Controllers/Data.php(45): App\Controllers\Data->getDialogButton(0)
#2 /home/rizcky/git/project.alcentrali/engine/CodeIgniter.php(918): App\Controllers\Data->fetcher()
#3 /home/rizcky/git/project.alcentrali/engine/CodeIgniter.php(404): CodeIgniter\CodeIgniter->runController(Object(App\Controllers\Data))
#4 /home/rizcky/git/project.alcentrali/engine/CodeIgniter.php(312): CodeIgniter\CodeIgniter->handleRequest(NULL, Object(Config\Cache), false)
#5 /home/rizcky/git/project.alcentrali/officer/index/index.php(45): CodeIgniter\CodeIgniter->run()
#6 {main}
CRITICAL - 2020-11-06 23:31:50 --> syntax error, unexpected ')', expecting ']'
#0 /home/rizcky/git/project.alcentrali/engine/Autoloader/Autoloader.php(296): CodeIgniter\Autoloader\Autoloader->requireFile('/home/rizcky/gi...')
#1 /home/rizcky/git/project.alcentrali/engine/Autoloader/Autoloader.php(258): CodeIgniter\Autoloader\Autoloader->loadInNamespace('App\\Controllers...')
#2 [internal function]: CodeIgniter\Autoloader\Autoloader->loadClass('App\\Controllers...')
#3 [internal function]: spl_autoload_call('App\\Controllers...')
#4 /home/rizcky/git/project.alcentrali/engine/CodeIgniter.php(869): class_exists('\\App\\Controller...', true)
#5 /home/rizcky/git/project.alcentrali/engine/CodeIgniter.php(394): CodeIgniter\CodeIgniter->startController()
#6 /home/rizcky/git/project.alcentrali/engine/CodeIgniter.php(312): CodeIgniter\CodeIgniter->handleRequest(NULL, Object(Config\Cache), false)
#7 /home/rizcky/git/project.alcentrali/officer/index/index.php(45): CodeIgniter\CodeIgniter->run()
#8 {main}
CRITICAL - 2020-11-06 23:33:40 --> Undefined index: button
#0 /home/rizcky/git/project.alcentrali/server/syscore/Controllers/OfficerRequest.php(54): CodeIgniter\Debug\Exceptions->errorHandler(8, 'Undefined index...', '/home/rizcky/gi...', 54, Array)
#1 /home/rizcky/git/project.alcentrali/engine/CodeIgniter.php(918): App\Controllers\OfficerRequest->localedata()
#2 /home/rizcky/git/project.alcentrali/engine/CodeIgniter.php(404): CodeIgniter\CodeIgniter->runController(Object(App\Controllers\OfficerRequest))
#3 /home/rizcky/git/project.alcentrali/engine/CodeIgniter.php(312): CodeIgniter\CodeIgniter->handleRequest(NULL, Object(Config\Cache), false)
#4 /home/rizcky/git/project.alcentrali/server/index/index.php(45): CodeIgniter\CodeIgniter->run()
#5 {main}
CRITICAL - 2020-11-06 23:33:40 --> 22 : The requested URL returned error: 500 Internal Server Error
#0 /home/rizcky/git/project.alcentrali/engine/HTTP/CURLRequest.php(821): CodeIgniter\HTTP\Exceptions\HTTPException::forCurlError('22', 'The requested U...')
#1 /home/rizcky/git/project.alcentrali/engine/HTTP/CURLRequest.php(449): CodeIgniter\HTTP\CURLRequest->sendRequest(Array)
#2 /home/rizcky/git/project.alcentrali/engine/HTTP/CURLRequest.php(158): CodeIgniter\HTTP\CURLRequest->send('PUT', 'http://localhos...')
#3 /home/rizcky/git/project.alcentrali/officer/appcore/Controllers/Data.php(28): CodeIgniter\HTTP\CURLRequest->request('PUT', 'http://localhos...', Array)
#4 /home/rizcky/git/project.alcentrali/officer/appcore/Controllers/Data.php(45): App\Controllers\Data->getDialogButton(0)
#5 /home/rizcky/git/project.alcentrali/engine/CodeIgniter.php(918): App\Controllers\Data->fetcher()
#6 /home/rizcky/git/project.alcentrali/engine/CodeIgniter.php(404): CodeIgniter\CodeIgniter->runController(Object(App\Controllers\Data))
#7 /home/rizcky/git/project.alcentrali/engine/CodeIgniter.php(312): CodeIgniter\CodeIgniter->handleRequest(NULL, Object(Config\Cache), false)
#8 /home/rizcky/git/project.alcentrali/officer/index/index.php(45): CodeIgniter\CodeIgniter->run()
#9 {main}
CRITICAL - 2020-11-06 23:34:30 --> Undefined index: button
#0 /home/rizcky/git/project.alcentrali/server/syscore/Controllers/OfficerRequest.php(54): CodeIgniter\Debug\Exceptions->errorHandler(8, 'Undefined index...', '/home/rizcky/gi...', 54, Array)
#1 /home/rizcky/git/project.alcentrali/engine/CodeIgniter.php(918): App\Controllers\OfficerRequest->localedata()
#2 /home/rizcky/git/project.alcentrali/engine/CodeIgniter.php(404): CodeIgniter\CodeIgniter->runController(Object(App\Controllers\OfficerRequest))
#3 /home/rizcky/git/project.alcentrali/engine/CodeIgniter.php(312): CodeIgniter\CodeIgniter->handleRequest(NULL, Object(Config\Cache), false)
#4 /home/rizcky/git/project.alcentrali/server/index/index.php(45): CodeIgniter\CodeIgniter->run()
#5 {main}
CRITICAL - 2020-11-06 23:34:30 --> 22 : The requested URL returned error: 500 Internal Server Error
#0 /home/rizcky/git/project.alcentrali/engine/HTTP/CURLRequest.php(821): CodeIgniter\HTTP\Exceptions\HTTPException::forCurlError('22', 'The requested U...')
#1 /home/rizcky/git/project.alcentrali/engine/HTTP/CURLRequest.php(449): CodeIgniter\HTTP\CURLRequest->sendRequest(Array)
#2 /home/rizcky/git/project.alcentrali/engine/HTTP/CURLRequest.php(158): CodeIgniter\HTTP\CURLRequest->send('PUT', 'http://localhos...')
#3 /home/rizcky/git/project.alcentrali/officer/appcore/Controllers/Data.php(27): CodeIgniter\HTTP\CURLRequest->request('PUT', 'http://localhos...', Array)
#4 /home/rizcky/git/project.alcentrali/officer/appcore/Controllers/Data.php(44): App\Controllers\Data->getDialogButton(0)
#5 /home/rizcky/git/project.alcentrali/engine/CodeIgniter.php(918): App\Controllers\Data->fetcher()
#6 /home/rizcky/git/project.alcentrali/engine/CodeIgniter.php(404): CodeIgniter\CodeIgniter->runController(Object(App\Controllers\Data))
#7 /home/rizcky/git/project.alcentrali/engine/CodeIgniter.php(312): CodeIgniter\CodeIgniter->handleRequest(NULL, Object(Config\Cache), false)
#8 /home/rizcky/git/project.alcentrali/officer/index/index.php(45): CodeIgniter\CodeIgniter->run()
#9 {main}
CRITICAL - 2020-11-06 23:40:32 --> Undefined index: button
#0 /home/rizcky/git/project.alcentrali/server/syscore/Controllers/OfficerRequest.php(54): CodeIgniter\Debug\Exceptions->errorHandler(8, 'Undefined index...', '/home/rizcky/gi...', 54, Array)
#1 /home/rizcky/git/project.alcentrali/engine/CodeIgniter.php(918): App\Controllers\OfficerRequest->localedata()
#2 /home/rizcky/git/project.alcentrali/engine/CodeIgniter.php(404): CodeIgniter\CodeIgniter->runController(Object(App\Controllers\OfficerRequest))
#3 /home/rizcky/git/project.alcentrali/engine/CodeIgniter.php(312): CodeIgniter\CodeIgniter->handleRequest(NULL, Object(Config\Cache), false)
#4 /home/rizcky/git/project.alcentrali/server/index/index.php(45): CodeIgniter\CodeIgniter->run()
#5 {main}
CRITICAL - 2020-11-06 23:40:32 --> 22 : The requested URL returned error: 500 Internal Server Error
#0 /home/rizcky/git/project.alcentrali/engine/HTTP/CURLRequest.php(821): CodeIgniter\HTTP\Exceptions\HTTPException::forCurlError('22', 'The requested U...')
#1 /home/rizcky/git/project.alcentrali/engine/HTTP/CURLRequest.php(449): CodeIgniter\HTTP\CURLRequest->sendRequest(Array)
#2 /home/rizcky/git/project.alcentrali/engine/HTTP/CURLRequest.php(158): CodeIgniter\HTTP\CURLRequest->send('PUT', 'http://localhos...')
#3 /home/rizcky/git/project.alcentrali/officer/appcore/Controllers/Data.php(28): CodeIgniter\HTTP\CURLRequest->request('PUT', 'http://localhos...', Array)
#4 /home/rizcky/git/project.alcentrali/officer/appcore/Controllers/Data.php(45): App\Controllers\Data->getDialogButton(0)
#5 /home/rizcky/git/project.alcentrali/engine/CodeIgniter.php(918): App\Controllers\Data->fetcher()
#6 /home/rizcky/git/project.alcentrali/engine/CodeIgniter.php(404): CodeIgniter\CodeIgniter->runController(Object(App\Controllers\Data))
#7 /home/rizcky/git/project.alcentrali/engine/CodeIgniter.php(312): CodeIgniter\CodeIgniter->handleRequest(NULL, Object(Config\Cache), false)
#8 /home/rizcky/git/project.alcentrali/officer/index/index.php(45): CodeIgniter\CodeIgniter->run()
#9 {main}
CRITICAL - 2020-11-06 23:42:23 --> Trying to access array offset on value of type null
#0 /home/rizcky/git/project.alcentrali/server/syscore/Controllers/OfficerRequest.php(43): CodeIgniter\Debug\Exceptions->errorHandler(8, 'Trying to acces...', '/home/rizcky/gi...', 43, Array)
#1 /home/rizcky/git/project.alcentrali/engine/CodeIgniter.php(918): App\Controllers\OfficerRequest->localedata()
#2 /home/rizcky/git/project.alcentrali/engine/CodeIgniter.php(404): CodeIgniter\CodeIgniter->runController(Object(App\Controllers\OfficerRequest))
#3 /home/rizcky/git/project.alcentrali/engine/CodeIgniter.php(312): CodeIgniter\CodeIgniter->handleRequest(NULL, Object(Config\Cache), false)
#4 /home/rizcky/git/project.alcentrali/server/index/index.php(45): CodeIgniter\CodeIgniter->run()
#5 {main}
CRITICAL - 2020-11-06 23:42:30 --> Undefined index: button
#0 /home/rizcky/git/project.alcentrali/server/syscore/Controllers/OfficerRequest.php(54): CodeIgniter\Debug\Exceptions->errorHandler(8, 'Undefined index...', '/home/rizcky/gi...', 54, Array)
#1 /home/rizcky/git/project.alcentrali/engine/CodeIgniter.php(918): App\Controllers\OfficerRequest->localedata()
#2 /home/rizcky/git/project.alcentrali/engine/CodeIgniter.php(404): CodeIgniter\CodeIgniter->runController(Object(App\Controllers\OfficerRequest))
#3 /home/rizcky/git/project.alcentrali/engine/CodeIgniter.php(312): CodeIgniter\CodeIgniter->handleRequest(NULL, Object(Config\Cache), false)
#4 /home/rizcky/git/project.alcentrali/server/index/index.php(45): CodeIgniter\CodeIgniter->run()
#5 {main}
