CRITICAL - 2020-07-09 21:36:59 --> 22 : The requested URL returned error: 404 Not Found
#0 /home/rizcky/git/project.asman/engine/HTTP/CURLRequest.php(761): CodeIgniter\HTTP\Exceptions\HTTPException::forCurlError('22', 'The requested U...')
#1 /home/rizcky/git/project.asman/engine/HTTP/CURLRequest.php(441): CodeIgniter\HTTP\CURLRequest->sendRequest(Array)
#2 /home/rizcky/git/project.asman/engine/HTTP/CURLRequest.php(157): CodeIgniter\HTTP\CURLRequest->send('PUT', 'http://localhos...')
#3 /home/rizcky/git/project.asman/server/core/Controllers/BaseController.php(57): CodeIgniter\HTTP\CURLRequest->request('PUT', 'http://localhos...', Array)
#4 /home/rizcky/git/project.asman/server/core/Controllers/ServerLogin.php(27): App\Controllers\BaseController->isFirstTime()
#5 /home/rizcky/git/project.asman/engine/CodeIgniter.php(860): App\Controllers\ServerLogin->index()
#6 /home/rizcky/git/project.asman/engine/CodeIgniter.php(381): CodeIgniter\CodeIgniter->runController(Object(App\Controllers\ServerLogin))
#7 /home/rizcky/git/project.asman/engine/CodeIgniter.php(297): CodeIgniter\CodeIgniter->handleRequest(NULL, Object(Config\Cache), false)
#8 /home/rizcky/git/project.asman/server/public/index.php(44): CodeIgniter\CodeIgniter->run()
#9 {main}
CRITICAL - 2020-07-09 21:59:58 --> Class 'App\Models\ServerModel' not found
#0 /home/rizcky/git/project.asman/engine/CodeIgniter.php(836): App\Controllers\BaseController->initController(Object(CodeIgniter\HTTP\IncomingRequest), Object(CodeIgniter\HTTP\Response), Object(CodeIgniter\Log\Logger))
#1 /home/rizcky/git/project.asman/engine/CodeIgniter.php(376): CodeIgniter\CodeIgniter->createController()
#2 /home/rizcky/git/project.asman/engine/CodeIgniter.php(297): CodeIgniter\CodeIgniter->handleRequest(NULL, Object(Config\Cache), false)
#3 /home/rizcky/git/project.asman/server/public/index.php(44): CodeIgniter\CodeIgniter->run()
#4 {main}
CRITICAL - 2020-07-09 22:00:42 --> Class 'App\Models\ServerModel' not found
#0 /home/rizcky/git/project.asman/engine/CodeIgniter.php(836): App\Controllers\BaseController->initController(Object(CodeIgniter\HTTP\IncomingRequest), Object(CodeIgniter\HTTP\Response), Object(CodeIgniter\Log\Logger))
#1 /home/rizcky/git/project.asman/engine/CodeIgniter.php(376): CodeIgniter\CodeIgniter->createController()
#2 /home/rizcky/git/project.asman/engine/CodeIgniter.php(297): CodeIgniter\CodeIgniter->handleRequest(NULL, Object(Config\Cache), false)
#3 /home/rizcky/git/project.asman/server/public/index.php(44): CodeIgniter\CodeIgniter->run()
#4 {main}
CRITICAL - 2020-07-09 22:00:43 --> Class 'App\Models\ServerModel' not found
#0 /home/rizcky/git/project.asman/engine/CodeIgniter.php(836): App\Controllers\BaseController->initController(Object(CodeIgniter\HTTP\IncomingRequest), Object(CodeIgniter\HTTP\Response), Object(CodeIgniter\Log\Logger))
#1 /home/rizcky/git/project.asman/engine/CodeIgniter.php(376): CodeIgniter\CodeIgniter->createController()
#2 /home/rizcky/git/project.asman/engine/CodeIgniter.php(297): CodeIgniter\CodeIgniter->handleRequest(NULL, Object(Config\Cache), false)
#3 /home/rizcky/git/project.asman/server/public/index.php(44): CodeIgniter\CodeIgniter->run()
#4 {main}
CRITICAL - 2020-07-09 22:00:51 --> Class 'App\Models\ServerModel' not found
#0 /home/rizcky/git/project.asman/engine/CodeIgniter.php(836): App\Controllers\BaseController->initController(Object(CodeIgniter\HTTP\IncomingRequest), Object(CodeIgniter\HTTP\Response), Object(CodeIgniter\Log\Logger))
#1 /home/rizcky/git/project.asman/engine/CodeIgniter.php(376): CodeIgniter\CodeIgniter->createController()
#2 /home/rizcky/git/project.asman/engine/CodeIgniter.php(297): CodeIgniter\CodeIgniter->handleRequest(NULL, Object(Config\Cache), false)
#3 /home/rizcky/git/project.asman/server/public/index.php(44): CodeIgniter\CodeIgniter->run()
#4 {main}
