CRITICAL - 2021-10-31 20:49:15 --> Out of range value for column 'est_value' at row 1
#0 /home/fmkiddo/git/project.alcentrali/cores/engine/Database/MySQLi/Connection.php(331): mysqli->query('INSERT INTO `as...')
#1 /home/fmkiddo/git/project.alcentrali/cores/engine/Database/BaseConnection.php(741): CodeIgniter\Database\MySQLi\Connection->execute('INSERT INTO `as...')
#2 /home/fmkiddo/git/project.alcentrali/cores/engine/Database/BaseConnection.php(669): CodeIgniter\Database\BaseConnection->simpleQuery('INSERT INTO `as...')
#3 /home/fmkiddo/git/project.alcentrali/cores/engine/Database/BaseBuilder.php(2249): CodeIgniter\Database\BaseConnection->query('INSERT INTO `as...', Array, false)
#4 /home/fmkiddo/git/project.alcentrali/cores/engine/Model.php(755): CodeIgniter\Database\BaseBuilder->insert()
#5 /home/fmkiddo/git/project.alcentrali/cores/rest-cores/syscore/Libraries/APIModules/OsamModule.php(677): CodeIgniter\Model->insert(Array)
#6 /home/fmkiddo/git/project.alcentrali/cores/rest-cores/syscore/Controllers/ClientRequest.php(72): App\Libraries\APIModules\OsamModule->executeRequest('newassetreq-req...')
#7 /home/fmkiddo/git/project.alcentrali/cores/rest-cores/syscore/Controllers/ClientRequest.php(267): App\Controllers\ClientRequest->requestExecution()
#8 /home/fmkiddo/git/project.alcentrali/cores/engine/CodeIgniter.php(918): App\Controllers\ClientRequest->dataRequest()
#9 /home/fmkiddo/git/project.alcentrali/cores/engine/CodeIgniter.php(404): CodeIgniter\CodeIgniter->runController(Object(App\Controllers\ClientRequest))
#10 /home/fmkiddo/git/project.alcentrali/cores/engine/CodeIgniter.php(312): CodeIgniter\CodeIgniter->handleRequest(NULL, Object(Config\Cache), false)
#11 /home/fmkiddo/git/project.alcentrali/cdn/restful/index.php(45): CodeIgniter\CodeIgniter->run()
#12 {main}
CRITICAL - 2021-10-31 20:54:03 --> Out of range value for column 'est_value' at row 1
#0 /home/fmkiddo/git/project.alcentrali/cores/engine/Database/MySQLi/Connection.php(331): mysqli->query('INSERT INTO `as...')
#1 /home/fmkiddo/git/project.alcentrali/cores/engine/Database/BaseConnection.php(741): CodeIgniter\Database\MySQLi\Connection->execute('INSERT INTO `as...')
#2 /home/fmkiddo/git/project.alcentrali/cores/engine/Database/BaseConnection.php(669): CodeIgniter\Database\BaseConnection->simpleQuery('INSERT INTO `as...')
#3 /home/fmkiddo/git/project.alcentrali/cores/engine/Database/BaseBuilder.php(2249): CodeIgniter\Database\BaseConnection->query('INSERT INTO `as...', Array, false)
#4 /home/fmkiddo/git/project.alcentrali/cores/engine/Model.php(755): CodeIgniter\Database\BaseBuilder->insert()
#5 /home/fmkiddo/git/project.alcentrali/cores/rest-cores/syscore/Libraries/APIModules/OsamModule.php(677): CodeIgniter\Model->insert(Array)
#6 /home/fmkiddo/git/project.alcentrali/cores/rest-cores/syscore/Controllers/ClientRequest.php(72): App\Libraries\APIModules\OsamModule->executeRequest('newassetreq-req...')
#7 /home/fmkiddo/git/project.alcentrali/cores/rest-cores/syscore/Controllers/ClientRequest.php(267): App\Controllers\ClientRequest->requestExecution()
#8 /home/fmkiddo/git/project.alcentrali/cores/engine/CodeIgniter.php(918): App\Controllers\ClientRequest->dataRequest()
#9 /home/fmkiddo/git/project.alcentrali/cores/engine/CodeIgniter.php(404): CodeIgniter\CodeIgniter->runController(Object(App\Controllers\ClientRequest))
#10 /home/fmkiddo/git/project.alcentrali/cores/engine/CodeIgniter.php(312): CodeIgniter\CodeIgniter->handleRequest(NULL, Object(Config\Cache), false)
#11 /home/fmkiddo/git/project.alcentrali/cdn/restful/index.php(45): CodeIgniter\CodeIgniter->run()
#12 {main}
CRITICAL - 2021-10-31 21:27:52 --> Undefined variable: requestResponse
#0 /home/fmkiddo/git/project.alcentrali/cores/rest-cores/syscore/Libraries/APIModules/OsamModule.php(1627): CodeIgniter\Debug\Exceptions->errorHandler(8, 'Undefined varia...', '/home/fmkiddo/g...', 1627, Array)
#1 /home/fmkiddo/git/project.alcentrali/cores/rest-cores/syscore/Controllers/ClientRequest.php(72): App\Libraries\APIModules\OsamModule->executeRequest('assetsdestroy-r...')
#2 /home/fmkiddo/git/project.alcentrali/cores/rest-cores/syscore/Controllers/ClientRequest.php(267): App\Controllers\ClientRequest->requestExecution()
#3 /home/fmkiddo/git/project.alcentrali/cores/engine/CodeIgniter.php(918): App\Controllers\ClientRequest->dataRequest()
#4 /home/fmkiddo/git/project.alcentrali/cores/engine/CodeIgniter.php(404): CodeIgniter\CodeIgniter->runController(Object(App\Controllers\ClientRequest))
#5 /home/fmkiddo/git/project.alcentrali/cores/engine/CodeIgniter.php(312): CodeIgniter\CodeIgniter->handleRequest(NULL, Object(Config\Cache), false)
#6 /home/fmkiddo/git/project.alcentrali/cdn/restful/index.php(45): CodeIgniter\CodeIgniter->run()
#7 {main}
CRITICAL - 2021-10-31 21:38:15 --> Call to undefined method App\Models\Osam\AssetRemovalModel::order_by
#0 /home/fmkiddo/git/project.alcentrali/cores/rest-cores/syscore/Libraries/APIModules/OsamModule.php(1639): CodeIgniter\Model->__call('order_by', Array)
#1 /home/fmkiddo/git/project.alcentrali/cores/rest-cores/syscore/Controllers/ClientRequest.php(72): App\Libraries\APIModules\OsamModule->executeRequest('assetsdestroy-r...')
#2 /home/fmkiddo/git/project.alcentrali/cores/rest-cores/syscore/Controllers/ClientRequest.php(267): App\Controllers\ClientRequest->requestExecution()
#3 /home/fmkiddo/git/project.alcentrali/cores/engine/CodeIgniter.php(918): App\Controllers\ClientRequest->dataRequest()
#4 /home/fmkiddo/git/project.alcentrali/cores/engine/CodeIgniter.php(404): CodeIgniter\CodeIgniter->runController(Object(App\Controllers\ClientRequest))
#5 /home/fmkiddo/git/project.alcentrali/cores/engine/CodeIgniter.php(312): CodeIgniter\CodeIgniter->handleRequest(NULL, Object(Config\Cache), false)
#6 /home/fmkiddo/git/project.alcentrali/cdn/restful/index.php(45): CodeIgniter\CodeIgniter->run()
#7 {main}
CRITICAL - 2021-10-31 21:38:23 --> Call to undefined method App\Models\Osam\AssetRemovalModel::order_by
#0 /home/fmkiddo/git/project.alcentrali/cores/rest-cores/syscore/Libraries/APIModules/OsamModule.php(1639): CodeIgniter\Model->__call('order_by', Array)
#1 /home/fmkiddo/git/project.alcentrali/cores/rest-cores/syscore/Controllers/ClientRequest.php(72): App\Libraries\APIModules\OsamModule->executeRequest('assetsdestroy-r...')
#2 /home/fmkiddo/git/project.alcentrali/cores/rest-cores/syscore/Controllers/ClientRequest.php(267): App\Controllers\ClientRequest->requestExecution()
#3 /home/fmkiddo/git/project.alcentrali/cores/engine/CodeIgniter.php(918): App\Controllers\ClientRequest->dataRequest()
#4 /home/fmkiddo/git/project.alcentrali/cores/engine/CodeIgniter.php(404): CodeIgniter\CodeIgniter->runController(Object(App\Controllers\ClientRequest))
#5 /home/fmkiddo/git/project.alcentrali/cores/engine/CodeIgniter.php(312): CodeIgniter\CodeIgniter->handleRequest(NULL, Object(Config\Cache), false)
#6 /home/fmkiddo/git/project.alcentrali/cdn/restful/index.php(45): CodeIgniter\CodeIgniter->run()
#7 {main}
CRITICAL - 2021-10-31 21:39:21 --> Undefined variable: orqns
#0 /home/fmkiddo/git/project.alcentrali/cores/rest-cores/syscore/Libraries/APIModules/OsamModule.php(1640): CodeIgniter\Debug\Exceptions->errorHandler(8, 'Undefined varia...', '/home/fmkiddo/g...', 1640, Array)
#1 /home/fmkiddo/git/project.alcentrali/cores/rest-cores/syscore/Controllers/ClientRequest.php(72): App\Libraries\APIModules\OsamModule->executeRequest('assetsdestroy-r...')
#2 /home/fmkiddo/git/project.alcentrali/cores/rest-cores/syscore/Controllers/ClientRequest.php(267): App\Controllers\ClientRequest->requestExecution()
#3 /home/fmkiddo/git/project.alcentrali/cores/engine/CodeIgniter.php(918): App\Controllers\ClientRequest->dataRequest()
#4 /home/fmkiddo/git/project.alcentrali/cores/engine/CodeIgniter.php(404): CodeIgniter\CodeIgniter->runController(Object(App\Controllers\ClientRequest))
#5 /home/fmkiddo/git/project.alcentrali/cores/engine/CodeIgniter.php(312): CodeIgniter\CodeIgniter->handleRequest(NULL, Object(Config\Cache), false)
#6 /home/fmkiddo/git/project.alcentrali/cdn/restful/index.php(45): CodeIgniter\CodeIgniter->run()
#7 {main}
CRITICAL - 2021-10-31 21:39:38 --> Call to undefined method App\Models\Osam\AssetRemovalModel::order_by
#0 /home/fmkiddo/git/project.alcentrali/cores/rest-cores/syscore/Libraries/APIModules/OsamModule.php(1639): CodeIgniter\Model->__call('order_by', Array)
#1 /home/fmkiddo/git/project.alcentrali/cores/rest-cores/syscore/Controllers/ClientRequest.php(72): App\Libraries\APIModules\OsamModule->executeRequest('assetsdestroy-r...')
#2 /home/fmkiddo/git/project.alcentrali/cores/rest-cores/syscore/Controllers/ClientRequest.php(267): App\Controllers\ClientRequest->requestExecution()
#3 /home/fmkiddo/git/project.alcentrali/cores/engine/CodeIgniter.php(918): App\Controllers\ClientRequest->dataRequest()
#4 /home/fmkiddo/git/project.alcentrali/cores/engine/CodeIgniter.php(404): CodeIgniter\CodeIgniter->runController(Object(App\Controllers\ClientRequest))
#5 /home/fmkiddo/git/project.alcentrali/cores/engine/CodeIgniter.php(312): CodeIgniter\CodeIgniter->handleRequest(NULL, Object(Config\Cache), false)
#6 /home/fmkiddo/git/project.alcentrali/cdn/restful/index.php(45): CodeIgniter\CodeIgniter->run()
#7 {main}
CRITICAL - 2021-10-31 21:40:13 --> Call to undefined method App\Models\Osam\AssetRemovalModel::order_by
#0 /home/fmkiddo/git/project.alcentrali/cores/rest-cores/syscore/Libraries/APIModules/OsamModule.php(1640): CodeIgniter\Model->__call('order_by', Array)
#1 /home/fmkiddo/git/project.alcentrali/cores/rest-cores/syscore/Controllers/ClientRequest.php(72): App\Libraries\APIModules\OsamModule->executeRequest('assetsdestroy-r...')
#2 /home/fmkiddo/git/project.alcentrali/cores/rest-cores/syscore/Controllers/ClientRequest.php(267): App\Controllers\ClientRequest->requestExecution()
#3 /home/fmkiddo/git/project.alcentrali/cores/engine/CodeIgniter.php(918): App\Controllers\ClientRequest->dataRequest()
#4 /home/fmkiddo/git/project.alcentrali/cores/engine/CodeIgniter.php(404): CodeIgniter\CodeIgniter->runController(Object(App\Controllers\ClientRequest))
#5 /home/fmkiddo/git/project.alcentrali/cores/engine/CodeIgniter.php(312): CodeIgniter\CodeIgniter->handleRequest(NULL, Object(Config\Cache), false)
#6 /home/fmkiddo/git/project.alcentrali/cdn/restful/index.php(45): CodeIgniter\CodeIgniter->run()
#7 {main}
CRITICAL - 2021-10-31 21:40:39 --> Call to undefined method App\Models\Osam\AssetRemovalModel::wher
#0 /home/fmkiddo/git/project.alcentrali/cores/rest-cores/syscore/Libraries/APIModules/OsamModule.php(1640): CodeIgniter\Model->__call('wher', Array)
#1 /home/fmkiddo/git/project.alcentrali/cores/rest-cores/syscore/Controllers/ClientRequest.php(72): App\Libraries\APIModules\OsamModule->executeRequest('assetsdestroy-r...')
#2 /home/fmkiddo/git/project.alcentrali/cores/rest-cores/syscore/Controllers/ClientRequest.php(267): App\Controllers\ClientRequest->requestExecution()
#3 /home/fmkiddo/git/project.alcentrali/cores/engine/CodeIgniter.php(918): App\Controllers\ClientRequest->dataRequest()
#4 /home/fmkiddo/git/project.alcentrali/cores/engine/CodeIgniter.php(404): CodeIgniter\CodeIgniter->runController(Object(App\Controllers\ClientRequest))
#5 /home/fmkiddo/git/project.alcentrali/cores/engine/CodeIgniter.php(312): CodeIgniter\CodeIgniter->handleRequest(NULL, Object(Config\Cache), false)
#6 /home/fmkiddo/git/project.alcentrali/cdn/restful/index.php(45): CodeIgniter\CodeIgniter->run()
#7 {main}
CRITICAL - 2021-10-31 21:40:52 --> Call to undefined method App\Models\Osam\AssetRemovalModel::order_by
#0 /home/fmkiddo/git/project.alcentrali/cores/rest-cores/syscore/Libraries/APIModules/OsamModule.php(1640): CodeIgniter\Model->__call('order_by', Array)
#1 /home/fmkiddo/git/project.alcentrali/cores/rest-cores/syscore/Controllers/ClientRequest.php(72): App\Libraries\APIModules\OsamModule->executeRequest('assetsdestroy-r...')
#2 /home/fmkiddo/git/project.alcentrali/cores/rest-cores/syscore/Controllers/ClientRequest.php(267): App\Controllers\ClientRequest->requestExecution()
#3 /home/fmkiddo/git/project.alcentrali/cores/engine/CodeIgniter.php(918): App\Controllers\ClientRequest->dataRequest()
#4 /home/fmkiddo/git/project.alcentrali/cores/engine/CodeIgniter.php(404): CodeIgniter\CodeIgniter->runController(Object(App\Controllers\ClientRequest))
#5 /home/fmkiddo/git/project.alcentrali/cores/engine/CodeIgniter.php(312): CodeIgniter\CodeIgniter->handleRequest(NULL, Object(Config\Cache), false)
#6 /home/fmkiddo/git/project.alcentrali/cdn/restful/index.php(45): CodeIgniter\CodeIgniter->run()
#7 {main}
CRITICAL - 2021-10-31 21:41:04 --> Call to undefined method App\Models\Osam\AssetRemovalModel::order_by
#0 /home/fmkiddo/git/project.alcentrali/cores/rest-cores/syscore/Libraries/APIModules/OsamModule.php(1640): CodeIgniter\Model->__call('order_by', Array)
#1 /home/fmkiddo/git/project.alcentrali/cores/rest-cores/syscore/Controllers/ClientRequest.php(72): App\Libraries\APIModules\OsamModule->executeRequest('assetsdestroy-r...')
#2 /home/fmkiddo/git/project.alcentrali/cores/rest-cores/syscore/Controllers/ClientRequest.php(267): App\Controllers\ClientRequest->requestExecution()
#3 /home/fmkiddo/git/project.alcentrali/cores/engine/CodeIgniter.php(918): App\Controllers\ClientRequest->dataRequest()
#4 /home/fmkiddo/git/project.alcentrali/cores/engine/CodeIgniter.php(404): CodeIgniter\CodeIgniter->runController(Object(App\Controllers\ClientRequest))
#5 /home/fmkiddo/git/project.alcentrali/cores/engine/CodeIgniter.php(312): CodeIgniter\CodeIgniter->handleRequest(NULL, Object(Config\Cache), false)
#6 /home/fmkiddo/git/project.alcentrali/cdn/restful/index.php(45): CodeIgniter\CodeIgniter->run()
#7 {main}
CRITICAL - 2021-10-31 21:41:28 --> Call to undefined method App\Models\Osam\AssetRemovalModel::order_by
#0 /home/fmkiddo/git/project.alcentrali/cores/rest-cores/syscore/Libraries/APIModules/OsamModule.php(1640): CodeIgniter\Model->__call('order_by', Array)
#1 /home/fmkiddo/git/project.alcentrali/cores/rest-cores/syscore/Controllers/ClientRequest.php(72): App\Libraries\APIModules\OsamModule->executeRequest('assetsdestroy-r...')
#2 /home/fmkiddo/git/project.alcentrali/cores/rest-cores/syscore/Controllers/ClientRequest.php(267): App\Controllers\ClientRequest->requestExecution()
#3 /home/fmkiddo/git/project.alcentrali/cores/engine/CodeIgniter.php(918): App\Controllers\ClientRequest->dataRequest()
#4 /home/fmkiddo/git/project.alcentrali/cores/engine/CodeIgniter.php(404): CodeIgniter\CodeIgniter->runController(Object(App\Controllers\ClientRequest))
#5 /home/fmkiddo/git/project.alcentrali/cores/engine/CodeIgniter.php(312): CodeIgniter\CodeIgniter->handleRequest(NULL, Object(Config\Cache), false)
#6 /home/fmkiddo/git/project.alcentrali/cdn/restful/index.php(45): CodeIgniter\CodeIgniter->run()
#7 {main}
CRITICAL - 2021-10-31 21:54:42 --> Undefined index: removal-qty
#0 /home/fmkiddo/git/project.alcentrali/cores/rest-cores/syscore/Libraries/APIModules/OsamModule.php(1667): CodeIgniter\Debug\Exceptions->errorHandler(8, 'Undefined index...', '/home/fmkiddo/g...', 1667, Array)
#1 /home/fmkiddo/git/project.alcentrali/cores/rest-cores/syscore/Controllers/ClientRequest.php(72): App\Libraries\APIModules\OsamModule->executeRequest('assetsdestroy-r...')
#2 /home/fmkiddo/git/project.alcentrali/cores/rest-cores/syscore/Controllers/ClientRequest.php(267): App\Controllers\ClientRequest->requestExecution()
#3 /home/fmkiddo/git/project.alcentrali/cores/engine/CodeIgniter.php(918): App\Controllers\ClientRequest->dataRequest()
#4 /home/fmkiddo/git/project.alcentrali/cores/engine/CodeIgniter.php(404): CodeIgniter\CodeIgniter->runController(Object(App\Controllers\ClientRequest))
#5 /home/fmkiddo/git/project.alcentrali/cores/engine/CodeIgniter.php(312): CodeIgniter\CodeIgniter->handleRequest(NULL, Object(Config\Cache), false)
#6 /home/fmkiddo/git/project.alcentrali/cdn/restful/index.php(45): CodeIgniter\CodeIgniter->run()
#7 {main}
CRITICAL - 2021-10-31 21:55:55 --> Undefined index: removal-qty
#0 /home/fmkiddo/git/project.alcentrali/cores/rest-cores/syscore/Libraries/APIModules/OsamModule.php(1667): CodeIgniter\Debug\Exceptions->errorHandler(8, 'Undefined index...', '/home/fmkiddo/g...', 1667, Array)
#1 /home/fmkiddo/git/project.alcentrali/cores/rest-cores/syscore/Controllers/ClientRequest.php(72): App\Libraries\APIModules\OsamModule->executeRequest('assetsdestroy-r...')
#2 /home/fmkiddo/git/project.alcentrali/cores/rest-cores/syscore/Controllers/ClientRequest.php(267): App\Controllers\ClientRequest->requestExecution()
#3 /home/fmkiddo/git/project.alcentrali/cores/engine/CodeIgniter.php(918): App\Controllers\ClientRequest->dataRequest()
#4 /home/fmkiddo/git/project.alcentrali/cores/engine/CodeIgniter.php(404): CodeIgniter\CodeIgniter->runController(Object(App\Controllers\ClientRequest))
#5 /home/fmkiddo/git/project.alcentrali/cores/engine/CodeIgniter.php(312): CodeIgniter\CodeIgniter->handleRequest(NULL, Object(Config\Cache), false)
#6 /home/fmkiddo/git/project.alcentrali/cdn/restful/index.php(45): CodeIgniter\CodeIgniter->run()
#7 {main}
CRITICAL - 2021-10-31 21:56:10 --> Undefined index: removal-qty
#0 /home/fmkiddo/git/project.alcentrali/cores/rest-cores/syscore/Libraries/APIModules/OsamModule.php(1667): CodeIgniter\Debug\Exceptions->errorHandler(8, 'Undefined index...', '/home/fmkiddo/g...', 1667, Array)
#1 /home/fmkiddo/git/project.alcentrali/cores/rest-cores/syscore/Controllers/ClientRequest.php(72): App\Libraries\APIModules\OsamModule->executeRequest('assetsdestroy-r...')
#2 /home/fmkiddo/git/project.alcentrali/cores/rest-cores/syscore/Controllers/ClientRequest.php(267): App\Controllers\ClientRequest->requestExecution()
#3 /home/fmkiddo/git/project.alcentrali/cores/engine/CodeIgniter.php(918): App\Controllers\ClientRequest->dataRequest()
#4 /home/fmkiddo/git/project.alcentrali/cores/engine/CodeIgniter.php(404): CodeIgniter\CodeIgniter->runController(Object(App\Controllers\ClientRequest))
#5 /home/fmkiddo/git/project.alcentrali/cores/engine/CodeIgniter.php(312): CodeIgniter\CodeIgniter->handleRequest(NULL, Object(Config\Cache), false)
#6 /home/fmkiddo/git/project.alcentrali/cdn/restful/index.php(45): CodeIgniter\CodeIgniter->run()
#7 {main}
CRITICAL - 2021-10-31 22:13:39 --> syntax error, unexpected '}', expecting identifier (T_STRING) or variable (T_VARIABLE) or '{' or '$'
#0 /home/fmkiddo/git/project.alcentrali/cores/engine/Autoloader/Autoloader.php(296): CodeIgniter\Autoloader\Autoloader->requireFile('/home/fmkiddo/g...')
#1 /home/fmkiddo/git/project.alcentrali/cores/engine/Autoloader/Autoloader.php(258): CodeIgniter\Autoloader\Autoloader->loadInNamespace('App\\Libraries\\A...')
#2 [internal function]: CodeIgniter\Autoloader\Autoloader->loadClass('App\\Libraries\\A...')
#3 /home/fmkiddo/git/project.alcentrali/cores/rest-cores/syscore/Controllers/ClientRequest.php(57): spl_autoload_call('App\\Libraries\\A...')
#4 /home/fmkiddo/git/project.alcentrali/cores/rest-cores/syscore/Controllers/ClientRequest.php(70): App\Controllers\ClientRequest->initModules(Object(CodeIgniter\HTTP\IncomingRequest), Object(CodeIgniter\Entity))
#5 /home/fmkiddo/git/project.alcentrali/cores/rest-cores/syscore/Controllers/ClientRequest.php(267): App\Controllers\ClientRequest->requestExecution()
#6 /home/fmkiddo/git/project.alcentrali/cores/engine/CodeIgniter.php(918): App\Controllers\ClientRequest->dataRequest()
#7 /home/fmkiddo/git/project.alcentrali/cores/engine/CodeIgniter.php(404): CodeIgniter\CodeIgniter->runController(Object(App\Controllers\ClientRequest))
#8 /home/fmkiddo/git/project.alcentrali/cores/engine/CodeIgniter.php(312): CodeIgniter\CodeIgniter->handleRequest(NULL, Object(Config\Cache), false)
#9 /home/fmkiddo/git/project.alcentrali/cdn/restful/index.php(45): CodeIgniter\CodeIgniter->run()
#10 {main}
CRITICAL - 2021-10-31 22:25:32 --> Unknown column 'asm_ousr.username' in 'field list'
#0 /home/fmkiddo/git/project.alcentrali/cores/engine/Database/MySQLi/Connection.php(331): mysqli->query('SELECT `asm_orq...')
#1 /home/fmkiddo/git/project.alcentrali/cores/engine/Database/BaseConnection.php(741): CodeIgniter\Database\MySQLi\Connection->execute('SELECT `asm_orq...')
#2 /home/fmkiddo/git/project.alcentrali/cores/engine/Database/BaseConnection.php(669): CodeIgniter\Database\BaseConnection->simpleQuery('SELECT `asm_orq...')
#3 /home/fmkiddo/git/project.alcentrali/cores/engine/Database/BaseBuilder.php(1860): CodeIgniter\Database\BaseConnection->query('SELECT `asm_orq...', Array, false)
#4 /home/fmkiddo/git/project.alcentrali/cores/rest-cores/syscore/Models/BaseModel.php(66): CodeIgniter\Database\BaseBuilder->get()
#5 /home/fmkiddo/git/project.alcentrali/cores/rest-cores/syscore/Libraries/APIModules/OsamModule.php(576): App\Models\BaseModel->find()
#6 /home/fmkiddo/git/project.alcentrali/cores/rest-cores/syscore/Controllers/ClientRequest.php(72): App\Libraries\APIModules\OsamModule->executeRequest('movereq-documen...')
#7 /home/fmkiddo/git/project.alcentrali/cores/rest-cores/syscore/Controllers/ClientRequest.php(267): App\Controllers\ClientRequest->requestExecution()
#8 /home/fmkiddo/git/project.alcentrali/cores/engine/CodeIgniter.php(918): App\Controllers\ClientRequest->dataRequest()
#9 /home/fmkiddo/git/project.alcentrali/cores/engine/CodeIgniter.php(404): CodeIgniter\CodeIgniter->runController(Object(App\Controllers\ClientRequest))
#10 /home/fmkiddo/git/project.alcentrali/cores/engine/CodeIgniter.php(312): CodeIgniter\CodeIgniter->handleRequest(NULL, Object(Config\Cache), false)
#11 /home/fmkiddo/git/project.alcentrali/cdn/restful/index.php(45): CodeIgniter\CodeIgniter->run()
#12 {main}
CRITICAL - 2021-10-31 22:25:43 --> Unknown column 'asm_ousr.username' in 'field list'
#0 /home/fmkiddo/git/project.alcentrali/cores/engine/Database/MySQLi/Connection.php(331): mysqli->query('SELECT `asm_orq...')
#1 /home/fmkiddo/git/project.alcentrali/cores/engine/Database/BaseConnection.php(741): CodeIgniter\Database\MySQLi\Connection->execute('SELECT `asm_orq...')
#2 /home/fmkiddo/git/project.alcentrali/cores/engine/Database/BaseConnection.php(669): CodeIgniter\Database\BaseConnection->simpleQuery('SELECT `asm_orq...')
#3 /home/fmkiddo/git/project.alcentrali/cores/engine/Database/BaseBuilder.php(1860): CodeIgniter\Database\BaseConnection->query('SELECT `asm_orq...', Array, false)
#4 /home/fmkiddo/git/project.alcentrali/cores/rest-cores/syscore/Models/BaseModel.php(66): CodeIgniter\Database\BaseBuilder->get()
#5 /home/fmkiddo/git/project.alcentrali/cores/rest-cores/syscore/Libraries/APIModules/OsamModule.php(576): App\Models\BaseModel->find()
#6 /home/fmkiddo/git/project.alcentrali/cores/rest-cores/syscore/Controllers/ClientRequest.php(72): App\Libraries\APIModules\OsamModule->executeRequest('movereq-documen...')
#7 /home/fmkiddo/git/project.alcentrali/cores/rest-cores/syscore/Controllers/ClientRequest.php(267): App\Controllers\ClientRequest->requestExecution()
#8 /home/fmkiddo/git/project.alcentrali/cores/engine/CodeIgniter.php(918): App\Controllers\ClientRequest->dataRequest()
#9 /home/fmkiddo/git/project.alcentrali/cores/engine/CodeIgniter.php(404): CodeIgniter\CodeIgniter->runController(Object(App\Controllers\ClientRequest))
#10 /home/fmkiddo/git/project.alcentrali/cores/engine/CodeIgniter.php(312): CodeIgniter\CodeIgniter->handleRequest(NULL, Object(Config\Cache), false)
#11 /home/fmkiddo/git/project.alcentrali/cdn/restful/index.php(45): CodeIgniter\CodeIgniter->run()
#12 {main}
CRITICAL - 2021-10-31 22:28:21 --> Unknown column 'asm_ousr.username' in 'field list'
#0 /home/fmkiddo/git/project.alcentrali/cores/engine/Database/MySQLi/Connection.php(331): mysqli->query('SELECT `asm_orq...')
#1 /home/fmkiddo/git/project.alcentrali/cores/engine/Database/BaseConnection.php(741): CodeIgniter\Database\MySQLi\Connection->execute('SELECT `asm_orq...')
#2 /home/fmkiddo/git/project.alcentrali/cores/engine/Database/BaseConnection.php(669): CodeIgniter\Database\BaseConnection->simpleQuery('SELECT `asm_orq...')
#3 /home/fmkiddo/git/project.alcentrali/cores/engine/Database/BaseBuilder.php(1860): CodeIgniter\Database\BaseConnection->query('SELECT `asm_orq...', Array, false)
#4 /home/fmkiddo/git/project.alcentrali/cores/rest-cores/syscore/Models/BaseModel.php(66): CodeIgniter\Database\BaseBuilder->get()
#5 /home/fmkiddo/git/project.alcentrali/cores/rest-cores/syscore/Libraries/APIModules/OsamModule.php(574): App\Models\BaseModel->find()
#6 /home/fmkiddo/git/project.alcentrali/cores/rest-cores/syscore/Controllers/ClientRequest.php(72): App\Libraries\APIModules\OsamModule->executeRequest('movereq-documen...')
#7 /home/fmkiddo/git/project.alcentrali/cores/rest-cores/syscore/Controllers/ClientRequest.php(267): App\Controllers\ClientRequest->requestExecution()
#8 /home/fmkiddo/git/project.alcentrali/cores/engine/CodeIgniter.php(918): App\Controllers\ClientRequest->dataRequest()
#9 /home/fmkiddo/git/project.alcentrali/cores/engine/CodeIgniter.php(404): CodeIgniter\CodeIgniter->runController(Object(App\Controllers\ClientRequest))
#10 /home/fmkiddo/git/project.alcentrali/cores/engine/CodeIgniter.php(312): CodeIgniter\CodeIgniter->handleRequest(NULL, Object(Config\Cache), false)
#11 /home/fmkiddo/git/project.alcentrali/cdn/restful/index.php(45): CodeIgniter\CodeIgniter->run()
#12 {main}
CRITICAL - 2021-10-31 22:28:26 --> Unknown column 'asm_ousr.username' in 'field list'
#0 /home/fmkiddo/git/project.alcentrali/cores/engine/Database/MySQLi/Connection.php(331): mysqli->query('SELECT `asm_orq...')
#1 /home/fmkiddo/git/project.alcentrali/cores/engine/Database/BaseConnection.php(741): CodeIgniter\Database\MySQLi\Connection->execute('SELECT `asm_orq...')
#2 /home/fmkiddo/git/project.alcentrali/cores/engine/Database/BaseConnection.php(669): CodeIgniter\Database\BaseConnection->simpleQuery('SELECT `asm_orq...')
#3 /home/fmkiddo/git/project.alcentrali/cores/engine/Database/BaseBuilder.php(1860): CodeIgniter\Database\BaseConnection->query('SELECT `asm_orq...', Array, false)
#4 /home/fmkiddo/git/project.alcentrali/cores/rest-cores/syscore/Models/BaseModel.php(66): CodeIgniter\Database\BaseBuilder->get()
#5 /home/fmkiddo/git/project.alcentrali/cores/rest-cores/syscore/Libraries/APIModules/OsamModule.php(574): App\Models\BaseModel->find()
#6 /home/fmkiddo/git/project.alcentrali/cores/rest-cores/syscore/Controllers/ClientRequest.php(72): App\Libraries\APIModules\OsamModule->executeRequest('movereq-documen...')
#7 /home/fmkiddo/git/project.alcentrali/cores/rest-cores/syscore/Controllers/ClientRequest.php(267): App\Controllers\ClientRequest->requestExecution()
#8 /home/fmkiddo/git/project.alcentrali/cores/engine/CodeIgniter.php(918): App\Controllers\ClientRequest->dataRequest()
#9 /home/fmkiddo/git/project.alcentrali/cores/engine/CodeIgniter.php(404): CodeIgniter\CodeIgniter->runController(Object(App\Controllers\ClientRequest))
#10 /home/fmkiddo/git/project.alcentrali/cores/engine/CodeIgniter.php(312): CodeIgniter\CodeIgniter->handleRequest(NULL, Object(Config\Cache), false)
#11 /home/fmkiddo/git/project.alcentrali/cdn/restful/index.php(45): CodeIgniter\CodeIgniter->run()
#12 {main}
CRITICAL - 2021-10-31 23:03:38 --> Unknown column 'asm_orqn.docdate' in 'field list'
#0 /home/fmkiddo/git/project.alcentrali/cores/engine/Database/MySQLi/Connection.php(331): mysqli->query('SELECT `asm_omv...')
#1 /home/fmkiddo/git/project.alcentrali/cores/engine/Database/BaseConnection.php(741): CodeIgniter\Database\MySQLi\Connection->execute('SELECT `asm_omv...')
#2 /home/fmkiddo/git/project.alcentrali/cores/engine/Database/BaseConnection.php(669): CodeIgniter\Database\BaseConnection->simpleQuery('SELECT `asm_omv...')
#3 /home/fmkiddo/git/project.alcentrali/cores/engine/Database/BaseBuilder.php(1860): CodeIgniter\Database\BaseConnection->query('SELECT `asm_omv...', Array, false)
#4 /home/fmkiddo/git/project.alcentrali/cores/rest-cores/syscore/Models/BaseModel.php(66): CodeIgniter\Database\BaseBuilder->get()
#5 /home/fmkiddo/git/project.alcentrali/cores/rest-cores/syscore/Libraries/APIModules/OsamModule.php(580): App\Models\BaseModel->find()
#6 /home/fmkiddo/git/project.alcentrali/cores/rest-cores/syscore/Controllers/ClientRequest.php(72): App\Libraries\APIModules\OsamModule->executeRequest('movereq-documen...')
#7 /home/fmkiddo/git/project.alcentrali/cores/rest-cores/syscore/Controllers/ClientRequest.php(267): App\Controllers\ClientRequest->requestExecution()
#8 /home/fmkiddo/git/project.alcentrali/cores/engine/CodeIgniter.php(918): App\Controllers\ClientRequest->dataRequest()
#9 /home/fmkiddo/git/project.alcentrali/cores/engine/CodeIgniter.php(404): CodeIgniter\CodeIgniter->runController(Object(App\Controllers\ClientRequest))
#10 /home/fmkiddo/git/project.alcentrali/cores/engine/CodeIgniter.php(312): CodeIgniter\CodeIgniter->handleRequest(NULL, Object(Config\Cache), false)
#11 /home/fmkiddo/git/project.alcentrali/cdn/restful/index.php(45): CodeIgniter\CodeIgniter->run()
#12 {main}
CRITICAL - 2021-10-31 23:04:23 --> Unknown column 'asm_orqn.docdate' in 'field list'
#0 /home/fmkiddo/git/project.alcentrali/cores/engine/Database/MySQLi/Connection.php(331): mysqli->query('SELECT `asm_omv...')
#1 /home/fmkiddo/git/project.alcentrali/cores/engine/Database/BaseConnection.php(741): CodeIgniter\Database\MySQLi\Connection->execute('SELECT `asm_omv...')
#2 /home/fmkiddo/git/project.alcentrali/cores/engine/Database/BaseConnection.php(669): CodeIgniter\Database\BaseConnection->simpleQuery('SELECT `asm_omv...')
#3 /home/fmkiddo/git/project.alcentrali/cores/engine/Database/BaseBuilder.php(1860): CodeIgniter\Database\BaseConnection->query('SELECT `asm_omv...', Array, false)
#4 /home/fmkiddo/git/project.alcentrali/cores/rest-cores/syscore/Models/BaseModel.php(66): CodeIgniter\Database\BaseBuilder->get()
#5 /home/fmkiddo/git/project.alcentrali/cores/rest-cores/syscore/Libraries/APIModules/OsamModule.php(580): App\Models\BaseModel->find()
#6 /home/fmkiddo/git/project.alcentrali/cores/rest-cores/syscore/Controllers/ClientRequest.php(72): App\Libraries\APIModules\OsamModule->executeRequest('movereq-documen...')
#7 /home/fmkiddo/git/project.alcentrali/cores/rest-cores/syscore/Controllers/ClientRequest.php(267): App\Controllers\ClientRequest->requestExecution()
#8 /home/fmkiddo/git/project.alcentrali/cores/engine/CodeIgniter.php(918): App\Controllers\ClientRequest->dataRequest()
#9 /home/fmkiddo/git/project.alcentrali/cores/engine/CodeIgniter.php(404): CodeIgniter\CodeIgniter->runController(Object(App\Controllers\ClientRequest))
#10 /home/fmkiddo/git/project.alcentrali/cores/engine/CodeIgniter.php(312): CodeIgniter\CodeIgniter->handleRequest(NULL, Object(Config\Cache), false)
#11 /home/fmkiddo/git/project.alcentrali/cdn/restful/index.php(45): CodeIgniter\CodeIgniter->run()
#12 {main}
CRITICAL - 2021-10-31 23:04:38 --> Unknown column 'asm_orqn.docdate' in 'field list'
#0 /home/fmkiddo/git/project.alcentrali/cores/engine/Database/MySQLi/Connection.php(331): mysqli->query('SELECT `asm_omv...')
#1 /home/fmkiddo/git/project.alcentrali/cores/engine/Database/BaseConnection.php(741): CodeIgniter\Database\MySQLi\Connection->execute('SELECT `asm_omv...')
#2 /home/fmkiddo/git/project.alcentrali/cores/engine/Database/BaseConnection.php(669): CodeIgniter\Database\BaseConnection->simpleQuery('SELECT `asm_omv...')
#3 /home/fmkiddo/git/project.alcentrali/cores/engine/Database/BaseBuilder.php(1860): CodeIgniter\Database\BaseConnection->query('SELECT `asm_omv...', Array, false)
#4 /home/fmkiddo/git/project.alcentrali/cores/rest-cores/syscore/Models/BaseModel.php(66): CodeIgniter\Database\BaseBuilder->get()
#5 /home/fmkiddo/git/project.alcentrali/cores/rest-cores/syscore/Libraries/APIModules/OsamModule.php(579): App\Models\BaseModel->find()
#6 /home/fmkiddo/git/project.alcentrali/cores/rest-cores/syscore/Controllers/ClientRequest.php(72): App\Libraries\APIModules\OsamModule->executeRequest('movereq-documen...')
#7 /home/fmkiddo/git/project.alcentrali/cores/rest-cores/syscore/Controllers/ClientRequest.php(267): App\Controllers\ClientRequest->requestExecution()
#8 /home/fmkiddo/git/project.alcentrali/cores/engine/CodeIgniter.php(918): App\Controllers\ClientRequest->dataRequest()
#9 /home/fmkiddo/git/project.alcentrali/cores/engine/CodeIgniter.php(404): CodeIgniter\CodeIgniter->runController(Object(App\Controllers\ClientRequest))
#10 /home/fmkiddo/git/project.alcentrali/cores/engine/CodeIgniter.php(312): CodeIgniter\CodeIgniter->handleRequest(NULL, Object(Config\Cache), false)
#11 /home/fmkiddo/git/project.alcentrali/cdn/restful/index.php(45): CodeIgniter\CodeIgniter->run()
#12 {main}
CRITICAL - 2021-10-31 23:05:31 --> You have an error in your SQL syntax; check the manual that corresponds to your MariaDB server version for the right syntax to use near '.`status`
FROM `asm_omvr`
JOIN `asm_olct` ON `asm_omvr`.`olct_to`=`asm_olct`....' at line 1
#0 /home/fmkiddo/git/project.alcentrali/cores/engine/Database/MySQLi/Connection.php(331): mysqli->query('SELECT `asm_omv...')
#1 /home/fmkiddo/git/project.alcentrali/cores/engine/Database/BaseConnection.php(741): CodeIgniter\Database\MySQLi\Connection->execute('SELECT `asm_omv...')
#2 /home/fmkiddo/git/project.alcentrali/cores/engine/Database/BaseConnection.php(669): CodeIgniter\Database\BaseConnection->simpleQuery('SELECT `asm_omv...')
#3 /home/fmkiddo/git/project.alcentrali/cores/engine/Database/BaseBuilder.php(1860): CodeIgniter\Database\BaseConnection->query('SELECT `asm_omv...', Array, false)
#4 /home/fmkiddo/git/project.alcentrali/cores/rest-cores/syscore/Models/BaseModel.php(66): CodeIgniter\Database\BaseBuilder->get()
#5 /home/fmkiddo/git/project.alcentrali/cores/rest-cores/syscore/Libraries/APIModules/OsamModule.php(580): App\Models\BaseModel->find()
#6 /home/fmkiddo/git/project.alcentrali/cores/rest-cores/syscore/Controllers/ClientRequest.php(72): App\Libraries\APIModules\OsamModule->executeRequest('movereq-documen...')
#7 /home/fmkiddo/git/project.alcentrali/cores/rest-cores/syscore/Controllers/ClientRequest.php(267): App\Controllers\ClientRequest->requestExecution()
#8 /home/fmkiddo/git/project.alcentrali/cores/engine/CodeIgniter.php(918): App\Controllers\ClientRequest->dataRequest()
#9 /home/fmkiddo/git/project.alcentrali/cores/engine/CodeIgniter.php(404): CodeIgniter\CodeIgniter->runController(Object(App\Controllers\ClientRequest))
#10 /home/fmkiddo/git/project.alcentrali/cores/engine/CodeIgniter.php(312): CodeIgniter\CodeIgniter->handleRequest(NULL, Object(Config\Cache), false)
#11 /home/fmkiddo/git/project.alcentrali/cdn/restful/index.php(45): CodeIgniter\CodeIgniter->run()
#12 {main}
CRITICAL - 2021-10-31 23:05:53 --> You have an error in your SQL syntax; check the manual that corresponds to your MariaDB server version for the right syntax to use near '.`status`
FROM `asm_omvr`
JOIN `asm_olct` ON `asm_omvr`.`olct_to`=`asm_olct`....' at line 1
#0 /home/fmkiddo/git/project.alcentrali/cores/engine/Database/MySQLi/Connection.php(331): mysqli->query('SELECT `asm_omv...')
#1 /home/fmkiddo/git/project.alcentrali/cores/engine/Database/BaseConnection.php(741): CodeIgniter\Database\MySQLi\Connection->execute('SELECT `asm_omv...')
#2 /home/fmkiddo/git/project.alcentrali/cores/engine/Database/BaseConnection.php(669): CodeIgniter\Database\BaseConnection->simpleQuery('SELECT `asm_omv...')
#3 /home/fmkiddo/git/project.alcentrali/cores/engine/Database/BaseBuilder.php(1860): CodeIgniter\Database\BaseConnection->query('SELECT `asm_omv...', Array, false)
#4 /home/fmkiddo/git/project.alcentrali/cores/rest-cores/syscore/Models/BaseModel.php(66): CodeIgniter\Database\BaseBuilder->get()
#5 /home/fmkiddo/git/project.alcentrali/cores/rest-cores/syscore/Libraries/APIModules/OsamModule.php(580): App\Models\BaseModel->find()
#6 /home/fmkiddo/git/project.alcentrali/cores/rest-cores/syscore/Controllers/ClientRequest.php(72): App\Libraries\APIModules\OsamModule->executeRequest('movereq-documen...')
#7 /home/fmkiddo/git/project.alcentrali/cores/rest-cores/syscore/Controllers/ClientRequest.php(267): App\Controllers\ClientRequest->requestExecution()
#8 /home/fmkiddo/git/project.alcentrali/cores/engine/CodeIgniter.php(918): App\Controllers\ClientRequest->dataRequest()
#9 /home/fmkiddo/git/project.alcentrali/cores/engine/CodeIgniter.php(404): CodeIgniter\CodeIgniter->runController(Object(App\Controllers\ClientRequest))
#10 /home/fmkiddo/git/project.alcentrali/cores/engine/CodeIgniter.php(312): CodeIgniter\CodeIgniter->handleRequest(NULL, Object(Config\Cache), false)
#11 /home/fmkiddo/git/project.alcentrali/cdn/restful/index.php(45): CodeIgniter\CodeIgniter->run()
#12 {main}
CRITICAL - 2021-10-31 23:13:02 --> Unknown column 'asm_oarv.status' in 'field list'
#0 /home/fmkiddo/git/project.alcentrali/cores/engine/Database/MySQLi/Connection.php(331): mysqli->query('SELECT `asm_oar...')
#1 /home/fmkiddo/git/project.alcentrali/cores/engine/Database/BaseConnection.php(741): CodeIgniter\Database\MySQLi\Connection->execute('SELECT `asm_oar...')
#2 /home/fmkiddo/git/project.alcentrali/cores/engine/Database/BaseConnection.php(669): CodeIgniter\Database\BaseConnection->simpleQuery('SELECT `asm_oar...')
#3 /home/fmkiddo/git/project.alcentrali/cores/engine/Database/BaseBuilder.php(1860): CodeIgniter\Database\BaseConnection->query('SELECT `asm_oar...', Array, false)
#4 /home/fmkiddo/git/project.alcentrali/cores/rest-cores/syscore/Models/BaseModel.php(66): CodeIgniter\Database\BaseBuilder->get()
#5 /home/fmkiddo/git/project.alcentrali/cores/rest-cores/syscore/Libraries/APIModules/OsamModule.php(589): App\Models\BaseModel->find()
#6 /home/fmkiddo/git/project.alcentrali/cores/rest-cores/syscore/Controllers/ClientRequest.php(72): App\Libraries\APIModules\OsamModule->executeRequest('movereq-documen...')
#7 /home/fmkiddo/git/project.alcentrali/cores/rest-cores/syscore/Controllers/ClientRequest.php(267): App\Controllers\ClientRequest->requestExecution()
#8 /home/fmkiddo/git/project.alcentrali/cores/engine/CodeIgniter.php(918): App\Controllers\ClientRequest->dataRequest()
#9 /home/fmkiddo/git/project.alcentrali/cores/engine/CodeIgniter.php(404): CodeIgniter\CodeIgniter->runController(Object(App\Controllers\ClientRequest))
#10 /home/fmkiddo/git/project.alcentrali/cores/engine/CodeIgniter.php(312): CodeIgniter\CodeIgniter->handleRequest(NULL, Object(Config\Cache), false)
#11 /home/fmkiddo/git/project.alcentrali/cdn/restful/index.php(45): CodeIgniter\CodeIgniter->run()
#12 {main}
CRITICAL - 2021-10-31 23:13:35 --> Unknown column 'asm_oarv.status' in 'field list'
#0 /home/fmkiddo/git/project.alcentrali/cores/engine/Database/MySQLi/Connection.php(331): mysqli->query('SELECT `asm_oar...')
#1 /home/fmkiddo/git/project.alcentrali/cores/engine/Database/BaseConnection.php(741): CodeIgniter\Database\MySQLi\Connection->execute('SELECT `asm_oar...')
#2 /home/fmkiddo/git/project.alcentrali/cores/engine/Database/BaseConnection.php(669): CodeIgniter\Database\BaseConnection->simpleQuery('SELECT `asm_oar...')
#3 /home/fmkiddo/git/project.alcentrali/cores/engine/Database/BaseBuilder.php(1860): CodeIgniter\Database\BaseConnection->query('SELECT `asm_oar...', Array, false)
#4 /home/fmkiddo/git/project.alcentrali/cores/rest-cores/syscore/Models/BaseModel.php(66): CodeIgniter\Database\BaseBuilder->get()
#5 /home/fmkiddo/git/project.alcentrali/cores/rest-cores/syscore/Libraries/APIModules/OsamModule.php(589): App\Models\BaseModel->find()
#6 /home/fmkiddo/git/project.alcentrali/cores/rest-cores/syscore/Controllers/ClientRequest.php(72): App\Libraries\APIModules\OsamModule->executeRequest('movereq-documen...')
#7 /home/fmkiddo/git/project.alcentrali/cores/rest-cores/syscore/Controllers/ClientRequest.php(267): App\Controllers\ClientRequest->requestExecution()
#8 /home/fmkiddo/git/project.alcentrali/cores/engine/CodeIgniter.php(918): App\Controllers\ClientRequest->dataRequest()
#9 /home/fmkiddo/git/project.alcentrali/cores/engine/CodeIgniter.php(404): CodeIgniter\CodeIgniter->runController(Object(App\Controllers\ClientRequest))
#10 /home/fmkiddo/git/project.alcentrali/cores/engine/CodeIgniter.php(312): CodeIgniter\CodeIgniter->handleRequest(NULL, Object(Config\Cache), false)
#11 /home/fmkiddo/git/project.alcentrali/cdn/restful/index.php(45): CodeIgniter\CodeIgniter->run()
#12 {main}
