CRITICAL - 2020-10-26 22:53:46 --> Declaration of App\Controllers\Starter::index() should be compatible with App\Controllers\BaseController::index($param = NULL)
#0 /home/rizcky/git/project.alcentrali/officer/appcore/Controllers/Starter.php(5): CodeIgniter\Debug\Exceptions->errorHandler(2, 'Declaration of ...', '/home/rizcky/gi...', 7, Array)
#1 /home/rizcky/git/project.alcentrali/engine/Autoloader/Autoloader.php(365): require_once('/home/rizcky/gi...')
#2 /home/rizcky/git/project.alcentrali/engine/Autoloader/Autoloader.php(296): CodeIgniter\Autoloader\Autoloader->requireFile('/home/rizcky/gi...')
#3 /home/rizcky/git/project.alcentrali/engine/Autoloader/Autoloader.php(258): CodeIgniter\Autoloader\Autoloader->loadInNamespace('App\\Controllers...')
#4 [internal function]: CodeIgniter\Autoloader\Autoloader->loadClass('App\\Controllers...')
#5 [internal function]: spl_autoload_call('App\\Controllers...')
#6 /home/rizcky/git/project.alcentrali/engine/CodeIgniter.php(869): class_exists('\\App\\Controller...', true)
#7 /home/rizcky/git/project.alcentrali/engine/CodeIgniter.php(394): CodeIgniter\CodeIgniter->startController()
#8 /home/rizcky/git/project.alcentrali/engine/CodeIgniter.php(312): CodeIgniter\CodeIgniter->handleRequest(NULL, Object(Config\Cache), false)
#9 /home/rizcky/git/project.alcentrali/officer/index/index.php(45): CodeIgniter\CodeIgniter->run()
#10 {main}
CRITICAL - 2020-10-26 22:56:08 --> Declaration of App\Controllers\Starter::index() should be compatible with App\Controllers\BaseController::index($param = NULL)
#0 /home/rizcky/git/project.alcentrali/officer/appcore/Controllers/Starter.php(5): CodeIgniter\Debug\Exceptions->errorHandler(2, 'Declaration of ...', '/home/rizcky/gi...', 7, Array)
#1 /home/rizcky/git/project.alcentrali/engine/Autoloader/Autoloader.php(365): require_once('/home/rizcky/gi...')
#2 /home/rizcky/git/project.alcentrali/engine/Autoloader/Autoloader.php(296): CodeIgniter\Autoloader\Autoloader->requireFile('/home/rizcky/gi...')
#3 /home/rizcky/git/project.alcentrali/engine/Autoloader/Autoloader.php(258): CodeIgniter\Autoloader\Autoloader->loadInNamespace('App\\Controllers...')
#4 [internal function]: CodeIgniter\Autoloader\Autoloader->loadClass('App\\Controllers...')
#5 [internal function]: spl_autoload_call('App\\Controllers...')
#6 /home/rizcky/git/project.alcentrali/engine/CodeIgniter.php(869): class_exists('\\App\\Controller...', true)
#7 /home/rizcky/git/project.alcentrali/engine/CodeIgniter.php(394): CodeIgniter\CodeIgniter->startController()
#8 /home/rizcky/git/project.alcentrali/engine/CodeIgniter.php(312): CodeIgniter\CodeIgniter->handleRequest(NULL, Object(Config\Cache), false)
#9 /home/rizcky/git/project.alcentrali/officer/index/index.php(45): CodeIgniter\CodeIgniter->run()
#10 {main}
CRITICAL - 2020-10-26 22:58:02 --> syntax error, unexpected 'else' (T_ELSE), expecting end of file
#0 /home/rizcky/git/project.alcentrali/engine/View/View.php(246): include()
#1 /home/rizcky/git/project.alcentrali/engine/Common.php(1119): CodeIgniter\View\View->render('setup/welcome', Array, true)
#2 /home/rizcky/git/project.alcentrali/officer/appcore/Controllers/Setup.php(19): view('setup/welcome', Array)
#3 /home/rizcky/git/project.alcentrali/engine/CodeIgniter.php(918): App\Controllers\Setup->run('welcome')
#4 /home/rizcky/git/project.alcentrali/engine/CodeIgniter.php(404): CodeIgniter\CodeIgniter->runController(Object(App\Controllers\Setup))
#5 /home/rizcky/git/project.alcentrali/engine/CodeIgniter.php(312): CodeIgniter\CodeIgniter->handleRequest(NULL, Object(Config\Cache), false)
#6 /home/rizcky/git/project.alcentrali/officer/index/index.php(45): CodeIgniter\CodeIgniter->run()
#7 {main}
CRITICAL - 2020-10-26 22:58:20 --> Undefined variable: addrels
#0 /home/rizcky/git/project.alcentrali/officer/appcore/Views/header.php(19): CodeIgniter\Debug\Exceptions->errorHandler(8, 'Undefined varia...', '/home/rizcky/gi...', 19, Array)
#1 /home/rizcky/git/project.alcentrali/officer/appcore/Views/setup/welcome.php(1): include('/home/rizcky/gi...')
#2 /home/rizcky/git/project.alcentrali/engine/View/View.php(246): include('/home/rizcky/gi...')
#3 /home/rizcky/git/project.alcentrali/engine/Common.php(1119): CodeIgniter\View\View->render('setup/welcome', Array, true)
#4 /home/rizcky/git/project.alcentrali/officer/appcore/Controllers/Setup.php(19): view('setup/welcome', Array)
#5 /home/rizcky/git/project.alcentrali/engine/CodeIgniter.php(918): App\Controllers\Setup->run('welcome')
#6 /home/rizcky/git/project.alcentrali/engine/CodeIgniter.php(404): CodeIgniter\CodeIgniter->runController(Object(App\Controllers\Setup))
#7 /home/rizcky/git/project.alcentrali/engine/CodeIgniter.php(312): CodeIgniter\CodeIgniter->handleRequest(NULL, Object(Config\Cache), false)
#8 /home/rizcky/git/project.alcentrali/officer/index/index.php(45): CodeIgniter\CodeIgniter->run()
#9 {main}
