CRITICAL - 2020-10-14 10:10:13 --> Undefined index: 0001
#0 /home/rizcky/git/project.alcentrali/rest/core/Views/setup_header.php(19): CodeIgniter\Debug\Exceptions->errorHandler(8, 'Undefined index...', '/home/rizcky/gi...', 19, Array)
#1 /home/rizcky/git/project.alcentrali/rest/core/Views/setup_loginformation.php(1): include('/home/rizcky/gi...')
#2 /home/rizcky/git/project.alcentrali/engine/View/View.php(246): include('/home/rizcky/gi...')
#3 /home/rizcky/git/project.alcentrali/engine/Common.php(1119): CodeIgniter\View\View->render('setup_loginform...', Array, true)
#4 /home/rizcky/git/project.alcentrali/rest/core/Controllers/Setup.php(48): view('setup_loginform...', Array)
#5 /home/rizcky/git/project.alcentrali/engine/CodeIgniter.php(918): App\Controllers\Setup->step('1')
#6 /home/rizcky/git/project.alcentrali/engine/CodeIgniter.php(404): CodeIgniter\CodeIgniter->runController(Object(App\Controllers\Setup))
#7 /home/rizcky/git/project.alcentrali/engine/CodeIgniter.php(312): CodeIgniter\CodeIgniter->handleRequest(NULL, Object(Config\Cache), false)
#8 /home/rizcky/git/project.alcentrali/rest/public/index.php(44): CodeIgniter\CodeIgniter->run()
#9 {main}
CRITICAL - 2020-10-14 11:22:28 --> Undefined index: 0006
#0 /home/rizcky/git/project.alcentrali/rest/core/Views/setup_loginformation.php(6): CodeIgniter\Debug\Exceptions->errorHandler(8, 'Undefined index...', '/home/rizcky/gi...', 6, Array)
#1 /home/rizcky/git/project.alcentrali/engine/View/View.php(246): include('/home/rizcky/gi...')
#2 /home/rizcky/git/project.alcentrali/engine/Common.php(1119): CodeIgniter\View\View->render('setup_loginform...', Array, true)
#3 /home/rizcky/git/project.alcentrali/rest/core/Controllers/Setup.php(48): view('setup_loginform...', Array)
#4 /home/rizcky/git/project.alcentrali/engine/CodeIgniter.php(918): App\Controllers\Setup->step('1')
#5 /home/rizcky/git/project.alcentrali/engine/CodeIgniter.php(404): CodeIgniter\CodeIgniter->runController(Object(App\Controllers\Setup))
#6 /home/rizcky/git/project.alcentrali/engine/CodeIgniter.php(312): CodeIgniter\CodeIgniter->handleRequest(NULL, Object(Config\Cache), false)
#7 /home/rizcky/git/project.alcentrali/rest/public/index.php(44): CodeIgniter\CodeIgniter->run()
#8 {main}
CRITICAL - 2020-10-14 11:22:56 --> Undefined index: 0006
#0 /home/rizcky/git/project.alcentrali/rest/core/Views/setup_loginformation.php(6): CodeIgniter\Debug\Exceptions->errorHandler(8, 'Undefined index...', '/home/rizcky/gi...', 6, Array)
#1 /home/rizcky/git/project.alcentrali/engine/View/View.php(246): include('/home/rizcky/gi...')
#2 /home/rizcky/git/project.alcentrali/engine/Common.php(1119): CodeIgniter\View\View->render('setup_loginform...', Array, true)
#3 /home/rizcky/git/project.alcentrali/rest/core/Controllers/Setup.php(50): view('setup_loginform...', Array)
#4 /home/rizcky/git/project.alcentrali/engine/CodeIgniter.php(918): App\Controllers\Setup->step('1')
#5 /home/rizcky/git/project.alcentrali/engine/CodeIgniter.php(404): CodeIgniter\CodeIgniter->runController(Object(App\Controllers\Setup))
#6 /home/rizcky/git/project.alcentrali/engine/CodeIgniter.php(312): CodeIgniter\CodeIgniter->handleRequest(NULL, Object(Config\Cache), false)
#7 /home/rizcky/git/project.alcentrali/rest/public/index.php(44): CodeIgniter\CodeIgniter->run()
#8 {main}
CRITICAL - 2020-10-14 11:26:33 --> Undefined index: 00010
#0 /home/rizcky/git/project.alcentrali/rest/core/Views/setup_loginformation.php(22): CodeIgniter\Debug\Exceptions->errorHandler(8, 'Undefined index...', '/home/rizcky/gi...', 22, Array)
#1 /home/rizcky/git/project.alcentrali/engine/View/View.php(246): include('/home/rizcky/gi...')
#2 /home/rizcky/git/project.alcentrali/engine/Common.php(1119): CodeIgniter\View\View->render('setup_loginform...', Array, true)
#3 /home/rizcky/git/project.alcentrali/rest/core/Controllers/Setup.php(55): view('setup_loginform...', Array)
#4 /home/rizcky/git/project.alcentrali/engine/CodeIgniter.php(918): App\Controllers\Setup->step('1')
#5 /home/rizcky/git/project.alcentrali/engine/CodeIgniter.php(404): CodeIgniter\CodeIgniter->runController(Object(App\Controllers\Setup))
#6 /home/rizcky/git/project.alcentrali/engine/CodeIgniter.php(312): CodeIgniter\CodeIgniter->handleRequest(NULL, Object(Config\Cache), false)
#7 /home/rizcky/git/project.alcentrali/rest/public/index.php(44): CodeIgniter\CodeIgniter->run()
#8 {main}
CRITICAL - 2020-10-14 11:40:50 --> Invalid file: .php
#0 /home/rizcky/git/project.alcentrali/engine/View/View.php(228): CodeIgniter\Exceptions\FrameworkException::forInvalidFile('.php')
#1 /home/rizcky/git/project.alcentrali/engine/Common.php(1119): CodeIgniter\View\View->render('', Array, true)
#2 /home/rizcky/git/project.alcentrali/rest/core/Controllers/Setup.php(58): view('', Array)
#3 /home/rizcky/git/project.alcentrali/engine/CodeIgniter.php(918): App\Controllers\Setup->step('2')
#4 /home/rizcky/git/project.alcentrali/engine/CodeIgniter.php(404): CodeIgniter\CodeIgniter->runController(Object(App\Controllers\Setup))
#5 /home/rizcky/git/project.alcentrali/engine/CodeIgniter.php(312): CodeIgniter\CodeIgniter->handleRequest(NULL, Object(Config\Cache), false)
#6 /home/rizcky/git/project.alcentrali/rest/public/index.php(44): CodeIgniter\CodeIgniter->run()
#7 {main}
CRITICAL - 2020-10-14 11:40:59 --> Invalid file: .php
#0 /home/rizcky/git/project.alcentrali/engine/View/View.php(228): CodeIgniter\Exceptions\FrameworkException::forInvalidFile('.php')
#1 /home/rizcky/git/project.alcentrali/engine/Common.php(1119): CodeIgniter\View\View->render('', Array, true)
#2 /home/rizcky/git/project.alcentrali/rest/core/Controllers/Setup.php(58): view('', Array)
#3 /home/rizcky/git/project.alcentrali/engine/CodeIgniter.php(918): App\Controllers\Setup->step('2')
#4 /home/rizcky/git/project.alcentrali/engine/CodeIgniter.php(404): CodeIgniter\CodeIgniter->runController(Object(App\Controllers\Setup))
#5 /home/rizcky/git/project.alcentrali/engine/CodeIgniter.php(312): CodeIgniter\CodeIgniter->handleRequest(NULL, Object(Config\Cache), false)
#6 /home/rizcky/git/project.alcentrali/rest/public/index.php(44): CodeIgniter\CodeIgniter->run()
#7 {main}
CRITICAL - 2020-10-14 11:52:18 --> Invalid file: .php
#0 /home/rizcky/git/project.alcentrali/engine/View/View.php(228): CodeIgniter\Exceptions\FrameworkException::forInvalidFile('.php')
#1 /home/rizcky/git/project.alcentrali/engine/Common.php(1119): CodeIgniter\View\View->render('', Array, true)
#2 /home/rizcky/git/project.alcentrali/rest/core/Controllers/Setup.php(57): view('', Array)
#3 /home/rizcky/git/project.alcentrali/engine/CodeIgniter.php(918): App\Controllers\Setup->step('2')
#4 /home/rizcky/git/project.alcentrali/engine/CodeIgniter.php(404): CodeIgniter\CodeIgniter->runController(Object(App\Controllers\Setup))
#5 /home/rizcky/git/project.alcentrali/engine/CodeIgniter.php(312): CodeIgniter\CodeIgniter->handleRequest(NULL, Object(Config\Cache), false)
#6 /home/rizcky/git/project.alcentrali/rest/public/index.php(44): CodeIgniter\CodeIgniter->run()
#7 {main}
CRITICAL - 2020-10-14 11:53:06 --> Invalid file: setup/setup_profileinfo.php
#0 /home/rizcky/git/project.alcentrali/engine/View/View.php(228): CodeIgniter\Exceptions\FrameworkException::forInvalidFile('setup/setup_pro...')
#1 /home/rizcky/git/project.alcentrali/engine/Common.php(1119): CodeIgniter\View\View->render('setup/setup_pro...', Array, true)
#2 /home/rizcky/git/project.alcentrali/rest/core/Controllers/Setup.php(57): view('setup/setup_pro...', Array)
#3 /home/rizcky/git/project.alcentrali/engine/CodeIgniter.php(918): App\Controllers\Setup->step('2')
#4 /home/rizcky/git/project.alcentrali/engine/CodeIgniter.php(404): CodeIgniter\CodeIgniter->runController(Object(App\Controllers\Setup))
#5 /home/rizcky/git/project.alcentrali/engine/CodeIgniter.php(312): CodeIgniter\CodeIgniter->handleRequest(NULL, Object(Config\Cache), false)
#6 /home/rizcky/git/project.alcentrali/rest/public/index.php(44): CodeIgniter\CodeIgniter->run()
#7 {main}
CRITICAL - 2020-10-14 13:55:07 --> Undefined index: 
#0 /home/rizcky/git/project.alcentrali/rest/core/Views/setup/setup_profileinformation.php(15): CodeIgniter\Debug\Exceptions->errorHandler(8, 'Undefined index...', '/home/rizcky/gi...', 15, Array)
#1 /home/rizcky/git/project.alcentrali/engine/View/View.php(246): include('/home/rizcky/gi...')
#2 /home/rizcky/git/project.alcentrali/engine/Common.php(1119): CodeIgniter\View\View->render('setup/setup_pro...', Array, true)
#3 /home/rizcky/git/project.alcentrali/rest/core/Controllers/Setup.php(61): view('setup/setup_pro...', Array)
#4 /home/rizcky/git/project.alcentrali/engine/CodeIgniter.php(918): App\Controllers\Setup->step('2')
#5 /home/rizcky/git/project.alcentrali/engine/CodeIgniter.php(404): CodeIgniter\CodeIgniter->runController(Object(App\Controllers\Setup))
#6 /home/rizcky/git/project.alcentrali/engine/CodeIgniter.php(312): CodeIgniter\CodeIgniter->handleRequest(NULL, Object(Config\Cache), false)
#7 /home/rizcky/git/project.alcentrali/rest/public/index.php(44): CodeIgniter\CodeIgniter->run()
#8 {main}
CRITICAL - 2020-10-14 13:57:57 --> Undefined index: 0018
#0 /home/rizcky/git/project.alcentrali/rest/core/Views/setup/setup_profileinformation.php(21): CodeIgniter\Debug\Exceptions->errorHandler(8, 'Undefined index...', '/home/rizcky/gi...', 21, Array)
#1 /home/rizcky/git/project.alcentrali/engine/View/View.php(246): include('/home/rizcky/gi...')
#2 /home/rizcky/git/project.alcentrali/engine/Common.php(1119): CodeIgniter\View\View->render('setup/setup_pro...', Array, true)
#3 /home/rizcky/git/project.alcentrali/rest/core/Controllers/Setup.php(61): view('setup/setup_pro...', Array)
#4 /home/rizcky/git/project.alcentrali/engine/CodeIgniter.php(918): App\Controllers\Setup->step('2')
#5 /home/rizcky/git/project.alcentrali/engine/CodeIgniter.php(404): CodeIgniter\CodeIgniter->runController(Object(App\Controllers\Setup))
#6 /home/rizcky/git/project.alcentrali/engine/CodeIgniter.php(312): CodeIgniter\CodeIgniter->handleRequest(NULL, Object(Config\Cache), false)
#7 /home/rizcky/git/project.alcentrali/rest/public/index.php(44): CodeIgniter\CodeIgniter->run()
#8 {main}
CRITICAL - 2020-10-14 14:50:02 --> Invalid file: .php
#0 /home/rizcky/git/project.alcentrali/engine/View/View.php(228): CodeIgniter\Exceptions\FrameworkException::forInvalidFile('.php')
#1 /home/rizcky/git/project.alcentrali/engine/Common.php(1119): CodeIgniter\View\View->render('', Array, true)
#2 /home/rizcky/git/project.alcentrali/rest/core/Controllers/Setup.php(72): view('', Array)
#3 /home/rizcky/git/project.alcentrali/engine/CodeIgniter.php(918): App\Controllers\Setup->step('setup-finish')
#4 /home/rizcky/git/project.alcentrali/engine/CodeIgniter.php(404): CodeIgniter\CodeIgniter->runController(Object(App\Controllers\Setup))
#5 /home/rizcky/git/project.alcentrali/engine/CodeIgniter.php(312): CodeIgniter\CodeIgniter->handleRequest(NULL, Object(Config\Cache), false)
#6 /home/rizcky/git/project.alcentrali/rest/public/index.php(44): CodeIgniter\CodeIgniter->run()
#7 {main}
CRITICAL - 2020-10-14 15:45:16 --> Invalid file: .php
#0 /home/rizcky/git/project.alcentrali/engine/View/View.php(228): CodeIgniter\Exceptions\FrameworkException::forInvalidFile('.php')
#1 /home/rizcky/git/project.alcentrali/engine/Common.php(1119): CodeIgniter\View\View->render('', Array, true)
#2 /home/rizcky/git/project.alcentrali/rest/core/Controllers/Setup.php(76): view('', Array)
#3 /home/rizcky/git/project.alcentrali/engine/CodeIgniter.php(918): App\Controllers\Setup->step('3')
#4 /home/rizcky/git/project.alcentrali/engine/CodeIgniter.php(404): CodeIgniter\CodeIgniter->runController(Object(App\Controllers\Setup))
#5 /home/rizcky/git/project.alcentrali/engine/CodeIgniter.php(312): CodeIgniter\CodeIgniter->handleRequest(NULL, Object(Config\Cache), false)
#6 /home/rizcky/git/project.alcentrali/rest/public/index.php(44): CodeIgniter\CodeIgniter->run()
#7 {main}
