CRITICAL - 2021-06-09 21:10:14 --> Not unique table/alias: 'asm_oita'
#0 /home/rizcky/git/project.alcentrali/engine/Database/MySQLi/Connection.php(331): mysqli->query('SELECT `idx`, `...')
#1 /home/rizcky/git/project.alcentrali/engine/Database/BaseConnection.php(741): CodeIgniter\Database\MySQLi\Connection->execute('SELECT `idx`, `...')
#2 /home/rizcky/git/project.alcentrali/engine/Database/BaseConnection.php(669): CodeIgniter\Database\BaseConnection->simpleQuery('SELECT `idx`, `...')
#3 /home/rizcky/git/project.alcentrali/engine/Database/BaseBuilder.php(1860): CodeIgniter\Database\BaseConnection->query('SELECT `idx`, `...', Array, false)
#4 /home/rizcky/git/project.alcentrali/server/syscore/Models/BaseModel.php(66): CodeIgniter\Database\BaseBuilder->get()
#5 /home/rizcky/git/project.alcentrali/server/syscore/Libraries/APIModules/OsamModule.php(42): App\Models\BaseModel->find()
#6 /home/rizcky/git/project.alcentrali/server/syscore/Controllers/ClientRequest.php(62): App\Libraries\APIModules\OsamModule->executeRequest('assets-main-lis...')
#7 /home/rizcky/git/project.alcentrali/server/syscore/Controllers/ClientRequest.php(143): App\Controllers\ClientRequest->requestExecution()
#8 /home/rizcky/git/project.alcentrali/engine/CodeIgniter.php(918): App\Controllers\ClientRequest->dataRequest()
#9 /home/rizcky/git/project.alcentrali/engine/CodeIgniter.php(404): CodeIgniter\CodeIgniter->runController(Object(App\Controllers\ClientRequest))
#10 /home/rizcky/git/project.alcentrali/engine/CodeIgniter.php(312): CodeIgniter\CodeIgniter->handleRequest(NULL, Object(Config\Cache), false)
#11 /home/rizcky/git/project.alcentrali/server/index/index.php(45): CodeIgniter\CodeIgniter->run()
#12 {main}
CRITICAL - 2021-06-09 21:10:21 --> Not unique table/alias: 'asm_oita'
#0 /home/rizcky/git/project.alcentrali/engine/Database/MySQLi/Connection.php(331): mysqli->query('SELECT `idx`, `...')
#1 /home/rizcky/git/project.alcentrali/engine/Database/BaseConnection.php(741): CodeIgniter\Database\MySQLi\Connection->execute('SELECT `idx`, `...')
#2 /home/rizcky/git/project.alcentrali/engine/Database/BaseConnection.php(669): CodeIgniter\Database\BaseConnection->simpleQuery('SELECT `idx`, `...')
#3 /home/rizcky/git/project.alcentrali/engine/Database/BaseBuilder.php(1860): CodeIgniter\Database\BaseConnection->query('SELECT `idx`, `...', Array, false)
#4 /home/rizcky/git/project.alcentrali/engine/Model.php(1818): CodeIgniter\Database\BaseBuilder->get()
#5 /home/rizcky/git/project.alcentrali/server/syscore/Libraries/APIModules/OsamModule.php(42): CodeIgniter\Model->__call('get', Array)
#6 /home/rizcky/git/project.alcentrali/server/syscore/Controllers/ClientRequest.php(62): App\Libraries\APIModules\OsamModule->executeRequest('assets-main-lis...')
#7 /home/rizcky/git/project.alcentrali/server/syscore/Controllers/ClientRequest.php(143): App\Controllers\ClientRequest->requestExecution()
#8 /home/rizcky/git/project.alcentrali/engine/CodeIgniter.php(918): App\Controllers\ClientRequest->dataRequest()
#9 /home/rizcky/git/project.alcentrali/engine/CodeIgniter.php(404): CodeIgniter\CodeIgniter->runController(Object(App\Controllers\ClientRequest))
#10 /home/rizcky/git/project.alcentrali/engine/CodeIgniter.php(312): CodeIgniter\CodeIgniter->handleRequest(NULL, Object(Config\Cache), false)
#11 /home/rizcky/git/project.alcentrali/server/index/index.php(45): CodeIgniter\CodeIgniter->run()
#12 {main}
CRITICAL - 2021-06-09 21:12:38 --> Not unique table/alias: 'asm_oita'
#0 /home/rizcky/git/project.alcentrali/engine/Database/MySQLi/Connection.php(331): mysqli->query('SELECT `idx`, `...')
#1 /home/rizcky/git/project.alcentrali/engine/Database/BaseConnection.php(741): CodeIgniter\Database\MySQLi\Connection->execute('SELECT `idx`, `...')
#2 /home/rizcky/git/project.alcentrali/engine/Database/BaseConnection.php(669): CodeIgniter\Database\BaseConnection->simpleQuery('SELECT `idx`, `...')
#3 /home/rizcky/git/project.alcentrali/engine/Database/BaseBuilder.php(1860): CodeIgniter\Database\BaseConnection->query('SELECT `idx`, `...', Array, false)
#4 /home/rizcky/git/project.alcentrali/engine/Model.php(1818): CodeIgniter\Database\BaseBuilder->get()
#5 /home/rizcky/git/project.alcentrali/server/syscore/Libraries/APIModules/OsamModule.php(42): CodeIgniter\Model->__call('get', Array)
#6 /home/rizcky/git/project.alcentrali/server/syscore/Controllers/ClientRequest.php(62): App\Libraries\APIModules\OsamModule->executeRequest('assets-main-lis...')
#7 /home/rizcky/git/project.alcentrali/server/syscore/Controllers/ClientRequest.php(143): App\Controllers\ClientRequest->requestExecution()
#8 /home/rizcky/git/project.alcentrali/engine/CodeIgniter.php(918): App\Controllers\ClientRequest->dataRequest()
#9 /home/rizcky/git/project.alcentrali/engine/CodeIgniter.php(404): CodeIgniter\CodeIgniter->runController(Object(App\Controllers\ClientRequest))
#10 /home/rizcky/git/project.alcentrali/engine/CodeIgniter.php(312): CodeIgniter\CodeIgniter->handleRequest(NULL, Object(Config\Cache), false)
#11 /home/rizcky/git/project.alcentrali/server/index/index.php(45): CodeIgniter\CodeIgniter->run()
#12 {main}
CRITICAL - 2021-06-09 21:12:52 --> Not unique table/alias: 'asm_oita'
#0 /home/rizcky/git/project.alcentrali/engine/Database/MySQLi/Connection.php(331): mysqli->query('SELECT `idx`, `...')
#1 /home/rizcky/git/project.alcentrali/engine/Database/BaseConnection.php(741): CodeIgniter\Database\MySQLi\Connection->execute('SELECT `idx`, `...')
#2 /home/rizcky/git/project.alcentrali/engine/Database/BaseConnection.php(669): CodeIgniter\Database\BaseConnection->simpleQuery('SELECT `idx`, `...')
#3 /home/rizcky/git/project.alcentrali/engine/Database/BaseBuilder.php(1860): CodeIgniter\Database\BaseConnection->query('SELECT `idx`, `...', Array, false)
#4 /home/rizcky/git/project.alcentrali/engine/Model.php(1818): CodeIgniter\Database\BaseBuilder->get()
#5 /home/rizcky/git/project.alcentrali/server/syscore/Libraries/APIModules/OsamModule.php(42): CodeIgniter\Model->__call('get', Array)
#6 /home/rizcky/git/project.alcentrali/server/syscore/Controllers/ClientRequest.php(62): App\Libraries\APIModules\OsamModule->executeRequest('assets-main-lis...')
#7 /home/rizcky/git/project.alcentrali/server/syscore/Controllers/ClientRequest.php(143): App\Controllers\ClientRequest->requestExecution()
#8 /home/rizcky/git/project.alcentrali/engine/CodeIgniter.php(918): App\Controllers\ClientRequest->dataRequest()
#9 /home/rizcky/git/project.alcentrali/engine/CodeIgniter.php(404): CodeIgniter\CodeIgniter->runController(Object(App\Controllers\ClientRequest))
#10 /home/rizcky/git/project.alcentrali/engine/CodeIgniter.php(312): CodeIgniter\CodeIgniter->handleRequest(NULL, Object(Config\Cache), false)
#11 /home/rizcky/git/project.alcentrali/server/index/index.php(45): CodeIgniter\CodeIgniter->run()
#12 {main}
CRITICAL - 2021-06-09 21:43:40 --> Not unique table/alias: 'asm_oita'
#0 /home/rizcky/git/project.alcentrali/engine/Database/MySQLi/Connection.php(331): mysqli->query('SELECT `idx`, `...')
#1 /home/rizcky/git/project.alcentrali/engine/Database/BaseConnection.php(741): CodeIgniter\Database\MySQLi\Connection->execute('SELECT `idx`, `...')
#2 /home/rizcky/git/project.alcentrali/engine/Database/BaseConnection.php(669): CodeIgniter\Database\BaseConnection->simpleQuery('SELECT `idx`, `...')
#3 /home/rizcky/git/project.alcentrali/engine/Database/BaseBuilder.php(1860): CodeIgniter\Database\BaseConnection->query('SELECT `idx`, `...', Array, false)
#4 /home/rizcky/git/project.alcentrali/engine/Model.php(1818): CodeIgniter\Database\BaseBuilder->get()
#5 /home/rizcky/git/project.alcentrali/server/syscore/Libraries/APIModules/OsamModule.php(41): CodeIgniter\Model->__call('get', Array)
#6 /home/rizcky/git/project.alcentrali/server/syscore/Controllers/ClientRequest.php(62): App\Libraries\APIModules\OsamModule->executeRequest('assets-main-lis...')
#7 /home/rizcky/git/project.alcentrali/server/syscore/Controllers/ClientRequest.php(143): App\Controllers\ClientRequest->requestExecution()
#8 /home/rizcky/git/project.alcentrali/engine/CodeIgniter.php(918): App\Controllers\ClientRequest->dataRequest()
#9 /home/rizcky/git/project.alcentrali/engine/CodeIgniter.php(404): CodeIgniter\CodeIgniter->runController(Object(App\Controllers\ClientRequest))
#10 /home/rizcky/git/project.alcentrali/engine/CodeIgniter.php(312): CodeIgniter\CodeIgniter->handleRequest(NULL, Object(Config\Cache), false)
#11 /home/rizcky/git/project.alcentrali/server/index/index.php(45): CodeIgniter\CodeIgniter->run()
#12 {main}
CRITICAL - 2021-06-09 21:46:48 --> Not unique table/alias: 'asm_oita'
#0 /home/rizcky/git/project.alcentrali/engine/Database/MySQLi/Connection.php(331): mysqli->query('SELECT `idx`, `...')
#1 /home/rizcky/git/project.alcentrali/engine/Database/BaseConnection.php(741): CodeIgniter\Database\MySQLi\Connection->execute('SELECT `idx`, `...')
#2 /home/rizcky/git/project.alcentrali/engine/Database/BaseConnection.php(669): CodeIgniter\Database\BaseConnection->simpleQuery('SELECT `idx`, `...')
#3 /home/rizcky/git/project.alcentrali/engine/Database/BaseBuilder.php(1860): CodeIgniter\Database\BaseConnection->query('SELECT `idx`, `...', Array, false)
#4 /home/rizcky/git/project.alcentrali/engine/Model.php(1818): CodeIgniter\Database\BaseBuilder->get()
#5 /home/rizcky/git/project.alcentrali/server/syscore/Libraries/APIModules/OsamModule.php(43): CodeIgniter\Model->__call('get', Array)
#6 /home/rizcky/git/project.alcentrali/server/syscore/Controllers/ClientRequest.php(62): App\Libraries\APIModules\OsamModule->executeRequest('assets-main-lis...')
#7 /home/rizcky/git/project.alcentrali/server/syscore/Controllers/ClientRequest.php(143): App\Controllers\ClientRequest->requestExecution()
#8 /home/rizcky/git/project.alcentrali/engine/CodeIgniter.php(918): App\Controllers\ClientRequest->dataRequest()
#9 /home/rizcky/git/project.alcentrali/engine/CodeIgniter.php(404): CodeIgniter\CodeIgniter->runController(Object(App\Controllers\ClientRequest))
#10 /home/rizcky/git/project.alcentrali/engine/CodeIgniter.php(312): CodeIgniter\CodeIgniter->handleRequest(NULL, Object(Config\Cache), false)
#11 /home/rizcky/git/project.alcentrali/server/index/index.php(45): CodeIgniter\CodeIgniter->run()
#12 {main}
CRITICAL - 2021-06-09 21:48:41 --> Not unique table/alias: 'asm_oita'
#0 /home/rizcky/git/project.alcentrali/engine/Database/MySQLi/Connection.php(331): mysqli->query('SELECT `idx`, `...')
#1 /home/rizcky/git/project.alcentrali/engine/Database/BaseConnection.php(741): CodeIgniter\Database\MySQLi\Connection->execute('SELECT `idx`, `...')
#2 /home/rizcky/git/project.alcentrali/engine/Database/BaseConnection.php(669): CodeIgniter\Database\BaseConnection->simpleQuery('SELECT `idx`, `...')
#3 /home/rizcky/git/project.alcentrali/engine/Database/BaseBuilder.php(1860): CodeIgniter\Database\BaseConnection->query('SELECT `idx`, `...', Array, false)
#4 /home/rizcky/git/project.alcentrali/engine/Model.php(1818): CodeIgniter\Database\BaseBuilder->get()
#5 /home/rizcky/git/project.alcentrali/server/syscore/Libraries/APIModules/OsamModule.php(43): CodeIgniter\Model->__call('get', Array)
#6 /home/rizcky/git/project.alcentrali/server/syscore/Controllers/ClientRequest.php(62): App\Libraries\APIModules\OsamModule->executeRequest('assets-main-lis...')
#7 /home/rizcky/git/project.alcentrali/server/syscore/Controllers/ClientRequest.php(143): App\Controllers\ClientRequest->requestExecution()
#8 /home/rizcky/git/project.alcentrali/engine/CodeIgniter.php(918): App\Controllers\ClientRequest->dataRequest()
#9 /home/rizcky/git/project.alcentrali/engine/CodeIgniter.php(404): CodeIgniter\CodeIgniter->runController(Object(App\Controllers\ClientRequest))
#10 /home/rizcky/git/project.alcentrali/engine/CodeIgniter.php(312): CodeIgniter\CodeIgniter->handleRequest(NULL, Object(Config\Cache), false)
#11 /home/rizcky/git/project.alcentrali/server/index/index.php(45): CodeIgniter\CodeIgniter->run()
#12 {main}
CRITICAL - 2021-06-09 21:48:50 --> Not unique table/alias: 'asm_oita'
#0 /home/rizcky/git/project.alcentrali/engine/Database/MySQLi/Connection.php(331): mysqli->query('SELECT `idx`, `...')
#1 /home/rizcky/git/project.alcentrali/engine/Database/BaseConnection.php(741): CodeIgniter\Database\MySQLi\Connection->execute('SELECT `idx`, `...')
#2 /home/rizcky/git/project.alcentrali/engine/Database/BaseConnection.php(669): CodeIgniter\Database\BaseConnection->simpleQuery('SELECT `idx`, `...')
#3 /home/rizcky/git/project.alcentrali/engine/Database/BaseBuilder.php(1860): CodeIgniter\Database\BaseConnection->query('SELECT `idx`, `...', Array, false)
#4 /home/rizcky/git/project.alcentrali/engine/Model.php(1818): CodeIgniter\Database\BaseBuilder->get()
#5 /home/rizcky/git/project.alcentrali/server/syscore/Libraries/APIModules/OsamModule.php(43): CodeIgniter\Model->__call('get', Array)
#6 /home/rizcky/git/project.alcentrali/server/syscore/Controllers/ClientRequest.php(62): App\Libraries\APIModules\OsamModule->executeRequest('assets-main-lis...')
#7 /home/rizcky/git/project.alcentrali/server/syscore/Controllers/ClientRequest.php(143): App\Controllers\ClientRequest->requestExecution()
#8 /home/rizcky/git/project.alcentrali/engine/CodeIgniter.php(918): App\Controllers\ClientRequest->dataRequest()
#9 /home/rizcky/git/project.alcentrali/engine/CodeIgniter.php(404): CodeIgniter\CodeIgniter->runController(Object(App\Controllers\ClientRequest))
#10 /home/rizcky/git/project.alcentrali/engine/CodeIgniter.php(312): CodeIgniter\CodeIgniter->handleRequest(NULL, Object(Config\Cache), false)
#11 /home/rizcky/git/project.alcentrali/server/index/index.php(45): CodeIgniter\CodeIgniter->run()
#12 {main}
CRITICAL - 2021-06-09 21:48:56 --> Not unique table/alias: 'asm_oita'
#0 /home/rizcky/git/project.alcentrali/engine/Database/MySQLi/Connection.php(331): mysqli->query('SELECT `idx`, `...')
#1 /home/rizcky/git/project.alcentrali/engine/Database/BaseConnection.php(741): CodeIgniter\Database\MySQLi\Connection->execute('SELECT `idx`, `...')
#2 /home/rizcky/git/project.alcentrali/engine/Database/BaseConnection.php(669): CodeIgniter\Database\BaseConnection->simpleQuery('SELECT `idx`, `...')
#3 /home/rizcky/git/project.alcentrali/engine/Database/BaseBuilder.php(1860): CodeIgniter\Database\BaseConnection->query('SELECT `idx`, `...', Array, false)
#4 /home/rizcky/git/project.alcentrali/engine/Model.php(1818): CodeIgniter\Database\BaseBuilder->get()
#5 /home/rizcky/git/project.alcentrali/server/syscore/Libraries/APIModules/OsamModule.php(43): CodeIgniter\Model->__call('get', Array)
#6 /home/rizcky/git/project.alcentrali/server/syscore/Controllers/ClientRequest.php(62): App\Libraries\APIModules\OsamModule->executeRequest('assets-main-lis...')
#7 /home/rizcky/git/project.alcentrali/server/syscore/Controllers/ClientRequest.php(143): App\Controllers\ClientRequest->requestExecution()
#8 /home/rizcky/git/project.alcentrali/engine/CodeIgniter.php(918): App\Controllers\ClientRequest->dataRequest()
#9 /home/rizcky/git/project.alcentrali/engine/CodeIgniter.php(404): CodeIgniter\CodeIgniter->runController(Object(App\Controllers\ClientRequest))
#10 /home/rizcky/git/project.alcentrali/engine/CodeIgniter.php(312): CodeIgniter\CodeIgniter->handleRequest(NULL, Object(Config\Cache), false)
#11 /home/rizcky/git/project.alcentrali/server/index/index.php(45): CodeIgniter\CodeIgniter->run()
#12 {main}
