CRITICAL - 2020-11-28 01:01:08 --> `App\Models\OfficerProfile` model class does not specify a Primary Key.
#0 /home/rizcky/git/project.alcentrali/engine/Model.php(1226): CodeIgniter\Exceptions\ModelException::forNoPrimaryKey('App\\Models\\Offi...')
#1 /home/rizcky/git/project.alcentrali/engine/Model.php(753): CodeIgniter\Model->builder()
#2 /home/rizcky/git/project.alcentrali/server/syscore/Controllers/OfficerRequest.php(171): CodeIgniter\Model->insert(Array)
#3 /home/rizcky/git/project.alcentrali/engine/CodeIgniter.php(918): App\Controllers\OfficerRequest->administration()
#4 /home/rizcky/git/project.alcentrali/engine/CodeIgniter.php(404): CodeIgniter\CodeIgniter->runController(Object(App\Controllers\OfficerRequest))
#5 /home/rizcky/git/project.alcentrali/engine/CodeIgniter.php(312): CodeIgniter\CodeIgniter->handleRequest(NULL, Object(Config\Cache), false)
#6 /home/rizcky/git/project.alcentrali/server/index/index.php(45): CodeIgniter\CodeIgniter->run()
#7 {main}
CRITICAL - 2020-11-28 01:01:08 --> 22 : The requested URL returned error: 500 Internal Server Error
#0 /home/rizcky/git/project.alcentrali/engine/HTTP/CURLRequest.php(821): CodeIgniter\HTTP\Exceptions\HTTPException::forCurlError('22', 'The requested U...')
#1 /home/rizcky/git/project.alcentrali/engine/HTTP/CURLRequest.php(449): CodeIgniter\HTTP\CURLRequest->sendRequest(Array)
#2 /home/rizcky/git/project.alcentrali/engine/HTTP/CURLRequest.php(158): CodeIgniter\HTTP\CURLRequest->send('PUT', 'http://localhos...')
#3 /home/rizcky/git/project.alcentrali/officer/appcore/Controllers/Setup.php(116): CodeIgniter\HTTP\CURLRequest->request('PUT', 'http://localhos...', Array)
#4 /home/rizcky/git/project.alcentrali/engine/CodeIgniter.php(918): App\Controllers\Setup->run('dosetup')
#5 /home/rizcky/git/project.alcentrali/engine/CodeIgniter.php(404): CodeIgniter\CodeIgniter->runController(Object(App\Controllers\Setup))
#6 /home/rizcky/git/project.alcentrali/engine/CodeIgniter.php(312): CodeIgniter\CodeIgniter->handleRequest(NULL, Object(Config\Cache), false)
#7 /home/rizcky/git/project.alcentrali/officer/index/index.php(45): CodeIgniter\CodeIgniter->run()
#8 {main}
CRITICAL - 2020-11-28 02:00:22 --> syntax error, unexpected 'else' (T_ELSE)
#0 /home/rizcky/git/project.alcentrali/engine/Autoloader/Autoloader.php(296): CodeIgniter\Autoloader\Autoloader->requireFile('/home/rizcky/gi...')
#1 /home/rizcky/git/project.alcentrali/engine/Autoloader/Autoloader.php(258): CodeIgniter\Autoloader\Autoloader->loadInNamespace('App\\Controllers...')
#2 [internal function]: CodeIgniter\Autoloader\Autoloader->loadClass('App\\Controllers...')
#3 [internal function]: spl_autoload_call('App\\Controllers...')
#4 /home/rizcky/git/project.alcentrali/engine/CodeIgniter.php(869): class_exists('\\App\\Controller...', true)
#5 /home/rizcky/git/project.alcentrali/engine/CodeIgniter.php(394): CodeIgniter\CodeIgniter->startController()
#6 /home/rizcky/git/project.alcentrali/engine/CodeIgniter.php(312): CodeIgniter\CodeIgniter->handleRequest(NULL, Object(Config\Cache), false)
#7 /home/rizcky/git/project.alcentrali/server/index/index.php(45): CodeIgniter\CodeIgniter->run()
#8 {main}
CRITICAL - 2020-11-28 02:00:22 --> 22 : The requested URL returned error: 500 Internal Server Error
#0 /home/rizcky/git/project.alcentrali/engine/HTTP/CURLRequest.php(821): CodeIgniter\HTTP\Exceptions\HTTPException::forCurlError('22', 'The requested U...')
#1 /home/rizcky/git/project.alcentrali/engine/HTTP/CURLRequest.php(449): CodeIgniter\HTTP\CURLRequest->sendRequest(Array)
#2 /home/rizcky/git/project.alcentrali/engine/HTTP/CURLRequest.php(158): CodeIgniter\HTTP\CURLRequest->send('PUT', 'http://localhos...')
#3 /home/rizcky/git/project.alcentrali/officer/appcore/Controllers/BaseController.php(32): CodeIgniter\HTTP\CURLRequest->request('PUT', 'http://localhos...', Array)
#4 /home/rizcky/git/project.alcentrali/officer/appcore/Controllers/Setup.php(28): App\Controllers\BaseController->getLocaleResource('C0001')
#5 /home/rizcky/git/project.alcentrali/engine/CodeIgniter.php(918): App\Controllers\Setup->run('welcome')
#6 /home/rizcky/git/project.alcentrali/engine/CodeIgniter.php(404): CodeIgniter\CodeIgniter->runController(Object(App\Controllers\Setup))
#7 /home/rizcky/git/project.alcentrali/engine/CodeIgniter.php(312): CodeIgniter\CodeIgniter->handleRequest(NULL, Object(Config\Cache), false)
#8 /home/rizcky/git/project.alcentrali/officer/index/index.php(45): CodeIgniter\CodeIgniter->run()
#9 {main}
CRITICAL - 2020-11-28 02:10:15 --> Illegal string offset 'username'
#0 /home/rizcky/git/project.alcentrali/server/syscore/Controllers/OfficerRequest.php(156): CodeIgniter\Debug\Exceptions->errorHandler(2, 'Illegal string ...', '/home/rizcky/gi...', 156, Array)
#1 /home/rizcky/git/project.alcentrali/engine/CodeIgniter.php(918): App\Controllers\OfficerRequest->administration()
#2 /home/rizcky/git/project.alcentrali/engine/CodeIgniter.php(404): CodeIgniter\CodeIgniter->runController(Object(App\Controllers\OfficerRequest))
#3 /home/rizcky/git/project.alcentrali/engine/CodeIgniter.php(312): CodeIgniter\CodeIgniter->handleRequest(NULL, Object(Config\Cache), false)
#4 /home/rizcky/git/project.alcentrali/server/index/index.php(45): CodeIgniter\CodeIgniter->run()
#5 {main}
CRITICAL - 2020-11-28 02:10:15 --> 22 : The requested URL returned error: 500 Internal Server Error
#0 /home/rizcky/git/project.alcentrali/engine/HTTP/CURLRequest.php(821): CodeIgniter\HTTP\Exceptions\HTTPException::forCurlError('22', 'The requested U...')
#1 /home/rizcky/git/project.alcentrali/engine/HTTP/CURLRequest.php(449): CodeIgniter\HTTP\CURLRequest->sendRequest(Array)
#2 /home/rizcky/git/project.alcentrali/engine/HTTP/CURLRequest.php(158): CodeIgniter\HTTP\CURLRequest->send('PUT', 'http://localhos...')
#3 /home/rizcky/git/project.alcentrali/officer/appcore/Controllers/Setup.php(116): CodeIgniter\HTTP\CURLRequest->request('PUT', 'http://localhos...', Array)
#4 /home/rizcky/git/project.alcentrali/engine/CodeIgniter.php(918): App\Controllers\Setup->run('dosetup')
#5 /home/rizcky/git/project.alcentrali/engine/CodeIgniter.php(404): CodeIgniter\CodeIgniter->runController(Object(App\Controllers\Setup))
#6 /home/rizcky/git/project.alcentrali/engine/CodeIgniter.php(312): CodeIgniter\CodeIgniter->handleRequest(NULL, Object(Config\Cache), false)
#7 /home/rizcky/git/project.alcentrali/officer/index/index.php(45): CodeIgniter\CodeIgniter->run()
#8 {main}
CRITICAL - 2020-11-28 02:10:55 --> Illegal string offset 'username'
#0 /home/rizcky/git/project.alcentrali/server/syscore/Controllers/OfficerRequest.php(156): CodeIgniter\Debug\Exceptions->errorHandler(2, 'Illegal string ...', '/home/rizcky/gi...', 156, Array)
#1 /home/rizcky/git/project.alcentrali/engine/CodeIgniter.php(918): App\Controllers\OfficerRequest->administration()
#2 /home/rizcky/git/project.alcentrali/engine/CodeIgniter.php(404): CodeIgniter\CodeIgniter->runController(Object(App\Controllers\OfficerRequest))
#3 /home/rizcky/git/project.alcentrali/engine/CodeIgniter.php(312): CodeIgniter\CodeIgniter->handleRequest(NULL, Object(Config\Cache), false)
#4 /home/rizcky/git/project.alcentrali/server/index/index.php(45): CodeIgniter\CodeIgniter->run()
#5 {main}
CRITICAL - 2020-11-28 02:10:55 --> 22 : The requested URL returned error: 500 Internal Server Error
#0 /home/rizcky/git/project.alcentrali/engine/HTTP/CURLRequest.php(821): CodeIgniter\HTTP\Exceptions\HTTPException::forCurlError('22', 'The requested U...')
#1 /home/rizcky/git/project.alcentrali/engine/HTTP/CURLRequest.php(449): CodeIgniter\HTTP\CURLRequest->sendRequest(Array)
#2 /home/rizcky/git/project.alcentrali/engine/HTTP/CURLRequest.php(158): CodeIgniter\HTTP\CURLRequest->send('PUT', 'http://localhos...')
#3 /home/rizcky/git/project.alcentrali/officer/appcore/Controllers/Setup.php(116): CodeIgniter\HTTP\CURLRequest->request('PUT', 'http://localhos...', Array)
#4 /home/rizcky/git/project.alcentrali/engine/CodeIgniter.php(918): App\Controllers\Setup->run('dosetup')
#5 /home/rizcky/git/project.alcentrali/engine/CodeIgniter.php(404): CodeIgniter\CodeIgniter->runController(Object(App\Controllers\Setup))
#6 /home/rizcky/git/project.alcentrali/engine/CodeIgniter.php(312): CodeIgniter\CodeIgniter->handleRequest(NULL, Object(Config\Cache), false)
#7 /home/rizcky/git/project.alcentrali/officer/index/index.php(45): CodeIgniter\CodeIgniter->run()
#8 {main}
CRITICAL - 2020-11-28 02:12:00 --> Illegal string offset 'username'
#0 /home/rizcky/git/project.alcentrali/server/syscore/Controllers/OfficerRequest.php(156): CodeIgniter\Debug\Exceptions->errorHandler(2, 'Illegal string ...', '/home/rizcky/gi...', 156, Array)
#1 /home/rizcky/git/project.alcentrali/engine/CodeIgniter.php(918): App\Controllers\OfficerRequest->administration()
#2 /home/rizcky/git/project.alcentrali/engine/CodeIgniter.php(404): CodeIgniter\CodeIgniter->runController(Object(App\Controllers\OfficerRequest))
#3 /home/rizcky/git/project.alcentrali/engine/CodeIgniter.php(312): CodeIgniter\CodeIgniter->handleRequest(NULL, Object(Config\Cache), false)
#4 /home/rizcky/git/project.alcentrali/server/index/index.php(45): CodeIgniter\CodeIgniter->run()
#5 {main}
CRITICAL - 2020-11-28 02:12:00 --> 22 : The requested URL returned error: 500 Internal Server Error
#0 /home/rizcky/git/project.alcentrali/engine/HTTP/CURLRequest.php(821): CodeIgniter\HTTP\Exceptions\HTTPException::forCurlError('22', 'The requested U...')
#1 /home/rizcky/git/project.alcentrali/engine/HTTP/CURLRequest.php(449): CodeIgniter\HTTP\CURLRequest->sendRequest(Array)
#2 /home/rizcky/git/project.alcentrali/engine/HTTP/CURLRequest.php(158): CodeIgniter\HTTP\CURLRequest->send('PUT', 'http://localhos...')
#3 /home/rizcky/git/project.alcentrali/officer/appcore/Controllers/Setup.php(116): CodeIgniter\HTTP\CURLRequest->request('PUT', 'http://localhos...', Array)
#4 /home/rizcky/git/project.alcentrali/engine/CodeIgniter.php(918): App\Controllers\Setup->run('dosetup')
#5 /home/rizcky/git/project.alcentrali/engine/CodeIgniter.php(404): CodeIgniter\CodeIgniter->runController(Object(App\Controllers\Setup))
#6 /home/rizcky/git/project.alcentrali/engine/CodeIgniter.php(312): CodeIgniter\CodeIgniter->handleRequest(NULL, Object(Config\Cache), false)
#7 /home/rizcky/git/project.alcentrali/officer/index/index.php(45): CodeIgniter\CodeIgniter->run()
#8 {main}
CRITICAL - 2020-11-28 22:28:00 --> Illegal string offset 'username'
#0 /home/rizcky/git/project.alcentrali/server/syscore/Controllers/OfficerRequest.php(156): CodeIgniter\Debug\Exceptions->errorHandler(2, 'Illegal string ...', '/home/rizcky/gi...', 156, Array)
#1 /home/rizcky/git/project.alcentrali/engine/CodeIgniter.php(918): App\Controllers\OfficerRequest->administration()
#2 /home/rizcky/git/project.alcentrali/engine/CodeIgniter.php(404): CodeIgniter\CodeIgniter->runController(Object(App\Controllers\OfficerRequest))
#3 /home/rizcky/git/project.alcentrali/engine/CodeIgniter.php(312): CodeIgniter\CodeIgniter->handleRequest(NULL, Object(Config\Cache), false)
#4 /home/rizcky/git/project.alcentrali/server/index/index.php(45): CodeIgniter\CodeIgniter->run()
#5 {main}
CRITICAL - 2020-11-28 22:28:00 --> 22 : The requested URL returned error: 500 Internal Server Error
#0 /home/rizcky/git/project.alcentrali/engine/HTTP/CURLRequest.php(821): CodeIgniter\HTTP\Exceptions\HTTPException::forCurlError('22', 'The requested U...')
#1 /home/rizcky/git/project.alcentrali/engine/HTTP/CURLRequest.php(449): CodeIgniter\HTTP\CURLRequest->sendRequest(Array)
#2 /home/rizcky/git/project.alcentrali/engine/HTTP/CURLRequest.php(158): CodeIgniter\HTTP\CURLRequest->send('PUT', 'http://localhos...')
#3 /home/rizcky/git/project.alcentrali/officer/appcore/Controllers/Setup.php(116): CodeIgniter\HTTP\CURLRequest->request('PUT', 'http://localhos...', Array)
#4 /home/rizcky/git/project.alcentrali/engine/CodeIgniter.php(918): App\Controllers\Setup->run('dosetup')
#5 /home/rizcky/git/project.alcentrali/engine/CodeIgniter.php(404): CodeIgniter\CodeIgniter->runController(Object(App\Controllers\Setup))
#6 /home/rizcky/git/project.alcentrali/engine/CodeIgniter.php(312): CodeIgniter\CodeIgniter->handleRequest(NULL, Object(Config\Cache), false)
#7 /home/rizcky/git/project.alcentrali/officer/index/index.php(45): CodeIgniter\CodeIgniter->run()
#8 {main}
CRITICAL - 2020-11-28 22:29:13 --> Call to a member function getValue() on null
#0 /home/rizcky/git/project.alcentrali/server/syscore/Controllers/OfficerRequest.php(132): App\Controllers\BaseRESTController->validateHTTPAuths()
#1 /home/rizcky/git/project.alcentrali/engine/CodeIgniter.php(918): App\Controllers\OfficerRequest->administration()
#2 /home/rizcky/git/project.alcentrali/engine/CodeIgniter.php(404): CodeIgniter\CodeIgniter->runController(Object(App\Controllers\OfficerRequest))
#3 /home/rizcky/git/project.alcentrali/engine/CodeIgniter.php(312): CodeIgniter\CodeIgniter->handleRequest(NULL, Object(Config\Cache), false)
#4 /home/rizcky/git/project.alcentrali/server/index/index.php(45): CodeIgniter\CodeIgniter->run()
#5 {main}
CRITICAL - 2020-11-28 22:30:22 --> Call to a member function getValue() on null
#0 /home/rizcky/git/project.alcentrali/server/syscore/Controllers/OfficerRequest.php(132): App\Controllers\BaseRESTController->validateHTTPAuths()
#1 /home/rizcky/git/project.alcentrali/engine/CodeIgniter.php(918): App\Controllers\OfficerRequest->administration()
#2 /home/rizcky/git/project.alcentrali/engine/CodeIgniter.php(404): CodeIgniter\CodeIgniter->runController(Object(App\Controllers\OfficerRequest))
#3 /home/rizcky/git/project.alcentrali/engine/CodeIgniter.php(312): CodeIgniter\CodeIgniter->handleRequest(NULL, Object(Config\Cache), false)
#4 /home/rizcky/git/project.alcentrali/server/index/index.php(45): CodeIgniter\CodeIgniter->run()
#5 {main}
CRITICAL - 2020-11-28 22:31:40 --> Invalid argument supplied for foreach()
#0 /home/rizcky/git/project.alcentrali/server/syscore/Controllers/OfficerRequest.php(140): CodeIgniter\Debug\Exceptions->errorHandler(2, 'Invalid argumen...', '/home/rizcky/gi...', 140, Array)
#1 /home/rizcky/git/project.alcentrali/engine/CodeIgniter.php(918): App\Controllers\OfficerRequest->administration()
#2 /home/rizcky/git/project.alcentrali/engine/CodeIgniter.php(404): CodeIgniter\CodeIgniter->runController(Object(App\Controllers\OfficerRequest))
#3 /home/rizcky/git/project.alcentrali/engine/CodeIgniter.php(312): CodeIgniter\CodeIgniter->handleRequest(NULL, Object(Config\Cache), false)
#4 /home/rizcky/git/project.alcentrali/server/index/index.php(45): CodeIgniter\CodeIgniter->run()
#5 {main}
CRITICAL - 2020-11-28 22:32:56 --> Undefined index: admindata
#0 /home/rizcky/git/project.alcentrali/server/syscore/Controllers/OfficerRequest.php(147): CodeIgniter\Debug\Exceptions->errorHandler(8, 'Undefined index...', '/home/rizcky/gi...', 147, Array)
#1 /home/rizcky/git/project.alcentrali/engine/CodeIgniter.php(918): App\Controllers\OfficerRequest->administration()
#2 /home/rizcky/git/project.alcentrali/engine/CodeIgniter.php(404): CodeIgniter\CodeIgniter->runController(Object(App\Controllers\OfficerRequest))
#3 /home/rizcky/git/project.alcentrali/engine/CodeIgniter.php(312): CodeIgniter\CodeIgniter->handleRequest(NULL, Object(Config\Cache), false)
#4 /home/rizcky/git/project.alcentrali/server/index/index.php(45): CodeIgniter\CodeIgniter->run()
#5 {main}
CRITICAL - 2020-11-28 22:33:15 --> Undefined offset: 1
#0 /home/rizcky/git/project.alcentrali/server/syscore/Controllers/OfficerRequest.php(143): CodeIgniter\Debug\Exceptions->errorHandler(8, 'Undefined offse...', '/home/rizcky/gi...', 143, Array)
#1 /home/rizcky/git/project.alcentrali/engine/CodeIgniter.php(918): App\Controllers\OfficerRequest->administration()
#2 /home/rizcky/git/project.alcentrali/engine/CodeIgniter.php(404): CodeIgniter\CodeIgniter->runController(Object(App\Controllers\OfficerRequest))
#3 /home/rizcky/git/project.alcentrali/engine/CodeIgniter.php(312): CodeIgniter\CodeIgniter->handleRequest(NULL, Object(Config\Cache), false)
#4 /home/rizcky/git/project.alcentrali/server/index/index.php(45): CodeIgniter\CodeIgniter->run()
#5 {main}
CRITICAL - 2020-11-28 22:33:31 --> Undefined index: admindata
#0 /home/rizcky/git/project.alcentrali/server/syscore/Controllers/OfficerRequest.php(147): CodeIgniter\Debug\Exceptions->errorHandler(8, 'Undefined index...', '/home/rizcky/gi...', 147, Array)
#1 /home/rizcky/git/project.alcentrali/engine/CodeIgniter.php(918): App\Controllers\OfficerRequest->administration()
#2 /home/rizcky/git/project.alcentrali/engine/CodeIgniter.php(404): CodeIgniter\CodeIgniter->runController(Object(App\Controllers\OfficerRequest))
#3 /home/rizcky/git/project.alcentrali/engine/CodeIgniter.php(312): CodeIgniter\CodeIgniter->handleRequest(NULL, Object(Config\Cache), false)
#4 /home/rizcky/git/project.alcentrali/server/index/index.php(45): CodeIgniter\CodeIgniter->run()
#5 {main}
CRITICAL - 2020-11-28 22:34:44 --> Undefined index: admindata
#0 /home/rizcky/git/project.alcentrali/server/syscore/Controllers/OfficerRequest.php(148): CodeIgniter\Debug\Exceptions->errorHandler(8, 'Undefined index...', '/home/rizcky/gi...', 148, Array)
#1 /home/rizcky/git/project.alcentrali/engine/CodeIgniter.php(918): App\Controllers\OfficerRequest->administration()
#2 /home/rizcky/git/project.alcentrali/engine/CodeIgniter.php(404): CodeIgniter\CodeIgniter->runController(Object(App\Controllers\OfficerRequest))
#3 /home/rizcky/git/project.alcentrali/engine/CodeIgniter.php(312): CodeIgniter\CodeIgniter->handleRequest(NULL, Object(Config\Cache), false)
#4 /home/rizcky/git/project.alcentrali/server/index/index.php(45): CodeIgniter\CodeIgniter->run()
#5 {main}
CRITICAL - 2020-11-28 22:34:44 --> Uncaught CodeIgniter\Format\Exceptions\FormatException: Failed to parse json string, error: "Malformed UTF-8 characters, possibly incorrectly encoded". in /home/rizcky/git/project.alcentrali/engine/Format/Exceptions/FormatException.php:9
Stack trace:
#0 /home/rizcky/git/project.alcentrali/engine/Format/JSONFormatter.php(71): CodeIgniter\Format\Exceptions\FormatException::forInvalidJSON('Malformed UTF-8...')
#1 /home/rizcky/git/project.alcentrali/engine/API/ResponseTrait.php(414): CodeIgniter\Format\JSONFormatter->format(Array)
#2 /home/rizcky/git/project.alcentrali/engine/API/ResponseTrait.php(134): CodeIgniter\Debug\Exceptions->format(Array)
#3 /home/rizcky/git/project.alcentrali/engine/Debug/Exceptions.php(168): CodeIgniter\Debug\Exceptions->respond(Array, 500)
#4 [internal function]: CodeIgniter\Debug\Exceptions->exceptionHandler(Object(ErrorException))
#5 {main}
  thrown
#0 [internal function]: CodeIgniter\Debug\Exceptions->shutdownHandler()
#1 {main}
CRITICAL - 2020-11-28 22:40:11 --> Undefined offset: 1
#0 /home/rizcky/git/project.alcentrali/server/syscore/Controllers/OfficerRequest.php(144): CodeIgniter\Debug\Exceptions->errorHandler(8, 'Undefined offse...', '/home/rizcky/gi...', 144, Array)
#1 /home/rizcky/git/project.alcentrali/engine/CodeIgniter.php(918): App\Controllers\OfficerRequest->administration()
#2 /home/rizcky/git/project.alcentrali/engine/CodeIgniter.php(404): CodeIgniter\CodeIgniter->runController(Object(App\Controllers\OfficerRequest))
#3 /home/rizcky/git/project.alcentrali/engine/CodeIgniter.php(312): CodeIgniter\CodeIgniter->handleRequest(NULL, Object(Config\Cache), false)
#4 /home/rizcky/git/project.alcentrali/server/index/index.php(45): CodeIgniter\CodeIgniter->run()
#5 {main}
CRITICAL - 2020-11-28 22:41:40 --> Call to a member function getBody() on array
#0 /home/rizcky/git/project.alcentrali/engine/CodeIgniter.php(918): App\Controllers\Setup->run('dosetup')
#1 /home/rizcky/git/project.alcentrali/engine/CodeIgniter.php(404): CodeIgniter\CodeIgniter->runController(Object(App\Controllers\Setup))
#2 /home/rizcky/git/project.alcentrali/engine/CodeIgniter.php(312): CodeIgniter\CodeIgniter->handleRequest(NULL, Object(Config\Cache), false)
#3 /home/rizcky/git/project.alcentrali/officer/index/index.php(45): CodeIgniter\CodeIgniter->run()
#4 {main}
