CRITICAL - 2021-06-24 08:16:00 --> 22 : The requested URL returned error: 405 Method Not Allowed
#0 /home/fmkiddo/git/project.alcentrali/engine/HTTP/CURLRequest.php(821): CodeIgniter\HTTP\Exceptions\HTTPException::forCurlError('22', 'The requested U...')
#1 /home/fmkiddo/git/project.alcentrali/engine/HTTP/CURLRequest.php(449): CodeIgniter\HTTP\CURLRequest->sendRequest(Array)
#2 /home/fmkiddo/git/project.alcentrali/engine/HTTP/CURLRequest.php(158): CodeIgniter\HTTP\CURLRequest->send('put', 'http://localhos...')
#3 /home/fmkiddo/git/project.alcentrali/engine/HTTP/CURLRequest.php(265): CodeIgniter\HTTP\CURLRequest->request('put', 'http://localhos...', Array)
#4 /home/fmkiddo/git/project.alcentrali/officer/appcore/Controllers/BaseController.php(269): CodeIgniter\HTTP\CURLRequest->put('http://localhos...', Array)
#5 /home/fmkiddo/git/project.alcentrali/officer/appcore/Controllers/Starter.php(21): App\Controllers\BaseController->isServerAccessKeyConfigured()
#6 /home/fmkiddo/git/project.alcentrali/engine/CodeIgniter.php(918): App\Controllers\Starter->index()
#7 /home/fmkiddo/git/project.alcentrali/engine/CodeIgniter.php(404): CodeIgniter\CodeIgniter->runController(Object(App\Controllers\Starter))
#8 /home/fmkiddo/git/project.alcentrali/engine/CodeIgniter.php(312): CodeIgniter\CodeIgniter->handleRequest(NULL, Object(Config\Cache), false)
#9 /home/fmkiddo/git/project.alcentrali/officer/index/index.php(45): CodeIgniter\CodeIgniter->run()
#10 {main}
CRITICAL - 2021-06-24 08:18:14 --> unlink(/home/fmkiddo/git/project.alcentrali/writable/debugbar/debugbar_1624351699.json): No such file or directory
#0 [internal function]: CodeIgniter\Debug\Exceptions->errorHandler(2, 'unlink(/home/fm...', '/home/fmkiddo/g...', 106, Array)
#1 /home/fmkiddo/git/project.alcentrali/engine/Debug/Toolbar/Collectors/History.php(106): unlink('/home/fmkiddo/g...')
#2 /home/fmkiddo/git/project.alcentrali/engine/Debug/Toolbar.php(483): CodeIgniter\Debug\Toolbar\Collectors\History->setFiles(1624351999, 20)
#3 /home/fmkiddo/git/project.alcentrali/engine/Debug/Toolbar.php(455): CodeIgniter\Debug\Toolbar->format(Array, 'html')
#4 /home/fmkiddo/git/project.alcentrali/officer/appcore/Config/Events.php(50): CodeIgniter\Debug\Toolbar->respond()
#5 [internal function]: CodeIgniter\Events\Events::Config\{closure}()
#6 /home/fmkiddo/git/project.alcentrali/engine/Events/Events.php(188): call_user_func(Object(Closure))
#7 /home/fmkiddo/git/project.alcentrali/engine/CodeIgniter.php(293): CodeIgniter\Events\Events::trigger('pre_system')
#8 /home/fmkiddo/git/project.alcentrali/officer/index/index.php(45): CodeIgniter\CodeIgniter->run()
#9 {main}
CRITICAL - 2021-06-24 22:34:23 --> Call to a member function getValue() on null
#0 /home/fmkiddo/git/project.alcentrali/server/syscore/Controllers/ClientRequest.php(121): App\Controllers\ClientRequest->decodeAuth()
#1 /home/fmkiddo/git/project.alcentrali/engine/CodeIgniter.php(918): App\Controllers\ClientRequest->clientAuthentication()
#2 /home/fmkiddo/git/project.alcentrali/engine/CodeIgniter.php(404): CodeIgniter\CodeIgniter->runController(Object(App\Controllers\ClientRequest))
#3 /home/fmkiddo/git/project.alcentrali/engine/CodeIgniter.php(312): CodeIgniter\CodeIgniter->handleRequest(NULL, Object(Config\Cache), false)
#4 /home/fmkiddo/git/project.alcentrali/server/index/index.php(45): CodeIgniter\CodeIgniter->run()
#5 {main}
CRITICAL - 2021-06-24 22:34:33 --> Call to a member function getValue() on null
#0 /home/fmkiddo/git/project.alcentrali/server/syscore/Controllers/ClientRequest.php(121): App\Controllers\ClientRequest->decodeAuth()
#1 /home/fmkiddo/git/project.alcentrali/engine/CodeIgniter.php(918): App\Controllers\ClientRequest->clientAuthentication()
#2 /home/fmkiddo/git/project.alcentrali/engine/CodeIgniter.php(404): CodeIgniter\CodeIgniter->runController(Object(App\Controllers\ClientRequest))
#3 /home/fmkiddo/git/project.alcentrali/engine/CodeIgniter.php(312): CodeIgniter\CodeIgniter->handleRequest(NULL, Object(Config\Cache), false)
#4 /home/fmkiddo/git/project.alcentrali/server/index/index.php(45): CodeIgniter\CodeIgniter->run()
#5 {main}
CRITICAL - 2021-06-24 22:34:57 --> unserialize(): Error at offset 0 of 16 bytes
#0 [internal function]: CodeIgniter\Debug\Exceptions->errorHandler(8, 'unserialize(): ...', '/home/fmkiddo/g...', 121, Array)
#1 /home/fmkiddo/git/project.alcentrali/server/syscore/Controllers/ClientRequest.php(121): unserialize('\xA2\xC6\xA6\x8E\x87^\xC7\xAD\x1D\xE3\xCE\x9C\xE7O\x1D...')
#2 /home/fmkiddo/git/project.alcentrali/engine/CodeIgniter.php(918): App\Controllers\ClientRequest->clientAuthentication()
#3 /home/fmkiddo/git/project.alcentrali/engine/CodeIgniter.php(404): CodeIgniter\CodeIgniter->runController(Object(App\Controllers\ClientRequest))
#4 /home/fmkiddo/git/project.alcentrali/engine/CodeIgniter.php(312): CodeIgniter\CodeIgniter->handleRequest(NULL, Object(Config\Cache), false)
#5 /home/fmkiddo/git/project.alcentrali/server/index/index.php(45): CodeIgniter\CodeIgniter->run()
#6 {main}
CRITICAL - 2021-06-24 22:34:57 --> Uncaught CodeIgniter\Format\Exceptions\FormatException: Failed to parse json string, error: "Malformed UTF-8 characters, possibly incorrectly encoded". in /home/fmkiddo/git/project.alcentrali/engine/Format/Exceptions/FormatException.php:9
Stack trace:
#0 /home/fmkiddo/git/project.alcentrali/engine/Format/JSONFormatter.php(71): CodeIgniter\Format\Exceptions\FormatException::forInvalidJSON('Malformed UTF-8...')
#1 /home/fmkiddo/git/project.alcentrali/engine/API/ResponseTrait.php(414): CodeIgniter\Format\JSONFormatter->format(Array)
#2 /home/fmkiddo/git/project.alcentrali/engine/API/ResponseTrait.php(134): CodeIgniter\Debug\Exceptions->format(Array)
#3 /home/fmkiddo/git/project.alcentrali/engine/Debug/Exceptions.php(168): CodeIgniter\Debug\Exceptions->respond(Array, 500)
#4 [internal function]: CodeIgniter\Debug\Exceptions->exceptionHandler(Object(ErrorException))
#5 {main}
  thrown
#0 [internal function]: CodeIgniter\Debug\Exceptions->shutdownHandler()
#1 {main}
CRITICAL - 2021-06-24 22:36:34 --> unserialize(): Error at offset 0 of 16 bytes
#0 [internal function]: CodeIgniter\Debug\Exceptions->errorHandler(8, 'unserialize(): ...', '/home/fmkiddo/g...', 121, Array)
#1 /home/fmkiddo/git/project.alcentrali/server/syscore/Controllers/ClientRequest.php(121): unserialize('\xA2\xC6\xA6\x8E\x87^\xC7\xAD\x1D\xE3\xCE\x9C\xE7O\x1D...')
#2 /home/fmkiddo/git/project.alcentrali/engine/CodeIgniter.php(918): App\Controllers\ClientRequest->clientAuthentication()
#3 /home/fmkiddo/git/project.alcentrali/engine/CodeIgniter.php(404): CodeIgniter\CodeIgniter->runController(Object(App\Controllers\ClientRequest))
#4 /home/fmkiddo/git/project.alcentrali/engine/CodeIgniter.php(312): CodeIgniter\CodeIgniter->handleRequest(NULL, Object(Config\Cache), false)
#5 /home/fmkiddo/git/project.alcentrali/server/index/index.php(45): CodeIgniter\CodeIgniter->run()
#6 {main}
CRITICAL - 2021-06-24 22:36:34 --> Uncaught CodeIgniter\Format\Exceptions\FormatException: Failed to parse json string, error: "Malformed UTF-8 characters, possibly incorrectly encoded". in /home/fmkiddo/git/project.alcentrali/engine/Format/Exceptions/FormatException.php:9
Stack trace:
#0 /home/fmkiddo/git/project.alcentrali/engine/Format/JSONFormatter.php(71): CodeIgniter\Format\Exceptions\FormatException::forInvalidJSON('Malformed UTF-8...')
#1 /home/fmkiddo/git/project.alcentrali/engine/API/ResponseTrait.php(414): CodeIgniter\Format\JSONFormatter->format(Array)
#2 /home/fmkiddo/git/project.alcentrali/engine/API/ResponseTrait.php(134): CodeIgniter\Debug\Exceptions->format(Array)
#3 /home/fmkiddo/git/project.alcentrali/engine/Debug/Exceptions.php(168): CodeIgniter\Debug\Exceptions->respond(Array, 500)
#4 [internal function]: CodeIgniter\Debug\Exceptions->exceptionHandler(Object(ErrorException))
#5 {main}
  thrown
#0 [internal function]: CodeIgniter\Debug\Exceptions->shutdownHandler()
#1 {main}
CRITICAL - 2021-06-24 22:36:53 --> unserialize(): Error at offset 0 of 16 bytes
#0 [internal function]: CodeIgniter\Debug\Exceptions->errorHandler(8, 'unserialize(): ...', '/home/fmkiddo/g...', 121, Array)
#1 /home/fmkiddo/git/project.alcentrali/server/syscore/Controllers/ClientRequest.php(121): unserialize('\xA2\xC6\xA6\x8E\x87^\xC7\xAD\x1D\xE3\xCE\x9C\xE7O\x1D...')
#2 /home/fmkiddo/git/project.alcentrali/engine/CodeIgniter.php(918): App\Controllers\ClientRequest->clientAuthentication()
#3 /home/fmkiddo/git/project.alcentrali/engine/CodeIgniter.php(404): CodeIgniter\CodeIgniter->runController(Object(App\Controllers\ClientRequest))
#4 /home/fmkiddo/git/project.alcentrali/engine/CodeIgniter.php(312): CodeIgniter\CodeIgniter->handleRequest(NULL, Object(Config\Cache), false)
#5 /home/fmkiddo/git/project.alcentrali/server/index/index.php(45): CodeIgniter\CodeIgniter->run()
#6 {main}
CRITICAL - 2021-06-24 22:36:53 --> Uncaught CodeIgniter\Format\Exceptions\FormatException: Failed to parse json string, error: "Malformed UTF-8 characters, possibly incorrectly encoded". in /home/fmkiddo/git/project.alcentrali/engine/Format/Exceptions/FormatException.php:9
Stack trace:
#0 /home/fmkiddo/git/project.alcentrali/engine/Format/JSONFormatter.php(71): CodeIgniter\Format\Exceptions\FormatException::forInvalidJSON('Malformed UTF-8...')
#1 /home/fmkiddo/git/project.alcentrali/engine/API/ResponseTrait.php(414): CodeIgniter\Format\JSONFormatter->format(Array)
#2 /home/fmkiddo/git/project.alcentrali/engine/API/ResponseTrait.php(134): CodeIgniter\Debug\Exceptions->format(Array)
#3 /home/fmkiddo/git/project.alcentrali/engine/Debug/Exceptions.php(168): CodeIgniter\Debug\Exceptions->respond(Array, 500)
#4 [internal function]: CodeIgniter\Debug\Exceptions->exceptionHandler(Object(ErrorException))
#5 {main}
  thrown
#0 [internal function]: CodeIgniter\Debug\Exceptions->shutdownHandler()
#1 {main}
CRITICAL - 2021-06-24 22:37:08 --> Call to a member function getValue() on null
#0 /home/fmkiddo/git/project.alcentrali/server/syscore/Controllers/ClientRequest.php(121): App\Controllers\ClientRequest->decodeAuth()
#1 /home/fmkiddo/git/project.alcentrali/engine/CodeIgniter.php(918): App\Controllers\ClientRequest->clientAuthentication()
#2 /home/fmkiddo/git/project.alcentrali/engine/CodeIgniter.php(404): CodeIgniter\CodeIgniter->runController(Object(App\Controllers\ClientRequest))
#3 /home/fmkiddo/git/project.alcentrali/engine/CodeIgniter.php(312): CodeIgniter\CodeIgniter->handleRequest(NULL, Object(Config\Cache), false)
#4 /home/fmkiddo/git/project.alcentrali/server/index/index.php(45): CodeIgniter\CodeIgniter->run()
#5 {main}
CRITICAL - 2021-06-24 22:42:22 --> Call to a member function getValue() on null
#0 /home/fmkiddo/git/project.alcentrali/server/syscore/Controllers/ClientRequest.php(121): App\Controllers\ClientRequest->decodeAuth()
#1 /home/fmkiddo/git/project.alcentrali/engine/CodeIgniter.php(918): App\Controllers\ClientRequest->clientAuthentication()
#2 /home/fmkiddo/git/project.alcentrali/engine/CodeIgniter.php(404): CodeIgniter\CodeIgniter->runController(Object(App\Controllers\ClientRequest))
#3 /home/fmkiddo/git/project.alcentrali/engine/CodeIgniter.php(312): CodeIgniter\CodeIgniter->handleRequest(NULL, Object(Config\Cache), false)
#4 /home/fmkiddo/git/project.alcentrali/server/index/index.php(45): CodeIgniter\CodeIgniter->run()
#5 {main}
