CRITICAL - 2021-03-12 00:36:32 --> Return value of App\Controllers\BaseController::sessionCheck() must be of the type array, none returned
#0 /home/rizcky/git/project.alcentrali/officer/appcore/Controllers/Starter.php(26): App\Controllers\BaseController->sessionCheck()
#1 /home/rizcky/git/project.alcentrali/engine/CodeIgniter.php(918): App\Controllers\Starter->index()
#2 /home/rizcky/git/project.alcentrali/engine/CodeIgniter.php(404): CodeIgniter\CodeIgniter->runController(Object(App\Controllers\Starter))
#3 /home/rizcky/git/project.alcentrali/engine/CodeIgniter.php(312): CodeIgniter\CodeIgniter->handleRequest(NULL, Object(Config\Cache), false)
#4 /home/rizcky/git/project.alcentrali/officer/index/index.php(45): CodeIgniter\CodeIgniter->run()
#5 {main}
CRITICAL - 2021-03-12 00:37:07 --> Return value of App\Controllers\BaseController::sessionCheck() must be of the type array, none returned
#0 /home/rizcky/git/project.alcentrali/officer/appcore/Controllers/Starter.php(26): App\Controllers\BaseController->sessionCheck()
#1 /home/rizcky/git/project.alcentrali/engine/CodeIgniter.php(918): App\Controllers\Starter->index()
#2 /home/rizcky/git/project.alcentrali/engine/CodeIgniter.php(404): CodeIgniter\CodeIgniter->runController(Object(App\Controllers\Starter))
#3 /home/rizcky/git/project.alcentrali/engine/CodeIgniter.php(312): CodeIgniter\CodeIgniter->handleRequest(NULL, Object(Config\Cache), false)
#4 /home/rizcky/git/project.alcentrali/officer/index/index.php(45): CodeIgniter\CodeIgniter->run()
#5 {main}
CRITICAL - 2021-03-12 00:40:01 --> syntax error, unexpected 'protected' (T_PROTECTED)
#0 /home/rizcky/git/project.alcentrali/engine/Autoloader/Autoloader.php(296): CodeIgniter\Autoloader\Autoloader->requireFile('/home/rizcky/gi...')
#1 /home/rizcky/git/project.alcentrali/engine/Autoloader/Autoloader.php(258): CodeIgniter\Autoloader\Autoloader->loadInNamespace('App\\Controllers...')
#2 [internal function]: CodeIgniter\Autoloader\Autoloader->loadClass('App\\Controllers...')
#3 /home/rizcky/git/project.alcentrali/officer/appcore/Controllers/Starter.php(5): spl_autoload_call('App\\Controllers...')
#4 /home/rizcky/git/project.alcentrali/engine/Autoloader/Autoloader.php(365): require_once('/home/rizcky/gi...')
#5 /home/rizcky/git/project.alcentrali/engine/Autoloader/Autoloader.php(296): CodeIgniter\Autoloader\Autoloader->requireFile('/home/rizcky/gi...')
#6 /home/rizcky/git/project.alcentrali/engine/Autoloader/Autoloader.php(258): CodeIgniter\Autoloader\Autoloader->loadInNamespace('App\\Controllers...')
#7 [internal function]: CodeIgniter\Autoloader\Autoloader->loadClass('App\\Controllers...')
#8 [internal function]: spl_autoload_call('App\\Controllers...')
#9 /home/rizcky/git/project.alcentrali/engine/CodeIgniter.php(869): class_exists('\\App\\Controller...', true)
#10 /home/rizcky/git/project.alcentrali/engine/CodeIgniter.php(394): CodeIgniter\CodeIgniter->startController()
#11 /home/rizcky/git/project.alcentrali/engine/CodeIgniter.php(312): CodeIgniter\CodeIgniter->handleRequest(NULL, Object(Config\Cache), false)
#12 /home/rizcky/git/project.alcentrali/officer/index/index.php(45): CodeIgniter\CodeIgniter->run()
#13 {main}
CRITICAL - 2021-03-12 00:58:39 --> syntax error, unexpected '');' (T_CONSTANT_ENCAPSED_STRING), expecting ')'
#0 /home/rizcky/git/project.alcentrali/engine/Autoloader/Autoloader.php(296): CodeIgniter\Autoloader\Autoloader->requireFile('/home/rizcky/gi...')
#1 /home/rizcky/git/project.alcentrali/engine/Autoloader/Autoloader.php(258): CodeIgniter\Autoloader\Autoloader->loadInNamespace('App\\Controllers...')
#2 [internal function]: CodeIgniter\Autoloader\Autoloader->loadClass('App\\Controllers...')
#3 [internal function]: spl_autoload_call('App\\Controllers...')
#4 /home/rizcky/git/project.alcentrali/engine/CodeIgniter.php(869): class_exists('\\App\\Controller...', true)
#5 /home/rizcky/git/project.alcentrali/engine/CodeIgniter.php(394): CodeIgniter\CodeIgniter->startController()
#6 /home/rizcky/git/project.alcentrali/engine/CodeIgniter.php(312): CodeIgniter\CodeIgniter->handleRequest(NULL, Object(Config\Cache), false)
#7 /home/rizcky/git/project.alcentrali/officer/index/index.php(45): CodeIgniter\CodeIgniter->run()
#8 {main}
CRITICAL - 2021-03-12 01:00:06 --> Undefined class constant 'TOKEN_EXPIRY'
#0 /home/rizcky/git/project.alcentrali/engine/CodeIgniter.php(918): App\Controllers\Starter->setup()
#1 /home/rizcky/git/project.alcentrali/engine/CodeIgniter.php(404): CodeIgniter\CodeIgniter->runController(Object(App\Controllers\Starter))
#2 /home/rizcky/git/project.alcentrali/engine/CodeIgniter.php(312): CodeIgniter\CodeIgniter->handleRequest(NULL, Object(Config\Cache), false)
#3 /home/rizcky/git/project.alcentrali/officer/index/index.php(45): CodeIgniter\CodeIgniter->run()
#4 {main}
CRITICAL - 2021-03-12 19:53:57 --> Duplicate entry '1' for key 'PRIMARY'
#0 /home/rizcky/git/project.alcentrali/engine/Database/MySQLi/Connection.php(331): mysqli->query('INSERT INTO `fm...')
#1 /home/rizcky/git/project.alcentrali/engine/Database/BaseConnection.php(741): CodeIgniter\Database\MySQLi\Connection->execute('INSERT INTO `fm...')
#2 /home/rizcky/git/project.alcentrali/engine/Database/BaseConnection.php(669): CodeIgniter\Database\BaseConnection->simpleQuery('INSERT INTO `fm...')
#3 /home/rizcky/git/project.alcentrali/engine/Database/BaseBuilder.php(2249): CodeIgniter\Database\BaseConnection->query('INSERT INTO `fm...', Array, false)
#4 /home/rizcky/git/project.alcentrali/engine/Model.php(755): CodeIgniter\Database\BaseBuilder->insert()
#5 /home/rizcky/git/project.alcentrali/server/syscore/Controllers/OfficerRequest.php(157): CodeIgniter\Model->insert(Array)
#6 /home/rizcky/git/project.alcentrali/engine/CodeIgniter.php(918): App\Controllers\OfficerRequest->officerValidation()
#7 /home/rizcky/git/project.alcentrali/engine/CodeIgniter.php(404): CodeIgniter\CodeIgniter->runController(Object(App\Controllers\OfficerRequest))
#8 /home/rizcky/git/project.alcentrali/engine/CodeIgniter.php(312): CodeIgniter\CodeIgniter->handleRequest(NULL, Object(Config\Cache), false)
#9 /home/rizcky/git/project.alcentrali/server/index/index.php(45): CodeIgniter\CodeIgniter->run()
#10 {main}
CRITICAL - 2021-03-12 19:53:57 --> 22 : The requested URL returned error: 500 Internal Server Error
#0 /home/rizcky/git/project.alcentrali/engine/HTTP/CURLRequest.php(821): CodeIgniter\HTTP\Exceptions\HTTPException::forCurlError('22', 'The requested U...')
#1 /home/rizcky/git/project.alcentrali/engine/HTTP/CURLRequest.php(449): CodeIgniter\HTTP\CURLRequest->sendRequest(Array)
#2 /home/rizcky/git/project.alcentrali/engine/HTTP/CURLRequest.php(158): CodeIgniter\HTTP\CURLRequest->send('put', 'http://localhos...')
#3 /home/rizcky/git/project.alcentrali/engine/HTTP/CURLRequest.php(265): CodeIgniter\HTTP\CURLRequest->request('put', 'http://localhos...', Array)
#4 /home/rizcky/git/project.alcentrali/officer/appcore/Controllers/Starter.php(180): CodeIgniter\HTTP\CURLRequest->put('http://localhos...', Array)
#5 /home/rizcky/git/project.alcentrali/engine/CodeIgniter.php(918): App\Controllers\Starter->setup()
#6 /home/rizcky/git/project.alcentrali/engine/CodeIgniter.php(404): CodeIgniter\CodeIgniter->runController(Object(App\Controllers\Starter))
#7 /home/rizcky/git/project.alcentrali/engine/CodeIgniter.php(312): CodeIgniter\CodeIgniter->handleRequest(NULL, Object(Config\Cache), false)
#8 /home/rizcky/git/project.alcentrali/officer/index/index.php(45): CodeIgniter\CodeIgniter->run()
#9 {main}
CRITICAL - 2021-03-12 19:54:03 --> Duplicate entry 'rizckyfm-rizkyfm64@gmail.com-081320499093' for key 'uniqueuser'
#0 /home/rizcky/git/project.alcentrali/engine/Database/MySQLi/Connection.php(331): mysqli->query('INSERT INTO `fm...')
#1 /home/rizcky/git/project.alcentrali/engine/Database/BaseConnection.php(741): CodeIgniter\Database\MySQLi\Connection->execute('INSERT INTO `fm...')
#2 /home/rizcky/git/project.alcentrali/engine/Database/BaseConnection.php(669): CodeIgniter\Database\BaseConnection->simpleQuery('INSERT INTO `fm...')
#3 /home/rizcky/git/project.alcentrali/engine/Database/BaseBuilder.php(2249): CodeIgniter\Database\BaseConnection->query('INSERT INTO `fm...', Array, false)
#4 /home/rizcky/git/project.alcentrali/engine/Model.php(755): CodeIgniter\Database\BaseBuilder->insert()
#5 /home/rizcky/git/project.alcentrali/server/syscore/Controllers/OfficerRequest.php(148): CodeIgniter\Model->insert(Array)
#6 /home/rizcky/git/project.alcentrali/engine/CodeIgniter.php(918): App\Controllers\OfficerRequest->officerValidation()
#7 /home/rizcky/git/project.alcentrali/engine/CodeIgniter.php(404): CodeIgniter\CodeIgniter->runController(Object(App\Controllers\OfficerRequest))
#8 /home/rizcky/git/project.alcentrali/engine/CodeIgniter.php(312): CodeIgniter\CodeIgniter->handleRequest(NULL, Object(Config\Cache), false)
#9 /home/rizcky/git/project.alcentrali/server/index/index.php(45): CodeIgniter\CodeIgniter->run()
#10 {main}
CRITICAL - 2021-03-12 19:54:03 --> 22 : The requested URL returned error: 500 Internal Server Error
#0 /home/rizcky/git/project.alcentrali/engine/HTTP/CURLRequest.php(821): CodeIgniter\HTTP\Exceptions\HTTPException::forCurlError('22', 'The requested U...')
#1 /home/rizcky/git/project.alcentrali/engine/HTTP/CURLRequest.php(449): CodeIgniter\HTTP\CURLRequest->sendRequest(Array)
#2 /home/rizcky/git/project.alcentrali/engine/HTTP/CURLRequest.php(158): CodeIgniter\HTTP\CURLRequest->send('put', 'http://localhos...')
#3 /home/rizcky/git/project.alcentrali/engine/HTTP/CURLRequest.php(265): CodeIgniter\HTTP\CURLRequest->request('put', 'http://localhos...', Array)
#4 /home/rizcky/git/project.alcentrali/officer/appcore/Controllers/Starter.php(180): CodeIgniter\HTTP\CURLRequest->put('http://localhos...', Array)
#5 /home/rizcky/git/project.alcentrali/engine/CodeIgniter.php(918): App\Controllers\Starter->setup()
#6 /home/rizcky/git/project.alcentrali/engine/CodeIgniter.php(404): CodeIgniter\CodeIgniter->runController(Object(App\Controllers\Starter))
#7 /home/rizcky/git/project.alcentrali/engine/CodeIgniter.php(312): CodeIgniter\CodeIgniter->handleRequest(NULL, Object(Config\Cache), false)
#8 /home/rizcky/git/project.alcentrali/officer/index/index.php(45): CodeIgniter\CodeIgniter->run()
#9 {main}
