CRITICAL - 2020-07-24 13:25:35 --> Trying to access array offset on value of type null
#0 /home/rizcky/git/project.alcentrali/core/Controllers/OfficerRequest.php(26): CodeIgniter\Debug\Exceptions->errorHandler(8, 'Trying to acces...', '/home/rizcky/gi...', 26, Array)
#1 /home/rizcky/git/project.alcentrali/engine/CodeIgniter.php(918): App\Controllers\OfficerRequest->setup()
#2 /home/rizcky/git/project.alcentrali/engine/CodeIgniter.php(404): CodeIgniter\CodeIgniter->runController(Object(App\Controllers\OfficerRequest))
#3 /home/rizcky/git/project.alcentrali/engine/CodeIgniter.php(312): CodeIgniter\CodeIgniter->handleRequest(NULL, Object(Config\Cache), false)
#4 /home/rizcky/git/project.alcentrali/public/index.php(44): CodeIgniter\CodeIgniter->run()
#5 {main}
CRITICAL - 2020-07-24 13:26:24 --> Trying to access array offset on value of type null
#0 /home/rizcky/git/project.alcentrali/core/Controllers/OfficerRequest.php(26): CodeIgniter\Debug\Exceptions->errorHandler(8, 'Trying to acces...', '/home/rizcky/gi...', 26, Array)
#1 /home/rizcky/git/project.alcentrali/engine/CodeIgniter.php(918): App\Controllers\OfficerRequest->setup()
#2 /home/rizcky/git/project.alcentrali/engine/CodeIgniter.php(404): CodeIgniter\CodeIgniter->runController(Object(App\Controllers\OfficerRequest))
#3 /home/rizcky/git/project.alcentrali/engine/CodeIgniter.php(312): CodeIgniter\CodeIgniter->handleRequest(NULL, Object(Config\Cache), false)
#4 /home/rizcky/git/project.alcentrali/public/index.php(44): CodeIgniter\CodeIgniter->run()
#5 {main}
CRITICAL - 2020-07-24 13:26:46 --> Trying to access array offset on value of type null
#0 /home/rizcky/git/project.alcentrali/core/Controllers/OfficerRequest.php(26): CodeIgniter\Debug\Exceptions->errorHandler(8, 'Trying to acces...', '/home/rizcky/gi...', 26, Array)
#1 /home/rizcky/git/project.alcentrali/engine/CodeIgniter.php(918): App\Controllers\OfficerRequest->setup()
#2 /home/rizcky/git/project.alcentrali/engine/CodeIgniter.php(404): CodeIgniter\CodeIgniter->runController(Object(App\Controllers\OfficerRequest))
#3 /home/rizcky/git/project.alcentrali/engine/CodeIgniter.php(312): CodeIgniter\CodeIgniter->handleRequest(NULL, Object(Config\Cache), false)
#4 /home/rizcky/git/project.alcentrali/public/index.php(44): CodeIgniter\CodeIgniter->run()
#5 {main}
CRITICAL - 2020-07-24 13:27:02 --> Trying to access array offset on value of type null
#0 /home/rizcky/git/project.alcentrali/core/Controllers/OfficerRequest.php(26): CodeIgniter\Debug\Exceptions->errorHandler(8, 'Trying to acces...', '/home/rizcky/gi...', 26, Array)
#1 /home/rizcky/git/project.alcentrali/engine/CodeIgniter.php(918): App\Controllers\OfficerRequest->setup()
#2 /home/rizcky/git/project.alcentrali/engine/CodeIgniter.php(404): CodeIgniter\CodeIgniter->runController(Object(App\Controllers\OfficerRequest))
#3 /home/rizcky/git/project.alcentrali/engine/CodeIgniter.php(312): CodeIgniter\CodeIgniter->handleRequest(NULL, Object(Config\Cache), false)
#4 /home/rizcky/git/project.alcentrali/public/index.php(44): CodeIgniter\CodeIgniter->run()
#5 {main}
CRITICAL - 2020-07-24 13:27:19 --> Trying to access array offset on value of type null
#0 /home/rizcky/git/project.alcentrali/core/Controllers/OfficerRequest.php(26): CodeIgniter\Debug\Exceptions->errorHandler(8, 'Trying to acces...', '/home/rizcky/gi...', 26, Array)
#1 /home/rizcky/git/project.alcentrali/engine/CodeIgniter.php(918): App\Controllers\OfficerRequest->setup()
#2 /home/rizcky/git/project.alcentrali/engine/CodeIgniter.php(404): CodeIgniter\CodeIgniter->runController(Object(App\Controllers\OfficerRequest))
#3 /home/rizcky/git/project.alcentrali/engine/CodeIgniter.php(312): CodeIgniter\CodeIgniter->handleRequest(NULL, Object(Config\Cache), false)
#4 /home/rizcky/git/project.alcentrali/public/index.php(44): CodeIgniter\CodeIgniter->run()
#5 {main}
CRITICAL - 2020-07-24 13:27:24 --> Undefined index: service
#0 /home/rizcky/git/project.alcentrali/core/Controllers/OfficerRequest.php(26): CodeIgniter\Debug\Exceptions->errorHandler(8, 'Undefined index...', '/home/rizcky/gi...', 26, Array)
#1 /home/rizcky/git/project.alcentrali/engine/CodeIgniter.php(918): App\Controllers\OfficerRequest->setup()
#2 /home/rizcky/git/project.alcentrali/engine/CodeIgniter.php(404): CodeIgniter\CodeIgniter->runController(Object(App\Controllers\OfficerRequest))
#3 /home/rizcky/git/project.alcentrali/engine/CodeIgniter.php(312): CodeIgniter\CodeIgniter->handleRequest(NULL, Object(Config\Cache), false)
#4 /home/rizcky/git/project.alcentrali/public/index.php(44): CodeIgniter\CodeIgniter->run()
#5 {main}
CRITICAL - 2020-07-24 13:28:18 --> Trying to access array offset on value of type null
#0 /home/rizcky/git/project.alcentrali/core/Controllers/OfficerRequest.php(26): CodeIgniter\Debug\Exceptions->errorHandler(8, 'Trying to acces...', '/home/rizcky/gi...', 26, Array)
#1 /home/rizcky/git/project.alcentrali/engine/CodeIgniter.php(918): App\Controllers\OfficerRequest->setup()
#2 /home/rizcky/git/project.alcentrali/engine/CodeIgniter.php(404): CodeIgniter\CodeIgniter->runController(Object(App\Controllers\OfficerRequest))
#3 /home/rizcky/git/project.alcentrali/engine/CodeIgniter.php(312): CodeIgniter\CodeIgniter->handleRequest(NULL, Object(Config\Cache), false)
#4 /home/rizcky/git/project.alcentrali/public/index.php(44): CodeIgniter\CodeIgniter->run()
#5 {main}
CRITICAL - 2020-07-24 13:28:22 --> Trying to access array offset on value of type null
#0 /home/rizcky/git/project.alcentrali/core/Controllers/OfficerRequest.php(26): CodeIgniter\Debug\Exceptions->errorHandler(8, 'Trying to acces...', '/home/rizcky/gi...', 26, Array)
#1 /home/rizcky/git/project.alcentrali/engine/CodeIgniter.php(918): App\Controllers\OfficerRequest->setup()
#2 /home/rizcky/git/project.alcentrali/engine/CodeIgniter.php(404): CodeIgniter\CodeIgniter->runController(Object(App\Controllers\OfficerRequest))
#3 /home/rizcky/git/project.alcentrali/engine/CodeIgniter.php(312): CodeIgniter\CodeIgniter->handleRequest(NULL, Object(Config\Cache), false)
#4 /home/rizcky/git/project.alcentrali/public/index.php(44): CodeIgniter\CodeIgniter->run()
#5 {main}
CRITICAL - 2020-07-24 13:28:23 --> Trying to access array offset on value of type null
#0 /home/rizcky/git/project.alcentrali/core/Controllers/OfficerRequest.php(26): CodeIgniter\Debug\Exceptions->errorHandler(8, 'Trying to acces...', '/home/rizcky/gi...', 26, Array)
#1 /home/rizcky/git/project.alcentrali/engine/CodeIgniter.php(918): App\Controllers\OfficerRequest->setup()
#2 /home/rizcky/git/project.alcentrali/engine/CodeIgniter.php(404): CodeIgniter\CodeIgniter->runController(Object(App\Controllers\OfficerRequest))
#3 /home/rizcky/git/project.alcentrali/engine/CodeIgniter.php(312): CodeIgniter\CodeIgniter->handleRequest(NULL, Object(Config\Cache), false)
#4 /home/rizcky/git/project.alcentrali/public/index.php(44): CodeIgniter\CodeIgniter->run()
#5 {main}
CRITICAL - 2020-07-24 13:28:23 --> Trying to access array offset on value of type null
#0 /home/rizcky/git/project.alcentrali/core/Controllers/OfficerRequest.php(26): CodeIgniter\Debug\Exceptions->errorHandler(8, 'Trying to acces...', '/home/rizcky/gi...', 26, Array)
#1 /home/rizcky/git/project.alcentrali/engine/CodeIgniter.php(918): App\Controllers\OfficerRequest->setup()
#2 /home/rizcky/git/project.alcentrali/engine/CodeIgniter.php(404): CodeIgniter\CodeIgniter->runController(Object(App\Controllers\OfficerRequest))
#3 /home/rizcky/git/project.alcentrali/engine/CodeIgniter.php(312): CodeIgniter\CodeIgniter->handleRequest(NULL, Object(Config\Cache), false)
#4 /home/rizcky/git/project.alcentrali/public/index.php(44): CodeIgniter\CodeIgniter->run()
#5 {main}
CRITICAL - 2020-07-24 13:28:23 --> Trying to access array offset on value of type null
#0 /home/rizcky/git/project.alcentrali/core/Controllers/OfficerRequest.php(26): CodeIgniter\Debug\Exceptions->errorHandler(8, 'Trying to acces...', '/home/rizcky/gi...', 26, Array)
#1 /home/rizcky/git/project.alcentrali/engine/CodeIgniter.php(918): App\Controllers\OfficerRequest->setup()
#2 /home/rizcky/git/project.alcentrali/engine/CodeIgniter.php(404): CodeIgniter\CodeIgniter->runController(Object(App\Controllers\OfficerRequest))
#3 /home/rizcky/git/project.alcentrali/engine/CodeIgniter.php(312): CodeIgniter\CodeIgniter->handleRequest(NULL, Object(Config\Cache), false)
#4 /home/rizcky/git/project.alcentrali/public/index.php(44): CodeIgniter\CodeIgniter->run()
#5 {main}
CRITICAL - 2020-07-24 13:28:23 --> Trying to access array offset on value of type null
#0 /home/rizcky/git/project.alcentrali/core/Controllers/OfficerRequest.php(26): CodeIgniter\Debug\Exceptions->errorHandler(8, 'Trying to acces...', '/home/rizcky/gi...', 26, Array)
#1 /home/rizcky/git/project.alcentrali/engine/CodeIgniter.php(918): App\Controllers\OfficerRequest->setup()
#2 /home/rizcky/git/project.alcentrali/engine/CodeIgniter.php(404): CodeIgniter\CodeIgniter->runController(Object(App\Controllers\OfficerRequest))
#3 /home/rizcky/git/project.alcentrali/engine/CodeIgniter.php(312): CodeIgniter\CodeIgniter->handleRequest(NULL, Object(Config\Cache), false)
#4 /home/rizcky/git/project.alcentrali/public/index.php(44): CodeIgniter\CodeIgniter->run()
#5 {main}
CRITICAL - 2020-07-24 13:28:23 --> Trying to access array offset on value of type null
#0 /home/rizcky/git/project.alcentrali/core/Controllers/OfficerRequest.php(26): CodeIgniter\Debug\Exceptions->errorHandler(8, 'Trying to acces...', '/home/rizcky/gi...', 26, Array)
#1 /home/rizcky/git/project.alcentrali/engine/CodeIgniter.php(918): App\Controllers\OfficerRequest->setup()
#2 /home/rizcky/git/project.alcentrali/engine/CodeIgniter.php(404): CodeIgniter\CodeIgniter->runController(Object(App\Controllers\OfficerRequest))
#3 /home/rizcky/git/project.alcentrali/engine/CodeIgniter.php(312): CodeIgniter\CodeIgniter->handleRequest(NULL, Object(Config\Cache), false)
#4 /home/rizcky/git/project.alcentrali/public/index.php(44): CodeIgniter\CodeIgniter->run()
#5 {main}
CRITICAL - 2020-07-24 13:28:23 --> Trying to access array offset on value of type null
#0 /home/rizcky/git/project.alcentrali/core/Controllers/OfficerRequest.php(26): CodeIgniter\Debug\Exceptions->errorHandler(8, 'Trying to acces...', '/home/rizcky/gi...', 26, Array)
#1 /home/rizcky/git/project.alcentrali/engine/CodeIgniter.php(918): App\Controllers\OfficerRequest->setup()
#2 /home/rizcky/git/project.alcentrali/engine/CodeIgniter.php(404): CodeIgniter\CodeIgniter->runController(Object(App\Controllers\OfficerRequest))
#3 /home/rizcky/git/project.alcentrali/engine/CodeIgniter.php(312): CodeIgniter\CodeIgniter->handleRequest(NULL, Object(Config\Cache), false)
#4 /home/rizcky/git/project.alcentrali/public/index.php(44): CodeIgniter\CodeIgniter->run()
#5 {main}
