CRITICAL - 2020-10-16 10:56:31 --> syntax error, unexpected 'var' (T_VAR)
#0 /home/rizcky/git/project.alcentrali/engine/Autoloader/Autoloader.php(296): CodeIgniter\Autoloader\Autoloader->requireFile('/home/rizcky/gi...')
#1 /home/rizcky/git/project.alcentrali/engine/Autoloader/Autoloader.php(258): CodeIgniter\Autoloader\Autoloader->loadInNamespace('App\\Controllers...')
#2 [internal function]: CodeIgniter\Autoloader\Autoloader->loadClass('App\\Controllers...')
#3 [internal function]: spl_autoload_call('App\\Controllers...')
#4 /home/rizcky/git/project.alcentrali/engine/CodeIgniter.php(869): class_exists('\\App\\Controller...', true)
#5 /home/rizcky/git/project.alcentrali/engine/CodeIgniter.php(394): CodeIgniter\CodeIgniter->startController()
#6 /home/rizcky/git/project.alcentrali/engine/CodeIgniter.php(312): CodeIgniter\CodeIgniter->handleRequest(NULL, Object(Config\Cache), false)
#7 /home/rizcky/git/project.alcentrali/rest/public/index.php(44): CodeIgniter\CodeIgniter->run()
#8 {main}
CRITICAL - 2020-10-16 11:15:24 --> get_class() expects parameter 1 to be object, string given
#0 [internal function]: CodeIgniter\Debug\Exceptions->errorHandler(2, 'get_class() exp...', '/home/rizcky/gi...', 186, Array)
#1 /home/rizcky/git/project.alcentrali/engine/RESTful/ResourceController.php(186): get_class('\\App\\Models\\Adm...')
#2 /home/rizcky/git/project.alcentrali/engine/RESTful/ResourceController.php(76): CodeIgniter\RESTful\ResourceController->setModel(NULL)
#3 /home/rizcky/git/project.alcentrali/rest/core/Controllers/BaseReSTController.php(21): CodeIgniter\RESTful\ResourceController->initController(Object(CodeIgniter\HTTP\IncomingRequest), Object(CodeIgniter\HTTP\Response), Object(CodeIgniter\Log\Logger))
#4 /home/rizcky/git/project.alcentrali/engine/CodeIgniter.php(891): App\Controllers\BaseReSTController->initController(Object(CodeIgniter\HTTP\IncomingRequest), Object(CodeIgniter\HTTP\Response), Object(CodeIgniter\Log\Logger))
#5 /home/rizcky/git/project.alcentrali/engine/CodeIgniter.php(399): CodeIgniter\CodeIgniter->createController()
#6 /home/rizcky/git/project.alcentrali/engine/CodeIgniter.php(312): CodeIgniter\CodeIgniter->handleRequest(NULL, Object(Config\Cache), false)
#7 /home/rizcky/git/project.alcentrali/rest/public/index.php(44): CodeIgniter\CodeIgniter->run()
#8 {main}
