CRITICAL - 2020-10-25 22:34:03 --> Declaration of App\Controllers\Setup::index($step) should be compatible with App\Controllers\BaseController::index()
#0 /home/rizcky/git/project.alcentrali/officer/appcore/Controllers/Setup.php(5): CodeIgniter\Debug\Exceptions->errorHandler(2, 'Declaration of ...', '/home/rizcky/gi...', 7, Array)
#1 /home/rizcky/git/project.alcentrali/engine/Router/Router.php(583): include_once('/home/rizcky/gi...')
#2 /home/rizcky/git/project.alcentrali/engine/Router/Router.php(195): CodeIgniter\Router\Router->autoRoute('setup/firsttime')
#3 /home/rizcky/git/project.alcentrali/engine/CodeIgniter.php(793): CodeIgniter\Router\Router->handle('setup/firsttime')
#4 /home/rizcky/git/project.alcentrali/engine/CodeIgniter.php(364): CodeIgniter\CodeIgniter->tryToRouteIt(Object(CodeIgniter\Router\RouteCollection))
#5 /home/rizcky/git/project.alcentrali/engine/CodeIgniter.php(312): CodeIgniter\CodeIgniter->handleRequest(NULL, Object(Config\Cache), false)
#6 /home/rizcky/git/project.alcentrali/officer/index/index.php(45): CodeIgniter\CodeIgniter->run()
#7 {main}
CRITICAL - 2020-10-25 22:34:23 --> Declaration of App\Controllers\Setup::index($step) should be compatible with App\Controllers\BaseController::index($param = NULL)
#0 /home/rizcky/git/project.alcentrali/officer/appcore/Controllers/Setup.php(5): CodeIgniter\Debug\Exceptions->errorHandler(2, 'Declaration of ...', '/home/rizcky/gi...', 7, Array)
#1 /home/rizcky/git/project.alcentrali/engine/Router/Router.php(583): include_once('/home/rizcky/gi...')
#2 /home/rizcky/git/project.alcentrali/engine/Router/Router.php(195): CodeIgniter\Router\Router->autoRoute('setup/firsttime')
#3 /home/rizcky/git/project.alcentrali/engine/CodeIgniter.php(793): CodeIgniter\Router\Router->handle('setup/firsttime')
#4 /home/rizcky/git/project.alcentrali/engine/CodeIgniter.php(364): CodeIgniter\CodeIgniter->tryToRouteIt(Object(CodeIgniter\Router\RouteCollection))
#5 /home/rizcky/git/project.alcentrali/engine/CodeIgniter.php(312): CodeIgniter\CodeIgniter->handleRequest(NULL, Object(Config\Cache), false)
#6 /home/rizcky/git/project.alcentrali/officer/index/index.php(45): CodeIgniter\CodeIgniter->run()
#7 {main}
CRITICAL - 2020-10-25 22:34:37 --> Declaration of App\Controllers\Setup::index($step) should be compatible with App\Controllers\BaseController::index($param = NULL)
#0 /home/rizcky/git/project.alcentrali/officer/appcore/Controllers/Setup.php(5): CodeIgniter\Debug\Exceptions->errorHandler(2, 'Declaration of ...', '/home/rizcky/gi...', 7, Array)
#1 /home/rizcky/git/project.alcentrali/engine/Router/Router.php(583): include_once('/home/rizcky/gi...')
#2 /home/rizcky/git/project.alcentrali/engine/Router/Router.php(195): CodeIgniter\Router\Router->autoRoute('setup/firsttime')
#3 /home/rizcky/git/project.alcentrali/engine/CodeIgniter.php(793): CodeIgniter\Router\Router->handle('setup/firsttime')
#4 /home/rizcky/git/project.alcentrali/engine/CodeIgniter.php(364): CodeIgniter\CodeIgniter->tryToRouteIt(Object(CodeIgniter\Router\RouteCollection))
#5 /home/rizcky/git/project.alcentrali/engine/CodeIgniter.php(312): CodeIgniter\CodeIgniter->handleRequest(NULL, Object(Config\Cache), false)
#6 /home/rizcky/git/project.alcentrali/officer/index/index.php(45): CodeIgniter\CodeIgniter->run()
#7 {main}
CRITICAL - 2020-10-25 23:10:36 --> Cannot use [] for reading
#0 [internal function]: CodeIgniter\Debug\Exceptions->shutdownHandler()
#1 {main}
CRITICAL - 2020-10-25 23:10:48 --> include(/home/rizcky/git/project.alcentrali/officer/appcore/Views/setup../header.php): failed to open stream: No such file or directory
#0 /home/rizcky/git/project.alcentrali/officer/appcore/Views/setup/welcome.php(1): CodeIgniter\Debug\Exceptions->errorHandler(2, 'include(/home/r...', '/home/rizcky/gi...', 1, Array)
#1 /home/rizcky/git/project.alcentrali/officer/appcore/Views/setup/welcome.php(1): include()
#2 /home/rizcky/git/project.alcentrali/engine/View/View.php(246): include('/home/rizcky/gi...')
#3 /home/rizcky/git/project.alcentrali/engine/Common.php(1119): CodeIgniter\View\View->render('setup/welcome', Array, true)
#4 /home/rizcky/git/project.alcentrali/officer/appcore/Controllers/Setup.php(9): view('setup/welcome', Array)
#5 /home/rizcky/git/project.alcentrali/engine/CodeIgniter.php(918): App\Controllers\Setup->run('welcome')
#6 /home/rizcky/git/project.alcentrali/engine/CodeIgniter.php(404): CodeIgniter\CodeIgniter->runController(Object(App\Controllers\Setup))
#7 /home/rizcky/git/project.alcentrali/engine/CodeIgniter.php(312): CodeIgniter\CodeIgniter->handleRequest(NULL, Object(Config\Cache), false)
#8 /home/rizcky/git/project.alcentrali/officer/index/index.php(45): CodeIgniter\CodeIgniter->run()
#9 {main}
