CRITICAL - 2020-07-21 10:38:59 --> Class 'App\ThirdParty\IcyApril\CryptoLib' not found
#0 /home/rizcky/git/project.asman/engine/CodeIgniter.php(918): App\Controllers\OfficerRequest->setup()
#1 /home/rizcky/git/project.asman/engine/CodeIgniter.php(404): CodeIgniter\CodeIgniter->runController(Object(App\Controllers\OfficerRequest))
#2 /home/rizcky/git/project.asman/engine/CodeIgniter.php(312): CodeIgniter\CodeIgniter->handleRequest(NULL, Object(Config\Cache), false)
#3 /home/rizcky/git/project.asman/server/public/index.php(44): CodeIgniter\CodeIgniter->run()
#4 {main}
CRITICAL - 2020-07-21 10:38:59 --> 22 : The requested URL returned error: 500 Internal Server Error
#0 /home/rizcky/git/project.asman/engine/HTTP/CURLRequest.php(821): CodeIgniter\HTTP\Exceptions\HTTPException::forCurlError('22', 'The requested U...')
#1 /home/rizcky/git/project.asman/engine/HTTP/CURLRequest.php(449): CodeIgniter\HTTP\CURLRequest->sendRequest(Array)
#2 /home/rizcky/git/project.asman/engine/HTTP/CURLRequest.php(158): CodeIgniter\HTTP\CURLRequest->send('put', 'http://localhos...')
#3 /home/rizcky/git/project.asman/engine/HTTP/CURLRequest.php(265): CodeIgniter\HTTP\CURLRequest->request('put', 'http://localhos...', Array)
#4 /home/rizcky/git/project.asman/officer/core/Controllers/Setup.php(35): CodeIgniter\HTTP\CURLRequest->put('http://localhos...', Array)
#5 /home/rizcky/git/project.asman/engine/CodeIgniter.php(918): App\Controllers\Setup->random_key()
#6 /home/rizcky/git/project.asman/engine/CodeIgniter.php(404): CodeIgniter\CodeIgniter->runController(Object(App\Controllers\Setup))
#7 /home/rizcky/git/project.asman/engine/CodeIgniter.php(312): CodeIgniter\CodeIgniter->handleRequest(NULL, Object(Config\Cache), false)
#8 /home/rizcky/git/project.asman/officer/public/index.php(44): CodeIgniter\CodeIgniter->run()
#9 {main}
CRITICAL - 2020-07-21 10:39:38 --> Undefined constant 'MCRYPT_SERPENT'
#0 /home/rizcky/git/project.asman/server/core/Controllers/OfficerRequest.php(31): App\ThirdParty\CryptoLib::changePepper('bvEGmV9B9IFFwEx...')
#1 /home/rizcky/git/project.asman/engine/CodeIgniter.php(918): App\Controllers\OfficerRequest->setup()
#2 /home/rizcky/git/project.asman/engine/CodeIgniter.php(404): CodeIgniter\CodeIgniter->runController(Object(App\Controllers\OfficerRequest))
#3 /home/rizcky/git/project.asman/engine/CodeIgniter.php(312): CodeIgniter\CodeIgniter->handleRequest(NULL, Object(Config\Cache), false)
#4 /home/rizcky/git/project.asman/server/public/index.php(44): CodeIgniter\CodeIgniter->run()
#5 {main}
CRITICAL - 2020-07-21 10:39:38 --> 22 : The requested URL returned error: 500 Internal Server Error
#0 /home/rizcky/git/project.asman/engine/HTTP/CURLRequest.php(821): CodeIgniter\HTTP\Exceptions\HTTPException::forCurlError('22', 'The requested U...')
#1 /home/rizcky/git/project.asman/engine/HTTP/CURLRequest.php(449): CodeIgniter\HTTP\CURLRequest->sendRequest(Array)
#2 /home/rizcky/git/project.asman/engine/HTTP/CURLRequest.php(158): CodeIgniter\HTTP\CURLRequest->send('put', 'http://localhos...')
#3 /home/rizcky/git/project.asman/engine/HTTP/CURLRequest.php(265): CodeIgniter\HTTP\CURLRequest->request('put', 'http://localhos...', Array)
#4 /home/rizcky/git/project.asman/officer/core/Controllers/Setup.php(35): CodeIgniter\HTTP\CURLRequest->put('http://localhos...', Array)
#5 /home/rizcky/git/project.asman/engine/CodeIgniter.php(918): App\Controllers\Setup->random_key()
#6 /home/rizcky/git/project.asman/engine/CodeIgniter.php(404): CodeIgniter\CodeIgniter->runController(Object(App\Controllers\Setup))
#7 /home/rizcky/git/project.asman/engine/CodeIgniter.php(312): CodeIgniter\CodeIgniter->handleRequest(NULL, Object(Config\Cache), false)
#8 /home/rizcky/git/project.asman/officer/public/index.php(44): CodeIgniter\CodeIgniter->run()
#9 {main}
CRITICAL - 2020-07-21 10:40:15 --> Trying to access array offset on value of type null
#0 /home/rizcky/git/project.asman/server/core/Controllers/OfficerRequest.php(27): CodeIgniter\Debug\Exceptions->errorHandler(8, 'Trying to acces...', '/home/rizcky/gi...', 27, Array)
#1 /home/rizcky/git/project.asman/engine/CodeIgniter.php(918): App\Controllers\OfficerRequest->setup()
#2 /home/rizcky/git/project.asman/engine/CodeIgniter.php(404): CodeIgniter\CodeIgniter->runController(Object(App\Controllers\OfficerRequest))
#3 /home/rizcky/git/project.asman/engine/CodeIgniter.php(312): CodeIgniter\CodeIgniter->handleRequest(NULL, Object(Config\Cache), false)
#4 /home/rizcky/git/project.asman/server/public/index.php(44): CodeIgniter\CodeIgniter->run()
#5 {main}
CRITICAL - 2020-07-21 10:40:49 --> Trying to access array offset on value of type null
#0 /home/rizcky/git/project.asman/server/core/Controllers/OfficerRequest.php(27): CodeIgniter\Debug\Exceptions->errorHandler(8, 'Trying to acces...', '/home/rizcky/gi...', 27, Array)
#1 /home/rizcky/git/project.asman/engine/CodeIgniter.php(918): App\Controllers\OfficerRequest->setup()
#2 /home/rizcky/git/project.asman/engine/CodeIgniter.php(404): CodeIgniter\CodeIgniter->runController(Object(App\Controllers\OfficerRequest))
#3 /home/rizcky/git/project.asman/engine/CodeIgniter.php(312): CodeIgniter\CodeIgniter->handleRequest(NULL, Object(Config\Cache), false)
#4 /home/rizcky/git/project.asman/server/public/index.php(44): CodeIgniter\CodeIgniter->run()
#5 {main}
CRITICAL - 2020-07-21 10:41:40 --> Trying to access array offset on value of type null
#0 /home/rizcky/git/project.asman/server/core/Controllers/OfficerRequest.php(27): CodeIgniter\Debug\Exceptions->errorHandler(8, 'Trying to acces...', '/home/rizcky/gi...', 27, Array)
#1 /home/rizcky/git/project.asman/engine/CodeIgniter.php(918): App\Controllers\OfficerRequest->setup()
#2 /home/rizcky/git/project.asman/engine/CodeIgniter.php(404): CodeIgniter\CodeIgniter->runController(Object(App\Controllers\OfficerRequest))
#3 /home/rizcky/git/project.asman/engine/CodeIgniter.php(312): CodeIgniter\CodeIgniter->handleRequest(NULL, Object(Config\Cache), false)
#4 /home/rizcky/git/project.asman/server/public/index.php(44): CodeIgniter\CodeIgniter->run()
#5 {main}
CRITICAL - 2020-07-21 10:42:59 --> Trying to access array offset on value of type null
#0 /home/rizcky/git/project.asman/server/core/Controllers/OfficerRequest.php(27): CodeIgniter\Debug\Exceptions->errorHandler(8, 'Trying to acces...', '/home/rizcky/gi...', 27, Array)
#1 /home/rizcky/git/project.asman/engine/CodeIgniter.php(918): App\Controllers\OfficerRequest->setup()
#2 /home/rizcky/git/project.asman/engine/CodeIgniter.php(404): CodeIgniter\CodeIgniter->runController(Object(App\Controllers\OfficerRequest))
#3 /home/rizcky/git/project.asman/engine/CodeIgniter.php(312): CodeIgniter\CodeIgniter->handleRequest(NULL, Object(Config\Cache), false)
#4 /home/rizcky/git/project.asman/server/public/index.php(44): CodeIgniter\CodeIgniter->run()
#5 {main}
CRITICAL - 2020-07-21 10:43:29 --> Trying to access array offset on value of type null
#0 /home/rizcky/git/project.asman/server/core/Controllers/OfficerRequest.php(27): CodeIgniter\Debug\Exceptions->errorHandler(8, 'Trying to acces...', '/home/rizcky/gi...', 27, Array)
#1 /home/rizcky/git/project.asman/engine/CodeIgniter.php(918): App\Controllers\OfficerRequest->setup()
#2 /home/rizcky/git/project.asman/engine/CodeIgniter.php(404): CodeIgniter\CodeIgniter->runController(Object(App\Controllers\OfficerRequest))
#3 /home/rizcky/git/project.asman/engine/CodeIgniter.php(312): CodeIgniter\CodeIgniter->handleRequest(NULL, Object(Config\Cache), false)
#4 /home/rizcky/git/project.asman/server/public/index.php(44): CodeIgniter\CodeIgniter->run()
#5 {main}
CRITICAL - 2020-07-21 10:43:41 --> Trying to access array offset on value of type null
#0 /home/rizcky/git/project.asman/server/core/Controllers/OfficerRequest.php(27): CodeIgniter\Debug\Exceptions->errorHandler(8, 'Trying to acces...', '/home/rizcky/gi...', 27, Array)
#1 /home/rizcky/git/project.asman/engine/CodeIgniter.php(918): App\Controllers\OfficerRequest->setup()
#2 /home/rizcky/git/project.asman/engine/CodeIgniter.php(404): CodeIgniter\CodeIgniter->runController(Object(App\Controllers\OfficerRequest))
#3 /home/rizcky/git/project.asman/engine/CodeIgniter.php(312): CodeIgniter\CodeIgniter->handleRequest(NULL, Object(Config\Cache), false)
#4 /home/rizcky/git/project.asman/server/public/index.php(44): CodeIgniter\CodeIgniter->run()
#5 {main}
CRITICAL - 2020-07-21 10:57:52 --> Undefined constant 'MCRYPT_SERPENT'
#0 /home/rizcky/git/project.asman/server/core/Controllers/OfficerRequest.php(32): App\ThirdParty\CryptoLib::changePepper('bvEGmV9B9IFFwEx...')
#1 /home/rizcky/git/project.asman/engine/CodeIgniter.php(918): App\Controllers\OfficerRequest->setup()
#2 /home/rizcky/git/project.asman/engine/CodeIgniter.php(404): CodeIgniter\CodeIgniter->runController(Object(App\Controllers\OfficerRequest))
#3 /home/rizcky/git/project.asman/engine/CodeIgniter.php(312): CodeIgniter\CodeIgniter->handleRequest(NULL, Object(Config\Cache), false)
#4 /home/rizcky/git/project.asman/server/public/index.php(44): CodeIgniter\CodeIgniter->run()
#5 {main}
CRITICAL - 2020-07-21 10:57:52 --> 22 : The requested URL returned error: 500 Internal Server Error
#0 /home/rizcky/git/project.asman/engine/HTTP/CURLRequest.php(821): CodeIgniter\HTTP\Exceptions\HTTPException::forCurlError('22', 'The requested U...')
#1 /home/rizcky/git/project.asman/engine/HTTP/CURLRequest.php(449): CodeIgniter\HTTP\CURLRequest->sendRequest(Array)
#2 /home/rizcky/git/project.asman/engine/HTTP/CURLRequest.php(158): CodeIgniter\HTTP\CURLRequest->send('put', 'http://localhos...')
#3 /home/rizcky/git/project.asman/engine/HTTP/CURLRequest.php(265): CodeIgniter\HTTP\CURLRequest->request('put', 'http://localhos...', Array)
#4 /home/rizcky/git/project.asman/officer/core/Controllers/Setup.php(38): CodeIgniter\HTTP\CURLRequest->put('http://localhos...', Array)
#5 /home/rizcky/git/project.asman/engine/CodeIgniter.php(918): App\Controllers\Setup->random_key()
#6 /home/rizcky/git/project.asman/engine/CodeIgniter.php(404): CodeIgniter\CodeIgniter->runController(Object(App\Controllers\Setup))
#7 /home/rizcky/git/project.asman/engine/CodeIgniter.php(312): CodeIgniter\CodeIgniter->handleRequest(NULL, Object(Config\Cache), false)
#8 /home/rizcky/git/project.asman/officer/public/index.php(44): CodeIgniter\CodeIgniter->run()
#9 {main}
CRITICAL - 2020-07-21 11:01:31 --> Class 'App\ThirdParty\IcyApril\CryptoLib' not found
#0 /home/rizcky/git/project.asman/engine/CodeIgniter.php(918): App\Controllers\OfficerRequest->setup()
#1 /home/rizcky/git/project.asman/engine/CodeIgniter.php(404): CodeIgniter\CodeIgniter->runController(Object(App\Controllers\OfficerRequest))
#2 /home/rizcky/git/project.asman/engine/CodeIgniter.php(312): CodeIgniter\CodeIgniter->handleRequest(NULL, Object(Config\Cache), false)
#3 /home/rizcky/git/project.asman/server/public/index.php(44): CodeIgniter\CodeIgniter->run()
#4 {main}
CRITICAL - 2020-07-21 11:01:31 --> 22 : The requested URL returned error: 500 Internal Server Error
#0 /home/rizcky/git/project.asman/engine/HTTP/CURLRequest.php(821): CodeIgniter\HTTP\Exceptions\HTTPException::forCurlError('22', 'The requested U...')
#1 /home/rizcky/git/project.asman/engine/HTTP/CURLRequest.php(449): CodeIgniter\HTTP\CURLRequest->sendRequest(Array)
#2 /home/rizcky/git/project.asman/engine/HTTP/CURLRequest.php(158): CodeIgniter\HTTP\CURLRequest->send('put', 'http://localhos...')
#3 /home/rizcky/git/project.asman/engine/HTTP/CURLRequest.php(265): CodeIgniter\HTTP\CURLRequest->request('put', 'http://localhos...', Array)
#4 /home/rizcky/git/project.asman/officer/core/Controllers/Setup.php(38): CodeIgniter\HTTP\CURLRequest->put('http://localhos...', Array)
#5 /home/rizcky/git/project.asman/engine/CodeIgniter.php(918): App\Controllers\Setup->random_key()
#6 /home/rizcky/git/project.asman/engine/CodeIgniter.php(404): CodeIgniter\CodeIgniter->runController(Object(App\Controllers\Setup))
#7 /home/rizcky/git/project.asman/engine/CodeIgniter.php(312): CodeIgniter\CodeIgniter->handleRequest(NULL, Object(Config\Cache), false)
#8 /home/rizcky/git/project.asman/officer/public/index.php(44): CodeIgniter\CodeIgniter->run()
#9 {main}
CRITICAL - 2020-07-21 11:01:58 --> Trying to access array offset on value of type null
#0 /home/rizcky/git/project.asman/server/core/Controllers/OfficerRequest.php(31): CodeIgniter\Debug\Exceptions->errorHandler(8, 'Trying to acces...', '/home/rizcky/gi...', 31, Array)
#1 /home/rizcky/git/project.asman/engine/CodeIgniter.php(918): App\Controllers\OfficerRequest->setup()
#2 /home/rizcky/git/project.asman/engine/CodeIgniter.php(404): CodeIgniter\CodeIgniter->runController(Object(App\Controllers\OfficerRequest))
#3 /home/rizcky/git/project.asman/engine/CodeIgniter.php(312): CodeIgniter\CodeIgniter->handleRequest(NULL, Object(Config\Cache), false)
#4 /home/rizcky/git/project.asman/server/public/index.php(44): CodeIgniter\CodeIgniter->run()
#5 {main}
CRITICAL - 2020-07-21 11:02:30 --> Trying to access array offset on value of type null
#0 /home/rizcky/git/project.asman/server/core/Controllers/OfficerRequest.php(31): CodeIgniter\Debug\Exceptions->errorHandler(8, 'Trying to acces...', '/home/rizcky/gi...', 31, Array)
#1 /home/rizcky/git/project.asman/engine/CodeIgniter.php(918): App\Controllers\OfficerRequest->setup()
#2 /home/rizcky/git/project.asman/engine/CodeIgniter.php(404): CodeIgniter\CodeIgniter->runController(Object(App\Controllers\OfficerRequest))
#3 /home/rizcky/git/project.asman/engine/CodeIgniter.php(312): CodeIgniter\CodeIgniter->handleRequest(NULL, Object(Config\Cache), false)
#4 /home/rizcky/git/project.asman/server/public/index.php(44): CodeIgniter\CodeIgniter->run()
#5 {main}
CRITICAL - 2020-07-21 11:02:48 --> Trying to access array offset on value of type null
#0 /home/rizcky/git/project.asman/server/core/Controllers/OfficerRequest.php(31): CodeIgniter\Debug\Exceptions->errorHandler(8, 'Trying to acces...', '/home/rizcky/gi...', 31, Array)
#1 /home/rizcky/git/project.asman/engine/CodeIgniter.php(918): App\Controllers\OfficerRequest->setup()
#2 /home/rizcky/git/project.asman/engine/CodeIgniter.php(404): CodeIgniter\CodeIgniter->runController(Object(App\Controllers\OfficerRequest))
#3 /home/rizcky/git/project.asman/engine/CodeIgniter.php(312): CodeIgniter\CodeIgniter->handleRequest(NULL, Object(Config\Cache), false)
#4 /home/rizcky/git/project.asman/server/public/index.php(44): CodeIgniter\CodeIgniter->run()
#5 {main}
CRITICAL - 2020-07-21 11:03:24 --> Trying to access array offset on value of type null
#0 /home/rizcky/git/project.asman/server/core/Controllers/OfficerRequest.php(31): CodeIgniter\Debug\Exceptions->errorHandler(8, 'Trying to acces...', '/home/rizcky/gi...', 31, Array)
#1 /home/rizcky/git/project.asman/engine/CodeIgniter.php(918): App\Controllers\OfficerRequest->setup()
#2 /home/rizcky/git/project.asman/engine/CodeIgniter.php(404): CodeIgniter\CodeIgniter->runController(Object(App\Controllers\OfficerRequest))
#3 /home/rizcky/git/project.asman/engine/CodeIgniter.php(312): CodeIgniter\CodeIgniter->handleRequest(NULL, Object(Config\Cache), false)
#4 /home/rizcky/git/project.asman/server/public/index.php(44): CodeIgniter\CodeIgniter->run()
#5 {main}
CRITICAL - 2020-07-21 11:04:01 --> Trying to access array offset on value of type null
#0 /home/rizcky/git/project.asman/server/core/Controllers/OfficerRequest.php(31): CodeIgniter\Debug\Exceptions->errorHandler(8, 'Trying to acces...', '/home/rizcky/gi...', 31, Array)
#1 /home/rizcky/git/project.asman/engine/CodeIgniter.php(918): App\Controllers\OfficerRequest->setup()
#2 /home/rizcky/git/project.asman/engine/CodeIgniter.php(404): CodeIgniter\CodeIgniter->runController(Object(App\Controllers\OfficerRequest))
#3 /home/rizcky/git/project.asman/engine/CodeIgniter.php(312): CodeIgniter\CodeIgniter->handleRequest(NULL, Object(Config\Cache), false)
#4 /home/rizcky/git/project.asman/server/public/index.php(44): CodeIgniter\CodeIgniter->run()
#5 {main}
CRITICAL - 2020-07-21 11:04:13 --> Trying to access array offset on value of type null
#0 /home/rizcky/git/project.asman/server/core/Controllers/OfficerRequest.php(31): CodeIgniter\Debug\Exceptions->errorHandler(8, 'Trying to acces...', '/home/rizcky/gi...', 31, Array)
#1 /home/rizcky/git/project.asman/engine/CodeIgniter.php(918): App\Controllers\OfficerRequest->setup()
#2 /home/rizcky/git/project.asman/engine/CodeIgniter.php(404): CodeIgniter\CodeIgniter->runController(Object(App\Controllers\OfficerRequest))
#3 /home/rizcky/git/project.asman/engine/CodeIgniter.php(312): CodeIgniter\CodeIgniter->handleRequest(NULL, Object(Config\Cache), false)
#4 /home/rizcky/git/project.asman/server/public/index.php(44): CodeIgniter\CodeIgniter->run()
#5 {main}
CRITICAL - 2020-07-21 11:04:21 --> Trying to access array offset on value of type null
#0 /home/rizcky/git/project.asman/server/core/Controllers/OfficerRequest.php(31): CodeIgniter\Debug\Exceptions->errorHandler(8, 'Trying to acces...', '/home/rizcky/gi...', 31, Array)
#1 /home/rizcky/git/project.asman/engine/CodeIgniter.php(918): App\Controllers\OfficerRequest->setup()
#2 /home/rizcky/git/project.asman/engine/CodeIgniter.php(404): CodeIgniter\CodeIgniter->runController(Object(App\Controllers\OfficerRequest))
#3 /home/rizcky/git/project.asman/engine/CodeIgniter.php(312): CodeIgniter\CodeIgniter->handleRequest(NULL, Object(Config\Cache), false)
#4 /home/rizcky/git/project.asman/server/public/index.php(44): CodeIgniter\CodeIgniter->run()
#5 {main}
CRITICAL - 2020-07-21 11:06:54 --> Trying to access array offset on value of type null
#0 /home/rizcky/git/project.asman/server/core/Controllers/OfficerRequest.php(31): CodeIgniter\Debug\Exceptions->errorHandler(8, 'Trying to acces...', '/home/rizcky/gi...', 31, Array)
#1 /home/rizcky/git/project.asman/engine/CodeIgniter.php(918): App\Controllers\OfficerRequest->setup()
#2 /home/rizcky/git/project.asman/engine/CodeIgniter.php(404): CodeIgniter\CodeIgniter->runController(Object(App\Controllers\OfficerRequest))
#3 /home/rizcky/git/project.asman/engine/CodeIgniter.php(312): CodeIgniter\CodeIgniter->handleRequest(NULL, Object(Config\Cache), false)
#4 /home/rizcky/git/project.asman/server/public/index.php(44): CodeIgniter\CodeIgniter->run()
#5 {main}
CRITICAL - 2020-07-21 11:15:04 --> Class 'App\ThirdParty\IcyApril\CryptoLib' not found
#0 /home/rizcky/git/project.asman/engine/CodeIgniter.php(918): App\Controllers\OfficerRequest->setup()
#1 /home/rizcky/git/project.asman/engine/CodeIgniter.php(404): CodeIgniter\CodeIgniter->runController(Object(App\Controllers\OfficerRequest))
#2 /home/rizcky/git/project.asman/engine/CodeIgniter.php(312): CodeIgniter\CodeIgniter->handleRequest(NULL, Object(Config\Cache), false)
#3 /home/rizcky/git/project.asman/server/public/index.php(44): CodeIgniter\CodeIgniter->run()
#4 {main}
CRITICAL - 2020-07-21 11:15:04 --> 22 : The requested URL returned error: 500 Internal Server Error
#0 /home/rizcky/git/project.asman/engine/HTTP/CURLRequest.php(821): CodeIgniter\HTTP\Exceptions\HTTPException::forCurlError('22', 'The requested U...')
#1 /home/rizcky/git/project.asman/engine/HTTP/CURLRequest.php(449): CodeIgniter\HTTP\CURLRequest->sendRequest(Array)
#2 /home/rizcky/git/project.asman/officer/core/Controllers/Setup.php(38): CodeIgniter\HTTP\CURLRequest->send('put', 'http://localhos...')
#3 /home/rizcky/git/project.asman/engine/CodeIgniter.php(918): App\Controllers\Setup->random_key()
#4 /home/rizcky/git/project.asman/engine/CodeIgniter.php(404): CodeIgniter\CodeIgniter->runController(Object(App\Controllers\Setup))
#5 /home/rizcky/git/project.asman/engine/CodeIgniter.php(312): CodeIgniter\CodeIgniter->handleRequest(NULL, Object(Config\Cache), false)
#6 /home/rizcky/git/project.asman/officer/public/index.php(44): CodeIgniter\CodeIgniter->run()
#7 {main}
CRITICAL - 2020-07-21 11:16:15 --> Class 'App\ThirdParty\IcyApril\CryptoLib' not found
#0 /home/rizcky/git/project.asman/engine/CodeIgniter.php(918): App\Controllers\OfficerRequest->setup()
#1 /home/rizcky/git/project.asman/engine/CodeIgniter.php(404): CodeIgniter\CodeIgniter->runController(Object(App\Controllers\OfficerRequest))
#2 /home/rizcky/git/project.asman/engine/CodeIgniter.php(312): CodeIgniter\CodeIgniter->handleRequest(NULL, Object(Config\Cache), false)
#3 /home/rizcky/git/project.asman/server/public/index.php(44): CodeIgniter\CodeIgniter->run()
#4 {main}
CRITICAL - 2020-07-21 11:16:15 --> 22 : The requested URL returned error: 500 Internal Server Error
#0 /home/rizcky/git/project.asman/engine/HTTP/CURLRequest.php(821): CodeIgniter\HTTP\Exceptions\HTTPException::forCurlError('22', 'The requested U...')
#1 /home/rizcky/git/project.asman/engine/HTTP/CURLRequest.php(449): CodeIgniter\HTTP\CURLRequest->sendRequest(Array)
#2 /home/rizcky/git/project.asman/officer/core/Controllers/Setup.php(38): CodeIgniter\HTTP\CURLRequest->send('put', 'http://localhos...')
#3 /home/rizcky/git/project.asman/engine/CodeIgniter.php(918): App\Controllers\Setup->random_key()
#4 /home/rizcky/git/project.asman/engine/CodeIgniter.php(404): CodeIgniter\CodeIgniter->runController(Object(App\Controllers\Setup))
#5 /home/rizcky/git/project.asman/engine/CodeIgniter.php(312): CodeIgniter\CodeIgniter->handleRequest(NULL, Object(Config\Cache), false)
#6 /home/rizcky/git/project.asman/officer/public/index.php(44): CodeIgniter\CodeIgniter->run()
#7 {main}
CRITICAL - 2020-07-21 11:18:12 --> Class 'App\ThirdParty\IcyApril\CryptoLib' not found
#0 /home/rizcky/git/project.asman/engine/CodeIgniter.php(918): App\Controllers\OfficerRequest->setup()
#1 /home/rizcky/git/project.asman/engine/CodeIgniter.php(404): CodeIgniter\CodeIgniter->runController(Object(App\Controllers\OfficerRequest))
#2 /home/rizcky/git/project.asman/engine/CodeIgniter.php(312): CodeIgniter\CodeIgniter->handleRequest(NULL, Object(Config\Cache), false)
#3 /home/rizcky/git/project.asman/server/public/index.php(44): CodeIgniter\CodeIgniter->run()
#4 {main}
CRITICAL - 2020-07-21 11:18:12 --> 22 : The requested URL returned error: 500 Internal Server Error
#0 /home/rizcky/git/project.asman/engine/HTTP/CURLRequest.php(821): CodeIgniter\HTTP\Exceptions\HTTPException::forCurlError('22', 'The requested U...')
#1 /home/rizcky/git/project.asman/engine/HTTP/CURLRequest.php(449): CodeIgniter\HTTP\CURLRequest->sendRequest(Array)
#2 /home/rizcky/git/project.asman/officer/core/Controllers/Setup.php(38): CodeIgniter\HTTP\CURLRequest->send('put', 'http://localhos...')
#3 /home/rizcky/git/project.asman/engine/CodeIgniter.php(918): App\Controllers\Setup->random_key()
#4 /home/rizcky/git/project.asman/engine/CodeIgniter.php(404): CodeIgniter\CodeIgniter->runController(Object(App\Controllers\Setup))
#5 /home/rizcky/git/project.asman/engine/CodeIgniter.php(312): CodeIgniter\CodeIgniter->handleRequest(NULL, Object(Config\Cache), false)
#6 /home/rizcky/git/project.asman/officer/public/index.php(44): CodeIgniter\CodeIgniter->run()
#7 {main}
CRITICAL - 2020-07-21 11:24:03 --> Undefined constant 'MCRYPT_SERPENT'
#0 /home/rizcky/git/project.asman/engine/CodeIgniter.php(918): App\Controllers\OfficerRequest->setup()
#1 /home/rizcky/git/project.asman/engine/CodeIgniter.php(404): CodeIgniter\CodeIgniter->runController(Object(App\Controllers\OfficerRequest))
#2 /home/rizcky/git/project.asman/engine/CodeIgniter.php(312): CodeIgniter\CodeIgniter->handleRequest(NULL, Object(Config\Cache), false)
#3 /home/rizcky/git/project.asman/server/public/index.php(44): CodeIgniter\CodeIgniter->run()
#4 {main}
CRITICAL - 2020-07-21 11:24:03 --> 22 : The requested URL returned error: 500 Internal Server Error
#0 /home/rizcky/git/project.asman/engine/HTTP/CURLRequest.php(821): CodeIgniter\HTTP\Exceptions\HTTPException::forCurlError('22', 'The requested U...')
#1 /home/rizcky/git/project.asman/engine/HTTP/CURLRequest.php(449): CodeIgniter\HTTP\CURLRequest->sendRequest(Array)
#2 /home/rizcky/git/project.asman/officer/core/Controllers/Setup.php(38): CodeIgniter\HTTP\CURLRequest->send('put', 'http://localhos...')
#3 /home/rizcky/git/project.asman/engine/CodeIgniter.php(918): App\Controllers\Setup->random_key()
#4 /home/rizcky/git/project.asman/engine/CodeIgniter.php(404): CodeIgniter\CodeIgniter->runController(Object(App\Controllers\Setup))
#5 /home/rizcky/git/project.asman/engine/CodeIgniter.php(312): CodeIgniter\CodeIgniter->handleRequest(NULL, Object(Config\Cache), false)
#6 /home/rizcky/git/project.asman/officer/public/index.php(44): CodeIgniter\CodeIgniter->run()
#7 {main}
CRITICAL - 2020-07-21 11:25:01 --> Trying to access array offset on value of type null
#0 /home/rizcky/git/project.asman/server/core/Controllers/OfficerRequest.php(28): CodeIgniter\Debug\Exceptions->errorHandler(8, 'Trying to acces...', '/home/rizcky/gi...', 28, Array)
#1 /home/rizcky/git/project.asman/engine/CodeIgniter.php(918): App\Controllers\OfficerRequest->setup()
#2 /home/rizcky/git/project.asman/engine/CodeIgniter.php(404): CodeIgniter\CodeIgniter->runController(Object(App\Controllers\OfficerRequest))
#3 /home/rizcky/git/project.asman/engine/CodeIgniter.php(312): CodeIgniter\CodeIgniter->handleRequest(NULL, Object(Config\Cache), false)
#4 /home/rizcky/git/project.asman/server/public/index.php(44): CodeIgniter\CodeIgniter->run()
#5 {main}
CRITICAL - 2020-07-21 11:25:40 --> Undefined constant 'MCRYPT_SERPENT'
#0 /home/rizcky/git/project.asman/engine/CodeIgniter.php(918): App\Controllers\OfficerRequest->setup()
#1 /home/rizcky/git/project.asman/engine/CodeIgniter.php(404): CodeIgniter\CodeIgniter->runController(Object(App\Controllers\OfficerRequest))
#2 /home/rizcky/git/project.asman/engine/CodeIgniter.php(312): CodeIgniter\CodeIgniter->handleRequest(NULL, Object(Config\Cache), false)
#3 /home/rizcky/git/project.asman/server/public/index.php(44): CodeIgniter\CodeIgniter->run()
#4 {main}
CRITICAL - 2020-07-21 11:27:47 --> Undefined constant 'MCRYPT_SERPENT'
#0 /home/rizcky/git/project.asman/engine/CodeIgniter.php(918): App\Controllers\OfficerRequest->setup()
#1 /home/rizcky/git/project.asman/engine/CodeIgniter.php(404): CodeIgniter\CodeIgniter->runController(Object(App\Controllers\OfficerRequest))
#2 /home/rizcky/git/project.asman/engine/CodeIgniter.php(312): CodeIgniter\CodeIgniter->handleRequest(NULL, Object(Config\Cache), false)
#3 /home/rizcky/git/project.asman/server/public/index.php(44): CodeIgniter\CodeIgniter->run()
#4 {main}
CRITICAL - 2020-07-21 12:12:06 --> Class 'App\Models\OfficerKeyModel' not found
#0 /home/rizcky/git/project.asman/officer/core/Controllers/BaseController.php(22): App\Controllers\Setup->init()
#1 /home/rizcky/git/project.asman/engine/CodeIgniter.php(891): App\Controllers\BaseController->initController(Object(CodeIgniter\HTTP\IncomingRequest), Object(CodeIgniter\HTTP\Response), Object(CodeIgniter\Log\Logger))
#2 /home/rizcky/git/project.asman/engine/CodeIgniter.php(399): CodeIgniter\CodeIgniter->createController()
#3 /home/rizcky/git/project.asman/engine/CodeIgniter.php(312): CodeIgniter\CodeIgniter->handleRequest(NULL, Object(Config\Cache), false)
#4 /home/rizcky/git/project.asman/officer/public/index.php(44): CodeIgniter\CodeIgniter->run()
#5 {main}
CRITICAL - 2020-07-21 12:17:51 --> Class 'App\Models\OfficerKeyModel' not found
#0 /home/rizcky/git/project.asman/officer/core/Controllers/BaseController.php(22): App\Controllers\Setup->init()
#1 /home/rizcky/git/project.asman/engine/CodeIgniter.php(891): App\Controllers\BaseController->initController(Object(CodeIgniter\HTTP\IncomingRequest), Object(CodeIgniter\HTTP\Response), Object(CodeIgniter\Log\Logger))
#2 /home/rizcky/git/project.asman/engine/CodeIgniter.php(399): CodeIgniter\CodeIgniter->createController()
#3 /home/rizcky/git/project.asman/engine/CodeIgniter.php(312): CodeIgniter\CodeIgniter->handleRequest(NULL, Object(Config\Cache), false)
#4 /home/rizcky/git/project.asman/officer/public/index.php(44): CodeIgniter\CodeIgniter->run()
#5 {main}
CRITICAL - 2020-07-21 12:21:07 --> Class 'App\Models\OfficerKeyModel' not found
#0 /home/rizcky/git/project.asman/officer/core/Controllers/BaseController.php(22): App\Controllers\Setup->init()
#1 /home/rizcky/git/project.asman/engine/CodeIgniter.php(891): App\Controllers\BaseController->initController(Object(CodeIgniter\HTTP\IncomingRequest), Object(CodeIgniter\HTTP\Response), Object(CodeIgniter\Log\Logger))
#2 /home/rizcky/git/project.asman/engine/CodeIgniter.php(399): CodeIgniter\CodeIgniter->createController()
#3 /home/rizcky/git/project.asman/engine/CodeIgniter.php(312): CodeIgniter\CodeIgniter->handleRequest(NULL, Object(Config\Cache), false)
#4 /home/rizcky/git/project.asman/officer/public/index.php(44): CodeIgniter\CodeIgniter->run()
#5 {main}
CRITICAL - 2020-07-21 12:24:05 --> Uninitialized string offset: 62
#0 /home/rizcky/git/project.asman/server/core/Models/KeyModel.php(28): CodeIgniter\Debug\Exceptions->errorHandler(8, 'Uninitialized s...', '/home/rizcky/gi...', 28, Array)
#1 /home/rizcky/git/project.asman/server/core/Controllers/OfficerRequest.php(31): App\Models\KeyModel->generateRandomPassword()
#2 /home/rizcky/git/project.asman/engine/CodeIgniter.php(918): App\Controllers\OfficerRequest->setup()
#3 /home/rizcky/git/project.asman/engine/CodeIgniter.php(404): CodeIgniter\CodeIgniter->runController(Object(App\Controllers\OfficerRequest))
#4 /home/rizcky/git/project.asman/engine/CodeIgniter.php(312): CodeIgniter\CodeIgniter->handleRequest(NULL, Object(Config\Cache), false)
#5 /home/rizcky/git/project.asman/server/public/index.php(44): CodeIgniter\CodeIgniter->run()
#6 {main}
CRITICAL - 2020-07-21 12:24:05 --> 22 : The requested URL returned error: 500 Internal Server Error
#0 /home/rizcky/git/project.asman/engine/HTTP/CURLRequest.php(821): CodeIgniter\HTTP\Exceptions\HTTPException::forCurlError('22', 'The requested U...')
#1 /home/rizcky/git/project.asman/engine/HTTP/CURLRequest.php(449): CodeIgniter\HTTP\CURLRequest->sendRequest(Array)
#2 /home/rizcky/git/project.asman/officer/core/Models/OfficerKeyModel.php(41): CodeIgniter\HTTP\CURLRequest->send('put', 'http://localhos...')
#3 /home/rizcky/git/project.asman/officer/core/Controllers/Setup.php(29): App\Models\OfficerKeyModel->generateRandomPassword()
#4 /home/rizcky/git/project.asman/engine/CodeIgniter.php(918): App\Controllers\Setup->random_key()
#5 /home/rizcky/git/project.asman/engine/CodeIgniter.php(404): CodeIgniter\CodeIgniter->runController(Object(App\Controllers\Setup))
#6 /home/rizcky/git/project.asman/engine/CodeIgniter.php(312): CodeIgniter\CodeIgniter->handleRequest(NULL, Object(Config\Cache), false)
#7 /home/rizcky/git/project.asman/officer/public/index.php(44): CodeIgniter\CodeIgniter->run()
#8 {main}
CRITICAL - 2020-07-21 12:25:11 --> Uninitialized string offset: 62
#0 /home/rizcky/git/project.asman/server/core/Models/KeyModel.php(28): CodeIgniter\Debug\Exceptions->errorHandler(8, 'Uninitialized s...', '/home/rizcky/gi...', 28, Array)
#1 /home/rizcky/git/project.asman/server/core/Controllers/OfficerRequest.php(31): App\Models\KeyModel->generateRandomPassword()
#2 /home/rizcky/git/project.asman/engine/CodeIgniter.php(918): App\Controllers\OfficerRequest->setup()
#3 /home/rizcky/git/project.asman/engine/CodeIgniter.php(404): CodeIgniter\CodeIgniter->runController(Object(App\Controllers\OfficerRequest))
#4 /home/rizcky/git/project.asman/engine/CodeIgniter.php(312): CodeIgniter\CodeIgniter->handleRequest(NULL, Object(Config\Cache), false)
#5 /home/rizcky/git/project.asman/server/public/index.php(44): CodeIgniter\CodeIgniter->run()
#6 {main}
CRITICAL - 2020-07-21 12:25:11 --> 22 : The requested URL returned error: 500 Internal Server Error
#0 /home/rizcky/git/project.asman/engine/HTTP/CURLRequest.php(821): CodeIgniter\HTTP\Exceptions\HTTPException::forCurlError('22', 'The requested U...')
#1 /home/rizcky/git/project.asman/engine/HTTP/CURLRequest.php(449): CodeIgniter\HTTP\CURLRequest->sendRequest(Array)
#2 /home/rizcky/git/project.asman/officer/core/Models/OfficerKeyModel.php(41): CodeIgniter\HTTP\CURLRequest->send('put', 'http://localhos...')
#3 /home/rizcky/git/project.asman/officer/core/Controllers/Setup.php(29): App\Models\OfficerKeyModel->generateRandomPassword()
#4 /home/rizcky/git/project.asman/engine/CodeIgniter.php(918): App\Controllers\Setup->random_key()
#5 /home/rizcky/git/project.asman/engine/CodeIgniter.php(404): CodeIgniter\CodeIgniter->runController(Object(App\Controllers\Setup))
#6 /home/rizcky/git/project.asman/engine/CodeIgniter.php(312): CodeIgniter\CodeIgniter->handleRequest(NULL, Object(Config\Cache), false)
#7 /home/rizcky/git/project.asman/officer/public/index.php(44): CodeIgniter\CodeIgniter->run()
#8 {main}
CRITICAL - 2020-07-21 12:25:27 --> Uninitialized string offset: 62
#0 /home/rizcky/git/project.asman/server/core/Models/KeyModel.php(28): CodeIgniter\Debug\Exceptions->errorHandler(8, 'Uninitialized s...', '/home/rizcky/gi...', 28, Array)
#1 /home/rizcky/git/project.asman/server/core/Controllers/OfficerRequest.php(31): App\Models\KeyModel->generateRandomPassword()
#2 /home/rizcky/git/project.asman/engine/CodeIgniter.php(918): App\Controllers\OfficerRequest->setup()
#3 /home/rizcky/git/project.asman/engine/CodeIgniter.php(404): CodeIgniter\CodeIgniter->runController(Object(App\Controllers\OfficerRequest))
#4 /home/rizcky/git/project.asman/engine/CodeIgniter.php(312): CodeIgniter\CodeIgniter->handleRequest(NULL, Object(Config\Cache), false)
#5 /home/rizcky/git/project.asman/server/public/index.php(44): CodeIgniter\CodeIgniter->run()
#6 {main}
CRITICAL - 2020-07-21 12:25:27 --> 22 : The requested URL returned error: 500 Internal Server Error
#0 /home/rizcky/git/project.asman/engine/HTTP/CURLRequest.php(821): CodeIgniter\HTTP\Exceptions\HTTPException::forCurlError('22', 'The requested U...')
#1 /home/rizcky/git/project.asman/engine/HTTP/CURLRequest.php(449): CodeIgniter\HTTP\CURLRequest->sendRequest(Array)
#2 /home/rizcky/git/project.asman/officer/core/Models/OfficerKeyModel.php(41): CodeIgniter\HTTP\CURLRequest->send('put', 'http://localhos...')
#3 /home/rizcky/git/project.asman/officer/core/Controllers/Setup.php(29): App\Models\OfficerKeyModel->generateRandomPassword()
#4 /home/rizcky/git/project.asman/engine/CodeIgniter.php(918): App\Controllers\Setup->random_key()
#5 /home/rizcky/git/project.asman/engine/CodeIgniter.php(404): CodeIgniter\CodeIgniter->runController(Object(App\Controllers\Setup))
#6 /home/rizcky/git/project.asman/engine/CodeIgniter.php(312): CodeIgniter\CodeIgniter->handleRequest(NULL, Object(Config\Cache), false)
#7 /home/rizcky/git/project.asman/officer/public/index.php(44): CodeIgniter\CodeIgniter->run()
#8 {main}
CRITICAL - 2020-07-21 12:29:42 --> Uninitialized string offset: 62
#0 /home/rizcky/git/project.asman/server/core/Models/KeyModel.php(28): CodeIgniter\Debug\Exceptions->errorHandler(8, 'Uninitialized s...', '/home/rizcky/gi...', 28, Array)
#1 /home/rizcky/git/project.asman/server/core/Controllers/OfficerRequest.php(31): App\Models\KeyModel->generateRandomPassword()
#2 /home/rizcky/git/project.asman/engine/CodeIgniter.php(918): App\Controllers\OfficerRequest->setup()
#3 /home/rizcky/git/project.asman/engine/CodeIgniter.php(404): CodeIgniter\CodeIgniter->runController(Object(App\Controllers\OfficerRequest))
#4 /home/rizcky/git/project.asman/engine/CodeIgniter.php(312): CodeIgniter\CodeIgniter->handleRequest(NULL, Object(Config\Cache), false)
#5 /home/rizcky/git/project.asman/server/public/index.php(44): CodeIgniter\CodeIgniter->run()
#6 {main}
CRITICAL - 2020-07-21 12:29:42 --> 22 : The requested URL returned error: 500 Internal Server Error
#0 /home/rizcky/git/project.asman/engine/HTTP/CURLRequest.php(821): CodeIgniter\HTTP\Exceptions\HTTPException::forCurlError('22', 'The requested U...')
#1 /home/rizcky/git/project.asman/engine/HTTP/CURLRequest.php(449): CodeIgniter\HTTP\CURLRequest->sendRequest(Array)
#2 /home/rizcky/git/project.asman/officer/core/Models/OfficerKeyModel.php(41): CodeIgniter\HTTP\CURLRequest->send('put', 'http://localhos...')
#3 /home/rizcky/git/project.asman/officer/core/Controllers/Setup.php(29): App\Models\OfficerKeyModel->generateRandomPassword()
#4 /home/rizcky/git/project.asman/engine/CodeIgniter.php(918): App\Controllers\Setup->random_key()
#5 /home/rizcky/git/project.asman/engine/CodeIgniter.php(404): CodeIgniter\CodeIgniter->runController(Object(App\Controllers\Setup))
#6 /home/rizcky/git/project.asman/engine/CodeIgniter.php(312): CodeIgniter\CodeIgniter->handleRequest(NULL, Object(Config\Cache), false)
#7 /home/rizcky/git/project.asman/officer/public/index.php(44): CodeIgniter\CodeIgniter->run()
#8 {main}
CRITICAL - 2020-07-21 12:29:44 --> Uninitialized string offset: 62
#0 /home/rizcky/git/project.asman/server/core/Models/KeyModel.php(28): CodeIgniter\Debug\Exceptions->errorHandler(8, 'Uninitialized s...', '/home/rizcky/gi...', 28, Array)
#1 /home/rizcky/git/project.asman/server/core/Controllers/OfficerRequest.php(31): App\Models\KeyModel->generateRandomPassword()
#2 /home/rizcky/git/project.asman/engine/CodeIgniter.php(918): App\Controllers\OfficerRequest->setup()
#3 /home/rizcky/git/project.asman/engine/CodeIgniter.php(404): CodeIgniter\CodeIgniter->runController(Object(App\Controllers\OfficerRequest))
#4 /home/rizcky/git/project.asman/engine/CodeIgniter.php(312): CodeIgniter\CodeIgniter->handleRequest(NULL, Object(Config\Cache), false)
#5 /home/rizcky/git/project.asman/server/public/index.php(44): CodeIgniter\CodeIgniter->run()
#6 {main}
CRITICAL - 2020-07-21 12:29:44 --> 22 : The requested URL returned error: 500 Internal Server Error
#0 /home/rizcky/git/project.asman/engine/HTTP/CURLRequest.php(821): CodeIgniter\HTTP\Exceptions\HTTPException::forCurlError('22', 'The requested U...')
#1 /home/rizcky/git/project.asman/engine/HTTP/CURLRequest.php(449): CodeIgniter\HTTP\CURLRequest->sendRequest(Array)
#2 /home/rizcky/git/project.asman/officer/core/Models/OfficerKeyModel.php(41): CodeIgniter\HTTP\CURLRequest->send('put', 'http://localhos...')
#3 /home/rizcky/git/project.asman/officer/core/Controllers/Setup.php(29): App\Models\OfficerKeyModel->generateRandomPassword()
#4 /home/rizcky/git/project.asman/engine/CodeIgniter.php(918): App\Controllers\Setup->random_key()
#5 /home/rizcky/git/project.asman/engine/CodeIgniter.php(404): CodeIgniter\CodeIgniter->runController(Object(App\Controllers\Setup))
#6 /home/rizcky/git/project.asman/engine/CodeIgniter.php(312): CodeIgniter\CodeIgniter->handleRequest(NULL, Object(Config\Cache), false)
#7 /home/rizcky/git/project.asman/officer/public/index.php(44): CodeIgniter\CodeIgniter->run()
#8 {main}
CRITICAL - 2020-07-21 12:29:52 --> Uninitialized string offset: 62
#0 /home/rizcky/git/project.asman/server/core/Models/KeyModel.php(28): CodeIgniter\Debug\Exceptions->errorHandler(8, 'Uninitialized s...', '/home/rizcky/gi...', 28, Array)
#1 /home/rizcky/git/project.asman/server/core/Controllers/OfficerRequest.php(31): App\Models\KeyModel->generateRandomPassword()
#2 /home/rizcky/git/project.asman/engine/CodeIgniter.php(918): App\Controllers\OfficerRequest->setup()
#3 /home/rizcky/git/project.asman/engine/CodeIgniter.php(404): CodeIgniter\CodeIgniter->runController(Object(App\Controllers\OfficerRequest))
#4 /home/rizcky/git/project.asman/engine/CodeIgniter.php(312): CodeIgniter\CodeIgniter->handleRequest(NULL, Object(Config\Cache), false)
#5 /home/rizcky/git/project.asman/server/public/index.php(44): CodeIgniter\CodeIgniter->run()
#6 {main}
CRITICAL - 2020-07-21 12:29:52 --> 22 : The requested URL returned error: 500 Internal Server Error
#0 /home/rizcky/git/project.asman/engine/HTTP/CURLRequest.php(821): CodeIgniter\HTTP\Exceptions\HTTPException::forCurlError('22', 'The requested U...')
#1 /home/rizcky/git/project.asman/engine/HTTP/CURLRequest.php(449): CodeIgniter\HTTP\CURLRequest->sendRequest(Array)
#2 /home/rizcky/git/project.asman/officer/core/Models/OfficerKeyModel.php(41): CodeIgniter\HTTP\CURLRequest->send('put', 'http://localhos...')
#3 /home/rizcky/git/project.asman/officer/core/Controllers/Setup.php(29): App\Models\OfficerKeyModel->generateRandomPassword()
#4 /home/rizcky/git/project.asman/engine/CodeIgniter.php(918): App\Controllers\Setup->random_key()
#5 /home/rizcky/git/project.asman/engine/CodeIgniter.php(404): CodeIgniter\CodeIgniter->runController(Object(App\Controllers\Setup))
#6 /home/rizcky/git/project.asman/engine/CodeIgniter.php(312): CodeIgniter\CodeIgniter->handleRequest(NULL, Object(Config\Cache), false)
#7 /home/rizcky/git/project.asman/officer/public/index.php(44): CodeIgniter\CodeIgniter->run()
#8 {main}
CRITICAL - 2020-07-21 12:31:03 --> Uninitialized string offset: 62
#0 /home/rizcky/git/project.asman/server/core/Models/KeyModel.php(28): CodeIgniter\Debug\Exceptions->errorHandler(8, 'Uninitialized s...', '/home/rizcky/gi...', 28, Array)
#1 /home/rizcky/git/project.asman/server/core/Controllers/OfficerRequest.php(31): App\Models\KeyModel->generateRandomPassword()
#2 /home/rizcky/git/project.asman/engine/CodeIgniter.php(918): App\Controllers\OfficerRequest->setup()
#3 /home/rizcky/git/project.asman/engine/CodeIgniter.php(404): CodeIgniter\CodeIgniter->runController(Object(App\Controllers\OfficerRequest))
#4 /home/rizcky/git/project.asman/engine/CodeIgniter.php(312): CodeIgniter\CodeIgniter->handleRequest(NULL, Object(Config\Cache), false)
#5 /home/rizcky/git/project.asman/server/public/index.php(44): CodeIgniter\CodeIgniter->run()
#6 {main}
CRITICAL - 2020-07-21 12:31:03 --> 22 : The requested URL returned error: 500 Internal Server Error
#0 /home/rizcky/git/project.asman/engine/HTTP/CURLRequest.php(821): CodeIgniter\HTTP\Exceptions\HTTPException::forCurlError('22', 'The requested U...')
#1 /home/rizcky/git/project.asman/engine/HTTP/CURLRequest.php(449): CodeIgniter\HTTP\CURLRequest->sendRequest(Array)
#2 /home/rizcky/git/project.asman/officer/core/Models/OfficerKeyModel.php(41): CodeIgniter\HTTP\CURLRequest->send('put', 'http://localhos...')
#3 /home/rizcky/git/project.asman/officer/core/Controllers/Setup.php(29): App\Models\OfficerKeyModel->generateRandomPassword()
#4 /home/rizcky/git/project.asman/engine/CodeIgniter.php(918): App\Controllers\Setup->random_key()
#5 /home/rizcky/git/project.asman/engine/CodeIgniter.php(404): CodeIgniter\CodeIgniter->runController(Object(App\Controllers\Setup))
#6 /home/rizcky/git/project.asman/engine/CodeIgniter.php(312): CodeIgniter\CodeIgniter->handleRequest(NULL, Object(Config\Cache), false)
#7 /home/rizcky/git/project.asman/officer/public/index.php(44): CodeIgniter\CodeIgniter->run()
#8 {main}
CRITICAL - 2020-07-21 12:31:06 --> Uninitialized string offset: 62
#0 /home/rizcky/git/project.asman/server/core/Models/KeyModel.php(28): CodeIgniter\Debug\Exceptions->errorHandler(8, 'Uninitialized s...', '/home/rizcky/gi...', 28, Array)
#1 /home/rizcky/git/project.asman/server/core/Controllers/OfficerRequest.php(31): App\Models\KeyModel->generateRandomPassword()
#2 /home/rizcky/git/project.asman/engine/CodeIgniter.php(918): App\Controllers\OfficerRequest->setup()
#3 /home/rizcky/git/project.asman/engine/CodeIgniter.php(404): CodeIgniter\CodeIgniter->runController(Object(App\Controllers\OfficerRequest))
#4 /home/rizcky/git/project.asman/engine/CodeIgniter.php(312): CodeIgniter\CodeIgniter->handleRequest(NULL, Object(Config\Cache), false)
#5 /home/rizcky/git/project.asman/server/public/index.php(44): CodeIgniter\CodeIgniter->run()
#6 {main}
CRITICAL - 2020-07-21 12:31:06 --> 22 : The requested URL returned error: 500 Internal Server Error
#0 /home/rizcky/git/project.asman/engine/HTTP/CURLRequest.php(821): CodeIgniter\HTTP\Exceptions\HTTPException::forCurlError('22', 'The requested U...')
#1 /home/rizcky/git/project.asman/engine/HTTP/CURLRequest.php(449): CodeIgniter\HTTP\CURLRequest->sendRequest(Array)
#2 /home/rizcky/git/project.asman/officer/core/Models/OfficerKeyModel.php(41): CodeIgniter\HTTP\CURLRequest->send('put', 'http://localhos...')
#3 /home/rizcky/git/project.asman/officer/core/Controllers/Setup.php(29): App\Models\OfficerKeyModel->generateRandomPassword()
#4 /home/rizcky/git/project.asman/engine/CodeIgniter.php(918): App\Controllers\Setup->random_key()
#5 /home/rizcky/git/project.asman/engine/CodeIgniter.php(404): CodeIgniter\CodeIgniter->runController(Object(App\Controllers\Setup))
#6 /home/rizcky/git/project.asman/engine/CodeIgniter.php(312): CodeIgniter\CodeIgniter->handleRequest(NULL, Object(Config\Cache), false)
#7 /home/rizcky/git/project.asman/officer/public/index.php(44): CodeIgniter\CodeIgniter->run()
#8 {main}
CRITICAL - 2020-07-21 12:31:30 --> Uninitialized string offset: 62
#0 /home/rizcky/git/project.asman/server/core/Models/KeyModel.php(28): CodeIgniter\Debug\Exceptions->errorHandler(8, 'Uninitialized s...', '/home/rizcky/gi...', 28, Array)
#1 /home/rizcky/git/project.asman/server/core/Controllers/OfficerRequest.php(31): App\Models\KeyModel->generateRandomPassword()
#2 /home/rizcky/git/project.asman/engine/CodeIgniter.php(918): App\Controllers\OfficerRequest->setup()
#3 /home/rizcky/git/project.asman/engine/CodeIgniter.php(404): CodeIgniter\CodeIgniter->runController(Object(App\Controllers\OfficerRequest))
#4 /home/rizcky/git/project.asman/engine/CodeIgniter.php(312): CodeIgniter\CodeIgniter->handleRequest(NULL, Object(Config\Cache), false)
#5 /home/rizcky/git/project.asman/server/public/index.php(44): CodeIgniter\CodeIgniter->run()
#6 {main}
CRITICAL - 2020-07-21 12:31:30 --> 22 : The requested URL returned error: 500 Internal Server Error
#0 /home/rizcky/git/project.asman/engine/HTTP/CURLRequest.php(821): CodeIgniter\HTTP\Exceptions\HTTPException::forCurlError('22', 'The requested U...')
#1 /home/rizcky/git/project.asman/engine/HTTP/CURLRequest.php(449): CodeIgniter\HTTP\CURLRequest->sendRequest(Array)
#2 /home/rizcky/git/project.asman/officer/core/Models/OfficerKeyModel.php(41): CodeIgniter\HTTP\CURLRequest->send('put', 'http://localhos...')
#3 /home/rizcky/git/project.asman/officer/core/Controllers/Setup.php(29): App\Models\OfficerKeyModel->generateRandomPassword()
#4 /home/rizcky/git/project.asman/engine/CodeIgniter.php(918): App\Controllers\Setup->random_key()
#5 /home/rizcky/git/project.asman/engine/CodeIgniter.php(404): CodeIgniter\CodeIgniter->runController(Object(App\Controllers\Setup))
#6 /home/rizcky/git/project.asman/engine/CodeIgniter.php(312): CodeIgniter\CodeIgniter->handleRequest(NULL, Object(Config\Cache), false)
#7 /home/rizcky/git/project.asman/officer/public/index.php(44): CodeIgniter\CodeIgniter->run()
#8 {main}
CRITICAL - 2020-07-21 12:31:37 --> Uninitialized string offset: 62
#0 /home/rizcky/git/project.asman/server/core/Models/KeyModel.php(28): CodeIgniter\Debug\Exceptions->errorHandler(8, 'Uninitialized s...', '/home/rizcky/gi...', 28, Array)
#1 /home/rizcky/git/project.asman/server/core/Controllers/OfficerRequest.php(31): App\Models\KeyModel->generateRandomPassword()
#2 /home/rizcky/git/project.asman/engine/CodeIgniter.php(918): App\Controllers\OfficerRequest->setup()
#3 /home/rizcky/git/project.asman/engine/CodeIgniter.php(404): CodeIgniter\CodeIgniter->runController(Object(App\Controllers\OfficerRequest))
#4 /home/rizcky/git/project.asman/engine/CodeIgniter.php(312): CodeIgniter\CodeIgniter->handleRequest(NULL, Object(Config\Cache), false)
#5 /home/rizcky/git/project.asman/server/public/index.php(44): CodeIgniter\CodeIgniter->run()
#6 {main}
CRITICAL - 2020-07-21 12:31:37 --> 22 : The requested URL returned error: 500 Internal Server Error
#0 /home/rizcky/git/project.asman/engine/HTTP/CURLRequest.php(821): CodeIgniter\HTTP\Exceptions\HTTPException::forCurlError('22', 'The requested U...')
#1 /home/rizcky/git/project.asman/engine/HTTP/CURLRequest.php(449): CodeIgniter\HTTP\CURLRequest->sendRequest(Array)
#2 /home/rizcky/git/project.asman/officer/core/Models/OfficerKeyModel.php(41): CodeIgniter\HTTP\CURLRequest->send('put', 'http://localhos...')
#3 /home/rizcky/git/project.asman/officer/core/Controllers/Setup.php(29): App\Models\OfficerKeyModel->generateRandomPassword()
#4 /home/rizcky/git/project.asman/engine/CodeIgniter.php(918): App\Controllers\Setup->random_key()
#5 /home/rizcky/git/project.asman/engine/CodeIgniter.php(404): CodeIgniter\CodeIgniter->runController(Object(App\Controllers\Setup))
#6 /home/rizcky/git/project.asman/engine/CodeIgniter.php(312): CodeIgniter\CodeIgniter->handleRequest(NULL, Object(Config\Cache), false)
#7 /home/rizcky/git/project.asman/officer/public/index.php(44): CodeIgniter\CodeIgniter->run()
#8 {main}
CRITICAL - 2020-07-21 12:31:38 --> Uninitialized string offset: 62
#0 /home/rizcky/git/project.asman/server/core/Models/KeyModel.php(28): CodeIgniter\Debug\Exceptions->errorHandler(8, 'Uninitialized s...', '/home/rizcky/gi...', 28, Array)
#1 /home/rizcky/git/project.asman/server/core/Controllers/OfficerRequest.php(31): App\Models\KeyModel->generateRandomPassword()
#2 /home/rizcky/git/project.asman/engine/CodeIgniter.php(918): App\Controllers\OfficerRequest->setup()
#3 /home/rizcky/git/project.asman/engine/CodeIgniter.php(404): CodeIgniter\CodeIgniter->runController(Object(App\Controllers\OfficerRequest))
#4 /home/rizcky/git/project.asman/engine/CodeIgniter.php(312): CodeIgniter\CodeIgniter->handleRequest(NULL, Object(Config\Cache), false)
#5 /home/rizcky/git/project.asman/server/public/index.php(44): CodeIgniter\CodeIgniter->run()
#6 {main}
CRITICAL - 2020-07-21 12:31:38 --> 22 : The requested URL returned error: 500 Internal Server Error
#0 /home/rizcky/git/project.asman/engine/HTTP/CURLRequest.php(821): CodeIgniter\HTTP\Exceptions\HTTPException::forCurlError('22', 'The requested U...')
#1 /home/rizcky/git/project.asman/engine/HTTP/CURLRequest.php(449): CodeIgniter\HTTP\CURLRequest->sendRequest(Array)
#2 /home/rizcky/git/project.asman/officer/core/Models/OfficerKeyModel.php(41): CodeIgniter\HTTP\CURLRequest->send('put', 'http://localhos...')
#3 /home/rizcky/git/project.asman/officer/core/Controllers/Setup.php(29): App\Models\OfficerKeyModel->generateRandomPassword()
#4 /home/rizcky/git/project.asman/engine/CodeIgniter.php(918): App\Controllers\Setup->random_key()
#5 /home/rizcky/git/project.asman/engine/CodeIgniter.php(404): CodeIgniter\CodeIgniter->runController(Object(App\Controllers\Setup))
#6 /home/rizcky/git/project.asman/engine/CodeIgniter.php(312): CodeIgniter\CodeIgniter->handleRequest(NULL, Object(Config\Cache), false)
#7 /home/rizcky/git/project.asman/officer/public/index.php(44): CodeIgniter\CodeIgniter->run()
#8 {main}
CRITICAL - 2020-07-21 12:31:38 --> Uninitialized string offset: 62
#0 /home/rizcky/git/project.asman/server/core/Models/KeyModel.php(28): CodeIgniter\Debug\Exceptions->errorHandler(8, 'Uninitialized s...', '/home/rizcky/gi...', 28, Array)
#1 /home/rizcky/git/project.asman/server/core/Controllers/OfficerRequest.php(31): App\Models\KeyModel->generateRandomPassword()
#2 /home/rizcky/git/project.asman/engine/CodeIgniter.php(918): App\Controllers\OfficerRequest->setup()
#3 /home/rizcky/git/project.asman/engine/CodeIgniter.php(404): CodeIgniter\CodeIgniter->runController(Object(App\Controllers\OfficerRequest))
#4 /home/rizcky/git/project.asman/engine/CodeIgniter.php(312): CodeIgniter\CodeIgniter->handleRequest(NULL, Object(Config\Cache), false)
#5 /home/rizcky/git/project.asman/server/public/index.php(44): CodeIgniter\CodeIgniter->run()
#6 {main}
CRITICAL - 2020-07-21 12:31:38 --> 22 : The requested URL returned error: 500 Internal Server Error
#0 /home/rizcky/git/project.asman/engine/HTTP/CURLRequest.php(821): CodeIgniter\HTTP\Exceptions\HTTPException::forCurlError('22', 'The requested U...')
#1 /home/rizcky/git/project.asman/engine/HTTP/CURLRequest.php(449): CodeIgniter\HTTP\CURLRequest->sendRequest(Array)
#2 /home/rizcky/git/project.asman/officer/core/Models/OfficerKeyModel.php(41): CodeIgniter\HTTP\CURLRequest->send('put', 'http://localhos...')
#3 /home/rizcky/git/project.asman/officer/core/Controllers/Setup.php(29): App\Models\OfficerKeyModel->generateRandomPassword()
#4 /home/rizcky/git/project.asman/engine/CodeIgniter.php(918): App\Controllers\Setup->random_key()
#5 /home/rizcky/git/project.asman/engine/CodeIgniter.php(404): CodeIgniter\CodeIgniter->runController(Object(App\Controllers\Setup))
#6 /home/rizcky/git/project.asman/engine/CodeIgniter.php(312): CodeIgniter\CodeIgniter->handleRequest(NULL, Object(Config\Cache), false)
#7 /home/rizcky/git/project.asman/officer/public/index.php(44): CodeIgniter\CodeIgniter->run()
#8 {main}
CRITICAL - 2020-07-21 12:31:53 --> Uninitialized string offset: 62
#0 /home/rizcky/git/project.asman/server/core/Models/KeyModel.php(28): CodeIgniter\Debug\Exceptions->errorHandler(8, 'Uninitialized s...', '/home/rizcky/gi...', 28, Array)
#1 /home/rizcky/git/project.asman/server/core/Controllers/OfficerRequest.php(31): App\Models\KeyModel->generateRandomPassword()
#2 /home/rizcky/git/project.asman/engine/CodeIgniter.php(918): App\Controllers\OfficerRequest->setup()
#3 /home/rizcky/git/project.asman/engine/CodeIgniter.php(404): CodeIgniter\CodeIgniter->runController(Object(App\Controllers\OfficerRequest))
#4 /home/rizcky/git/project.asman/engine/CodeIgniter.php(312): CodeIgniter\CodeIgniter->handleRequest(NULL, Object(Config\Cache), false)
#5 /home/rizcky/git/project.asman/server/public/index.php(44): CodeIgniter\CodeIgniter->run()
#6 {main}
CRITICAL - 2020-07-21 12:31:53 --> 22 : The requested URL returned error: 500 Internal Server Error
#0 /home/rizcky/git/project.asman/engine/HTTP/CURLRequest.php(821): CodeIgniter\HTTP\Exceptions\HTTPException::forCurlError('22', 'The requested U...')
#1 /home/rizcky/git/project.asman/engine/HTTP/CURLRequest.php(449): CodeIgniter\HTTP\CURLRequest->sendRequest(Array)
#2 /home/rizcky/git/project.asman/officer/core/Models/OfficerKeyModel.php(41): CodeIgniter\HTTP\CURLRequest->send('put', 'http://localhos...')
#3 /home/rizcky/git/project.asman/officer/core/Controllers/Setup.php(29): App\Models\OfficerKeyModel->generateRandomPassword()
#4 /home/rizcky/git/project.asman/engine/CodeIgniter.php(918): App\Controllers\Setup->random_key()
#5 /home/rizcky/git/project.asman/engine/CodeIgniter.php(404): CodeIgniter\CodeIgniter->runController(Object(App\Controllers\Setup))
#6 /home/rizcky/git/project.asman/engine/CodeIgniter.php(312): CodeIgniter\CodeIgniter->handleRequest(NULL, Object(Config\Cache), false)
#7 /home/rizcky/git/project.asman/officer/public/index.php(44): CodeIgniter\CodeIgniter->run()
#8 {main}
