CRITICAL - 2021-09-24 01:23:20 --> syntax error, unexpected 'foreach' (T_FOREACH)
#0 /home/fmkiddo/git/project.alcentrali/engine/Autoloader/Autoloader.php(296): CodeIgniter\Autoloader\Autoloader->requireFile('/home/fmkiddo/g...')
#1 /home/fmkiddo/git/project.alcentrali/engine/Autoloader/Autoloader.php(258): CodeIgniter\Autoloader\Autoloader->loadInNamespace('App\\Libraries\\A...')
#2 [internal function]: CodeIgniter\Autoloader\Autoloader->loadClass('App\\Libraries\\A...')
#3 /home/fmkiddo/git/project.alcentrali/server/syscore/Controllers/ClientRequest.php(61): spl_autoload_call('App\\Libraries\\A...')
#4 /home/fmkiddo/git/project.alcentrali/server/syscore/Controllers/ClientRequest.php(143): App\Controllers\ClientRequest->requestExecution()
#5 /home/fmkiddo/git/project.alcentrali/engine/CodeIgniter.php(918): App\Controllers\ClientRequest->dataRequest()
#6 /home/fmkiddo/git/project.alcentrali/engine/CodeIgniter.php(404): CodeIgniter\CodeIgniter->runController(Object(App\Controllers\ClientRequest))
#7 /home/fmkiddo/git/project.alcentrali/engine/CodeIgniter.php(312): CodeIgniter\CodeIgniter->handleRequest(NULL, Object(Config\Cache), false)
#8 /home/fmkiddo/git/project.alcentrali/server/index/index.php(45): CodeIgniter\CodeIgniter->run()
#9 {main}
CRITICAL - 2021-09-24 01:23:34 --> syntax error, unexpected 'foreach' (T_FOREACH)
#0 /home/fmkiddo/git/project.alcentrali/engine/Autoloader/Autoloader.php(296): CodeIgniter\Autoloader\Autoloader->requireFile('/home/fmkiddo/g...')
#1 /home/fmkiddo/git/project.alcentrali/engine/Autoloader/Autoloader.php(258): CodeIgniter\Autoloader\Autoloader->loadInNamespace('App\\Libraries\\A...')
#2 [internal function]: CodeIgniter\Autoloader\Autoloader->loadClass('App\\Libraries\\A...')
#3 /home/fmkiddo/git/project.alcentrali/server/syscore/Controllers/ClientRequest.php(61): spl_autoload_call('App\\Libraries\\A...')
#4 /home/fmkiddo/git/project.alcentrali/server/syscore/Controllers/ClientRequest.php(143): App\Controllers\ClientRequest->requestExecution()
#5 /home/fmkiddo/git/project.alcentrali/engine/CodeIgniter.php(918): App\Controllers\ClientRequest->dataRequest()
#6 /home/fmkiddo/git/project.alcentrali/engine/CodeIgniter.php(404): CodeIgniter\CodeIgniter->runController(Object(App\Controllers\ClientRequest))
#7 /home/fmkiddo/git/project.alcentrali/engine/CodeIgniter.php(312): CodeIgniter\CodeIgniter->handleRequest(NULL, Object(Config\Cache), false)
#8 /home/fmkiddo/git/project.alcentrali/server/index/index.php(45): CodeIgniter\CodeIgniter->run()
#9 {main}
CRITICAL - 2021-09-24 01:23:49 --> syntax error, unexpected 'foreach' (T_FOREACH)
#0 /home/fmkiddo/git/project.alcentrali/engine/Autoloader/Autoloader.php(296): CodeIgniter\Autoloader\Autoloader->requireFile('/home/fmkiddo/g...')
#1 /home/fmkiddo/git/project.alcentrali/engine/Autoloader/Autoloader.php(258): CodeIgniter\Autoloader\Autoloader->loadInNamespace('App\\Libraries\\A...')
#2 [internal function]: CodeIgniter\Autoloader\Autoloader->loadClass('App\\Libraries\\A...')
#3 /home/fmkiddo/git/project.alcentrali/server/syscore/Controllers/ClientRequest.php(61): spl_autoload_call('App\\Libraries\\A...')
#4 /home/fmkiddo/git/project.alcentrali/server/syscore/Controllers/ClientRequest.php(143): App\Controllers\ClientRequest->requestExecution()
#5 /home/fmkiddo/git/project.alcentrali/engine/CodeIgniter.php(918): App\Controllers\ClientRequest->dataRequest()
#6 /home/fmkiddo/git/project.alcentrali/engine/CodeIgniter.php(404): CodeIgniter\CodeIgniter->runController(Object(App\Controllers\ClientRequest))
#7 /home/fmkiddo/git/project.alcentrali/engine/CodeIgniter.php(312): CodeIgniter\CodeIgniter->handleRequest(NULL, Object(Config\Cache), false)
#8 /home/fmkiddo/git/project.alcentrali/server/index/index.php(45): CodeIgniter\CodeIgniter->run()
#9 {main}
CRITICAL - 2021-09-24 01:24:01 --> syntax error, unexpected 'foreach' (T_FOREACH)
#0 /home/fmkiddo/git/project.alcentrali/engine/Autoloader/Autoloader.php(296): CodeIgniter\Autoloader\Autoloader->requireFile('/home/fmkiddo/g...')
#1 /home/fmkiddo/git/project.alcentrali/engine/Autoloader/Autoloader.php(258): CodeIgniter\Autoloader\Autoloader->loadInNamespace('App\\Libraries\\A...')
#2 [internal function]: CodeIgniter\Autoloader\Autoloader->loadClass('App\\Libraries\\A...')
#3 /home/fmkiddo/git/project.alcentrali/server/syscore/Controllers/ClientRequest.php(61): spl_autoload_call('App\\Libraries\\A...')
#4 /home/fmkiddo/git/project.alcentrali/server/syscore/Controllers/ClientRequest.php(143): App\Controllers\ClientRequest->requestExecution()
#5 /home/fmkiddo/git/project.alcentrali/engine/CodeIgniter.php(918): App\Controllers\ClientRequest->dataRequest()
#6 /home/fmkiddo/git/project.alcentrali/engine/CodeIgniter.php(404): CodeIgniter\CodeIgniter->runController(Object(App\Controllers\ClientRequest))
#7 /home/fmkiddo/git/project.alcentrali/engine/CodeIgniter.php(312): CodeIgniter\CodeIgniter->handleRequest(NULL, Object(Config\Cache), false)
#8 /home/fmkiddo/git/project.alcentrali/server/index/index.php(45): CodeIgniter\CodeIgniter->run()
#9 {main}
CRITICAL - 2021-09-24 01:24:13 --> syntax error, unexpected 'foreach' (T_FOREACH)
#0 /home/fmkiddo/git/project.alcentrali/engine/Autoloader/Autoloader.php(296): CodeIgniter\Autoloader\Autoloader->requireFile('/home/fmkiddo/g...')
#1 /home/fmkiddo/git/project.alcentrali/engine/Autoloader/Autoloader.php(258): CodeIgniter\Autoloader\Autoloader->loadInNamespace('App\\Libraries\\A...')
#2 [internal function]: CodeIgniter\Autoloader\Autoloader->loadClass('App\\Libraries\\A...')
#3 /home/fmkiddo/git/project.alcentrali/server/syscore/Controllers/ClientRequest.php(61): spl_autoload_call('App\\Libraries\\A...')
#4 /home/fmkiddo/git/project.alcentrali/server/syscore/Controllers/ClientRequest.php(143): App\Controllers\ClientRequest->requestExecution()
#5 /home/fmkiddo/git/project.alcentrali/engine/CodeIgniter.php(918): App\Controllers\ClientRequest->dataRequest()
#6 /home/fmkiddo/git/project.alcentrali/engine/CodeIgniter.php(404): CodeIgniter\CodeIgniter->runController(Object(App\Controllers\ClientRequest))
#7 /home/fmkiddo/git/project.alcentrali/engine/CodeIgniter.php(312): CodeIgniter\CodeIgniter->handleRequest(NULL, Object(Config\Cache), false)
#8 /home/fmkiddo/git/project.alcentrali/server/index/index.php(45): CodeIgniter\CodeIgniter->run()
#9 {main}
CRITICAL - 2021-09-24 01:25:20 --> syntax error, unexpected 'foreach' (T_FOREACH)
#0 /home/fmkiddo/git/project.alcentrali/engine/Autoloader/Autoloader.php(296): CodeIgniter\Autoloader\Autoloader->requireFile('/home/fmkiddo/g...')
#1 /home/fmkiddo/git/project.alcentrali/engine/Autoloader/Autoloader.php(258): CodeIgniter\Autoloader\Autoloader->loadInNamespace('App\\Libraries\\A...')
#2 [internal function]: CodeIgniter\Autoloader\Autoloader->loadClass('App\\Libraries\\A...')
#3 /home/fmkiddo/git/project.alcentrali/server/syscore/Controllers/ClientRequest.php(61): spl_autoload_call('App\\Libraries\\A...')
#4 /home/fmkiddo/git/project.alcentrali/server/syscore/Controllers/ClientRequest.php(143): App\Controllers\ClientRequest->requestExecution()
#5 /home/fmkiddo/git/project.alcentrali/engine/CodeIgniter.php(918): App\Controllers\ClientRequest->dataRequest()
#6 /home/fmkiddo/git/project.alcentrali/engine/CodeIgniter.php(404): CodeIgniter\CodeIgniter->runController(Object(App\Controllers\ClientRequest))
#7 /home/fmkiddo/git/project.alcentrali/engine/CodeIgniter.php(312): CodeIgniter\CodeIgniter->handleRequest(NULL, Object(Config\Cache), false)
#8 /home/fmkiddo/git/project.alcentrali/server/index/index.php(45): CodeIgniter\CodeIgniter->run()
#9 {main}
CRITICAL - 2021-09-24 01:25:24 --> syntax error, unexpected 'foreach' (T_FOREACH)
#0 /home/fmkiddo/git/project.alcentrali/engine/Autoloader/Autoloader.php(296): CodeIgniter\Autoloader\Autoloader->requireFile('/home/fmkiddo/g...')
#1 /home/fmkiddo/git/project.alcentrali/engine/Autoloader/Autoloader.php(258): CodeIgniter\Autoloader\Autoloader->loadInNamespace('App\\Libraries\\A...')
#2 [internal function]: CodeIgniter\Autoloader\Autoloader->loadClass('App\\Libraries\\A...')
#3 /home/fmkiddo/git/project.alcentrali/server/syscore/Controllers/ClientRequest.php(61): spl_autoload_call('App\\Libraries\\A...')
#4 /home/fmkiddo/git/project.alcentrali/server/syscore/Controllers/ClientRequest.php(143): App\Controllers\ClientRequest->requestExecution()
#5 /home/fmkiddo/git/project.alcentrali/engine/CodeIgniter.php(918): App\Controllers\ClientRequest->dataRequest()
#6 /home/fmkiddo/git/project.alcentrali/engine/CodeIgniter.php(404): CodeIgniter\CodeIgniter->runController(Object(App\Controllers\ClientRequest))
#7 /home/fmkiddo/git/project.alcentrali/engine/CodeIgniter.php(312): CodeIgniter\CodeIgniter->handleRequest(NULL, Object(Config\Cache), false)
#8 /home/fmkiddo/git/project.alcentrali/server/index/index.php(45): CodeIgniter\CodeIgniter->run()
#9 {main}
CRITICAL - 2021-09-24 01:25:27 --> syntax error, unexpected 'foreach' (T_FOREACH)
#0 /home/fmkiddo/git/project.alcentrali/engine/Autoloader/Autoloader.php(296): CodeIgniter\Autoloader\Autoloader->requireFile('/home/fmkiddo/g...')
#1 /home/fmkiddo/git/project.alcentrali/engine/Autoloader/Autoloader.php(258): CodeIgniter\Autoloader\Autoloader->loadInNamespace('App\\Libraries\\A...')
#2 [internal function]: CodeIgniter\Autoloader\Autoloader->loadClass('App\\Libraries\\A...')
#3 /home/fmkiddo/git/project.alcentrali/server/syscore/Controllers/ClientRequest.php(61): spl_autoload_call('App\\Libraries\\A...')
#4 /home/fmkiddo/git/project.alcentrali/server/syscore/Controllers/ClientRequest.php(143): App\Controllers\ClientRequest->requestExecution()
#5 /home/fmkiddo/git/project.alcentrali/engine/CodeIgniter.php(918): App\Controllers\ClientRequest->dataRequest()
#6 /home/fmkiddo/git/project.alcentrali/engine/CodeIgniter.php(404): CodeIgniter\CodeIgniter->runController(Object(App\Controllers\ClientRequest))
#7 /home/fmkiddo/git/project.alcentrali/engine/CodeIgniter.php(312): CodeIgniter\CodeIgniter->handleRequest(NULL, Object(Config\Cache), false)
#8 /home/fmkiddo/git/project.alcentrali/server/index/index.php(45): CodeIgniter\CodeIgniter->run()
#9 {main}
CRITICAL - 2021-09-24 01:25:46 --> syntax error, unexpected 'foreach' (T_FOREACH)
#0 /home/fmkiddo/git/project.alcentrali/engine/Autoloader/Autoloader.php(296): CodeIgniter\Autoloader\Autoloader->requireFile('/home/fmkiddo/g...')
#1 /home/fmkiddo/git/project.alcentrali/engine/Autoloader/Autoloader.php(258): CodeIgniter\Autoloader\Autoloader->loadInNamespace('App\\Libraries\\A...')
#2 [internal function]: CodeIgniter\Autoloader\Autoloader->loadClass('App\\Libraries\\A...')
#3 /home/fmkiddo/git/project.alcentrali/server/syscore/Controllers/ClientRequest.php(61): spl_autoload_call('App\\Libraries\\A...')
#4 /home/fmkiddo/git/project.alcentrali/server/syscore/Controllers/ClientRequest.php(143): App\Controllers\ClientRequest->requestExecution()
#5 /home/fmkiddo/git/project.alcentrali/engine/CodeIgniter.php(918): App\Controllers\ClientRequest->dataRequest()
#6 /home/fmkiddo/git/project.alcentrali/engine/CodeIgniter.php(404): CodeIgniter\CodeIgniter->runController(Object(App\Controllers\ClientRequest))
#7 /home/fmkiddo/git/project.alcentrali/engine/CodeIgniter.php(312): CodeIgniter\CodeIgniter->handleRequest(NULL, Object(Config\Cache), false)
#8 /home/fmkiddo/git/project.alcentrali/server/index/index.php(45): CodeIgniter\CodeIgniter->run()
#9 {main}
CRITICAL - 2021-09-24 02:18:17 --> Trying to get property 'sent' of non-object
#0 /home/fmkiddo/git/project.alcentrali/server/syscore/Libraries/APIModules/OsamModule.php(593): CodeIgniter\Debug\Exceptions->errorHandler(8, 'Trying to get p...', '/home/fmkiddo/g...', 593, Array)
#1 /home/fmkiddo/git/project.alcentrali/server/syscore/Controllers/ClientRequest.php(62): App\Libraries\APIModules\OsamModule->executeRequest('movein-document...')
#2 /home/fmkiddo/git/project.alcentrali/server/syscore/Controllers/ClientRequest.php(143): App\Controllers\ClientRequest->requestExecution()
#3 /home/fmkiddo/git/project.alcentrali/engine/CodeIgniter.php(918): App\Controllers\ClientRequest->dataRequest()
#4 /home/fmkiddo/git/project.alcentrali/engine/CodeIgniter.php(404): CodeIgniter\CodeIgniter->runController(Object(App\Controllers\ClientRequest))
#5 /home/fmkiddo/git/project.alcentrali/engine/CodeIgniter.php(312): CodeIgniter\CodeIgniter->handleRequest(NULL, Object(Config\Cache), false)
#6 /home/fmkiddo/git/project.alcentrali/server/index/index.php(45): CodeIgniter\CodeIgniter->run()
#7 {main}
CRITICAL - 2021-09-24 02:18:33 --> Trying to get property 'sent' of non-object
#0 /home/fmkiddo/git/project.alcentrali/server/syscore/Libraries/APIModules/OsamModule.php(593): CodeIgniter\Debug\Exceptions->errorHandler(8, 'Trying to get p...', '/home/fmkiddo/g...', 593, Array)
#1 /home/fmkiddo/git/project.alcentrali/server/syscore/Controllers/ClientRequest.php(62): App\Libraries\APIModules\OsamModule->executeRequest('movein-document...')
#2 /home/fmkiddo/git/project.alcentrali/server/syscore/Controllers/ClientRequest.php(143): App\Controllers\ClientRequest->requestExecution()
#3 /home/fmkiddo/git/project.alcentrali/engine/CodeIgniter.php(918): App\Controllers\ClientRequest->dataRequest()
#4 /home/fmkiddo/git/project.alcentrali/engine/CodeIgniter.php(404): CodeIgniter\CodeIgniter->runController(Object(App\Controllers\ClientRequest))
#5 /home/fmkiddo/git/project.alcentrali/engine/CodeIgniter.php(312): CodeIgniter\CodeIgniter->handleRequest(NULL, Object(Config\Cache), false)
#6 /home/fmkiddo/git/project.alcentrali/server/index/index.php(45): CodeIgniter\CodeIgniter->run()
#7 {main}
CRITICAL - 2021-09-24 02:18:34 --> Trying to get property 'sent' of non-object
#0 /home/fmkiddo/git/project.alcentrali/server/syscore/Libraries/APIModules/OsamModule.php(593): CodeIgniter\Debug\Exceptions->errorHandler(8, 'Trying to get p...', '/home/fmkiddo/g...', 593, Array)
#1 /home/fmkiddo/git/project.alcentrali/server/syscore/Controllers/ClientRequest.php(62): App\Libraries\APIModules\OsamModule->executeRequest('movein-document...')
#2 /home/fmkiddo/git/project.alcentrali/server/syscore/Controllers/ClientRequest.php(143): App\Controllers\ClientRequest->requestExecution()
#3 /home/fmkiddo/git/project.alcentrali/engine/CodeIgniter.php(918): App\Controllers\ClientRequest->dataRequest()
#4 /home/fmkiddo/git/project.alcentrali/engine/CodeIgniter.php(404): CodeIgniter\CodeIgniter->runController(Object(App\Controllers\ClientRequest))
#5 /home/fmkiddo/git/project.alcentrali/engine/CodeIgniter.php(312): CodeIgniter\CodeIgniter->handleRequest(NULL, Object(Config\Cache), false)
#6 /home/fmkiddo/git/project.alcentrali/server/index/index.php(45): CodeIgniter\CodeIgniter->run()
#7 {main}
CRITICAL - 2021-09-24 02:21:46 --> Trying to get property 'sent' of non-object
#0 /home/fmkiddo/git/project.alcentrali/server/syscore/Libraries/APIModules/OsamModule.php(590): CodeIgniter\Debug\Exceptions->errorHandler(8, 'Trying to get p...', '/home/fmkiddo/g...', 590, Array)
#1 /home/fmkiddo/git/project.alcentrali/server/syscore/Controllers/ClientRequest.php(62): App\Libraries\APIModules\OsamModule->executeRequest('movein-document...')
#2 /home/fmkiddo/git/project.alcentrali/server/syscore/Controllers/ClientRequest.php(143): App\Controllers\ClientRequest->requestExecution()
#3 /home/fmkiddo/git/project.alcentrali/engine/CodeIgniter.php(918): App\Controllers\ClientRequest->dataRequest()
#4 /home/fmkiddo/git/project.alcentrali/engine/CodeIgniter.php(404): CodeIgniter\CodeIgniter->runController(Object(App\Controllers\ClientRequest))
#5 /home/fmkiddo/git/project.alcentrali/engine/CodeIgniter.php(312): CodeIgniter\CodeIgniter->handleRequest(NULL, Object(Config\Cache), false)
#6 /home/fmkiddo/git/project.alcentrali/server/index/index.php(45): CodeIgniter\CodeIgniter->run()
#7 {main}
CRITICAL - 2021-09-24 02:21:56 --> Trying to get property 'omvo_refidx' of non-object
#0 /home/fmkiddo/git/project.alcentrali/server/syscore/Libraries/APIModules/OsamModule.php(594): CodeIgniter\Debug\Exceptions->errorHandler(8, 'Trying to get p...', '/home/fmkiddo/g...', 594, Array)
#1 /home/fmkiddo/git/project.alcentrali/server/syscore/Controllers/ClientRequest.php(62): App\Libraries\APIModules\OsamModule->executeRequest('movein-document...')
#2 /home/fmkiddo/git/project.alcentrali/server/syscore/Controllers/ClientRequest.php(143): App\Controllers\ClientRequest->requestExecution()
#3 /home/fmkiddo/git/project.alcentrali/engine/CodeIgniter.php(918): App\Controllers\ClientRequest->dataRequest()
#4 /home/fmkiddo/git/project.alcentrali/engine/CodeIgniter.php(404): CodeIgniter\CodeIgniter->runController(Object(App\Controllers\ClientRequest))
#5 /home/fmkiddo/git/project.alcentrali/engine/CodeIgniter.php(312): CodeIgniter\CodeIgniter->handleRequest(NULL, Object(Config\Cache), false)
#6 /home/fmkiddo/git/project.alcentrali/server/index/index.php(45): CodeIgniter\CodeIgniter->run()
#7 {main}
CRITICAL - 2021-09-24 02:22:13 --> Trying to get property 'sent' of non-object
#0 /home/fmkiddo/git/project.alcentrali/server/syscore/Libraries/APIModules/OsamModule.php(609): CodeIgniter\Debug\Exceptions->errorHandler(8, 'Trying to get p...', '/home/fmkiddo/g...', 609, Array)
#1 /home/fmkiddo/git/project.alcentrali/server/syscore/Controllers/ClientRequest.php(62): App\Libraries\APIModules\OsamModule->executeRequest('movein-document...')
#2 /home/fmkiddo/git/project.alcentrali/server/syscore/Controllers/ClientRequest.php(143): App\Controllers\ClientRequest->requestExecution()
#3 /home/fmkiddo/git/project.alcentrali/engine/CodeIgniter.php(918): App\Controllers\ClientRequest->dataRequest()
#4 /home/fmkiddo/git/project.alcentrali/engine/CodeIgniter.php(404): CodeIgniter\CodeIgniter->runController(Object(App\Controllers\ClientRequest))
#5 /home/fmkiddo/git/project.alcentrali/engine/CodeIgniter.php(312): CodeIgniter\CodeIgniter->handleRequest(NULL, Object(Config\Cache), false)
#6 /home/fmkiddo/git/project.alcentrali/server/index/index.php(45): CodeIgniter\CodeIgniter->run()
#7 {main}
CRITICAL - 2021-09-24 02:22:35 --> Undefined variable: omvi
#0 /home/fmkiddo/git/project.alcentrali/server/syscore/Libraries/APIModules/OsamModule.php(604): CodeIgniter\Debug\Exceptions->errorHandler(8, 'Undefined varia...', '/home/fmkiddo/g...', 604, Array)
#1 /home/fmkiddo/git/project.alcentrali/server/syscore/Controllers/ClientRequest.php(62): App\Libraries\APIModules\OsamModule->executeRequest('movein-document...')
#2 /home/fmkiddo/git/project.alcentrali/server/syscore/Controllers/ClientRequest.php(143): App\Controllers\ClientRequest->requestExecution()
#3 /home/fmkiddo/git/project.alcentrali/engine/CodeIgniter.php(918): App\Controllers\ClientRequest->dataRequest()
#4 /home/fmkiddo/git/project.alcentrali/engine/CodeIgniter.php(404): CodeIgniter\CodeIgniter->runController(Object(App\Controllers\ClientRequest))
#5 /home/fmkiddo/git/project.alcentrali/engine/CodeIgniter.php(312): CodeIgniter\CodeIgniter->handleRequest(NULL, Object(Config\Cache), false)
#6 /home/fmkiddo/git/project.alcentrali/server/index/index.php(45): CodeIgniter\CodeIgniter->run()
#7 {main}
CRITICAL - 2021-09-24 02:22:43 --> Trying to get property 'sent' of non-object
#0 /home/fmkiddo/git/project.alcentrali/server/syscore/Libraries/APIModules/OsamModule.php(609): CodeIgniter\Debug\Exceptions->errorHandler(8, 'Trying to get p...', '/home/fmkiddo/g...', 609, Array)
#1 /home/fmkiddo/git/project.alcentrali/server/syscore/Controllers/ClientRequest.php(62): App\Libraries\APIModules\OsamModule->executeRequest('movein-document...')
#2 /home/fmkiddo/git/project.alcentrali/server/syscore/Controllers/ClientRequest.php(143): App\Controllers\ClientRequest->requestExecution()
#3 /home/fmkiddo/git/project.alcentrali/engine/CodeIgniter.php(918): App\Controllers\ClientRequest->dataRequest()
#4 /home/fmkiddo/git/project.alcentrali/engine/CodeIgniter.php(404): CodeIgniter\CodeIgniter->runController(Object(App\Controllers\ClientRequest))
#5 /home/fmkiddo/git/project.alcentrali/engine/CodeIgniter.php(312): CodeIgniter\CodeIgniter->handleRequest(NULL, Object(Config\Cache), false)
#6 /home/fmkiddo/git/project.alcentrali/server/index/index.php(45): CodeIgniter\CodeIgniter->run()
#7 {main}
CRITICAL - 2021-09-24 02:22:53 --> Trying to get property 'sent' of non-object
#0 /home/fmkiddo/git/project.alcentrali/server/syscore/Libraries/APIModules/OsamModule.php(609): CodeIgniter\Debug\Exceptions->errorHandler(8, 'Trying to get p...', '/home/fmkiddo/g...', 609, Array)
#1 /home/fmkiddo/git/project.alcentrali/server/syscore/Controllers/ClientRequest.php(62): App\Libraries\APIModules\OsamModule->executeRequest('movein-document...')
#2 /home/fmkiddo/git/project.alcentrali/server/syscore/Controllers/ClientRequest.php(143): App\Controllers\ClientRequest->requestExecution()
#3 /home/fmkiddo/git/project.alcentrali/engine/CodeIgniter.php(918): App\Controllers\ClientRequest->dataRequest()
#4 /home/fmkiddo/git/project.alcentrali/engine/CodeIgniter.php(404): CodeIgniter\CodeIgniter->runController(Object(App\Controllers\ClientRequest))
#5 /home/fmkiddo/git/project.alcentrali/engine/CodeIgniter.php(312): CodeIgniter\CodeIgniter->handleRequest(NULL, Object(Config\Cache), false)
#6 /home/fmkiddo/git/project.alcentrali/server/index/index.php(45): CodeIgniter\CodeIgniter->run()
#7 {main}
CRITICAL - 2021-09-24 02:23:01 --> Trying to get property 'sent' of non-object
#0 /home/fmkiddo/git/project.alcentrali/server/syscore/Libraries/APIModules/OsamModule.php(608): CodeIgniter\Debug\Exceptions->errorHandler(8, 'Trying to get p...', '/home/fmkiddo/g...', 608, Array)
#1 /home/fmkiddo/git/project.alcentrali/server/syscore/Controllers/ClientRequest.php(62): App\Libraries\APIModules\OsamModule->executeRequest('movein-document...')
#2 /home/fmkiddo/git/project.alcentrali/server/syscore/Controllers/ClientRequest.php(143): App\Controllers\ClientRequest->requestExecution()
#3 /home/fmkiddo/git/project.alcentrali/engine/CodeIgniter.php(918): App\Controllers\ClientRequest->dataRequest()
#4 /home/fmkiddo/git/project.alcentrali/engine/CodeIgniter.php(404): CodeIgniter\CodeIgniter->runController(Object(App\Controllers\ClientRequest))
#5 /home/fmkiddo/git/project.alcentrali/engine/CodeIgniter.php(312): CodeIgniter\CodeIgniter->handleRequest(NULL, Object(Config\Cache), false)
#6 /home/fmkiddo/git/project.alcentrali/server/index/index.php(45): CodeIgniter\CodeIgniter->run()
#7 {main}
CRITICAL - 2021-09-24 02:23:27 --> Trying to get property 'sent' of non-object
#0 /home/fmkiddo/git/project.alcentrali/server/syscore/Libraries/APIModules/OsamModule.php(608): CodeIgniter\Debug\Exceptions->errorHandler(8, 'Trying to get p...', '/home/fmkiddo/g...', 608, Array)
#1 /home/fmkiddo/git/project.alcentrali/server/syscore/Controllers/ClientRequest.php(62): App\Libraries\APIModules\OsamModule->executeRequest('movein-document...')
#2 /home/fmkiddo/git/project.alcentrali/server/syscore/Controllers/ClientRequest.php(143): App\Controllers\ClientRequest->requestExecution()
#3 /home/fmkiddo/git/project.alcentrali/engine/CodeIgniter.php(918): App\Controllers\ClientRequest->dataRequest()
#4 /home/fmkiddo/git/project.alcentrali/engine/CodeIgniter.php(404): CodeIgniter\CodeIgniter->runController(Object(App\Controllers\ClientRequest))
#5 /home/fmkiddo/git/project.alcentrali/engine/CodeIgniter.php(312): CodeIgniter\CodeIgniter->handleRequest(NULL, Object(Config\Cache), false)
#6 /home/fmkiddo/git/project.alcentrali/server/index/index.php(45): CodeIgniter\CodeIgniter->run()
#7 {main}
CRITICAL - 2021-09-24 02:23:40 --> Trying to get property 'sent' of non-object
#0 /home/fmkiddo/git/project.alcentrali/server/syscore/Libraries/APIModules/OsamModule.php(608): CodeIgniter\Debug\Exceptions->errorHandler(8, 'Trying to get p...', '/home/fmkiddo/g...', 608, Array)
#1 /home/fmkiddo/git/project.alcentrali/server/syscore/Controllers/ClientRequest.php(62): App\Libraries\APIModules\OsamModule->executeRequest('movein-document...')
#2 /home/fmkiddo/git/project.alcentrali/server/syscore/Controllers/ClientRequest.php(143): App\Controllers\ClientRequest->requestExecution()
#3 /home/fmkiddo/git/project.alcentrali/engine/CodeIgniter.php(918): App\Controllers\ClientRequest->dataRequest()
#4 /home/fmkiddo/git/project.alcentrali/engine/CodeIgniter.php(404): CodeIgniter\CodeIgniter->runController(Object(App\Controllers\ClientRequest))
#5 /home/fmkiddo/git/project.alcentrali/engine/CodeIgniter.php(312): CodeIgniter\CodeIgniter->handleRequest(NULL, Object(Config\Cache), false)
#6 /home/fmkiddo/git/project.alcentrali/server/index/index.php(45): CodeIgniter\CodeIgniter->run()
#7 {main}
CRITICAL - 2021-09-24 02:23:53 --> Trying to get property 'sent' of non-object
#0 /home/fmkiddo/git/project.alcentrali/server/syscore/Libraries/APIModules/OsamModule.php(608): CodeIgniter\Debug\Exceptions->errorHandler(8, 'Trying to get p...', '/home/fmkiddo/g...', 608, Array)
#1 /home/fmkiddo/git/project.alcentrali/server/syscore/Controllers/ClientRequest.php(62): App\Libraries\APIModules\OsamModule->executeRequest('movein-document...')
#2 /home/fmkiddo/git/project.alcentrali/server/syscore/Controllers/ClientRequest.php(143): App\Controllers\ClientRequest->requestExecution()
#3 /home/fmkiddo/git/project.alcentrali/engine/CodeIgniter.php(918): App\Controllers\ClientRequest->dataRequest()
#4 /home/fmkiddo/git/project.alcentrali/engine/CodeIgniter.php(404): CodeIgniter\CodeIgniter->runController(Object(App\Controllers\ClientRequest))
#5 /home/fmkiddo/git/project.alcentrali/engine/CodeIgniter.php(312): CodeIgniter\CodeIgniter->handleRequest(NULL, Object(Config\Cache), false)
#6 /home/fmkiddo/git/project.alcentrali/server/index/index.php(45): CodeIgniter\CodeIgniter->run()
#7 {main}
CRITICAL - 2021-09-24 02:26:08 --> Trying to get property 'sent' of non-object
#0 /home/fmkiddo/git/project.alcentrali/server/syscore/Libraries/APIModules/OsamModule.php(589): CodeIgniter\Debug\Exceptions->errorHandler(8, 'Trying to get p...', '/home/fmkiddo/g...', 589, Array)
#1 /home/fmkiddo/git/project.alcentrali/server/syscore/Controllers/ClientRequest.php(62): App\Libraries\APIModules\OsamModule->executeRequest('movein-document...')
#2 /home/fmkiddo/git/project.alcentrali/server/syscore/Controllers/ClientRequest.php(143): App\Controllers\ClientRequest->requestExecution()
#3 /home/fmkiddo/git/project.alcentrali/engine/CodeIgniter.php(918): App\Controllers\ClientRequest->dataRequest()
#4 /home/fmkiddo/git/project.alcentrali/engine/CodeIgniter.php(404): CodeIgniter\CodeIgniter->runController(Object(App\Controllers\ClientRequest))
#5 /home/fmkiddo/git/project.alcentrali/engine/CodeIgniter.php(312): CodeIgniter\CodeIgniter->handleRequest(NULL, Object(Config\Cache), false)
#6 /home/fmkiddo/git/project.alcentrali/server/index/index.php(45): CodeIgniter\CodeIgniter->run()
#7 {main}
CRITICAL - 2021-09-24 02:33:04 --> A non-numeric value encountered
#0 /home/fmkiddo/git/project.alcentrali/server/syscore/Libraries/APIModules/OsamModule.php(588): CodeIgniter\Debug\Exceptions->errorHandler(2, 'A non-numeric v...', '/home/fmkiddo/g...', 588, Array)
#1 /home/fmkiddo/git/project.alcentrali/server/syscore/Controllers/ClientRequest.php(62): App\Libraries\APIModules\OsamModule->executeRequest('movein-document...')
#2 /home/fmkiddo/git/project.alcentrali/server/syscore/Controllers/ClientRequest.php(143): App\Controllers\ClientRequest->requestExecution()
#3 /home/fmkiddo/git/project.alcentrali/engine/CodeIgniter.php(918): App\Controllers\ClientRequest->dataRequest()
#4 /home/fmkiddo/git/project.alcentrali/engine/CodeIgniter.php(404): CodeIgniter\CodeIgniter->runController(Object(App\Controllers\ClientRequest))
#5 /home/fmkiddo/git/project.alcentrali/engine/CodeIgniter.php(312): CodeIgniter\CodeIgniter->handleRequest(NULL, Object(Config\Cache), false)
#6 /home/fmkiddo/git/project.alcentrali/server/index/index.php(45): CodeIgniter\CodeIgniter->run()
#7 {main}
CRITICAL - 2021-09-24 02:33:54 --> A non-numeric value encountered
#0 /home/fmkiddo/git/project.alcentrali/server/syscore/Libraries/APIModules/OsamModule.php(587): CodeIgniter\Debug\Exceptions->errorHandler(2, 'A non-numeric v...', '/home/fmkiddo/g...', 587, Array)
#1 /home/fmkiddo/git/project.alcentrali/server/syscore/Controllers/ClientRequest.php(62): App\Libraries\APIModules\OsamModule->executeRequest('movein-document...')
#2 /home/fmkiddo/git/project.alcentrali/server/syscore/Controllers/ClientRequest.php(143): App\Controllers\ClientRequest->requestExecution()
#3 /home/fmkiddo/git/project.alcentrali/engine/CodeIgniter.php(918): App\Controllers\ClientRequest->dataRequest()
#4 /home/fmkiddo/git/project.alcentrali/engine/CodeIgniter.php(404): CodeIgniter\CodeIgniter->runController(Object(App\Controllers\ClientRequest))
#5 /home/fmkiddo/git/project.alcentrali/engine/CodeIgniter.php(312): CodeIgniter\CodeIgniter->handleRequest(NULL, Object(Config\Cache), false)
#6 /home/fmkiddo/git/project.alcentrali/server/index/index.php(45): CodeIgniter\CodeIgniter->run()
#7 {main}
CRITICAL - 2021-09-24 02:34:58 --> Column 'sent_by' in field list is ambiguous
#0 /home/fmkiddo/git/project.alcentrali/engine/Database/MySQLi/Connection.php(331): mysqli->query('SELECT `asm_omv...')
#1 /home/fmkiddo/git/project.alcentrali/engine/Database/BaseConnection.php(741): CodeIgniter\Database\MySQLi\Connection->execute('SELECT `asm_omv...')
#2 /home/fmkiddo/git/project.alcentrali/engine/Database/BaseConnection.php(669): CodeIgniter\Database\BaseConnection->simpleQuery('SELECT `asm_omv...')
#3 /home/fmkiddo/git/project.alcentrali/engine/Database/BaseBuilder.php(1860): CodeIgniter\Database\BaseConnection->query('SELECT `asm_omv...', Array, false)
#4 /home/fmkiddo/git/project.alcentrali/server/syscore/Models/BaseModel.php(66): CodeIgniter\Database\BaseBuilder->get()
#5 /home/fmkiddo/git/project.alcentrali/server/syscore/Libraries/APIModules/OsamModule.php(590): App\Models\BaseModel->find()
#6 /home/fmkiddo/git/project.alcentrali/server/syscore/Controllers/ClientRequest.php(62): App\Libraries\APIModules\OsamModule->executeRequest('movein-document...')
#7 /home/fmkiddo/git/project.alcentrali/server/syscore/Controllers/ClientRequest.php(143): App\Controllers\ClientRequest->requestExecution()
#8 /home/fmkiddo/git/project.alcentrali/engine/CodeIgniter.php(918): App\Controllers\ClientRequest->dataRequest()
#9 /home/fmkiddo/git/project.alcentrali/engine/CodeIgniter.php(404): CodeIgniter\CodeIgniter->runController(Object(App\Controllers\ClientRequest))
#10 /home/fmkiddo/git/project.alcentrali/engine/CodeIgniter.php(312): CodeIgniter\CodeIgniter->handleRequest(NULL, Object(Config\Cache), false)
#11 /home/fmkiddo/git/project.alcentrali/server/index/index.php(45): CodeIgniter\CodeIgniter->run()
#12 {main}
CRITICAL - 2021-09-24 02:35:07 --> Column 'sent_by' in field list is ambiguous
#0 /home/fmkiddo/git/project.alcentrali/engine/Database/MySQLi/Connection.php(331): mysqli->query('SELECT `asm_omv...')
#1 /home/fmkiddo/git/project.alcentrali/engine/Database/BaseConnection.php(741): CodeIgniter\Database\MySQLi\Connection->execute('SELECT `asm_omv...')
#2 /home/fmkiddo/git/project.alcentrali/engine/Database/BaseConnection.php(669): CodeIgniter\Database\BaseConnection->simpleQuery('SELECT `asm_omv...')
#3 /home/fmkiddo/git/project.alcentrali/engine/Database/BaseBuilder.php(1860): CodeIgniter\Database\BaseConnection->query('SELECT `asm_omv...', Array, false)
#4 /home/fmkiddo/git/project.alcentrali/server/syscore/Models/BaseModel.php(66): CodeIgniter\Database\BaseBuilder->get()
#5 /home/fmkiddo/git/project.alcentrali/server/syscore/Libraries/APIModules/OsamModule.php(590): App\Models\BaseModel->find()
#6 /home/fmkiddo/git/project.alcentrali/server/syscore/Controllers/ClientRequest.php(62): App\Libraries\APIModules\OsamModule->executeRequest('movein-document...')
#7 /home/fmkiddo/git/project.alcentrali/server/syscore/Controllers/ClientRequest.php(143): App\Controllers\ClientRequest->requestExecution()
#8 /home/fmkiddo/git/project.alcentrali/engine/CodeIgniter.php(918): App\Controllers\ClientRequest->dataRequest()
#9 /home/fmkiddo/git/project.alcentrali/engine/CodeIgniter.php(404): CodeIgniter\CodeIgniter->runController(Object(App\Controllers\ClientRequest))
#10 /home/fmkiddo/git/project.alcentrali/engine/CodeIgniter.php(312): CodeIgniter\CodeIgniter->handleRequest(NULL, Object(Config\Cache), false)
#11 /home/fmkiddo/git/project.alcentrali/server/index/index.php(45): CodeIgniter\CodeIgniter->run()
#12 {main}
CRITICAL - 2021-09-24 02:35:28 --> Column 'sent_by' in field list is ambiguous
#0 /home/fmkiddo/git/project.alcentrali/engine/Database/MySQLi/Connection.php(331): mysqli->query('SELECT `asm_omv...')
#1 /home/fmkiddo/git/project.alcentrali/engine/Database/BaseConnection.php(741): CodeIgniter\Database\MySQLi\Connection->execute('SELECT `asm_omv...')
#2 /home/fmkiddo/git/project.alcentrali/engine/Database/BaseConnection.php(669): CodeIgniter\Database\BaseConnection->simpleQuery('SELECT `asm_omv...')
#3 /home/fmkiddo/git/project.alcentrali/engine/Database/BaseBuilder.php(1860): CodeIgniter\Database\BaseConnection->query('SELECT `asm_omv...', Array, false)
#4 /home/fmkiddo/git/project.alcentrali/server/syscore/Models/BaseModel.php(66): CodeIgniter\Database\BaseBuilder->get()
#5 /home/fmkiddo/git/project.alcentrali/server/syscore/Libraries/APIModules/OsamModule.php(590): App\Models\BaseModel->find()
#6 /home/fmkiddo/git/project.alcentrali/server/syscore/Controllers/ClientRequest.php(62): App\Libraries\APIModules\OsamModule->executeRequest('movein-document...')
#7 /home/fmkiddo/git/project.alcentrali/server/syscore/Controllers/ClientRequest.php(143): App\Controllers\ClientRequest->requestExecution()
#8 /home/fmkiddo/git/project.alcentrali/engine/CodeIgniter.php(918): App\Controllers\ClientRequest->dataRequest()
#9 /home/fmkiddo/git/project.alcentrali/engine/CodeIgniter.php(404): CodeIgniter\CodeIgniter->runController(Object(App\Controllers\ClientRequest))
#10 /home/fmkiddo/git/project.alcentrali/engine/CodeIgniter.php(312): CodeIgniter\CodeIgniter->handleRequest(NULL, Object(Config\Cache), false)
#11 /home/fmkiddo/git/project.alcentrali/server/index/index.php(45): CodeIgniter\CodeIgniter->run()
#12 {main}
CRITICAL - 2021-09-24 03:37:13 --> You have an error in your SQL syntax; check the manual that corresponds to your MariaDB server version for the right syntax to use near '.`sent`, `asm_omvi`.`sent_by`, `asm_omvi`.`sent_date`
FROM `asm_omvi`
JOIN `a...' at line 1
#0 /home/fmkiddo/git/project.alcentrali/engine/Database/MySQLi/Connection.php(331): mysqli->query('SELECT `asm_omv...')
#1 /home/fmkiddo/git/project.alcentrali/engine/Database/BaseConnection.php(741): CodeIgniter\Database\MySQLi\Connection->execute('SELECT `asm_omv...')
#2 /home/fmkiddo/git/project.alcentrali/engine/Database/BaseConnection.php(669): CodeIgniter\Database\BaseConnection->simpleQuery('SELECT `asm_omv...')
#3 /home/fmkiddo/git/project.alcentrali/engine/Database/BaseBuilder.php(1860): CodeIgniter\Database\BaseConnection->query('SELECT `asm_omv...', Array, false)
#4 /home/fmkiddo/git/project.alcentrali/server/syscore/Models/BaseModel.php(66): CodeIgniter\Database\BaseBuilder->get()
#5 /home/fmkiddo/git/project.alcentrali/server/syscore/Libraries/APIModules/OsamModule.php(590): App\Models\BaseModel->find()
#6 /home/fmkiddo/git/project.alcentrali/server/syscore/Controllers/ClientRequest.php(62): App\Libraries\APIModules\OsamModule->executeRequest('movein-document...')
#7 /home/fmkiddo/git/project.alcentrali/server/syscore/Controllers/ClientRequest.php(143): App\Controllers\ClientRequest->requestExecution()
#8 /home/fmkiddo/git/project.alcentrali/engine/CodeIgniter.php(918): App\Controllers\ClientRequest->dataRequest()
#9 /home/fmkiddo/git/project.alcentrali/engine/CodeIgniter.php(404): CodeIgniter\CodeIgniter->runController(Object(App\Controllers\ClientRequest))
#10 /home/fmkiddo/git/project.alcentrali/engine/CodeIgniter.php(312): CodeIgniter\CodeIgniter->handleRequest(NULL, Object(Config\Cache), false)
#11 /home/fmkiddo/git/project.alcentrali/server/index/index.php(45): CodeIgniter\CodeIgniter->run()
#12 {main}
CRITICAL - 2021-09-24 03:37:14 --> You have an error in your SQL syntax; check the manual that corresponds to your MariaDB server version for the right syntax to use near '.`sent`, `asm_omvi`.`sent_by`, `asm_omvi`.`sent_date`
FROM `asm_omvi`
JOIN `a...' at line 1
#0 /home/fmkiddo/git/project.alcentrali/engine/Database/MySQLi/Connection.php(331): mysqli->query('SELECT `asm_omv...')
#1 /home/fmkiddo/git/project.alcentrali/engine/Database/BaseConnection.php(741): CodeIgniter\Database\MySQLi\Connection->execute('SELECT `asm_omv...')
#2 /home/fmkiddo/git/project.alcentrali/engine/Database/BaseConnection.php(669): CodeIgniter\Database\BaseConnection->simpleQuery('SELECT `asm_omv...')
#3 /home/fmkiddo/git/project.alcentrali/engine/Database/BaseBuilder.php(1860): CodeIgniter\Database\BaseConnection->query('SELECT `asm_omv...', Array, false)
#4 /home/fmkiddo/git/project.alcentrali/server/syscore/Models/BaseModel.php(66): CodeIgniter\Database\BaseBuilder->get()
#5 /home/fmkiddo/git/project.alcentrali/server/syscore/Libraries/APIModules/OsamModule.php(590): App\Models\BaseModel->find()
#6 /home/fmkiddo/git/project.alcentrali/server/syscore/Controllers/ClientRequest.php(62): App\Libraries\APIModules\OsamModule->executeRequest('movein-document...')
#7 /home/fmkiddo/git/project.alcentrali/server/syscore/Controllers/ClientRequest.php(143): App\Controllers\ClientRequest->requestExecution()
#8 /home/fmkiddo/git/project.alcentrali/engine/CodeIgniter.php(918): App\Controllers\ClientRequest->dataRequest()
#9 /home/fmkiddo/git/project.alcentrali/engine/CodeIgniter.php(404): CodeIgniter\CodeIgniter->runController(Object(App\Controllers\ClientRequest))
#10 /home/fmkiddo/git/project.alcentrali/engine/CodeIgniter.php(312): CodeIgniter\CodeIgniter->handleRequest(NULL, Object(Config\Cache), false)
#11 /home/fmkiddo/git/project.alcentrali/server/index/index.php(45): CodeIgniter\CodeIgniter->run()
#12 {main}
CRITICAL - 2021-09-24 03:37:33 --> You have an error in your SQL syntax; check the manual that corresponds to your MariaDB server version for the right syntax to use near '.`sent`
FROM `asm_omvi`
JOIN `asm_omvo` ON `asm_omvi`.`omvo_refidx`=`asm_omvo...' at line 1
#0 /home/fmkiddo/git/project.alcentrali/engine/Database/MySQLi/Connection.php(331): mysqli->query('SELECT `asm_omv...')
#1 /home/fmkiddo/git/project.alcentrali/engine/Database/BaseConnection.php(741): CodeIgniter\Database\MySQLi\Connection->execute('SELECT `asm_omv...')
#2 /home/fmkiddo/git/project.alcentrali/engine/Database/BaseConnection.php(669): CodeIgniter\Database\BaseConnection->simpleQuery('SELECT `asm_omv...')
#3 /home/fmkiddo/git/project.alcentrali/engine/Database/BaseBuilder.php(1860): CodeIgniter\Database\BaseConnection->query('SELECT `asm_omv...', Array, false)
#4 /home/fmkiddo/git/project.alcentrali/server/syscore/Models/BaseModel.php(66): CodeIgniter\Database\BaseBuilder->get()
#5 /home/fmkiddo/git/project.alcentrali/server/syscore/Libraries/APIModules/OsamModule.php(590): App\Models\BaseModel->find()
#6 /home/fmkiddo/git/project.alcentrali/server/syscore/Controllers/ClientRequest.php(62): App\Libraries\APIModules\OsamModule->executeRequest('movein-document...')
#7 /home/fmkiddo/git/project.alcentrali/server/syscore/Controllers/ClientRequest.php(143): App\Controllers\ClientRequest->requestExecution()
#8 /home/fmkiddo/git/project.alcentrali/engine/CodeIgniter.php(918): App\Controllers\ClientRequest->dataRequest()
#9 /home/fmkiddo/git/project.alcentrali/engine/CodeIgniter.php(404): CodeIgniter\CodeIgniter->runController(Object(App\Controllers\ClientRequest))
#10 /home/fmkiddo/git/project.alcentrali/engine/CodeIgniter.php(312): CodeIgniter\CodeIgniter->handleRequest(NULL, Object(Config\Cache), false)
#11 /home/fmkiddo/git/project.alcentrali/server/index/index.php(45): CodeIgniter\CodeIgniter->run()
#12 {main}
CRITICAL - 2021-09-24 04:36:43 --> Unknown column 'asm_mvo1.obsl_idx' in 'on clause'
#0 /home/fmkiddo/git/project.alcentrali/engine/Database/MySQLi/Connection.php(331): mysqli->query('SELECT *\nFROM `...')
#1 /home/fmkiddo/git/project.alcentrali/engine/Database/BaseConnection.php(741): CodeIgniter\Database\MySQLi\Connection->execute('SELECT *\nFROM `...')
#2 /home/fmkiddo/git/project.alcentrali/engine/Database/BaseConnection.php(669): CodeIgniter\Database\BaseConnection->simpleQuery('SELECT *\nFROM `...')
#3 /home/fmkiddo/git/project.alcentrali/engine/Database/BaseBuilder.php(1860): CodeIgniter\Database\BaseConnection->query('SELECT *\nFROM `...', Array, false)
#4 /home/fmkiddo/git/project.alcentrali/server/syscore/Models/BaseModel.php(66): CodeIgniter\Database\BaseBuilder->get()
#5 /home/fmkiddo/git/project.alcentrali/server/syscore/Libraries/APIModules/OsamModule.php(601): App\Models\BaseModel->find()
#6 /home/fmkiddo/git/project.alcentrali/server/syscore/Controllers/ClientRequest.php(62): App\Libraries\APIModules\OsamModule->executeRequest('movein-document...')
#7 /home/fmkiddo/git/project.alcentrali/server/syscore/Controllers/ClientRequest.php(143): App\Controllers\ClientRequest->requestExecution()
#8 /home/fmkiddo/git/project.alcentrali/engine/CodeIgniter.php(918): App\Controllers\ClientRequest->dataRequest()
#9 /home/fmkiddo/git/project.alcentrali/engine/CodeIgniter.php(404): CodeIgniter\CodeIgniter->runController(Object(App\Controllers\ClientRequest))
#10 /home/fmkiddo/git/project.alcentrali/engine/CodeIgniter.php(312): CodeIgniter\CodeIgniter->handleRequest(NULL, Object(Config\Cache), false)
#11 /home/fmkiddo/git/project.alcentrali/server/index/index.php(45): CodeIgniter\CodeIgniter->run()
#12 {main}
CRITICAL - 2021-09-24 04:37:45 --> Unknown column 'asm_mvo1.idx' in 'field list'
#0 /home/fmkiddo/git/project.alcentrali/engine/Database/MySQLi/Connection.php(331): mysqli->query('SELECT `asm_mvo...')
#1 /home/fmkiddo/git/project.alcentrali/engine/Database/BaseConnection.php(741): CodeIgniter\Database\MySQLi\Connection->execute('SELECT `asm_mvo...')
#2 /home/fmkiddo/git/project.alcentrali/engine/Database/BaseConnection.php(669): CodeIgniter\Database\BaseConnection->simpleQuery('SELECT `asm_mvo...')
#3 /home/fmkiddo/git/project.alcentrali/engine/Database/BaseBuilder.php(1860): CodeIgniter\Database\BaseConnection->query('SELECT `asm_mvo...', Array, false)
#4 /home/fmkiddo/git/project.alcentrali/server/syscore/Models/BaseModel.php(66): CodeIgniter\Database\BaseBuilder->get()
#5 /home/fmkiddo/git/project.alcentrali/server/syscore/Libraries/APIModules/OsamModule.php(602): App\Models\BaseModel->find()
#6 /home/fmkiddo/git/project.alcentrali/server/syscore/Controllers/ClientRequest.php(62): App\Libraries\APIModules\OsamModule->executeRequest('movein-document...')
#7 /home/fmkiddo/git/project.alcentrali/server/syscore/Controllers/ClientRequest.php(143): App\Controllers\ClientRequest->requestExecution()
#8 /home/fmkiddo/git/project.alcentrali/engine/CodeIgniter.php(918): App\Controllers\ClientRequest->dataRequest()
#9 /home/fmkiddo/git/project.alcentrali/engine/CodeIgniter.php(404): CodeIgniter\CodeIgniter->runController(Object(App\Controllers\ClientRequest))
#10 /home/fmkiddo/git/project.alcentrali/engine/CodeIgniter.php(312): CodeIgniter\CodeIgniter->handleRequest(NULL, Object(Config\Cache), false)
#11 /home/fmkiddo/git/project.alcentrali/server/index/index.php(45): CodeIgniter\CodeIgniter->run()
#12 {main}
CRITICAL - 2021-09-24 04:37:55 --> Unknown column 'asm_mvo1.idx' in 'field list'
#0 /home/fmkiddo/git/project.alcentrali/engine/Database/MySQLi/Connection.php(331): mysqli->query('SELECT `asm_mvo...')
#1 /home/fmkiddo/git/project.alcentrali/engine/Database/BaseConnection.php(741): CodeIgniter\Database\MySQLi\Connection->execute('SELECT `asm_mvo...')
#2 /home/fmkiddo/git/project.alcentrali/engine/Database/BaseConnection.php(669): CodeIgniter\Database\BaseConnection->simpleQuery('SELECT `asm_mvo...')
#3 /home/fmkiddo/git/project.alcentrali/engine/Database/BaseBuilder.php(1860): CodeIgniter\Database\BaseConnection->query('SELECT `asm_mvo...', Array, false)
#4 /home/fmkiddo/git/project.alcentrali/server/syscore/Models/BaseModel.php(66): CodeIgniter\Database\BaseBuilder->get()
#5 /home/fmkiddo/git/project.alcentrali/server/syscore/Libraries/APIModules/OsamModule.php(602): App\Models\BaseModel->find()
#6 /home/fmkiddo/git/project.alcentrali/server/syscore/Controllers/ClientRequest.php(62): App\Libraries\APIModules\OsamModule->executeRequest('movein-document...')
#7 /home/fmkiddo/git/project.alcentrali/server/syscore/Controllers/ClientRequest.php(143): App\Controllers\ClientRequest->requestExecution()
#8 /home/fmkiddo/git/project.alcentrali/engine/CodeIgniter.php(918): App\Controllers\ClientRequest->dataRequest()
#9 /home/fmkiddo/git/project.alcentrali/engine/CodeIgniter.php(404): CodeIgniter\CodeIgniter->runController(Object(App\Controllers\ClientRequest))
#10 /home/fmkiddo/git/project.alcentrali/engine/CodeIgniter.php(312): CodeIgniter\CodeIgniter->handleRequest(NULL, Object(Config\Cache), false)
#11 /home/fmkiddo/git/project.alcentrali/server/index/index.php(45): CodeIgniter\CodeIgniter->run()
#12 {main}
CRITICAL - 2021-09-24 04:38:01 --> Unknown column 'asm_mvo1.idx' in 'field list'
#0 /home/fmkiddo/git/project.alcentrali/engine/Database/MySQLi/Connection.php(331): mysqli->query('SELECT `asm_mvo...')
#1 /home/fmkiddo/git/project.alcentrali/engine/Database/BaseConnection.php(741): CodeIgniter\Database\MySQLi\Connection->execute('SELECT `asm_mvo...')
#2 /home/fmkiddo/git/project.alcentrali/engine/Database/BaseConnection.php(669): CodeIgniter\Database\BaseConnection->simpleQuery('SELECT `asm_mvo...')
#3 /home/fmkiddo/git/project.alcentrali/engine/Database/BaseBuilder.php(1860): CodeIgniter\Database\BaseConnection->query('SELECT `asm_mvo...', Array, false)
#4 /home/fmkiddo/git/project.alcentrali/server/syscore/Models/BaseModel.php(66): CodeIgniter\Database\BaseBuilder->get()
#5 /home/fmkiddo/git/project.alcentrali/server/syscore/Libraries/APIModules/OsamModule.php(602): App\Models\BaseModel->find()
#6 /home/fmkiddo/git/project.alcentrali/server/syscore/Controllers/ClientRequest.php(62): App\Libraries\APIModules\OsamModule->executeRequest('movein-document...')
#7 /home/fmkiddo/git/project.alcentrali/server/syscore/Controllers/ClientRequest.php(143): App\Controllers\ClientRequest->requestExecution()
#8 /home/fmkiddo/git/project.alcentrali/engine/CodeIgniter.php(918): App\Controllers\ClientRequest->dataRequest()
#9 /home/fmkiddo/git/project.alcentrali/engine/CodeIgniter.php(404): CodeIgniter\CodeIgniter->runController(Object(App\Controllers\ClientRequest))
#10 /home/fmkiddo/git/project.alcentrali/engine/CodeIgniter.php(312): CodeIgniter\CodeIgniter->handleRequest(NULL, Object(Config\Cache), false)
#11 /home/fmkiddo/git/project.alcentrali/server/index/index.php(45): CodeIgniter\CodeIgniter->run()
#12 {main}
CRITICAL - 2021-09-24 05:05:37 --> Undefined offset: 0
#0 /home/fmkiddo/git/project.alcentrali/server/syscore/Libraries/APIModules/OsamModule.php(619): CodeIgniter\Debug\Exceptions->errorHandler(8, 'Undefined offse...', '/home/fmkiddo/g...', 619, Array)
#1 /home/fmkiddo/git/project.alcentrali/server/syscore/Controllers/ClientRequest.php(62): App\Libraries\APIModules\OsamModule->executeRequest('movein-document...')
#2 /home/fmkiddo/git/project.alcentrali/server/syscore/Controllers/ClientRequest.php(143): App\Controllers\ClientRequest->requestExecution()
#3 /home/fmkiddo/git/project.alcentrali/engine/CodeIgniter.php(918): App\Controllers\ClientRequest->dataRequest()
#4 /home/fmkiddo/git/project.alcentrali/engine/CodeIgniter.php(404): CodeIgniter\CodeIgniter->runController(Object(App\Controllers\ClientRequest))
#5 /home/fmkiddo/git/project.alcentrali/engine/CodeIgniter.php(312): CodeIgniter\CodeIgniter->handleRequest(NULL, Object(Config\Cache), false)
#6 /home/fmkiddo/git/project.alcentrali/server/index/index.php(45): CodeIgniter\CodeIgniter->run()
#7 {main}
CRITICAL - 2021-09-24 05:05:38 --> Undefined offset: 0
#0 /home/fmkiddo/git/project.alcentrali/server/syscore/Libraries/APIModules/OsamModule.php(619): CodeIgniter\Debug\Exceptions->errorHandler(8, 'Undefined offse...', '/home/fmkiddo/g...', 619, Array)
#1 /home/fmkiddo/git/project.alcentrali/server/syscore/Controllers/ClientRequest.php(62): App\Libraries\APIModules\OsamModule->executeRequest('movein-document...')
#2 /home/fmkiddo/git/project.alcentrali/server/syscore/Controllers/ClientRequest.php(143): App\Controllers\ClientRequest->requestExecution()
#3 /home/fmkiddo/git/project.alcentrali/engine/CodeIgniter.php(918): App\Controllers\ClientRequest->dataRequest()
#4 /home/fmkiddo/git/project.alcentrali/engine/CodeIgniter.php(404): CodeIgniter\CodeIgniter->runController(Object(App\Controllers\ClientRequest))
#5 /home/fmkiddo/git/project.alcentrali/engine/CodeIgniter.php(312): CodeIgniter\CodeIgniter->handleRequest(NULL, Object(Config\Cache), false)
#6 /home/fmkiddo/git/project.alcentrali/server/index/index.php(45): CodeIgniter\CodeIgniter->run()
#7 {main}
CRITICAL - 2021-09-24 06:36:03 --> Undefined offset: 0
#0 /home/fmkiddo/git/project.alcentrali/server/syscore/Libraries/APIModules/OsamModule.php(881): CodeIgniter\Debug\Exceptions->errorHandler(8, 'Undefined offse...', '/home/fmkiddo/g...', 881, Array)
#1 /home/fmkiddo/git/project.alcentrali/server/syscore/Controllers/ClientRequest.php(62): App\Libraries\APIModules\OsamModule->executeRequest('moveout-doactio...')
#2 /home/fmkiddo/git/project.alcentrali/server/syscore/Controllers/ClientRequest.php(143): App\Controllers\ClientRequest->requestExecution()
#3 /home/fmkiddo/git/project.alcentrali/engine/CodeIgniter.php(918): App\Controllers\ClientRequest->dataRequest()
#4 /home/fmkiddo/git/project.alcentrali/engine/CodeIgniter.php(404): CodeIgniter\CodeIgniter->runController(Object(App\Controllers\ClientRequest))
#5 /home/fmkiddo/git/project.alcentrali/engine/CodeIgniter.php(312): CodeIgniter\CodeIgniter->handleRequest(NULL, Object(Config\Cache), false)
#6 /home/fmkiddo/git/project.alcentrali/server/index/index.php(45): CodeIgniter\CodeIgniter->run()
#7 {main}
CRITICAL - 2021-09-24 06:36:49 --> Undefined offset: 0
#0 /home/fmkiddo/git/project.alcentrali/server/syscore/Libraries/APIModules/OsamModule.php(881): CodeIgniter\Debug\Exceptions->errorHandler(8, 'Undefined offse...', '/home/fmkiddo/g...', 881, Array)
#1 /home/fmkiddo/git/project.alcentrali/server/syscore/Controllers/ClientRequest.php(62): App\Libraries\APIModules\OsamModule->executeRequest('moveout-doactio...')
#2 /home/fmkiddo/git/project.alcentrali/server/syscore/Controllers/ClientRequest.php(143): App\Controllers\ClientRequest->requestExecution()
#3 /home/fmkiddo/git/project.alcentrali/engine/CodeIgniter.php(918): App\Controllers\ClientRequest->dataRequest()
#4 /home/fmkiddo/git/project.alcentrali/engine/CodeIgniter.php(404): CodeIgniter\CodeIgniter->runController(Object(App\Controllers\ClientRequest))
#5 /home/fmkiddo/git/project.alcentrali/engine/CodeIgniter.php(312): CodeIgniter\CodeIgniter->handleRequest(NULL, Object(Config\Cache), false)
#6 /home/fmkiddo/git/project.alcentrali/server/index/index.php(45): CodeIgniter\CodeIgniter->run()
#7 {main}
CRITICAL - 2021-09-24 06:37:40 --> Undefined offset: 0
#0 /home/fmkiddo/git/project.alcentrali/server/syscore/Libraries/APIModules/OsamModule.php(881): CodeIgniter\Debug\Exceptions->errorHandler(8, 'Undefined offse...', '/home/fmkiddo/g...', 881, Array)
#1 /home/fmkiddo/git/project.alcentrali/server/syscore/Controllers/ClientRequest.php(62): App\Libraries\APIModules\OsamModule->executeRequest('moveout-doactio...')
#2 /home/fmkiddo/git/project.alcentrali/server/syscore/Controllers/ClientRequest.php(143): App\Controllers\ClientRequest->requestExecution()
#3 /home/fmkiddo/git/project.alcentrali/engine/CodeIgniter.php(918): App\Controllers\ClientRequest->dataRequest()
#4 /home/fmkiddo/git/project.alcentrali/engine/CodeIgniter.php(404): CodeIgniter\CodeIgniter->runController(Object(App\Controllers\ClientRequest))
#5 /home/fmkiddo/git/project.alcentrali/engine/CodeIgniter.php(312): CodeIgniter\CodeIgniter->handleRequest(NULL, Object(Config\Cache), false)
#6 /home/fmkiddo/git/project.alcentrali/server/index/index.php(45): CodeIgniter\CodeIgniter->run()
#7 {main}
CRITICAL - 2021-09-24 06:51:23 --> Trying to get property 'omvo_refidx' of non-object
#0 /home/fmkiddo/git/project.alcentrali/server/syscore/Libraries/APIModules/OsamModule.php(998): CodeIgniter\Debug\Exceptions->errorHandler(8, 'Trying to get p...', '/home/fmkiddo/g...', 998, Array)
#1 /home/fmkiddo/git/project.alcentrali/server/syscore/Controllers/ClientRequest.php(62): App\Libraries\APIModules\OsamModule->executeRequest('movein-doaction')
#2 /home/fmkiddo/git/project.alcentrali/server/syscore/Controllers/ClientRequest.php(143): App\Controllers\ClientRequest->requestExecution()
#3 /home/fmkiddo/git/project.alcentrali/engine/CodeIgniter.php(918): App\Controllers\ClientRequest->dataRequest()
#4 /home/fmkiddo/git/project.alcentrali/engine/CodeIgniter.php(404): CodeIgniter\CodeIgniter->runController(Object(App\Controllers\ClientRequest))
#5 /home/fmkiddo/git/project.alcentrali/engine/CodeIgniter.php(312): CodeIgniter\CodeIgniter->handleRequest(NULL, Object(Config\Cache), false)
#6 /home/fmkiddo/git/project.alcentrali/server/index/index.php(45): CodeIgniter\CodeIgniter->run()
#7 {main}
CRITICAL - 2021-09-24 06:52:33 --> Trying to get property 'idx' of non-object
#0 /home/fmkiddo/git/project.alcentrali/server/syscore/Libraries/APIModules/OsamModule.php(996): CodeIgniter\Debug\Exceptions->errorHandler(8, 'Trying to get p...', '/home/fmkiddo/g...', 996, Array)
#1 /home/fmkiddo/git/project.alcentrali/server/syscore/Controllers/ClientRequest.php(62): App\Libraries\APIModules\OsamModule->executeRequest('movein-doaction')
#2 /home/fmkiddo/git/project.alcentrali/server/syscore/Controllers/ClientRequest.php(143): App\Controllers\ClientRequest->requestExecution()
#3 /home/fmkiddo/git/project.alcentrali/engine/CodeIgniter.php(918): App\Controllers\ClientRequest->dataRequest()
#4 /home/fmkiddo/git/project.alcentrali/engine/CodeIgniter.php(404): CodeIgniter\CodeIgniter->runController(Object(App\Controllers\ClientRequest))
#5 /home/fmkiddo/git/project.alcentrali/engine/CodeIgniter.php(312): CodeIgniter\CodeIgniter->handleRequest(NULL, Object(Config\Cache), false)
#6 /home/fmkiddo/git/project.alcentrali/server/index/index.php(45): CodeIgniter\CodeIgniter->run()
#7 {main}
CRITICAL - 2021-09-24 06:52:38 --> Trying to get property 'idx' of non-object
#0 /home/fmkiddo/git/project.alcentrali/server/syscore/Libraries/APIModules/OsamModule.php(996): CodeIgniter\Debug\Exceptions->errorHandler(8, 'Trying to get p...', '/home/fmkiddo/g...', 996, Array)
#1 /home/fmkiddo/git/project.alcentrali/server/syscore/Controllers/ClientRequest.php(62): App\Libraries\APIModules\OsamModule->executeRequest('movein-doaction')
#2 /home/fmkiddo/git/project.alcentrali/server/syscore/Controllers/ClientRequest.php(143): App\Controllers\ClientRequest->requestExecution()
#3 /home/fmkiddo/git/project.alcentrali/engine/CodeIgniter.php(918): App\Controllers\ClientRequest->dataRequest()
#4 /home/fmkiddo/git/project.alcentrali/engine/CodeIgniter.php(404): CodeIgniter\CodeIgniter->runController(Object(App\Controllers\ClientRequest))
#5 /home/fmkiddo/git/project.alcentrali/engine/CodeIgniter.php(312): CodeIgniter\CodeIgniter->handleRequest(NULL, Object(Config\Cache), false)
#6 /home/fmkiddo/git/project.alcentrali/server/index/index.php(45): CodeIgniter\CodeIgniter->run()
#7 {main}
CRITICAL - 2021-09-24 06:52:44 --> Trying to get property 'idx' of non-object
#0 /home/fmkiddo/git/project.alcentrali/server/syscore/Libraries/APIModules/OsamModule.php(996): CodeIgniter\Debug\Exceptions->errorHandler(8, 'Trying to get p...', '/home/fmkiddo/g...', 996, Array)
#1 /home/fmkiddo/git/project.alcentrali/server/syscore/Controllers/ClientRequest.php(62): App\Libraries\APIModules\OsamModule->executeRequest('movein-doaction')
#2 /home/fmkiddo/git/project.alcentrali/server/syscore/Controllers/ClientRequest.php(143): App\Controllers\ClientRequest->requestExecution()
#3 /home/fmkiddo/git/project.alcentrali/engine/CodeIgniter.php(918): App\Controllers\ClientRequest->dataRequest()
#4 /home/fmkiddo/git/project.alcentrali/engine/CodeIgniter.php(404): CodeIgniter\CodeIgniter->runController(Object(App\Controllers\ClientRequest))
#5 /home/fmkiddo/git/project.alcentrali/engine/CodeIgniter.php(312): CodeIgniter\CodeIgniter->handleRequest(NULL, Object(Config\Cache), false)
#6 /home/fmkiddo/git/project.alcentrali/server/index/index.php(45): CodeIgniter\CodeIgniter->run()
#7 {main}
CRITICAL - 2021-09-24 07:13:50 --> Unknown column 'olct' in 'where clause'
#0 /home/fmkiddo/git/project.alcentrali/engine/Database/MySQLi/Connection.php(331): mysqli->query('SELECT *\nFROM `...')
#1 /home/fmkiddo/git/project.alcentrali/engine/Database/BaseConnection.php(741): CodeIgniter\Database\MySQLi\Connection->execute('SELECT *\nFROM `...')
#2 /home/fmkiddo/git/project.alcentrali/engine/Database/BaseConnection.php(669): CodeIgniter\Database\BaseConnection->simpleQuery('SELECT *\nFROM `...')
#3 /home/fmkiddo/git/project.alcentrali/engine/Database/BaseBuilder.php(1860): CodeIgniter\Database\BaseConnection->query('SELECT *\nFROM `...', Array, false)
#4 /home/fmkiddo/git/project.alcentrali/server/syscore/Models/BaseModel.php(66): CodeIgniter\Database\BaseBuilder->get()
#5 /home/fmkiddo/git/project.alcentrali/server/syscore/Libraries/APIModules/OsamModule.php(1028): App\Models\BaseModel->find()
#6 /home/fmkiddo/git/project.alcentrali/server/syscore/Controllers/ClientRequest.php(62): App\Libraries\APIModules\OsamModule->executeRequest('movein-doaction')
#7 /home/fmkiddo/git/project.alcentrali/server/syscore/Controllers/ClientRequest.php(143): App\Controllers\ClientRequest->requestExecution()
#8 /home/fmkiddo/git/project.alcentrali/engine/CodeIgniter.php(918): App\Controllers\ClientRequest->dataRequest()
#9 /home/fmkiddo/git/project.alcentrali/engine/CodeIgniter.php(404): CodeIgniter\CodeIgniter->runController(Object(App\Controllers\ClientRequest))
#10 /home/fmkiddo/git/project.alcentrali/engine/CodeIgniter.php(312): CodeIgniter\CodeIgniter->handleRequest(NULL, Object(Config\Cache), false)
#11 /home/fmkiddo/git/project.alcentrali/server/index/index.php(45): CodeIgniter\CodeIgniter->run()
#12 {main}
CRITICAL - 2021-09-24 07:18:23 --> Trying to get property 'code' of non-object
#0 /home/fmkiddo/git/project.alcentrali/server/syscore/Libraries/APIModules/OsamModule.php(1027): CodeIgniter\Debug\Exceptions->errorHandler(8, 'Trying to get p...', '/home/fmkiddo/g...', 1027, Array)
#1 /home/fmkiddo/git/project.alcentrali/server/syscore/Controllers/ClientRequest.php(62): App\Libraries\APIModules\OsamModule->executeRequest('movein-doaction')
#2 /home/fmkiddo/git/project.alcentrali/server/syscore/Controllers/ClientRequest.php(143): App\Controllers\ClientRequest->requestExecution()
#3 /home/fmkiddo/git/project.alcentrali/engine/CodeIgniter.php(918): App\Controllers\ClientRequest->dataRequest()
#4 /home/fmkiddo/git/project.alcentrali/engine/CodeIgniter.php(404): CodeIgniter\CodeIgniter->runController(Object(App\Controllers\ClientRequest))
#5 /home/fmkiddo/git/project.alcentrali/engine/CodeIgniter.php(312): CodeIgniter\CodeIgniter->handleRequest(NULL, Object(Config\Cache), false)
#6 /home/fmkiddo/git/project.alcentrali/server/index/index.php(45): CodeIgniter\CodeIgniter->run()
#7 {main}
CRITICAL - 2021-09-24 07:18:35 --> syntax error, unexpected '}'
#0 /home/fmkiddo/git/project.alcentrali/engine/Autoloader/Autoloader.php(296): CodeIgniter\Autoloader\Autoloader->requireFile('/home/fmkiddo/g...')
#1 /home/fmkiddo/git/project.alcentrali/engine/Autoloader/Autoloader.php(258): CodeIgniter\Autoloader\Autoloader->loadInNamespace('App\\Libraries\\A...')
#2 [internal function]: CodeIgniter\Autoloader\Autoloader->loadClass('App\\Libraries\\A...')
#3 /home/fmkiddo/git/project.alcentrali/server/syscore/Controllers/ClientRequest.php(61): spl_autoload_call('App\\Libraries\\A...')
#4 /home/fmkiddo/git/project.alcentrali/server/syscore/Controllers/ClientRequest.php(143): App\Controllers\ClientRequest->requestExecution()
#5 /home/fmkiddo/git/project.alcentrali/engine/CodeIgniter.php(918): App\Controllers\ClientRequest->dataRequest()
#6 /home/fmkiddo/git/project.alcentrali/engine/CodeIgniter.php(404): CodeIgniter\CodeIgniter->runController(Object(App\Controllers\ClientRequest))
#7 /home/fmkiddo/git/project.alcentrali/engine/CodeIgniter.php(312): CodeIgniter\CodeIgniter->handleRequest(NULL, Object(Config\Cache), false)
#8 /home/fmkiddo/git/project.alcentrali/server/index/index.php(45): CodeIgniter\CodeIgniter->run()
#9 {main}
CRITICAL - 2021-09-24 07:19:27 --> Call to undefined method App\Models\Osam\AssetItemModel::or_where
#0 /home/fmkiddo/git/project.alcentrali/server/syscore/Libraries/APIModules/OsamModule.php(1031): CodeIgniter\Model->__call('or_where', Array)
#1 /home/fmkiddo/git/project.alcentrali/server/syscore/Controllers/ClientRequest.php(62): App\Libraries\APIModules\OsamModule->executeRequest('movein-doaction')
#2 /home/fmkiddo/git/project.alcentrali/server/syscore/Controllers/ClientRequest.php(143): App\Controllers\ClientRequest->requestExecution()
#3 /home/fmkiddo/git/project.alcentrali/engine/CodeIgniter.php(918): App\Controllers\ClientRequest->dataRequest()
#4 /home/fmkiddo/git/project.alcentrali/engine/CodeIgniter.php(404): CodeIgniter\CodeIgniter->runController(Object(App\Controllers\ClientRequest))
#5 /home/fmkiddo/git/project.alcentrali/engine/CodeIgniter.php(312): CodeIgniter\CodeIgniter->handleRequest(NULL, Object(Config\Cache), false)
#6 /home/fmkiddo/git/project.alcentrali/server/index/index.php(45): CodeIgniter\CodeIgniter->run()
#7 {main}
CRITICAL - 2021-09-24 07:30:43 --> Undefined variable: details
#0 /home/fmkiddo/git/project.alcentrali/server/syscore/Libraries/APIModules/OsamModule.php(1027): CodeIgniter\Debug\Exceptions->errorHandler(8, 'Undefined varia...', '/home/fmkiddo/g...', 1027, Array)
#1 /home/fmkiddo/git/project.alcentrali/server/syscore/Controllers/ClientRequest.php(62): App\Libraries\APIModules\OsamModule->executeRequest('movein-doaction')
#2 /home/fmkiddo/git/project.alcentrali/server/syscore/Controllers/ClientRequest.php(143): App\Controllers\ClientRequest->requestExecution()
#3 /home/fmkiddo/git/project.alcentrali/engine/CodeIgniter.php(918): App\Controllers\ClientRequest->dataRequest()
#4 /home/fmkiddo/git/project.alcentrali/engine/CodeIgniter.php(404): CodeIgniter\CodeIgniter->runController(Object(App\Controllers\ClientRequest))
#5 /home/fmkiddo/git/project.alcentrali/engine/CodeIgniter.php(312): CodeIgniter\CodeIgniter->handleRequest(NULL, Object(Config\Cache), false)
#6 /home/fmkiddo/git/project.alcentrali/server/index/index.php(45): CodeIgniter\CodeIgniter->run()
#7 {main}
CRITICAL - 2021-09-24 08:06:11 --> Trying to get property 'can_approve' of non-object
#0 /home/fmkiddo/git/project.alcentrali/server/syscore/Libraries/APIModules/OsamModule.php(656): CodeIgniter\Debug\Exceptions->errorHandler(8, 'Trying to get p...', '/home/fmkiddo/g...', 656, Array)
#1 /home/fmkiddo/git/project.alcentrali/server/syscore/Controllers/ClientRequest.php(62): App\Libraries\APIModules\OsamModule->executeRequest('moveout-documen...')
#2 /home/fmkiddo/git/project.alcentrali/server/syscore/Controllers/ClientRequest.php(143): App\Controllers\ClientRequest->requestExecution()
#3 /home/fmkiddo/git/project.alcentrali/engine/CodeIgniter.php(918): App\Controllers\ClientRequest->dataRequest()
#4 /home/fmkiddo/git/project.alcentrali/engine/CodeIgniter.php(404): CodeIgniter\CodeIgniter->runController(Object(App\Controllers\ClientRequest))
#5 /home/fmkiddo/git/project.alcentrali/engine/CodeIgniter.php(312): CodeIgniter\CodeIgniter->handleRequest(NULL, Object(Config\Cache), false)
#6 /home/fmkiddo/git/project.alcentrali/server/index/index.php(45): CodeIgniter\CodeIgniter->run()
#7 {main}
CRITICAL - 2021-09-24 08:56:33 --> Trying to get property 'osbl_name' of non-object
#0 /home/fmkiddo/git/project.alcentrali/server/syscore/Libraries/APIModules/OsamModule.php(595): CodeIgniter\Debug\Exceptions->errorHandler(8, 'Trying to get p...', '/home/fmkiddo/g...', 595, Array)
#1 /home/fmkiddo/git/project.alcentrali/server/syscore/Controllers/ClientRequest.php(62): App\Libraries\APIModules\OsamModule->executeRequest('movein-document...')
#2 /home/fmkiddo/git/project.alcentrali/server/syscore/Controllers/ClientRequest.php(143): App\Controllers\ClientRequest->requestExecution()
#3 /home/fmkiddo/git/project.alcentrali/engine/CodeIgniter.php(918): App\Controllers\ClientRequest->dataRequest()
#4 /home/fmkiddo/git/project.alcentrali/engine/CodeIgniter.php(404): CodeIgniter\CodeIgniter->runController(Object(App\Controllers\ClientRequest))
#5 /home/fmkiddo/git/project.alcentrali/engine/CodeIgniter.php(312): CodeIgniter\CodeIgniter->handleRequest(NULL, Object(Config\Cache), false)
#6 /home/fmkiddo/git/project.alcentrali/server/index/index.php(45): CodeIgniter\CodeIgniter->run()
#7 {main}
CRITICAL - 2021-09-24 08:56:49 --> Trying to get property 'osbl_name' of non-object
#0 /home/fmkiddo/git/project.alcentrali/server/syscore/Libraries/APIModules/OsamModule.php(595): CodeIgniter\Debug\Exceptions->errorHandler(8, 'Trying to get p...', '/home/fmkiddo/g...', 595, Array)
#1 /home/fmkiddo/git/project.alcentrali/server/syscore/Controllers/ClientRequest.php(62): App\Libraries\APIModules\OsamModule->executeRequest('movein-document...')
#2 /home/fmkiddo/git/project.alcentrali/server/syscore/Controllers/ClientRequest.php(143): App\Controllers\ClientRequest->requestExecution()
#3 /home/fmkiddo/git/project.alcentrali/engine/CodeIgniter.php(918): App\Controllers\ClientRequest->dataRequest()
#4 /home/fmkiddo/git/project.alcentrali/engine/CodeIgniter.php(404): CodeIgniter\CodeIgniter->runController(Object(App\Controllers\ClientRequest))
#5 /home/fmkiddo/git/project.alcentrali/engine/CodeIgniter.php(312): CodeIgniter\CodeIgniter->handleRequest(NULL, Object(Config\Cache), false)
#6 /home/fmkiddo/git/project.alcentrali/server/index/index.php(45): CodeIgniter\CodeIgniter->run()
#7 {main}
CRITICAL - 2021-09-24 08:56:59 --> Trying to get property 'osbl_name' of non-object
#0 /home/fmkiddo/git/project.alcentrali/server/syscore/Libraries/APIModules/OsamModule.php(595): CodeIgniter\Debug\Exceptions->errorHandler(8, 'Trying to get p...', '/home/fmkiddo/g...', 595, Array)
#1 /home/fmkiddo/git/project.alcentrali/server/syscore/Controllers/ClientRequest.php(62): App\Libraries\APIModules\OsamModule->executeRequest('movein-document...')
#2 /home/fmkiddo/git/project.alcentrali/server/syscore/Controllers/ClientRequest.php(143): App\Controllers\ClientRequest->requestExecution()
#3 /home/fmkiddo/git/project.alcentrali/engine/CodeIgniter.php(918): App\Controllers\ClientRequest->dataRequest()
#4 /home/fmkiddo/git/project.alcentrali/engine/CodeIgniter.php(404): CodeIgniter\CodeIgniter->runController(Object(App\Controllers\ClientRequest))
#5 /home/fmkiddo/git/project.alcentrali/engine/CodeIgniter.php(312): CodeIgniter\CodeIgniter->handleRequest(NULL, Object(Config\Cache), false)
#6 /home/fmkiddo/git/project.alcentrali/server/index/index.php(45): CodeIgniter\CodeIgniter->run()
#7 {main}
CRITICAL - 2021-09-24 08:57:34 --> Trying to get property 'osbl_name' of non-object
#0 /home/fmkiddo/git/project.alcentrali/server/syscore/Libraries/APIModules/OsamModule.php(595): CodeIgniter\Debug\Exceptions->errorHandler(8, 'Trying to get p...', '/home/fmkiddo/g...', 595, Array)
#1 /home/fmkiddo/git/project.alcentrali/server/syscore/Controllers/ClientRequest.php(62): App\Libraries\APIModules\OsamModule->executeRequest('movein-document...')
#2 /home/fmkiddo/git/project.alcentrali/server/syscore/Controllers/ClientRequest.php(143): App\Controllers\ClientRequest->requestExecution()
#3 /home/fmkiddo/git/project.alcentrali/engine/CodeIgniter.php(918): App\Controllers\ClientRequest->dataRequest()
#4 /home/fmkiddo/git/project.alcentrali/engine/CodeIgniter.php(404): CodeIgniter\CodeIgniter->runController(Object(App\Controllers\ClientRequest))
#5 /home/fmkiddo/git/project.alcentrali/engine/CodeIgniter.php(312): CodeIgniter\CodeIgniter->handleRequest(NULL, Object(Config\Cache), false)
#6 /home/fmkiddo/git/project.alcentrali/server/index/index.php(45): CodeIgniter\CodeIgniter->run()
#7 {main}
CRITICAL - 2021-09-24 08:59:09 --> Trying to get property 'oita_idx' of non-object
#0 /home/fmkiddo/git/project.alcentrali/server/syscore/Libraries/APIModules/OsamModule.php(595): CodeIgniter\Debug\Exceptions->errorHandler(8, 'Trying to get p...', '/home/fmkiddo/g...', 595, Array)
#1 /home/fmkiddo/git/project.alcentrali/server/syscore/Controllers/ClientRequest.php(62): App\Libraries\APIModules\OsamModule->executeRequest('movein-document...')
#2 /home/fmkiddo/git/project.alcentrali/server/syscore/Controllers/ClientRequest.php(143): App\Controllers\ClientRequest->requestExecution()
#3 /home/fmkiddo/git/project.alcentrali/engine/CodeIgniter.php(918): App\Controllers\ClientRequest->dataRequest()
#4 /home/fmkiddo/git/project.alcentrali/engine/CodeIgniter.php(404): CodeIgniter\CodeIgniter->runController(Object(App\Controllers\ClientRequest))
#5 /home/fmkiddo/git/project.alcentrali/engine/CodeIgniter.php(312): CodeIgniter\CodeIgniter->handleRequest(NULL, Object(Config\Cache), false)
#6 /home/fmkiddo/git/project.alcentrali/server/index/index.php(45): CodeIgniter\CodeIgniter->run()
#7 {main}
CRITICAL - 2021-09-24 08:59:29 --> Trying to get property 'oita_idx' of non-object
#0 /home/fmkiddo/git/project.alcentrali/server/syscore/Libraries/APIModules/OsamModule.php(590): CodeIgniter\Debug\Exceptions->errorHandler(8, 'Trying to get p...', '/home/fmkiddo/g...', 590, Array)
#1 /home/fmkiddo/git/project.alcentrali/server/syscore/Controllers/ClientRequest.php(62): App\Libraries\APIModules\OsamModule->executeRequest('movein-document...')
#2 /home/fmkiddo/git/project.alcentrali/server/syscore/Controllers/ClientRequest.php(143): App\Controllers\ClientRequest->requestExecution()
#3 /home/fmkiddo/git/project.alcentrali/engine/CodeIgniter.php(918): App\Controllers\ClientRequest->dataRequest()
#4 /home/fmkiddo/git/project.alcentrali/engine/CodeIgniter.php(404): CodeIgniter\CodeIgniter->runController(Object(App\Controllers\ClientRequest))
#5 /home/fmkiddo/git/project.alcentrali/engine/CodeIgniter.php(312): CodeIgniter\CodeIgniter->handleRequest(NULL, Object(Config\Cache), false)
#6 /home/fmkiddo/git/project.alcentrali/server/index/index.php(45): CodeIgniter\CodeIgniter->run()
#7 {main}
