CRITICAL - 2021-09-21 00:02:05 --> Undefined variable: requestResponse
#0 /home/fmkiddo/git/project.alcentrali/server/syscore/Libraries/APIModules/OsamModule.php(635): CodeIgniter\Debug\Exceptions->errorHandler(8, 'Undefined varia...', '/home/fmkiddo/g...', 635, Array)
#1 /home/fmkiddo/git/project.alcentrali/server/syscore/Controllers/ClientRequest.php(62): App\Libraries\APIModules\OsamModule->executeRequest('moveout-documen...')
#2 /home/fmkiddo/git/project.alcentrali/server/syscore/Controllers/ClientRequest.php(143): App\Controllers\ClientRequest->requestExecution()
#3 /home/fmkiddo/git/project.alcentrali/engine/CodeIgniter.php(918): App\Controllers\ClientRequest->dataRequest()
#4 /home/fmkiddo/git/project.alcentrali/engine/CodeIgniter.php(404): CodeIgniter\CodeIgniter->runController(Object(App\Controllers\ClientRequest))
#5 /home/fmkiddo/git/project.alcentrali/engine/CodeIgniter.php(312): CodeIgniter\CodeIgniter->handleRequest(NULL, Object(Config\Cache), false)
#6 /home/fmkiddo/git/project.alcentrali/server/index/index.php(45): CodeIgniter\CodeIgniter->run()
#7 {main}
CRITICAL - 2021-09-21 01:04:05 --> Trying to get property 'idx' of non-object
#0 /home/fmkiddo/git/project.alcentrali/server/syscore/Libraries/APIModules/OsamModule.php(639): CodeIgniter\Debug\Exceptions->errorHandler(8, 'Trying to get p...', '/home/fmkiddo/g...', 639, Array)
#1 /home/fmkiddo/git/project.alcentrali/server/syscore/Controllers/ClientRequest.php(62): App\Libraries\APIModules\OsamModule->executeRequest('moveout-documen...')
#2 /home/fmkiddo/git/project.alcentrali/server/syscore/Controllers/ClientRequest.php(143): App\Controllers\ClientRequest->requestExecution()
#3 /home/fmkiddo/git/project.alcentrali/engine/CodeIgniter.php(918): App\Controllers\ClientRequest->dataRequest()
#4 /home/fmkiddo/git/project.alcentrali/engine/CodeIgniter.php(404): CodeIgniter\CodeIgniter->runController(Object(App\Controllers\ClientRequest))
#5 /home/fmkiddo/git/project.alcentrali/engine/CodeIgniter.php(312): CodeIgniter\CodeIgniter->handleRequest(NULL, Object(Config\Cache), false)
#6 /home/fmkiddo/git/project.alcentrali/server/index/index.php(45): CodeIgniter\CodeIgniter->run()
#7 {main}
CRITICAL - 2021-09-21 02:17:01 --> Trying to get property 'can_approve' of non-object
#0 /home/fmkiddo/git/project.alcentrali/server/syscore/Libraries/APIModules/OsamModule.php(494): CodeIgniter\Debug\Exceptions->errorHandler(8, 'Trying to get p...', '/home/fmkiddo/g...', 494, Array)
#1 /home/fmkiddo/git/project.alcentrali/server/syscore/Controllers/ClientRequest.php(62): App\Libraries\APIModules\OsamModule->executeRequest('moveout-documen...')
#2 /home/fmkiddo/git/project.alcentrali/server/syscore/Controllers/ClientRequest.php(143): App\Controllers\ClientRequest->requestExecution()
#3 /home/fmkiddo/git/project.alcentrali/engine/CodeIgniter.php(918): App\Controllers\ClientRequest->dataRequest()
#4 /home/fmkiddo/git/project.alcentrali/engine/CodeIgniter.php(404): CodeIgniter\CodeIgniter->runController(Object(App\Controllers\ClientRequest))
#5 /home/fmkiddo/git/project.alcentrali/engine/CodeIgniter.php(312): CodeIgniter\CodeIgniter->handleRequest(NULL, Object(Config\Cache), false)
#6 /home/fmkiddo/git/project.alcentrali/server/index/index.php(45): CodeIgniter\CodeIgniter->run()
#7 {main}
CRITICAL - 2021-09-21 02:17:35 --> Trying to get property 'can_approve' of non-object
#0 /home/fmkiddo/git/project.alcentrali/server/syscore/Libraries/APIModules/OsamModule.php(494): CodeIgniter\Debug\Exceptions->errorHandler(8, 'Trying to get p...', '/home/fmkiddo/g...', 494, Array)
#1 /home/fmkiddo/git/project.alcentrali/server/syscore/Controllers/ClientRequest.php(62): App\Libraries\APIModules\OsamModule->executeRequest('moveout-documen...')
#2 /home/fmkiddo/git/project.alcentrali/server/syscore/Controllers/ClientRequest.php(143): App\Controllers\ClientRequest->requestExecution()
#3 /home/fmkiddo/git/project.alcentrali/engine/CodeIgniter.php(918): App\Controllers\ClientRequest->dataRequest()
#4 /home/fmkiddo/git/project.alcentrali/engine/CodeIgniter.php(404): CodeIgniter\CodeIgniter->runController(Object(App\Controllers\ClientRequest))
#5 /home/fmkiddo/git/project.alcentrali/engine/CodeIgniter.php(312): CodeIgniter\CodeIgniter->handleRequest(NULL, Object(Config\Cache), false)
#6 /home/fmkiddo/git/project.alcentrali/server/index/index.php(45): CodeIgniter\CodeIgniter->run()
#7 {main}
CRITICAL - 2021-09-21 02:30:42 --> count(): Parameter must be an array or an object that implements Countable
#0 [internal function]: CodeIgniter\Debug\Exceptions->errorHandler(2, 'count(): Parame...', '/home/fmkiddo/g...', 499, Array)
#1 /home/fmkiddo/git/project.alcentrali/server/syscore/Libraries/APIModules/OsamModule.php(499): count(Object(CodeIgniter\Entity))
#2 /home/fmkiddo/git/project.alcentrali/server/syscore/Controllers/ClientRequest.php(62): App\Libraries\APIModules\OsamModule->executeRequest('get-userlocatio...')
#3 /home/fmkiddo/git/project.alcentrali/server/syscore/Controllers/ClientRequest.php(143): App\Controllers\ClientRequest->requestExecution()
#4 /home/fmkiddo/git/project.alcentrali/engine/CodeIgniter.php(918): App\Controllers\ClientRequest->dataRequest()
#5 /home/fmkiddo/git/project.alcentrali/engine/CodeIgniter.php(404): CodeIgniter\CodeIgniter->runController(Object(App\Controllers\ClientRequest))
#6 /home/fmkiddo/git/project.alcentrali/engine/CodeIgniter.php(312): CodeIgniter\CodeIgniter->handleRequest(NULL, Object(Config\Cache), false)
#7 /home/fmkiddo/git/project.alcentrali/server/index/index.php(45): CodeIgniter\CodeIgniter->run()
#8 {main}
CRITICAL - 2021-09-21 02:41:26 --> count(): Parameter must be an array or an object that implements Countable
#0 [internal function]: CodeIgniter\Debug\Exceptions->errorHandler(2, 'count(): Parame...', '/home/fmkiddo/g...', 499, Array)
#1 /home/fmkiddo/git/project.alcentrali/server/syscore/Libraries/APIModules/OsamModule.php(499): count(Object(CodeIgniter\Entity))
#2 /home/fmkiddo/git/project.alcentrali/server/syscore/Controllers/ClientRequest.php(62): App\Libraries\APIModules\OsamModule->executeRequest('get-userlocatio...')
#3 /home/fmkiddo/git/project.alcentrali/server/syscore/Controllers/ClientRequest.php(143): App\Controllers\ClientRequest->requestExecution()
#4 /home/fmkiddo/git/project.alcentrali/engine/CodeIgniter.php(918): App\Controllers\ClientRequest->dataRequest()
#5 /home/fmkiddo/git/project.alcentrali/engine/CodeIgniter.php(404): CodeIgniter\CodeIgniter->runController(Object(App\Controllers\ClientRequest))
#6 /home/fmkiddo/git/project.alcentrali/engine/CodeIgniter.php(312): CodeIgniter\CodeIgniter->handleRequest(NULL, Object(Config\Cache), false)
#7 /home/fmkiddo/git/project.alcentrali/server/index/index.php(45): CodeIgniter\CodeIgniter->run()
#8 {main}
CRITICAL - 2021-09-21 02:41:59 --> Undefined variable: requestResponse
#0 /home/fmkiddo/git/project.alcentrali/server/syscore/Libraries/APIModules/OsamModule.php(710): CodeIgniter\Debug\Exceptions->errorHandler(8, 'Undefined varia...', '/home/fmkiddo/g...', 710, Array)
#1 /home/fmkiddo/git/project.alcentrali/server/syscore/Controllers/ClientRequest.php(62): App\Libraries\APIModules\OsamModule->executeRequest('get-userlocatio...')
#2 /home/fmkiddo/git/project.alcentrali/server/syscore/Controllers/ClientRequest.php(143): App\Controllers\ClientRequest->requestExecution()
#3 /home/fmkiddo/git/project.alcentrali/engine/CodeIgniter.php(918): App\Controllers\ClientRequest->dataRequest()
#4 /home/fmkiddo/git/project.alcentrali/engine/CodeIgniter.php(404): CodeIgniter\CodeIgniter->runController(Object(App\Controllers\ClientRequest))
#5 /home/fmkiddo/git/project.alcentrali/engine/CodeIgniter.php(312): CodeIgniter\CodeIgniter->handleRequest(NULL, Object(Config\Cache), false)
#6 /home/fmkiddo/git/project.alcentrali/server/index/index.php(45): CodeIgniter\CodeIgniter->run()
#7 {main}
CRITICAL - 2021-09-21 02:42:59 --> count(): Parameter must be an array or an object that implements Countable
#0 [internal function]: CodeIgniter\Debug\Exceptions->errorHandler(2, 'count(): Parame...', '/home/fmkiddo/g...', 499, Array)
#1 /home/fmkiddo/git/project.alcentrali/server/syscore/Libraries/APIModules/OsamModule.php(499): count(Object(CodeIgniter\Entity))
#2 /home/fmkiddo/git/project.alcentrali/server/syscore/Controllers/ClientRequest.php(62): App\Libraries\APIModules\OsamModule->executeRequest('get-userlocatio...')
#3 /home/fmkiddo/git/project.alcentrali/server/syscore/Controllers/ClientRequest.php(143): App\Controllers\ClientRequest->requestExecution()
#4 /home/fmkiddo/git/project.alcentrali/engine/CodeIgniter.php(918): App\Controllers\ClientRequest->dataRequest()
#5 /home/fmkiddo/git/project.alcentrali/engine/CodeIgniter.php(404): CodeIgniter\CodeIgniter->runController(Object(App\Controllers\ClientRequest))
#6 /home/fmkiddo/git/project.alcentrali/engine/CodeIgniter.php(312): CodeIgniter\CodeIgniter->handleRequest(NULL, Object(Config\Cache), false)
#7 /home/fmkiddo/git/project.alcentrali/server/index/index.php(45): CodeIgniter\CodeIgniter->run()
#8 {main}
CRITICAL - 2021-09-21 03:27:22 --> Undefined variable: canApprove
#0 /home/fmkiddo/git/project.alcentrali/server/syscore/Libraries/APIModules/OsamModule.php(654): CodeIgniter\Debug\Exceptions->errorHandler(8, 'Undefined varia...', '/home/fmkiddo/g...', 654, Array)
#1 /home/fmkiddo/git/project.alcentrali/server/syscore/Controllers/ClientRequest.php(62): App\Libraries\APIModules\OsamModule->executeRequest('movein-document...')
#2 /home/fmkiddo/git/project.alcentrali/server/syscore/Controllers/ClientRequest.php(143): App\Controllers\ClientRequest->requestExecution()
#3 /home/fmkiddo/git/project.alcentrali/engine/CodeIgniter.php(918): App\Controllers\ClientRequest->dataRequest()
#4 /home/fmkiddo/git/project.alcentrali/engine/CodeIgniter.php(404): CodeIgniter\CodeIgniter->runController(Object(App\Controllers\ClientRequest))
#5 /home/fmkiddo/git/project.alcentrali/engine/CodeIgniter.php(312): CodeIgniter\CodeIgniter->handleRequest(NULL, Object(Config\Cache), false)
#6 /home/fmkiddo/git/project.alcentrali/server/index/index.php(45): CodeIgniter\CodeIgniter->run()
#7 {main}
CRITICAL - 2021-09-21 03:27:42 --> Undefined variable: canApprove
#0 /home/fmkiddo/git/project.alcentrali/server/syscore/Libraries/APIModules/OsamModule.php(654): CodeIgniter\Debug\Exceptions->errorHandler(8, 'Undefined varia...', '/home/fmkiddo/g...', 654, Array)
#1 /home/fmkiddo/git/project.alcentrali/server/syscore/Controllers/ClientRequest.php(62): App\Libraries\APIModules\OsamModule->executeRequest('movein-document...')
#2 /home/fmkiddo/git/project.alcentrali/server/syscore/Controllers/ClientRequest.php(143): App\Controllers\ClientRequest->requestExecution()
#3 /home/fmkiddo/git/project.alcentrali/engine/CodeIgniter.php(918): App\Controllers\ClientRequest->dataRequest()
#4 /home/fmkiddo/git/project.alcentrali/engine/CodeIgniter.php(404): CodeIgniter\CodeIgniter->runController(Object(App\Controllers\ClientRequest))
#5 /home/fmkiddo/git/project.alcentrali/engine/CodeIgniter.php(312): CodeIgniter\CodeIgniter->handleRequest(NULL, Object(Config\Cache), false)
#6 /home/fmkiddo/git/project.alcentrali/server/index/index.php(45): CodeIgniter\CodeIgniter->run()
#7 {main}
CRITICAL - 2021-09-21 03:27:46 --> Undefined variable: canApprove
#0 /home/fmkiddo/git/project.alcentrali/server/syscore/Libraries/APIModules/OsamModule.php(654): CodeIgniter\Debug\Exceptions->errorHandler(8, 'Undefined varia...', '/home/fmkiddo/g...', 654, Array)
#1 /home/fmkiddo/git/project.alcentrali/server/syscore/Controllers/ClientRequest.php(62): App\Libraries\APIModules\OsamModule->executeRequest('movein-document...')
#2 /home/fmkiddo/git/project.alcentrali/server/syscore/Controllers/ClientRequest.php(143): App\Controllers\ClientRequest->requestExecution()
#3 /home/fmkiddo/git/project.alcentrali/engine/CodeIgniter.php(918): App\Controllers\ClientRequest->dataRequest()
#4 /home/fmkiddo/git/project.alcentrali/engine/CodeIgniter.php(404): CodeIgniter\CodeIgniter->runController(Object(App\Controllers\ClientRequest))
#5 /home/fmkiddo/git/project.alcentrali/engine/CodeIgniter.php(312): CodeIgniter\CodeIgniter->handleRequest(NULL, Object(Config\Cache), false)
#6 /home/fmkiddo/git/project.alcentrali/server/index/index.php(45): CodeIgniter\CodeIgniter->run()
#7 {main}
CRITICAL - 2021-09-21 03:56:40 --> syntax error, unexpected ']'
#0 /home/fmkiddo/git/project.alcentrali/engine/Autoloader/Autoloader.php(296): CodeIgniter\Autoloader\Autoloader->requireFile('/home/fmkiddo/g...')
#1 /home/fmkiddo/git/project.alcentrali/engine/Autoloader/Autoloader.php(258): CodeIgniter\Autoloader\Autoloader->loadInNamespace('App\\Libraries\\A...')
#2 [internal function]: CodeIgniter\Autoloader\Autoloader->loadClass('App\\Libraries\\A...')
#3 /home/fmkiddo/git/project.alcentrali/server/syscore/Controllers/ClientRequest.php(61): spl_autoload_call('App\\Libraries\\A...')
#4 /home/fmkiddo/git/project.alcentrali/server/syscore/Controllers/ClientRequest.php(143): App\Controllers\ClientRequest->requestExecution()
#5 /home/fmkiddo/git/project.alcentrali/engine/CodeIgniter.php(918): App\Controllers\ClientRequest->dataRequest()
#6 /home/fmkiddo/git/project.alcentrali/engine/CodeIgniter.php(404): CodeIgniter\CodeIgniter->runController(Object(App\Controllers\ClientRequest))
#7 /home/fmkiddo/git/project.alcentrali/engine/CodeIgniter.php(312): CodeIgniter\CodeIgniter->handleRequest(NULL, Object(Config\Cache), false)
#8 /home/fmkiddo/git/project.alcentrali/server/index/index.php(45): CodeIgniter\CodeIgniter->run()
#9 {main}
CRITICAL - 2021-09-21 08:03:30 --> Undefined variable: modal
#0 /home/fmkiddo/git/project.alcentrali/server/syscore/Libraries/APIModules/OsamModule.php(686): CodeIgniter\Debug\Exceptions->errorHandler(8, 'Undefined varia...', '/home/fmkiddo/g...', 686, Array)
#1 /home/fmkiddo/git/project.alcentrali/server/syscore/Controllers/ClientRequest.php(62): App\Libraries\APIModules\OsamModule->executeRequest('moveout-documen...')
#2 /home/fmkiddo/git/project.alcentrali/server/syscore/Controllers/ClientRequest.php(143): App\Controllers\ClientRequest->requestExecution()
#3 /home/fmkiddo/git/project.alcentrali/engine/CodeIgniter.php(918): App\Controllers\ClientRequest->dataRequest()
#4 /home/fmkiddo/git/project.alcentrali/engine/CodeIgniter.php(404): CodeIgniter\CodeIgniter->runController(Object(App\Controllers\ClientRequest))
#5 /home/fmkiddo/git/project.alcentrali/engine/CodeIgniter.php(312): CodeIgniter\CodeIgniter->handleRequest(NULL, Object(Config\Cache), false)
#6 /home/fmkiddo/git/project.alcentrali/server/index/index.php(45): CodeIgniter\CodeIgniter->run()
#7 {main}
CRITICAL - 2021-09-21 08:03:38 --> Undefined variable: modal
#0 /home/fmkiddo/git/project.alcentrali/server/syscore/Libraries/APIModules/OsamModule.php(686): CodeIgniter\Debug\Exceptions->errorHandler(8, 'Undefined varia...', '/home/fmkiddo/g...', 686, Array)
#1 /home/fmkiddo/git/project.alcentrali/server/syscore/Controllers/ClientRequest.php(62): App\Libraries\APIModules\OsamModule->executeRequest('moveout-documen...')
#2 /home/fmkiddo/git/project.alcentrali/server/syscore/Controllers/ClientRequest.php(143): App\Controllers\ClientRequest->requestExecution()
#3 /home/fmkiddo/git/project.alcentrali/engine/CodeIgniter.php(918): App\Controllers\ClientRequest->dataRequest()
#4 /home/fmkiddo/git/project.alcentrali/engine/CodeIgniter.php(404): CodeIgniter\CodeIgniter->runController(Object(App\Controllers\ClientRequest))
#5 /home/fmkiddo/git/project.alcentrali/engine/CodeIgniter.php(312): CodeIgniter\CodeIgniter->handleRequest(NULL, Object(Config\Cache), false)
#6 /home/fmkiddo/git/project.alcentrali/server/index/index.php(45): CodeIgniter\CodeIgniter->run()
#7 {main}
CRITICAL - 2021-09-21 08:03:38 --> Undefined variable: modal
#0 /home/fmkiddo/git/project.alcentrali/server/syscore/Libraries/APIModules/OsamModule.php(686): CodeIgniter\Debug\Exceptions->errorHandler(8, 'Undefined varia...', '/home/fmkiddo/g...', 686, Array)
#1 /home/fmkiddo/git/project.alcentrali/server/syscore/Controllers/ClientRequest.php(62): App\Libraries\APIModules\OsamModule->executeRequest('moveout-documen...')
#2 /home/fmkiddo/git/project.alcentrali/server/syscore/Controllers/ClientRequest.php(143): App\Controllers\ClientRequest->requestExecution()
#3 /home/fmkiddo/git/project.alcentrali/engine/CodeIgniter.php(918): App\Controllers\ClientRequest->dataRequest()
#4 /home/fmkiddo/git/project.alcentrali/engine/CodeIgniter.php(404): CodeIgniter\CodeIgniter->runController(Object(App\Controllers\ClientRequest))
#5 /home/fmkiddo/git/project.alcentrali/engine/CodeIgniter.php(312): CodeIgniter\CodeIgniter->handleRequest(NULL, Object(Config\Cache), false)
#6 /home/fmkiddo/git/project.alcentrali/server/index/index.php(45): CodeIgniter\CodeIgniter->run()
#7 {main}
CRITICAL - 2021-09-21 08:03:39 --> Undefined variable: modal
#0 /home/fmkiddo/git/project.alcentrali/server/syscore/Libraries/APIModules/OsamModule.php(686): CodeIgniter\Debug\Exceptions->errorHandler(8, 'Undefined varia...', '/home/fmkiddo/g...', 686, Array)
#1 /home/fmkiddo/git/project.alcentrali/server/syscore/Controllers/ClientRequest.php(62): App\Libraries\APIModules\OsamModule->executeRequest('moveout-documen...')
#2 /home/fmkiddo/git/project.alcentrali/server/syscore/Controllers/ClientRequest.php(143): App\Controllers\ClientRequest->requestExecution()
#3 /home/fmkiddo/git/project.alcentrali/engine/CodeIgniter.php(918): App\Controllers\ClientRequest->dataRequest()
#4 /home/fmkiddo/git/project.alcentrali/engine/CodeIgniter.php(404): CodeIgniter\CodeIgniter->runController(Object(App\Controllers\ClientRequest))
#5 /home/fmkiddo/git/project.alcentrali/engine/CodeIgniter.php(312): CodeIgniter\CodeIgniter->handleRequest(NULL, Object(Config\Cache), false)
#6 /home/fmkiddo/git/project.alcentrali/server/index/index.php(45): CodeIgniter\CodeIgniter->run()
#7 {main}
CRITICAL - 2021-09-21 08:03:39 --> Undefined variable: modal
#0 /home/fmkiddo/git/project.alcentrali/server/syscore/Libraries/APIModules/OsamModule.php(686): CodeIgniter\Debug\Exceptions->errorHandler(8, 'Undefined varia...', '/home/fmkiddo/g...', 686, Array)
#1 /home/fmkiddo/git/project.alcentrali/server/syscore/Controllers/ClientRequest.php(62): App\Libraries\APIModules\OsamModule->executeRequest('moveout-documen...')
#2 /home/fmkiddo/git/project.alcentrali/server/syscore/Controllers/ClientRequest.php(143): App\Controllers\ClientRequest->requestExecution()
#3 /home/fmkiddo/git/project.alcentrali/engine/CodeIgniter.php(918): App\Controllers\ClientRequest->dataRequest()
#4 /home/fmkiddo/git/project.alcentrali/engine/CodeIgniter.php(404): CodeIgniter\CodeIgniter->runController(Object(App\Controllers\ClientRequest))
#5 /home/fmkiddo/git/project.alcentrali/engine/CodeIgniter.php(312): CodeIgniter\CodeIgniter->handleRequest(NULL, Object(Config\Cache), false)
#6 /home/fmkiddo/git/project.alcentrali/server/index/index.php(45): CodeIgniter\CodeIgniter->run()
#7 {main}
CRITICAL - 2021-09-21 08:10:19 --> Not unique table/alias: 'asm_olct'
#0 /home/fmkiddo/git/project.alcentrali/engine/Database/MySQLi/Connection.php(331): mysqli->query('SELECT *\nFROM `...')
#1 /home/fmkiddo/git/project.alcentrali/engine/Database/BaseConnection.php(741): CodeIgniter\Database\MySQLi\Connection->execute('SELECT *\nFROM `...')
#2 /home/fmkiddo/git/project.alcentrali/engine/Database/BaseConnection.php(669): CodeIgniter\Database\BaseConnection->simpleQuery('SELECT *\nFROM `...')
#3 /home/fmkiddo/git/project.alcentrali/engine/Database/BaseBuilder.php(1860): CodeIgniter\Database\BaseConnection->query('SELECT *\nFROM `...', Array, false)
#4 /home/fmkiddo/git/project.alcentrali/server/syscore/Models/BaseModel.php(66): CodeIgniter\Database\BaseBuilder->get()
#5 /home/fmkiddo/git/project.alcentrali/server/syscore/Libraries/APIModules/OsamModule.php(681): App\Models\BaseModel->find()
#6 /home/fmkiddo/git/project.alcentrali/server/syscore/Controllers/ClientRequest.php(62): App\Libraries\APIModules\OsamModule->executeRequest('moveout-documen...')
#7 /home/fmkiddo/git/project.alcentrali/server/syscore/Controllers/ClientRequest.php(143): App\Controllers\ClientRequest->requestExecution()
#8 /home/fmkiddo/git/project.alcentrali/engine/CodeIgniter.php(918): App\Controllers\ClientRequest->dataRequest()
#9 /home/fmkiddo/git/project.alcentrali/engine/CodeIgniter.php(404): CodeIgniter\CodeIgniter->runController(Object(App\Controllers\ClientRequest))
#10 /home/fmkiddo/git/project.alcentrali/engine/CodeIgniter.php(312): CodeIgniter\CodeIgniter->handleRequest(NULL, Object(Config\Cache), false)
#11 /home/fmkiddo/git/project.alcentrali/server/index/index.php(45): CodeIgniter\CodeIgniter->run()
#12 {main}
CRITICAL - 2021-09-21 08:12:00 --> Call to undefined function App\Libraries\APIModules\select()
#0 /home/fmkiddo/git/project.alcentrali/server/syscore/Controllers/ClientRequest.php(62): App\Libraries\APIModules\OsamModule->executeRequest('moveout-documen...')
#1 /home/fmkiddo/git/project.alcentrali/server/syscore/Controllers/ClientRequest.php(143): App\Controllers\ClientRequest->requestExecution()
#2 /home/fmkiddo/git/project.alcentrali/engine/CodeIgniter.php(918): App\Controllers\ClientRequest->dataRequest()
#3 /home/fmkiddo/git/project.alcentrali/engine/CodeIgniter.php(404): CodeIgniter\CodeIgniter->runController(Object(App\Controllers\ClientRequest))
#4 /home/fmkiddo/git/project.alcentrali/engine/CodeIgniter.php(312): CodeIgniter\CodeIgniter->handleRequest(NULL, Object(Config\Cache), false)
#5 /home/fmkiddo/git/project.alcentrali/server/index/index.php(45): CodeIgniter\CodeIgniter->run()
#6 {main}
CRITICAL - 2021-09-21 08:12:08 --> Call to undefined function App\Libraries\APIModules\select()
#0 /home/fmkiddo/git/project.alcentrali/server/syscore/Controllers/ClientRequest.php(62): App\Libraries\APIModules\OsamModule->executeRequest('moveout-documen...')
#1 /home/fmkiddo/git/project.alcentrali/server/syscore/Controllers/ClientRequest.php(143): App\Controllers\ClientRequest->requestExecution()
#2 /home/fmkiddo/git/project.alcentrali/engine/CodeIgniter.php(918): App\Controllers\ClientRequest->dataRequest()
#3 /home/fmkiddo/git/project.alcentrali/engine/CodeIgniter.php(404): CodeIgniter\CodeIgniter->runController(Object(App\Controllers\ClientRequest))
#4 /home/fmkiddo/git/project.alcentrali/engine/CodeIgniter.php(312): CodeIgniter\CodeIgniter->handleRequest(NULL, Object(Config\Cache), false)
#5 /home/fmkiddo/git/project.alcentrali/server/index/index.php(45): CodeIgniter\CodeIgniter->run()
#6 {main}
CRITICAL - 2021-09-21 08:12:26 --> Call to undefined function App\Libraries\APIModules\select()
#0 /home/fmkiddo/git/project.alcentrali/server/syscore/Controllers/ClientRequest.php(62): App\Libraries\APIModules\OsamModule->executeRequest('moveout-documen...')
#1 /home/fmkiddo/git/project.alcentrali/server/syscore/Controllers/ClientRequest.php(143): App\Controllers\ClientRequest->requestExecution()
#2 /home/fmkiddo/git/project.alcentrali/engine/CodeIgniter.php(918): App\Controllers\ClientRequest->dataRequest()
#3 /home/fmkiddo/git/project.alcentrali/engine/CodeIgniter.php(404): CodeIgniter\CodeIgniter->runController(Object(App\Controllers\ClientRequest))
#4 /home/fmkiddo/git/project.alcentrali/engine/CodeIgniter.php(312): CodeIgniter\CodeIgniter->handleRequest(NULL, Object(Config\Cache), false)
#5 /home/fmkiddo/git/project.alcentrali/server/index/index.php(45): CodeIgniter\CodeIgniter->run()
#6 {main}
CRITICAL - 2021-09-21 08:14:03 --> Call to a member function toArray() on array
#0 /home/fmkiddo/git/project.alcentrali/server/syscore/Controllers/ClientRequest.php(62): App\Libraries\APIModules\OsamModule->executeRequest('moveout-documen...')
#1 /home/fmkiddo/git/project.alcentrali/server/syscore/Controllers/ClientRequest.php(143): App\Controllers\ClientRequest->requestExecution()
#2 /home/fmkiddo/git/project.alcentrali/engine/CodeIgniter.php(918): App\Controllers\ClientRequest->dataRequest()
#3 /home/fmkiddo/git/project.alcentrali/engine/CodeIgniter.php(404): CodeIgniter\CodeIgniter->runController(Object(App\Controllers\ClientRequest))
#4 /home/fmkiddo/git/project.alcentrali/engine/CodeIgniter.php(312): CodeIgniter\CodeIgniter->handleRequest(NULL, Object(Config\Cache), false)
#5 /home/fmkiddo/git/project.alcentrali/server/index/index.php(45): CodeIgniter\CodeIgniter->run()
#6 {main}
CRITICAL - 2021-09-21 08:14:46 --> Cannot use object of type CodeIgniter\Entity as array
#0 /home/fmkiddo/git/project.alcentrali/server/syscore/Controllers/ClientRequest.php(62): App\Libraries\APIModules\OsamModule->executeRequest('moveout-documen...')
#1 /home/fmkiddo/git/project.alcentrali/server/syscore/Controllers/ClientRequest.php(143): App\Controllers\ClientRequest->requestExecution()
#2 /home/fmkiddo/git/project.alcentrali/engine/CodeIgniter.php(918): App\Controllers\ClientRequest->dataRequest()
#3 /home/fmkiddo/git/project.alcentrali/engine/CodeIgniter.php(404): CodeIgniter\CodeIgniter->runController(Object(App\Controllers\ClientRequest))
#4 /home/fmkiddo/git/project.alcentrali/engine/CodeIgniter.php(312): CodeIgniter\CodeIgniter->handleRequest(NULL, Object(Config\Cache), false)
#5 /home/fmkiddo/git/project.alcentrali/server/index/index.php(45): CodeIgniter\CodeIgniter->run()
#6 {main}
CRITICAL - 2021-09-21 08:15:06 --> Cannot use object of type CodeIgniter\Entity as array
#0 /home/fmkiddo/git/project.alcentrali/server/syscore/Controllers/ClientRequest.php(62): App\Libraries\APIModules\OsamModule->executeRequest('moveout-documen...')
#1 /home/fmkiddo/git/project.alcentrali/server/syscore/Controllers/ClientRequest.php(143): App\Controllers\ClientRequest->requestExecution()
#2 /home/fmkiddo/git/project.alcentrali/engine/CodeIgniter.php(918): App\Controllers\ClientRequest->dataRequest()
#3 /home/fmkiddo/git/project.alcentrali/engine/CodeIgniter.php(404): CodeIgniter\CodeIgniter->runController(Object(App\Controllers\ClientRequest))
#4 /home/fmkiddo/git/project.alcentrali/engine/CodeIgniter.php(312): CodeIgniter\CodeIgniter->handleRequest(NULL, Object(Config\Cache), false)
#5 /home/fmkiddo/git/project.alcentrali/server/index/index.php(45): CodeIgniter\CodeIgniter->run()
#6 {main}
CRITICAL - 2021-09-21 22:25:03 --> Call to a member function toArray() on array
#0 /home/fmkiddo/git/project.alcentrali/server/syscore/Controllers/ClientRequest.php(62): App\Libraries\APIModules\OsamModule->executeRequest('moveout-documen...')
#1 /home/fmkiddo/git/project.alcentrali/server/syscore/Controllers/ClientRequest.php(143): App\Controllers\ClientRequest->requestExecution()
#2 /home/fmkiddo/git/project.alcentrali/engine/CodeIgniter.php(918): App\Controllers\ClientRequest->dataRequest()
#3 /home/fmkiddo/git/project.alcentrali/engine/CodeIgniter.php(404): CodeIgniter\CodeIgniter->runController(Object(App\Controllers\ClientRequest))
#4 /home/fmkiddo/git/project.alcentrali/engine/CodeIgniter.php(312): CodeIgniter\CodeIgniter->handleRequest(NULL, Object(Config\Cache), false)
#5 /home/fmkiddo/git/project.alcentrali/server/index/index.php(45): CodeIgniter\CodeIgniter->run()
#6 {main}
CRITICAL - 2021-09-21 23:20:19 --> Undefined index: olct_from
#0 /home/fmkiddo/git/project.alcentrali/server/syscore/Libraries/APIModules/OsamModule.php(689): CodeIgniter\Debug\Exceptions->errorHandler(8, 'Undefined index...', '/home/fmkiddo/g...', 689, Array)
#1 /home/fmkiddo/git/project.alcentrali/server/syscore/Controllers/ClientRequest.php(62): App\Libraries\APIModules\OsamModule->executeRequest('moveout-documen...')
#2 /home/fmkiddo/git/project.alcentrali/server/syscore/Controllers/ClientRequest.php(143): App\Controllers\ClientRequest->requestExecution()
#3 /home/fmkiddo/git/project.alcentrali/engine/CodeIgniter.php(918): App\Controllers\ClientRequest->dataRequest()
#4 /home/fmkiddo/git/project.alcentrali/engine/CodeIgniter.php(404): CodeIgniter\CodeIgniter->runController(Object(App\Controllers\ClientRequest))
#5 /home/fmkiddo/git/project.alcentrali/engine/CodeIgniter.php(312): CodeIgniter\CodeIgniter->handleRequest(NULL, Object(Config\Cache), false)
#6 /home/fmkiddo/git/project.alcentrali/server/index/index.php(45): CodeIgniter\CodeIgniter->run()
#7 {main}
CRITICAL - 2021-09-21 23:20:28 --> Undefined index: olct_from
#0 /home/fmkiddo/git/project.alcentrali/server/syscore/Libraries/APIModules/OsamModule.php(689): CodeIgniter\Debug\Exceptions->errorHandler(8, 'Undefined index...', '/home/fmkiddo/g...', 689, Array)
#1 /home/fmkiddo/git/project.alcentrali/server/syscore/Controllers/ClientRequest.php(62): App\Libraries\APIModules\OsamModule->executeRequest('moveout-documen...')
#2 /home/fmkiddo/git/project.alcentrali/server/syscore/Controllers/ClientRequest.php(143): App\Controllers\ClientRequest->requestExecution()
#3 /home/fmkiddo/git/project.alcentrali/engine/CodeIgniter.php(918): App\Controllers\ClientRequest->dataRequest()
#4 /home/fmkiddo/git/project.alcentrali/engine/CodeIgniter.php(404): CodeIgniter\CodeIgniter->runController(Object(App\Controllers\ClientRequest))
#5 /home/fmkiddo/git/project.alcentrali/engine/CodeIgniter.php(312): CodeIgniter\CodeIgniter->handleRequest(NULL, Object(Config\Cache), false)
#6 /home/fmkiddo/git/project.alcentrali/server/index/index.php(45): CodeIgniter\CodeIgniter->run()
#7 {main}
CRITICAL - 2021-09-21 23:20:41 --> Undefined index: olct_from
#0 /home/fmkiddo/git/project.alcentrali/server/syscore/Libraries/APIModules/OsamModule.php(689): CodeIgniter\Debug\Exceptions->errorHandler(8, 'Undefined index...', '/home/fmkiddo/g...', 689, Array)
#1 /home/fmkiddo/git/project.alcentrali/server/syscore/Controllers/ClientRequest.php(62): App\Libraries\APIModules\OsamModule->executeRequest('moveout-documen...')
#2 /home/fmkiddo/git/project.alcentrali/server/syscore/Controllers/ClientRequest.php(143): App\Controllers\ClientRequest->requestExecution()
#3 /home/fmkiddo/git/project.alcentrali/engine/CodeIgniter.php(918): App\Controllers\ClientRequest->dataRequest()
#4 /home/fmkiddo/git/project.alcentrali/engine/CodeIgniter.php(404): CodeIgniter\CodeIgniter->runController(Object(App\Controllers\ClientRequest))
#5 /home/fmkiddo/git/project.alcentrali/engine/CodeIgniter.php(312): CodeIgniter\CodeIgniter->handleRequest(NULL, Object(Config\Cache), false)
#6 /home/fmkiddo/git/project.alcentrali/server/index/index.php(45): CodeIgniter\CodeIgniter->run()
#7 {main}
CRITICAL - 2021-09-21 23:21:01 --> Undefined index: olct_from
#0 /home/fmkiddo/git/project.alcentrali/server/syscore/Libraries/APIModules/OsamModule.php(689): CodeIgniter\Debug\Exceptions->errorHandler(8, 'Undefined index...', '/home/fmkiddo/g...', 689, Array)
#1 /home/fmkiddo/git/project.alcentrali/server/syscore/Controllers/ClientRequest.php(62): App\Libraries\APIModules\OsamModule->executeRequest('moveout-documen...')
#2 /home/fmkiddo/git/project.alcentrali/server/syscore/Controllers/ClientRequest.php(143): App\Controllers\ClientRequest->requestExecution()
#3 /home/fmkiddo/git/project.alcentrali/engine/CodeIgniter.php(918): App\Controllers\ClientRequest->dataRequest()
#4 /home/fmkiddo/git/project.alcentrali/engine/CodeIgniter.php(404): CodeIgniter\CodeIgniter->runController(Object(App\Controllers\ClientRequest))
#5 /home/fmkiddo/git/project.alcentrali/engine/CodeIgniter.php(312): CodeIgniter\CodeIgniter->handleRequest(NULL, Object(Config\Cache), false)
#6 /home/fmkiddo/git/project.alcentrali/server/index/index.php(45): CodeIgniter\CodeIgniter->run()
#7 {main}
