CRITICAL - 2020-10-20 01:52:19 --> include(../header.php): failed to open stream: No such file or directory
#0 /home/rizcky/git/project.alcentrali/server/syscore/Views/tools/randomizer.php(1): CodeIgniter\Debug\Exceptions->errorHandler(2, 'include(../head...', '/home/rizcky/gi...', 1, Array)
#1 /home/rizcky/git/project.alcentrali/server/syscore/Views/tools/randomizer.php(1): include()
#2 /home/rizcky/git/project.alcentrali/engine/View/View.php(246): include('/home/rizcky/gi...')
#3 /home/rizcky/git/project.alcentrali/engine/Common.php(1119): CodeIgniter\View\View->render('tools/randomize...', Array, true)
#4 /home/rizcky/git/project.alcentrali/server/syscore/Controllers/Tools.php(12): view('tools/randomize...', Array)
#5 /home/rizcky/git/project.alcentrali/engine/CodeIgniter.php(918): App\Controllers\Tools->randomizer()
#6 /home/rizcky/git/project.alcentrali/engine/CodeIgniter.php(404): CodeIgniter\CodeIgniter->runController(Object(App\Controllers\Tools))
#7 /home/rizcky/git/project.alcentrali/engine/CodeIgniter.php(312): CodeIgniter\CodeIgniter->handleRequest(NULL, Object(Config\Cache), false)
#8 /home/rizcky/git/project.alcentrali/server/index/index.php(45): CodeIgniter\CodeIgniter->run()
#9 {main}
CRITICAL - 2020-10-20 01:52:32 --> include(../header.php): failed to open stream: No such file or directory
#0 /home/rizcky/git/project.alcentrali/server/syscore/Views/tools/randomizer.php(1): CodeIgniter\Debug\Exceptions->errorHandler(2, 'include(../head...', '/home/rizcky/gi...', 1, Array)
#1 /home/rizcky/git/project.alcentrali/server/syscore/Views/tools/randomizer.php(1): include()
#2 /home/rizcky/git/project.alcentrali/engine/View/View.php(246): include('/home/rizcky/gi...')
#3 /home/rizcky/git/project.alcentrali/engine/Common.php(1119): CodeIgniter\View\View->render('tools/randomize...', Array, true)
#4 /home/rizcky/git/project.alcentrali/server/syscore/Controllers/Tools.php(12): view('tools/randomize...', Array)
#5 /home/rizcky/git/project.alcentrali/engine/CodeIgniter.php(918): App\Controllers\Tools->randomizer()
#6 /home/rizcky/git/project.alcentrali/engine/CodeIgniter.php(404): CodeIgniter\CodeIgniter->runController(Object(App\Controllers\Tools))
#7 /home/rizcky/git/project.alcentrali/engine/CodeIgniter.php(312): CodeIgniter\CodeIgniter->handleRequest(NULL, Object(Config\Cache), false)
#8 /home/rizcky/git/project.alcentrali/server/index/index.php(45): CodeIgniter\CodeIgniter->run()
#9 {main}
CRITICAL - 2020-10-20 01:52:49 --> include(./../header.php): failed to open stream: No such file or directory
#0 /home/rizcky/git/project.alcentrali/server/syscore/Views/tools/randomizer.php(1): CodeIgniter\Debug\Exceptions->errorHandler(2, 'include(./../he...', '/home/rizcky/gi...', 1, Array)
#1 /home/rizcky/git/project.alcentrali/server/syscore/Views/tools/randomizer.php(1): include()
#2 /home/rizcky/git/project.alcentrali/engine/View/View.php(246): include('/home/rizcky/gi...')
#3 /home/rizcky/git/project.alcentrali/engine/Common.php(1119): CodeIgniter\View\View->render('tools/randomize...', Array, true)
#4 /home/rizcky/git/project.alcentrali/server/syscore/Controllers/Tools.php(12): view('tools/randomize...', Array)
#5 /home/rizcky/git/project.alcentrali/engine/CodeIgniter.php(918): App\Controllers\Tools->randomizer()
#6 /home/rizcky/git/project.alcentrali/engine/CodeIgniter.php(404): CodeIgniter\CodeIgniter->runController(Object(App\Controllers\Tools))
#7 /home/rizcky/git/project.alcentrali/engine/CodeIgniter.php(312): CodeIgniter\CodeIgniter->handleRequest(NULL, Object(Config\Cache), false)
#8 /home/rizcky/git/project.alcentrali/server/index/index.php(45): CodeIgniter\CodeIgniter->run()
#9 {main}
CRITICAL - 2020-10-20 01:53:51 --> include(../header.php): failed to open stream: No such file or directory
#0 /home/rizcky/git/project.alcentrali/server/syscore/Views/tools/randomizer.php(1): CodeIgniter\Debug\Exceptions->errorHandler(2, 'include(../head...', '/home/rizcky/gi...', 1, Array)
#1 /home/rizcky/git/project.alcentrali/server/syscore/Views/tools/randomizer.php(1): include()
#2 /home/rizcky/git/project.alcentrali/engine/View/View.php(246): include('/home/rizcky/gi...')
#3 /home/rizcky/git/project.alcentrali/engine/Common.php(1119): CodeIgniter\View\View->render('tools/randomize...', Array, true)
#4 /home/rizcky/git/project.alcentrali/server/syscore/Controllers/Tools.php(12): view('tools/randomize...', Array)
#5 /home/rizcky/git/project.alcentrali/engine/CodeIgniter.php(918): App\Controllers\Tools->randomizer()
#6 /home/rizcky/git/project.alcentrali/engine/CodeIgniter.php(404): CodeIgniter\CodeIgniter->runController(Object(App\Controllers\Tools))
#7 /home/rizcky/git/project.alcentrali/engine/CodeIgniter.php(312): CodeIgniter\CodeIgniter->handleRequest(NULL, Object(Config\Cache), false)
#8 /home/rizcky/git/project.alcentrali/server/index/index.php(45): CodeIgniter\CodeIgniter->run()
#9 {main}
CRITICAL - 2020-10-20 01:53:53 --> include(../header.php): failed to open stream: No such file or directory
#0 /home/rizcky/git/project.alcentrali/server/syscore/Views/tools/randomizer.php(1): CodeIgniter\Debug\Exceptions->errorHandler(2, 'include(../head...', '/home/rizcky/gi...', 1, Array)
#1 /home/rizcky/git/project.alcentrali/server/syscore/Views/tools/randomizer.php(1): include()
#2 /home/rizcky/git/project.alcentrali/engine/View/View.php(246): include('/home/rizcky/gi...')
#3 /home/rizcky/git/project.alcentrali/engine/Common.php(1119): CodeIgniter\View\View->render('tools/randomize...', Array, true)
#4 /home/rizcky/git/project.alcentrali/server/syscore/Controllers/Tools.php(12): view('tools/randomize...', Array)
#5 /home/rizcky/git/project.alcentrali/engine/CodeIgniter.php(918): App\Controllers\Tools->randomizer()
#6 /home/rizcky/git/project.alcentrali/engine/CodeIgniter.php(404): CodeIgniter\CodeIgniter->runController(Object(App\Controllers\Tools))
#7 /home/rizcky/git/project.alcentrali/engine/CodeIgniter.php(312): CodeIgniter\CodeIgniter->handleRequest(NULL, Object(Config\Cache), false)
#8 /home/rizcky/git/project.alcentrali/server/index/index.php(45): CodeIgniter\CodeIgniter->run()
#9 {main}
CRITICAL - 2020-10-20 01:54:03 --> include(../header.php): failed to open stream: No such file or directory
#0 /home/rizcky/git/project.alcentrali/server/syscore/Views/tools/randomizer.php(1): CodeIgniter\Debug\Exceptions->errorHandler(2, 'include(../head...', '/home/rizcky/gi...', 1, Array)
#1 /home/rizcky/git/project.alcentrali/server/syscore/Views/tools/randomizer.php(1): include()
#2 /home/rizcky/git/project.alcentrali/engine/View/View.php(246): include('/home/rizcky/gi...')
#3 /home/rizcky/git/project.alcentrali/engine/Common.php(1119): CodeIgniter\View\View->render('tools/randomize...', Array, true)
#4 /home/rizcky/git/project.alcentrali/server/syscore/Controllers/Tools.php(12): view('tools/randomize...', Array)
#5 /home/rizcky/git/project.alcentrali/engine/CodeIgniter.php(918): App\Controllers\Tools->randomizer()
#6 /home/rizcky/git/project.alcentrali/engine/CodeIgniter.php(404): CodeIgniter\CodeIgniter->runController(Object(App\Controllers\Tools))
#7 /home/rizcky/git/project.alcentrali/engine/CodeIgniter.php(312): CodeIgniter\CodeIgniter->handleRequest(NULL, Object(Config\Cache), false)
#8 /home/rizcky/git/project.alcentrali/server/index/index.php(45): CodeIgniter\CodeIgniter->run()
#9 {main}
CRITICAL - 2020-10-20 01:54:10 --> include(../header.php): failed to open stream: No such file or directory
#0 /home/rizcky/git/project.alcentrali/server/syscore/Views/tools/randomizer.php(1): CodeIgniter\Debug\Exceptions->errorHandler(2, 'include(../head...', '/home/rizcky/gi...', 1, Array)
#1 /home/rizcky/git/project.alcentrali/server/syscore/Views/tools/randomizer.php(1): include()
#2 /home/rizcky/git/project.alcentrali/engine/View/View.php(246): include('/home/rizcky/gi...')
#3 /home/rizcky/git/project.alcentrali/engine/Common.php(1119): CodeIgniter\View\View->render('tools/randomize...', Array, true)
#4 /home/rizcky/git/project.alcentrali/server/syscore/Controllers/Tools.php(12): view('tools/randomize...', Array)
#5 /home/rizcky/git/project.alcentrali/engine/CodeIgniter.php(918): App\Controllers\Tools->randomizer()
#6 /home/rizcky/git/project.alcentrali/engine/CodeIgniter.php(404): CodeIgniter\CodeIgniter->runController(Object(App\Controllers\Tools))
#7 /home/rizcky/git/project.alcentrali/engine/CodeIgniter.php(312): CodeIgniter\CodeIgniter->handleRequest(NULL, Object(Config\Cache), false)
#8 /home/rizcky/git/project.alcentrali/server/index/index.php(45): CodeIgniter\CodeIgniter->run()
#9 {main}
CRITICAL - 2020-10-20 01:54:13 --> include(../header.php): failed to open stream: No such file or directory
#0 /home/rizcky/git/project.alcentrali/server/syscore/Views/tools/randomizer.php(1): CodeIgniter\Debug\Exceptions->errorHandler(2, 'include(../head...', '/home/rizcky/gi...', 1, Array)
#1 /home/rizcky/git/project.alcentrali/server/syscore/Views/tools/randomizer.php(1): include()
#2 /home/rizcky/git/project.alcentrali/engine/View/View.php(246): include('/home/rizcky/gi...')
#3 /home/rizcky/git/project.alcentrali/engine/Common.php(1119): CodeIgniter\View\View->render('tools/randomize...', Array, true)
#4 /home/rizcky/git/project.alcentrali/server/syscore/Controllers/Tools.php(12): view('tools/randomize...', Array)
#5 /home/rizcky/git/project.alcentrali/engine/CodeIgniter.php(918): App\Controllers\Tools->randomizer()
#6 /home/rizcky/git/project.alcentrali/engine/CodeIgniter.php(404): CodeIgniter\CodeIgniter->runController(Object(App\Controllers\Tools))
#7 /home/rizcky/git/project.alcentrali/engine/CodeIgniter.php(312): CodeIgniter\CodeIgniter->handleRequest(NULL, Object(Config\Cache), false)
#8 /home/rizcky/git/project.alcentrali/server/index/index.php(45): CodeIgniter\CodeIgniter->run()
#9 {main}
CRITICAL - 2020-10-20 01:54:14 --> include(../header.php): failed to open stream: No such file or directory
#0 /home/rizcky/git/project.alcentrali/server/syscore/Views/tools/randomizer.php(1): CodeIgniter\Debug\Exceptions->errorHandler(2, 'include(../head...', '/home/rizcky/gi...', 1, Array)
#1 /home/rizcky/git/project.alcentrali/server/syscore/Views/tools/randomizer.php(1): include()
#2 /home/rizcky/git/project.alcentrali/engine/View/View.php(246): include('/home/rizcky/gi...')
#3 /home/rizcky/git/project.alcentrali/engine/Common.php(1119): CodeIgniter\View\View->render('tools/randomize...', Array, true)
#4 /home/rizcky/git/project.alcentrali/server/syscore/Controllers/Tools.php(12): view('tools/randomize...', Array)
#5 /home/rizcky/git/project.alcentrali/engine/CodeIgniter.php(918): App\Controllers\Tools->randomizer()
#6 /home/rizcky/git/project.alcentrali/engine/CodeIgniter.php(404): CodeIgniter\CodeIgniter->runController(Object(App\Controllers\Tools))
#7 /home/rizcky/git/project.alcentrali/engine/CodeIgniter.php(312): CodeIgniter\CodeIgniter->handleRequest(NULL, Object(Config\Cache), false)
#8 /home/rizcky/git/project.alcentrali/server/index/index.php(45): CodeIgniter\CodeIgniter->run()
#9 {main}
CRITICAL - 2020-10-20 01:54:14 --> include(../header.php): failed to open stream: No such file or directory
#0 /home/rizcky/git/project.alcentrali/server/syscore/Views/tools/randomizer.php(1): CodeIgniter\Debug\Exceptions->errorHandler(2, 'include(../head...', '/home/rizcky/gi...', 1, Array)
#1 /home/rizcky/git/project.alcentrali/server/syscore/Views/tools/randomizer.php(1): include()
#2 /home/rizcky/git/project.alcentrali/engine/View/View.php(246): include('/home/rizcky/gi...')
#3 /home/rizcky/git/project.alcentrali/engine/Common.php(1119): CodeIgniter\View\View->render('tools/randomize...', Array, true)
#4 /home/rizcky/git/project.alcentrali/server/syscore/Controllers/Tools.php(12): view('tools/randomize...', Array)
#5 /home/rizcky/git/project.alcentrali/engine/CodeIgniter.php(918): App\Controllers\Tools->randomizer()
#6 /home/rizcky/git/project.alcentrali/engine/CodeIgniter.php(404): CodeIgniter\CodeIgniter->runController(Object(App\Controllers\Tools))
#7 /home/rizcky/git/project.alcentrali/engine/CodeIgniter.php(312): CodeIgniter\CodeIgniter->handleRequest(NULL, Object(Config\Cache), false)
#8 /home/rizcky/git/project.alcentrali/server/index/index.php(45): CodeIgniter\CodeIgniter->run()
#9 {main}
CRITICAL - 2020-10-20 01:54:14 --> include(../header.php): failed to open stream: No such file or directory
#0 /home/rizcky/git/project.alcentrali/server/syscore/Views/tools/randomizer.php(1): CodeIgniter\Debug\Exceptions->errorHandler(2, 'include(../head...', '/home/rizcky/gi...', 1, Array)
#1 /home/rizcky/git/project.alcentrali/server/syscore/Views/tools/randomizer.php(1): include()
#2 /home/rizcky/git/project.alcentrali/engine/View/View.php(246): include('/home/rizcky/gi...')
#3 /home/rizcky/git/project.alcentrali/engine/Common.php(1119): CodeIgniter\View\View->render('tools/randomize...', Array, true)
#4 /home/rizcky/git/project.alcentrali/server/syscore/Controllers/Tools.php(12): view('tools/randomize...', Array)
#5 /home/rizcky/git/project.alcentrali/engine/CodeIgniter.php(918): App\Controllers\Tools->randomizer()
#6 /home/rizcky/git/project.alcentrali/engine/CodeIgniter.php(404): CodeIgniter\CodeIgniter->runController(Object(App\Controllers\Tools))
#7 /home/rizcky/git/project.alcentrali/engine/CodeIgniter.php(312): CodeIgniter\CodeIgniter->handleRequest(NULL, Object(Config\Cache), false)
#8 /home/rizcky/git/project.alcentrali/server/index/index.php(45): CodeIgniter\CodeIgniter->run()
#9 {main}
CRITICAL - 2020-10-20 02:00:00 --> include(): Filename cannot be empty
#0 /home/rizcky/git/project.alcentrali/server/syscore/Views/tools/randomizer.php(1): CodeIgniter\Debug\Exceptions->errorHandler(2, 'include(): File...', '/home/rizcky/gi...', 1, Array)
#1 /home/rizcky/git/project.alcentrali/server/syscore/Views/tools/randomizer.php(1): include()
#2 /home/rizcky/git/project.alcentrali/engine/View/View.php(246): include('/home/rizcky/gi...')
#3 /home/rizcky/git/project.alcentrali/engine/Common.php(1119): CodeIgniter\View\View->render('tools/randomize...', Array, true)
#4 /home/rizcky/git/project.alcentrali/server/syscore/Controllers/Tools.php(15): view('tools/randomize...', Array)
#5 /home/rizcky/git/project.alcentrali/engine/CodeIgniter.php(918): App\Controllers\Tools->randomizer()
#6 /home/rizcky/git/project.alcentrali/engine/CodeIgniter.php(404): CodeIgniter\CodeIgniter->runController(Object(App\Controllers\Tools))
#7 /home/rizcky/git/project.alcentrali/engine/CodeIgniter.php(312): CodeIgniter\CodeIgniter->handleRequest(NULL, Object(Config\Cache), false)
#8 /home/rizcky/git/project.alcentrali/server/index/index.php(45): CodeIgniter\CodeIgniter->run()
#9 {main}
CRITICAL - 2020-10-20 02:00:26 --> include(./header.php): failed to open stream: No such file or directory
#0 /home/rizcky/git/project.alcentrali/server/syscore/Views/tools/randomizer.php(1): CodeIgniter\Debug\Exceptions->errorHandler(2, 'include(./heade...', '/home/rizcky/gi...', 1, Array)
#1 /home/rizcky/git/project.alcentrali/server/syscore/Views/tools/randomizer.php(1): include()
#2 /home/rizcky/git/project.alcentrali/engine/View/View.php(246): include('/home/rizcky/gi...')
#3 /home/rizcky/git/project.alcentrali/engine/Common.php(1119): CodeIgniter\View\View->render('tools/randomize...', Array, true)
#4 /home/rizcky/git/project.alcentrali/server/syscore/Controllers/Tools.php(15): view('tools/randomize...', Array)
#5 /home/rizcky/git/project.alcentrali/engine/CodeIgniter.php(918): App\Controllers\Tools->randomizer()
#6 /home/rizcky/git/project.alcentrali/engine/CodeIgniter.php(404): CodeIgniter\CodeIgniter->runController(Object(App\Controllers\Tools))
#7 /home/rizcky/git/project.alcentrali/engine/CodeIgniter.php(312): CodeIgniter\CodeIgniter->handleRequest(NULL, Object(Config\Cache), false)
#8 /home/rizcky/git/project.alcentrali/server/index/index.php(45): CodeIgniter\CodeIgniter->run()
#9 {main}
CRITICAL - 2020-10-20 02:00:45 --> include(./header.php): failed to open stream: No such file or directory
#0 /home/rizcky/git/project.alcentrali/server/syscore/Views/tools/randomizer.php(1): CodeIgniter\Debug\Exceptions->errorHandler(2, 'include(./heade...', '/home/rizcky/gi...', 1, Array)
#1 /home/rizcky/git/project.alcentrali/server/syscore/Views/tools/randomizer.php(1): include()
#2 /home/rizcky/git/project.alcentrali/engine/View/View.php(246): include('/home/rizcky/gi...')
#3 /home/rizcky/git/project.alcentrali/engine/Common.php(1119): CodeIgniter\View\View->render('tools/randomize...', Array, true)
#4 /home/rizcky/git/project.alcentrali/server/syscore/Controllers/Tools.php(15): view('tools/randomize...', Array)
#5 /home/rizcky/git/project.alcentrali/engine/CodeIgniter.php(918): App\Controllers\Tools->randomizer()
#6 /home/rizcky/git/project.alcentrali/engine/CodeIgniter.php(404): CodeIgniter\CodeIgniter->runController(Object(App\Controllers\Tools))
#7 /home/rizcky/git/project.alcentrali/engine/CodeIgniter.php(312): CodeIgniter\CodeIgniter->handleRequest(NULL, Object(Config\Cache), false)
#8 /home/rizcky/git/project.alcentrali/server/index/index.php(45): CodeIgniter\CodeIgniter->run()
#9 {main}
CRITICAL - 2020-10-20 02:04:15 --> include(../header.php): failed to open stream: No such file or directory
#0 /home/rizcky/git/project.alcentrali/server/syscore/Views/tools/randomizer.php(1): CodeIgniter\Debug\Exceptions->errorHandler(2, 'include(../head...', '/home/rizcky/gi...', 1, Array)
#1 /home/rizcky/git/project.alcentrali/server/syscore/Views/tools/randomizer.php(1): include()
#2 /home/rizcky/git/project.alcentrali/engine/View/View.php(246): include('/home/rizcky/gi...')
#3 /home/rizcky/git/project.alcentrali/engine/Common.php(1119): CodeIgniter\View\View->render('tools/randomize...', Array, true)
#4 /home/rizcky/git/project.alcentrali/server/syscore/Controllers/Tools.php(15): view('tools/randomize...', Array)
#5 /home/rizcky/git/project.alcentrali/engine/CodeIgniter.php(918): App\Controllers\Tools->randomizer()
#6 /home/rizcky/git/project.alcentrali/engine/CodeIgniter.php(404): CodeIgniter\CodeIgniter->runController(Object(App\Controllers\Tools))
#7 /home/rizcky/git/project.alcentrali/engine/CodeIgniter.php(312): CodeIgniter\CodeIgniter->handleRequest(NULL, Object(Config\Cache), false)
#8 /home/rizcky/git/project.alcentrali/server/index/index.php(45): CodeIgniter\CodeIgniter->run()
#9 {main}
CRITICAL - 2020-10-20 02:05:03 --> include(../header.php): failed to open stream: No such file or directory
#0 /home/rizcky/git/project.alcentrali/server/syscore/Views/tools/randomizer.php(1): CodeIgniter\Debug\Exceptions->errorHandler(2, 'include(../head...', '/home/rizcky/gi...', 1, Array)
#1 /home/rizcky/git/project.alcentrali/server/syscore/Views/tools/randomizer.php(1): include()
#2 /home/rizcky/git/project.alcentrali/engine/View/View.php(246): include('/home/rizcky/gi...')
#3 /home/rizcky/git/project.alcentrali/engine/Common.php(1119): CodeIgniter\View\View->render('tools/randomize...', Array, true)
#4 /home/rizcky/git/project.alcentrali/server/syscore/Controllers/Tools.php(15): view('tools/randomize...', Array)
#5 /home/rizcky/git/project.alcentrali/engine/CodeIgniter.php(918): App\Controllers\Tools->randomizer()
#6 /home/rizcky/git/project.alcentrali/engine/CodeIgniter.php(404): CodeIgniter\CodeIgniter->runController(Object(App\Controllers\Tools))
#7 /home/rizcky/git/project.alcentrali/engine/CodeIgniter.php(312): CodeIgniter\CodeIgniter->handleRequest(NULL, Object(Config\Cache), false)
#8 /home/rizcky/git/project.alcentrali/server/index/index.php(45): CodeIgniter\CodeIgniter->run()
#9 {main}
CRITICAL - 2020-10-20 02:05:05 --> include(../header.php): failed to open stream: No such file or directory
#0 /home/rizcky/git/project.alcentrali/server/syscore/Views/tools/randomizer.php(1): CodeIgniter\Debug\Exceptions->errorHandler(2, 'include(../head...', '/home/rizcky/gi...', 1, Array)
#1 /home/rizcky/git/project.alcentrali/server/syscore/Views/tools/randomizer.php(1): include()
#2 /home/rizcky/git/project.alcentrali/engine/View/View.php(246): include('/home/rizcky/gi...')
#3 /home/rizcky/git/project.alcentrali/engine/Common.php(1119): CodeIgniter\View\View->render('tools/randomize...', Array, true)
#4 /home/rizcky/git/project.alcentrali/server/syscore/Controllers/Tools.php(15): view('tools/randomize...', Array)
#5 /home/rizcky/git/project.alcentrali/engine/CodeIgniter.php(918): App\Controllers\Tools->randomizer()
#6 /home/rizcky/git/project.alcentrali/engine/CodeIgniter.php(404): CodeIgniter\CodeIgniter->runController(Object(App\Controllers\Tools))
#7 /home/rizcky/git/project.alcentrali/engine/CodeIgniter.php(312): CodeIgniter\CodeIgniter->handleRequest(NULL, Object(Config\Cache), false)
#8 /home/rizcky/git/project.alcentrali/server/index/index.php(45): CodeIgniter\CodeIgniter->run()
#9 {main}
CRITICAL - 2020-10-20 02:05:20 --> include(../../header.php): failed to open stream: No such file or directory
#0 /home/rizcky/git/project.alcentrali/server/syscore/Views/tools/randomizer.php(1): CodeIgniter\Debug\Exceptions->errorHandler(2, 'include(../../h...', '/home/rizcky/gi...', 1, Array)
#1 /home/rizcky/git/project.alcentrali/server/syscore/Views/tools/randomizer.php(1): include()
#2 /home/rizcky/git/project.alcentrali/engine/View/View.php(246): include('/home/rizcky/gi...')
#3 /home/rizcky/git/project.alcentrali/engine/Common.php(1119): CodeIgniter\View\View->render('tools/randomize...', Array, true)
#4 /home/rizcky/git/project.alcentrali/server/syscore/Controllers/Tools.php(15): view('tools/randomize...', Array)
#5 /home/rizcky/git/project.alcentrali/engine/CodeIgniter.php(918): App\Controllers\Tools->randomizer()
#6 /home/rizcky/git/project.alcentrali/engine/CodeIgniter.php(404): CodeIgniter\CodeIgniter->runController(Object(App\Controllers\Tools))
#7 /home/rizcky/git/project.alcentrali/engine/CodeIgniter.php(312): CodeIgniter\CodeIgniter->handleRequest(NULL, Object(Config\Cache), false)
#8 /home/rizcky/git/project.alcentrali/server/index/index.php(45): CodeIgniter\CodeIgniter->run()
#9 {main}
CRITICAL - 2020-10-20 02:25:27 --> Undefined variable: assetVendorsPath
#0 /home/rizcky/git/project.alcentrali/server/syscore/Views/header.php(10): CodeIgniter\Debug\Exceptions->errorHandler(8, 'Undefined varia...', '/home/rizcky/gi...', 10, Array)
#1 /home/rizcky/git/project.alcentrali/engine/View/View.php(246): include('/home/rizcky/gi...')
#2 /home/rizcky/git/project.alcentrali/engine/Common.php(1119): CodeIgniter\View\View->render('header', Array, true)
#3 /home/rizcky/git/project.alcentrali/server/syscore/Controllers/Tools.php(16): view('header', Array)
#4 /home/rizcky/git/project.alcentrali/engine/CodeIgniter.php(918): App\Controllers\Tools->randomizer()
#5 /home/rizcky/git/project.alcentrali/engine/CodeIgniter.php(404): CodeIgniter\CodeIgniter->runController(Object(App\Controllers\Tools))
#6 /home/rizcky/git/project.alcentrali/engine/CodeIgniter.php(312): CodeIgniter\CodeIgniter->handleRequest(NULL, Object(Config\Cache), false)
#7 /home/rizcky/git/project.alcentrali/server/index/index.php(45): CodeIgniter\CodeIgniter->run()
#8 {main}
CRITICAL - 2020-10-20 02:25:41 --> Undefined variable: assetsPath
#0 /home/rizcky/git/project.alcentrali/server/syscore/Views/tools/randomizer.php(2): CodeIgniter\Debug\Exceptions->errorHandler(8, 'Undefined varia...', '/home/rizcky/gi...', 2, Array)
#1 /home/rizcky/git/project.alcentrali/engine/View/View.php(246): include('/home/rizcky/gi...')
#2 /home/rizcky/git/project.alcentrali/engine/Common.php(1119): CodeIgniter\View\View->render('tools/randomize...', Array, true)
#3 /home/rizcky/git/project.alcentrali/server/syscore/Controllers/Tools.php(17): view('tools/randomize...', Array)
#4 /home/rizcky/git/project.alcentrali/engine/CodeIgniter.php(918): App\Controllers\Tools->randomizer()
#5 /home/rizcky/git/project.alcentrali/engine/CodeIgniter.php(404): CodeIgniter\CodeIgniter->runController(Object(App\Controllers\Tools))
#6 /home/rizcky/git/project.alcentrali/engine/CodeIgniter.php(312): CodeIgniter\CodeIgniter->handleRequest(NULL, Object(Config\Cache), false)
#7 /home/rizcky/git/project.alcentrali/server/index/index.php(45): CodeIgniter\CodeIgniter->run()
#8 {main}
CRITICAL - 2020-10-20 02:25:46 --> Undefined variable: assetsPath
#0 /home/rizcky/git/project.alcentrali/server/syscore/Views/tools/randomizer.php(2): CodeIgniter\Debug\Exceptions->errorHandler(8, 'Undefined varia...', '/home/rizcky/gi...', 2, Array)
#1 /home/rizcky/git/project.alcentrali/engine/View/View.php(246): include('/home/rizcky/gi...')
#2 /home/rizcky/git/project.alcentrali/engine/Common.php(1119): CodeIgniter\View\View->render('tools/randomize...', Array, true)
#3 /home/rizcky/git/project.alcentrali/server/syscore/Controllers/Tools.php(17): view('tools/randomize...', Array)
#4 /home/rizcky/git/project.alcentrali/engine/CodeIgniter.php(918): App\Controllers\Tools->randomizer()
#5 /home/rizcky/git/project.alcentrali/engine/CodeIgniter.php(404): CodeIgniter\CodeIgniter->runController(Object(App\Controllers\Tools))
#6 /home/rizcky/git/project.alcentrali/engine/CodeIgniter.php(312): CodeIgniter\CodeIgniter->handleRequest(NULL, Object(Config\Cache), false)
#7 /home/rizcky/git/project.alcentrali/server/index/index.php(45): CodeIgniter\CodeIgniter->run()
#8 {main}
