CRITICAL - 2021-01-21 21:45:00 --> Call to a member function getValue() on null
#0 /home/rizcky/git/project.alcentrali/server/syscore/Controllers/OfficerRequest.php(58): App\Controllers\BaseRESTController->isAccessKeyValid()
#1 /home/rizcky/git/project.alcentrali/engine/CodeIgniter.php(918): App\Controllers\OfficerRequest->serverSecurity()
#2 /home/rizcky/git/project.alcentrali/engine/CodeIgniter.php(404): CodeIgniter\CodeIgniter->runController(Object(App\Controllers\OfficerRequest))
#3 /home/rizcky/git/project.alcentrali/engine/CodeIgniter.php(312): CodeIgniter\CodeIgniter->handleRequest(NULL, Object(Config\Cache), false)
#4 /home/rizcky/git/project.alcentrali/server/index/index.php(45): CodeIgniter\CodeIgniter->run()
#5 {main}
CRITICAL - 2021-01-21 22:00:43 --> Too few arguments to function App\Models\KeyGenModel::generateToken(), 0 passed in /home/rizcky/git/project.alcentrali/server/syscore/Controllers/OfficerRequest.php on line 74 and exactly 1 expected
#0 /home/rizcky/git/project.alcentrali/server/syscore/Controllers/OfficerRequest.php(74): App\Models\KeyGenModel->generateToken()
#1 /home/rizcky/git/project.alcentrali/engine/CodeIgniter.php(918): App\Controllers\OfficerRequest->serverSecurity()
#2 /home/rizcky/git/project.alcentrali/engine/CodeIgniter.php(404): CodeIgniter\CodeIgniter->runController(Object(App\Controllers\OfficerRequest))
#3 /home/rizcky/git/project.alcentrali/engine/CodeIgniter.php(312): CodeIgniter\CodeIgniter->handleRequest(NULL, Object(Config\Cache), false)
#4 /home/rizcky/git/project.alcentrali/server/index/index.php(45): CodeIgniter\CodeIgniter->run()
#5 {main}
CRITICAL - 2021-01-21 22:02:09 --> A non well formed numeric value encountered
#0 [internal function]: CodeIgniter\Debug\Exceptions->errorHandler(8, 'A non well form...', '/home/rizcky/gi...', 21, Array)
#1 /home/rizcky/git/project.alcentrali/server/syscore/Models/KeyGenModel.php(21): openssl_random_pseudo_bytes('64;')
#2 /home/rizcky/git/project.alcentrali/server/syscore/Controllers/OfficerRequest.php(75): App\Models\KeyGenModel->generateToken('64;')
#3 /home/rizcky/git/project.alcentrali/engine/CodeIgniter.php(918): App\Controllers\OfficerRequest->serverSecurity()
#4 /home/rizcky/git/project.alcentrali/engine/CodeIgniter.php(404): CodeIgniter\CodeIgniter->runController(Object(App\Controllers\OfficerRequest))
#5 /home/rizcky/git/project.alcentrali/engine/CodeIgniter.php(312): CodeIgniter\CodeIgniter->handleRequest(NULL, Object(Config\Cache), false)
#6 /home/rizcky/git/project.alcentrali/server/index/index.php(45): CodeIgniter\CodeIgniter->run()
#7 {main}
CRITICAL - 2021-01-21 22:02:41 --> A non well formed numeric value encountered
#0 [internal function]: CodeIgniter\Debug\Exceptions->errorHandler(8, 'A non well form...', '/home/rizcky/gi...', 21, Array)
#1 /home/rizcky/git/project.alcentrali/server/syscore/Models/KeyGenModel.php(21): openssl_random_pseudo_bytes('64;')
#2 /home/rizcky/git/project.alcentrali/server/syscore/Controllers/OfficerRequest.php(76): App\Models\KeyGenModel->generateToken('64;')
#3 /home/rizcky/git/project.alcentrali/engine/CodeIgniter.php(918): App\Controllers\OfficerRequest->serverSecurity()
#4 /home/rizcky/git/project.alcentrali/engine/CodeIgniter.php(404): CodeIgniter\CodeIgniter->runController(Object(App\Controllers\OfficerRequest))
#5 /home/rizcky/git/project.alcentrali/engine/CodeIgniter.php(312): CodeIgniter\CodeIgniter->handleRequest(NULL, Object(Config\Cache), false)
#6 /home/rizcky/git/project.alcentrali/server/index/index.php(45): CodeIgniter\CodeIgniter->run()
#7 {main}
