CRITICAL - 2020-10-13 08:29:48 --> Invalid file: .php
#0 /home/rizcky/git/project.alcentrali/engine/View/View.php(228): CodeIgniter\Exceptions\FrameworkException::forInvalidFile('.php')
#1 /home/rizcky/git/project.alcentrali/engine/Common.php(1119): CodeIgniter\View\View->render('', Array, true)
#2 /home/rizcky/git/project.alcentrali/rest/core/Controllers/Setup.php(44): view('', Array)
#3 /home/rizcky/git/project.alcentrali/engine/CodeIgniter.php(918): App\Controllers\Setup->step('1')
#4 /home/rizcky/git/project.alcentrali/engine/CodeIgniter.php(404): CodeIgniter\CodeIgniter->runController(Object(App\Controllers\Setup))
#5 /home/rizcky/git/project.alcentrali/engine/CodeIgniter.php(312): CodeIgniter\CodeIgniter->handleRequest(NULL, Object(Config\Cache), false)
#6 /home/rizcky/git/project.alcentrali/rest/public/index.php(44): CodeIgniter\CodeIgniter->run()
#7 {main}
CRITICAL - 2020-10-13 10:16:36 --> Undefined variable: locale
#0 /home/rizcky/git/project.alcentrali/rest/core/Controllers/Setup.php(23): CodeIgniter\Debug\Exceptions->errorHandler(8, 'Undefined varia...', '/home/rizcky/gi...', 23, Array)
#1 /home/rizcky/git/project.alcentrali/engine/CodeIgniter.php(918): App\Controllers\Setup->start()
#2 /home/rizcky/git/project.alcentrali/engine/CodeIgniter.php(404): CodeIgniter\CodeIgniter->runController(Object(App\Controllers\Setup))
#3 /home/rizcky/git/project.alcentrali/engine/CodeIgniter.php(312): CodeIgniter\CodeIgniter->handleRequest(NULL, Object(Config\Cache), false)
#4 /home/rizcky/git/project.alcentrali/rest/public/index.php(44): CodeIgniter\CodeIgniter->run()
#5 {main}
CRITICAL - 2020-10-13 10:31:50 --> You must set the database table to be used with your query.
#0 /home/rizcky/git/project.alcentrali/engine/Model.php(1237): CodeIgniter\Database\BaseConnection->table(NULL)
#1 /home/rizcky/git/project.alcentrali/engine/Model.php(382): CodeIgniter\Model->builder()
#2 /home/rizcky/git/project.alcentrali/rest/core/Controllers/Setup.php(20): CodeIgniter\Model->find('en')
#3 /home/rizcky/git/project.alcentrali/rest/core/Controllers/BaseController.php(19): App\Controllers\Setup->initControllerComponents()
#4 /home/rizcky/git/project.alcentrali/engine/CodeIgniter.php(891): App\Controllers\BaseController->initController(Object(CodeIgniter\HTTP\IncomingRequest), Object(CodeIgniter\HTTP\Response), Object(CodeIgniter\Log\Logger))
#5 /home/rizcky/git/project.alcentrali/engine/CodeIgniter.php(399): CodeIgniter\CodeIgniter->createController()
#6 /home/rizcky/git/project.alcentrali/engine/CodeIgniter.php(312): CodeIgniter\CodeIgniter->handleRequest(NULL, Object(Config\Cache), false)
#7 /home/rizcky/git/project.alcentrali/rest/public/index.php(44): CodeIgniter\CodeIgniter->run()
#8 {main}
CRITICAL - 2020-10-13 10:32:06 --> Unable to connect to the database.
#0 /home/rizcky/git/project.alcentrali/engine/Database/BaseConnection.php(646): CodeIgniter\Database\BaseConnection->initialize()
#1 /home/rizcky/git/project.alcentrali/engine/Database/BaseBuilder.php(1860): CodeIgniter\Database\BaseConnection->query('SELECT *\nFROM `...', Array, false)
#2 /home/rizcky/git/project.alcentrali/engine/Model.php(398): CodeIgniter\Database\BaseBuilder->get()
#3 /home/rizcky/git/project.alcentrali/rest/core/Controllers/Setup.php(20): CodeIgniter\Model->find('en')
#4 /home/rizcky/git/project.alcentrali/rest/core/Controllers/BaseController.php(19): App\Controllers\Setup->initControllerComponents()
#5 /home/rizcky/git/project.alcentrali/engine/CodeIgniter.php(891): App\Controllers\BaseController->initController(Object(CodeIgniter\HTTP\IncomingRequest), Object(CodeIgniter\HTTP\Response), Object(CodeIgniter\Log\Logger))
#6 /home/rizcky/git/project.alcentrali/engine/CodeIgniter.php(399): CodeIgniter\CodeIgniter->createController()
#7 /home/rizcky/git/project.alcentrali/engine/CodeIgniter.php(312): CodeIgniter\CodeIgniter->handleRequest(NULL, Object(Config\Cache), false)
#8 /home/rizcky/git/project.alcentrali/rest/public/index.php(44): CodeIgniter\CodeIgniter->run()
#9 {main}
CRITICAL - 2020-10-13 11:02:44 --> Trying to get property 'id' of non-object
#0 /home/rizcky/git/project.alcentrali/rest/core/Controllers/Setup.php(22): CodeIgniter\Debug\Exceptions->errorHandler(8, 'Trying to get p...', '/home/rizcky/gi...', 22, Array)
#1 /home/rizcky/git/project.alcentrali/rest/core/Controllers/BaseController.php(19): App\Controllers\Setup->initControllerComponents()
#2 /home/rizcky/git/project.alcentrali/engine/CodeIgniter.php(891): App\Controllers\BaseController->initController(Object(CodeIgniter\HTTP\IncomingRequest), Object(CodeIgniter\HTTP\Response), Object(CodeIgniter\Log\Logger))
#3 /home/rizcky/git/project.alcentrali/engine/CodeIgniter.php(399): CodeIgniter\CodeIgniter->createController()
#4 /home/rizcky/git/project.alcentrali/engine/CodeIgniter.php(312): CodeIgniter\CodeIgniter->handleRequest(NULL, Object(Config\Cache), false)
#5 /home/rizcky/git/project.alcentrali/rest/public/index.php(44): CodeIgniter\CodeIgniter->run()
#6 {main}
CRITICAL - 2020-10-13 12:02:33 --> Cannot use object of type App\Entities\LocaleData as array
#0 /home/rizcky/git/project.alcentrali/engine/CodeIgniter.php(918): App\Controllers\Setup->start()
#1 /home/rizcky/git/project.alcentrali/engine/CodeIgniter.php(404): CodeIgniter\CodeIgniter->runController(Object(App\Controllers\Setup))
#2 /home/rizcky/git/project.alcentrali/engine/CodeIgniter.php(312): CodeIgniter\CodeIgniter->handleRequest(NULL, Object(Config\Cache), false)
#3 /home/rizcky/git/project.alcentrali/rest/public/index.php(44): CodeIgniter\CodeIgniter->run()
#4 {main}
CRITICAL - 2020-10-13 12:07:59 --> Undefined variable: primaryKey
#0 /home/rizcky/git/project.alcentrali/rest/core/Controllers/Setup.php(27): CodeIgniter\Debug\Exceptions->errorHandler(8, 'Undefined varia...', '/home/rizcky/gi...', 27, Array)
#1 /home/rizcky/git/project.alcentrali/engine/CodeIgniter.php(918): App\Controllers\Setup->start()
#2 /home/rizcky/git/project.alcentrali/engine/CodeIgniter.php(404): CodeIgniter\CodeIgniter->runController(Object(App\Controllers\Setup))
#3 /home/rizcky/git/project.alcentrali/engine/CodeIgniter.php(312): CodeIgniter\CodeIgniter->handleRequest(NULL, Object(Config\Cache), false)
#4 /home/rizcky/git/project.alcentrali/rest/public/index.php(44): CodeIgniter\CodeIgniter->run()
#5 {main}
CRITICAL - 2020-10-13 13:39:41 --> Cannot use object of type App\Entities\LocaleData as array
#0 /home/rizcky/git/project.alcentrali/rest/core/Controllers/Setup.php(15): App\Controllers\BaseController->getResource('0001')
#1 /home/rizcky/git/project.alcentrali/engine/CodeIgniter.php(918): App\Controllers\Setup->start()
#2 /home/rizcky/git/project.alcentrali/engine/CodeIgniter.php(404): CodeIgniter\CodeIgniter->runController(Object(App\Controllers\Setup))
#3 /home/rizcky/git/project.alcentrali/engine/CodeIgniter.php(312): CodeIgniter\CodeIgniter->handleRequest(NULL, Object(Config\Cache), false)
#4 /home/rizcky/git/project.alcentrali/rest/public/index.php(44): CodeIgniter\CodeIgniter->run()
#5 {main}
CRITICAL - 2020-10-13 13:46:15 --> Undefined index: 0003
#0 /home/rizcky/git/project.alcentrali/rest/core/Views/setup_welcome.php(6): CodeIgniter\Debug\Exceptions->errorHandler(8, 'Undefined index...', '/home/rizcky/gi...', 6, Array)
#1 /home/rizcky/git/project.alcentrali/engine/View/View.php(246): include('/home/rizcky/gi...')
#2 /home/rizcky/git/project.alcentrali/engine/Common.php(1119): CodeIgniter\View\View->render('setup_welcome', Array, true)
#3 /home/rizcky/git/project.alcentrali/rest/core/Controllers/Setup.php(20): view('setup_welcome', Array)
#4 /home/rizcky/git/project.alcentrali/engine/CodeIgniter.php(918): App\Controllers\Setup->start()
#5 /home/rizcky/git/project.alcentrali/engine/CodeIgniter.php(404): CodeIgniter\CodeIgniter->runController(Object(App\Controllers\Setup))
#6 /home/rizcky/git/project.alcentrali/engine/CodeIgniter.php(312): CodeIgniter\CodeIgniter->handleRequest(NULL, Object(Config\Cache), false)
#7 /home/rizcky/git/project.alcentrali/rest/public/index.php(44): CodeIgniter\CodeIgniter->run()
#8 {main}
CRITICAL - 2020-10-13 13:48:45 --> Undefined index: 0003
#0 /home/rizcky/git/project.alcentrali/rest/core/Views/setup_welcome.php(6): CodeIgniter\Debug\Exceptions->errorHandler(8, 'Undefined index...', '/home/rizcky/gi...', 6, Array)
#1 /home/rizcky/git/project.alcentrali/engine/View/View.php(246): include('/home/rizcky/gi...')
#2 /home/rizcky/git/project.alcentrali/engine/Common.php(1119): CodeIgniter\View\View->render('setup_welcome', Array, true)
#3 /home/rizcky/git/project.alcentrali/rest/core/Controllers/Setup.php(20): view('setup_welcome', Array)
#4 /home/rizcky/git/project.alcentrali/engine/CodeIgniter.php(918): App\Controllers\Setup->start()
#5 /home/rizcky/git/project.alcentrali/engine/CodeIgniter.php(404): CodeIgniter\CodeIgniter->runController(Object(App\Controllers\Setup))
#6 /home/rizcky/git/project.alcentrali/engine/CodeIgniter.php(312): CodeIgniter\CodeIgniter->handleRequest(NULL, Object(Config\Cache), false)
#7 /home/rizcky/git/project.alcentrali/rest/public/index.php(44): CodeIgniter\CodeIgniter->run()
#8 {main}
CRITICAL - 2020-10-13 13:48:46 --> Undefined index: 0003
#0 /home/rizcky/git/project.alcentrali/rest/core/Views/setup_welcome.php(6): CodeIgniter\Debug\Exceptions->errorHandler(8, 'Undefined index...', '/home/rizcky/gi...', 6, Array)
#1 /home/rizcky/git/project.alcentrali/engine/View/View.php(246): include('/home/rizcky/gi...')
#2 /home/rizcky/git/project.alcentrali/engine/Common.php(1119): CodeIgniter\View\View->render('setup_welcome', Array, true)
#3 /home/rizcky/git/project.alcentrali/rest/core/Controllers/Setup.php(20): view('setup_welcome', Array)
#4 /home/rizcky/git/project.alcentrali/engine/CodeIgniter.php(918): App\Controllers\Setup->start()
#5 /home/rizcky/git/project.alcentrali/engine/CodeIgniter.php(404): CodeIgniter\CodeIgniter->runController(Object(App\Controllers\Setup))
#6 /home/rizcky/git/project.alcentrali/engine/CodeIgniter.php(312): CodeIgniter\CodeIgniter->handleRequest(NULL, Object(Config\Cache), false)
#7 /home/rizcky/git/project.alcentrali/rest/public/index.php(44): CodeIgniter\CodeIgniter->run()
#8 {main}
CRITICAL - 2020-10-13 13:55:25 --> Undefined index: 0004
#0 /home/rizcky/git/project.alcentrali/rest/core/Views/setup_welcome.php(10): CodeIgniter\Debug\Exceptions->errorHandler(8, 'Undefined index...', '/home/rizcky/gi...', 10, Array)
#1 /home/rizcky/git/project.alcentrali/engine/View/View.php(246): include('/home/rizcky/gi...')
#2 /home/rizcky/git/project.alcentrali/engine/Common.php(1119): CodeIgniter\View\View->render('setup_welcome', Array, true)
#3 /home/rizcky/git/project.alcentrali/rest/core/Controllers/Setup.php(21): view('setup_welcome', Array)
#4 /home/rizcky/git/project.alcentrali/engine/CodeIgniter.php(918): App\Controllers\Setup->start()
#5 /home/rizcky/git/project.alcentrali/engine/CodeIgniter.php(404): CodeIgniter\CodeIgniter->runController(Object(App\Controllers\Setup))
#6 /home/rizcky/git/project.alcentrali/engine/CodeIgniter.php(312): CodeIgniter\CodeIgniter->handleRequest(NULL, Object(Config\Cache), false)
#7 /home/rizcky/git/project.alcentrali/rest/public/index.php(44): CodeIgniter\CodeIgniter->run()
#8 {main}
CRITICAL - 2020-10-13 13:58:53 --> Invalid file: .php
#0 /home/rizcky/git/project.alcentrali/engine/View/View.php(228): CodeIgniter\Exceptions\FrameworkException::forInvalidFile('.php')
#1 /home/rizcky/git/project.alcentrali/engine/Common.php(1119): CodeIgniter\View\View->render('', Array, true)
#2 /home/rizcky/git/project.alcentrali/rest/core/Controllers/Setup.php(39): view('', Array)
#3 /home/rizcky/git/project.alcentrali/engine/CodeIgniter.php(918): App\Controllers\Setup->step('1')
#4 /home/rizcky/git/project.alcentrali/engine/CodeIgniter.php(404): CodeIgniter\CodeIgniter->runController(Object(App\Controllers\Setup))
#5 /home/rizcky/git/project.alcentrali/engine/CodeIgniter.php(312): CodeIgniter\CodeIgniter->handleRequest(NULL, Object(Config\Cache), false)
#6 /home/rizcky/git/project.alcentrali/rest/public/index.php(44): CodeIgniter\CodeIgniter->run()
#7 {main}
CRITICAL - 2020-10-13 13:59:04 --> Invalid file: .php
#0 /home/rizcky/git/project.alcentrali/engine/View/View.php(228): CodeIgniter\Exceptions\FrameworkException::forInvalidFile('.php')
#1 /home/rizcky/git/project.alcentrali/engine/Common.php(1119): CodeIgniter\View\View->render('', Array, true)
#2 /home/rizcky/git/project.alcentrali/rest/core/Controllers/Setup.php(39): view('', Array)
#3 /home/rizcky/git/project.alcentrali/engine/CodeIgniter.php(918): App\Controllers\Setup->step('2')
#4 /home/rizcky/git/project.alcentrali/engine/CodeIgniter.php(404): CodeIgniter\CodeIgniter->runController(Object(App\Controllers\Setup))
#5 /home/rizcky/git/project.alcentrali/engine/CodeIgniter.php(312): CodeIgniter\CodeIgniter->handleRequest(NULL, Object(Config\Cache), false)
#6 /home/rizcky/git/project.alcentrali/rest/public/index.php(44): CodeIgniter\CodeIgniter->run()
#7 {main}
CRITICAL - 2020-10-13 13:59:06 --> Invalid file: .php
#0 /home/rizcky/git/project.alcentrali/engine/View/View.php(228): CodeIgniter\Exceptions\FrameworkException::forInvalidFile('.php')
#1 /home/rizcky/git/project.alcentrali/engine/Common.php(1119): CodeIgniter\View\View->render('', Array, true)
#2 /home/rizcky/git/project.alcentrali/rest/core/Controllers/Setup.php(39): view('', Array)
#3 /home/rizcky/git/project.alcentrali/engine/CodeIgniter.php(918): App\Controllers\Setup->step('1')
#4 /home/rizcky/git/project.alcentrali/engine/CodeIgniter.php(404): CodeIgniter\CodeIgniter->runController(Object(App\Controllers\Setup))
#5 /home/rizcky/git/project.alcentrali/engine/CodeIgniter.php(312): CodeIgniter\CodeIgniter->handleRequest(NULL, Object(Config\Cache), false)
#6 /home/rizcky/git/project.alcentrali/rest/public/index.php(44): CodeIgniter\CodeIgniter->run()
#7 {main}
CRITICAL - 2020-10-13 14:02:37 --> Undefined variable: text
#0 /home/rizcky/git/project.alcentrali/rest/core/Views/setup_welcome.php(17): CodeIgniter\Debug\Exceptions->errorHandler(8, 'Undefined varia...', '/home/rizcky/gi...', 17, Array)
#1 /home/rizcky/git/project.alcentrali/engine/View/View.php(246): include('/home/rizcky/gi...')
#2 /home/rizcky/git/project.alcentrali/engine/Common.php(1119): CodeIgniter\View\View->render('setup_welcome', Array, true)
#3 /home/rizcky/git/project.alcentrali/rest/core/Controllers/Setup.php(22): view('setup_welcome', Array)
#4 /home/rizcky/git/project.alcentrali/engine/CodeIgniter.php(918): App\Controllers\Setup->start()
#5 /home/rizcky/git/project.alcentrali/engine/CodeIgniter.php(404): CodeIgniter\CodeIgniter->runController(Object(App\Controllers\Setup))
#6 /home/rizcky/git/project.alcentrali/engine/CodeIgniter.php(312): CodeIgniter\CodeIgniter->handleRequest(NULL, Object(Config\Cache), false)
#7 /home/rizcky/git/project.alcentrali/rest/public/index.php(44): CodeIgniter\CodeIgniter->run()
#8 {main}
CRITICAL - 2020-10-13 14:02:43 --> Undefined index: 0005
#0 /home/rizcky/git/project.alcentrali/rest/core/Views/setup_welcome.php(17): CodeIgniter\Debug\Exceptions->errorHandler(8, 'Undefined index...', '/home/rizcky/gi...', 17, Array)
#1 /home/rizcky/git/project.alcentrali/engine/View/View.php(246): include('/home/rizcky/gi...')
#2 /home/rizcky/git/project.alcentrali/engine/Common.php(1119): CodeIgniter\View\View->render('setup_welcome', Array, true)
#3 /home/rizcky/git/project.alcentrali/rest/core/Controllers/Setup.php(22): view('setup_welcome', Array)
#4 /home/rizcky/git/project.alcentrali/engine/CodeIgniter.php(918): App\Controllers\Setup->start()
#5 /home/rizcky/git/project.alcentrali/engine/CodeIgniter.php(404): CodeIgniter\CodeIgniter->runController(Object(App\Controllers\Setup))
#6 /home/rizcky/git/project.alcentrali/engine/CodeIgniter.php(312): CodeIgniter\CodeIgniter->handleRequest(NULL, Object(Config\Cache), false)
#7 /home/rizcky/git/project.alcentrali/rest/public/index.php(44): CodeIgniter\CodeIgniter->run()
#8 {main}
CRITICAL - 2020-10-13 14:22:33 --> Invalid file: .php
#0 /home/rizcky/git/project.alcentrali/engine/View/View.php(228): CodeIgniter\Exceptions\FrameworkException::forInvalidFile('.php')
#1 /home/rizcky/git/project.alcentrali/engine/Common.php(1119): CodeIgniter\View\View->render('', Array, true)
#2 /home/rizcky/git/project.alcentrali/rest/core/Controllers/Setup.php(40): view('', Array)
#3 /home/rizcky/git/project.alcentrali/engine/CodeIgniter.php(918): App\Controllers\Setup->step('1')
#4 /home/rizcky/git/project.alcentrali/engine/CodeIgniter.php(404): CodeIgniter\CodeIgniter->runController(Object(App\Controllers\Setup))
#5 /home/rizcky/git/project.alcentrali/engine/CodeIgniter.php(312): CodeIgniter\CodeIgniter->handleRequest(NULL, Object(Config\Cache), false)
#6 /home/rizcky/git/project.alcentrali/rest/public/index.php(44): CodeIgniter\CodeIgniter->run()
#7 {main}
CRITICAL - 2020-10-13 14:42:17 --> Invalid file: .php
#0 /home/rizcky/git/project.alcentrali/engine/View/View.php(228): CodeIgniter\Exceptions\FrameworkException::forInvalidFile('.php')
#1 /home/rizcky/git/project.alcentrali/engine/Common.php(1119): CodeIgniter\View\View->render('', Array, true)
#2 /home/rizcky/git/project.alcentrali/rest/core/Controllers/Setup.php(39): view('', Array)
#3 /home/rizcky/git/project.alcentrali/engine/CodeIgniter.php(918): App\Controllers\Setup->step('1')
#4 /home/rizcky/git/project.alcentrali/engine/CodeIgniter.php(404): CodeIgniter\CodeIgniter->runController(Object(App\Controllers\Setup))
#5 /home/rizcky/git/project.alcentrali/engine/CodeIgniter.php(312): CodeIgniter\CodeIgniter->handleRequest(NULL, Object(Config\Cache), false)
#6 /home/rizcky/git/project.alcentrali/rest/public/index.php(44): CodeIgniter\CodeIgniter->run()
#7 {main}
