CRITICAL - 2021-04-27 02:05:53 --> unlink(/home/rizcky/git/project.alcentrali/writable/debugbar/debugbar_1619152066.json): No such file or directory
#0 [internal function]: CodeIgniter\Debug\Exceptions->errorHandler(2, 'unlink(/home/ri...', '/home/rizcky/gi...', 106, Array)
#1 /home/rizcky/git/project.alcentrali/engine/Debug/Toolbar/Collectors/History.php(106): unlink('/home/rizcky/gi...')
#2 /home/rizcky/git/project.alcentrali/engine/Debug/Toolbar.php(483): CodeIgniter\Debug\Toolbar\Collectors\History->setFiles(1619233390, 20)
#3 /home/rizcky/git/project.alcentrali/engine/Debug/Toolbar.php(455): CodeIgniter\Debug\Toolbar->format(Array, 'html')
#4 /home/rizcky/git/project.alcentrali/officer/appcore/Config/Events.php(50): CodeIgniter\Debug\Toolbar->respond()
#5 [internal function]: CodeIgniter\Events\Events::Config\{closure}()
#6 /home/rizcky/git/project.alcentrali/engine/Events/Events.php(188): call_user_func(Object(Closure))
#7 /home/rizcky/git/project.alcentrali/engine/CodeIgniter.php(293): CodeIgniter\Events\Events::trigger('pre_system')
#8 /home/rizcky/git/project.alcentrali/officer/index/index.php(45): CodeIgniter\CodeIgniter->run()
#9 {main}
CRITICAL - 2021-04-27 02:05:53 --> unlink(/home/rizcky/git/project.alcentrali/writable/debugbar/debugbar_1619152066.json): No such file or directory
#0 [internal function]: CodeIgniter\Debug\Exceptions->errorHandler(2, 'unlink(/home/ri...', '/home/rizcky/gi...', 106, Array)
#1 /home/rizcky/git/project.alcentrali/engine/Debug/Toolbar/Collectors/History.php(106): unlink('/home/rizcky/gi...')
#2 /home/rizcky/git/project.alcentrali/engine/Debug/Toolbar.php(483): CodeIgniter\Debug\Toolbar\Collectors\History->setFiles(1619421751, 20)
#3 /home/rizcky/git/project.alcentrali/engine/Debug/Toolbar.php(455): CodeIgniter\Debug\Toolbar->format(Array, 'html')
#4 /home/rizcky/git/project.alcentrali/officer/appcore/Config/Events.php(50): CodeIgniter\Debug\Toolbar->respond()
#5 [internal function]: CodeIgniter\Events\Events::Config\{closure}()
#6 /home/rizcky/git/project.alcentrali/engine/Events/Events.php(188): call_user_func(Object(Closure))
#7 /home/rizcky/git/project.alcentrali/engine/CodeIgniter.php(293): CodeIgniter\Events\Events::trigger('pre_system')
#8 /home/rizcky/git/project.alcentrali/officer/index/index.php(45): CodeIgniter\CodeIgniter->run()
#9 {main}
CRITICAL - 2021-04-27 02:05:53 --> unlink(/home/rizcky/git/project.alcentrali/writable/debugbar/debugbar_1619152066.json): No such file or directory
#0 [internal function]: CodeIgniter\Debug\Exceptions->errorHandler(2, 'unlink(/home/ri...', '/home/rizcky/gi...', 106, Array)
#1 /home/rizcky/git/project.alcentrali/engine/Debug/Toolbar/Collectors/History.php(106): unlink('/home/rizcky/gi...')
#2 /home/rizcky/git/project.alcentrali/engine/Debug/Toolbar.php(483): CodeIgniter\Debug\Toolbar\Collectors\History->setFiles(1619418714, 20)
#3 /home/rizcky/git/project.alcentrali/engine/Debug/Toolbar.php(455): CodeIgniter\Debug\Toolbar->format(Array, 'html')
#4 /home/rizcky/git/project.alcentrali/officer/appcore/Config/Events.php(50): CodeIgniter\Debug\Toolbar->respond()
#5 [internal function]: CodeIgniter\Events\Events::Config\{closure}()
#6 /home/rizcky/git/project.alcentrali/engine/Events/Events.php(188): call_user_func(Object(Closure))
#7 /home/rizcky/git/project.alcentrali/engine/CodeIgniter.php(293): CodeIgniter\Events\Events::trigger('pre_system')
#8 /home/rizcky/git/project.alcentrali/officer/index/index.php(45): CodeIgniter\CodeIgniter->run()
#9 {main}
CRITICAL - 2021-04-27 21:47:52 --> unlink(/home/rizcky/git/project.alcentrali/writable/debugbar/debugbar_1619152547.json): No such file or directory
#0 [internal function]: CodeIgniter\Debug\Exceptions->errorHandler(2, 'unlink(/home/ri...', '/home/rizcky/gi...', 106, Array)
#1 /home/rizcky/git/project.alcentrali/engine/Debug/Toolbar/Collectors/History.php(106): unlink('/home/rizcky/gi...')
#2 /home/rizcky/git/project.alcentrali/engine/Debug/Toolbar.php(483): CodeIgniter\Debug\Toolbar\Collectors\History->setFiles(1619573282, 20)
#3 /home/rizcky/git/project.alcentrali/engine/Debug/Toolbar.php(455): CodeIgniter\Debug\Toolbar->format(Array, 'html')
#4 /home/rizcky/git/project.alcentrali/officer/appcore/Config/Events.php(50): CodeIgniter\Debug\Toolbar->respond()
#5 [internal function]: CodeIgniter\Events\Events::Config\{closure}()
#6 /home/rizcky/git/project.alcentrali/engine/Events/Events.php(188): call_user_func(Object(Closure))
#7 /home/rizcky/git/project.alcentrali/engine/CodeIgniter.php(293): CodeIgniter\Events\Events::trigger('pre_system')
#8 /home/rizcky/git/project.alcentrali/officer/index/index.php(45): CodeIgniter\CodeIgniter->run()
#9 {main}
CRITICAL - 2021-04-27 21:47:52 --> unlink(/home/rizcky/git/project.alcentrali/writable/debugbar/debugbar_1619152547.json): No such file or directory
#0 [internal function]: CodeIgniter\Debug\Exceptions->errorHandler(2, 'unlink(/home/ri...', '/home/rizcky/gi...', 106, Array)
#1 /home/rizcky/git/project.alcentrali/engine/Debug/Toolbar/Collectors/History.php(106): unlink('/home/rizcky/gi...')
#2 /home/rizcky/git/project.alcentrali/engine/Debug/Toolbar.php(483): CodeIgniter\Debug\Toolbar\Collectors\History->setFiles(1619573283, 20)
#3 /home/rizcky/git/project.alcentrali/engine/Debug/Toolbar.php(455): CodeIgniter\Debug\Toolbar->format(Array, 'html')
#4 /home/rizcky/git/project.alcentrali/officer/appcore/Config/Events.php(50): CodeIgniter\Debug\Toolbar->respond()
#5 [internal function]: CodeIgniter\Events\Events::Config\{closure}()
#6 /home/rizcky/git/project.alcentrali/engine/Events/Events.php(188): call_user_func(Object(Closure))
#7 /home/rizcky/git/project.alcentrali/engine/CodeIgniter.php(293): CodeIgniter\Events\Events::trigger('pre_system')
#8 /home/rizcky/git/project.alcentrali/officer/index/index.php(45): CodeIgniter\CodeIgniter->run()
#9 {main}
CRITICAL - 2021-04-27 21:47:52 --> unlink(/home/rizcky/git/project.alcentrali/writable/debugbar/debugbar_1619152547.json): No such file or directory
#0 [internal function]: CodeIgniter\Debug\Exceptions->errorHandler(2, 'unlink(/home/ri...', '/home/rizcky/gi...', 106, Array)
#1 /home/rizcky/git/project.alcentrali/engine/Debug/Toolbar/Collectors/History.php(106): unlink('/home/rizcky/gi...')
#2 /home/rizcky/git/project.alcentrali/engine/Debug/Toolbar.php(483): CodeIgniter\Debug\Toolbar\Collectors\History->setFiles(1619507104, 20)
#3 /home/rizcky/git/project.alcentrali/engine/Debug/Toolbar.php(455): CodeIgniter\Debug\Toolbar->format(Array, 'html')
#4 /home/rizcky/git/project.alcentrali/officer/appcore/Config/Events.php(50): CodeIgniter\Debug\Toolbar->respond()
#5 [internal function]: CodeIgniter\Events\Events::Config\{closure}()
#6 /home/rizcky/git/project.alcentrali/engine/Events/Events.php(188): call_user_func(Object(Closure))
#7 /home/rizcky/git/project.alcentrali/engine/CodeIgniter.php(293): CodeIgniter\Events\Events::trigger('pre_system')
#8 /home/rizcky/git/project.alcentrali/officer/index/index.php(45): CodeIgniter\CodeIgniter->run()
#9 {main}
CRITICAL - 2021-04-27 21:47:52 --> unlink(/home/rizcky/git/project.alcentrali/writable/debugbar/debugbar_1619152547.json): No such file or directory
#0 [internal function]: CodeIgniter\Debug\Exceptions->errorHandler(2, 'unlink(/home/ri...', '/home/rizcky/gi...', 106, Array)
#1 /home/rizcky/git/project.alcentrali/engine/Debug/Toolbar/Collectors/History.php(106): unlink('/home/rizcky/gi...')
#2 /home/rizcky/git/project.alcentrali/engine/Debug/Toolbar.php(483): CodeIgniter\Debug\Toolbar\Collectors\History->setFiles(1619507159, 20)
#3 /home/rizcky/git/project.alcentrali/engine/Debug/Toolbar.php(455): CodeIgniter\Debug\Toolbar->format(Array, 'html')
#4 /home/rizcky/git/project.alcentrali/officer/appcore/Config/Events.php(50): CodeIgniter\Debug\Toolbar->respond()
#5 [internal function]: CodeIgniter\Events\Events::Config\{closure}()
#6 /home/rizcky/git/project.alcentrali/engine/Events/Events.php(188): call_user_func(Object(Closure))
#7 /home/rizcky/git/project.alcentrali/engine/CodeIgniter.php(293): CodeIgniter\Events\Events::trigger('pre_system')
#8 /home/rizcky/git/project.alcentrali/officer/index/index.php(45): CodeIgniter\CodeIgniter->run()
#9 {main}
CRITICAL - 2021-04-27 21:47:52 --> unlink(/home/rizcky/git/project.alcentrali/writable/debugbar/debugbar_1619152547.json): No such file or directory
#0 [internal function]: CodeIgniter\Debug\Exceptions->errorHandler(2, 'unlink(/home/ri...', '/home/rizcky/gi...', 106, Array)
#1 /home/rizcky/git/project.alcentrali/engine/Debug/Toolbar/Collectors/History.php(106): unlink('/home/rizcky/gi...')
#2 /home/rizcky/git/project.alcentrali/engine/Debug/Toolbar.php(483): CodeIgniter\Debug\Toolbar\Collectors\History->setFiles(1619507160, 20)
#3 /home/rizcky/git/project.alcentrali/engine/Debug/Toolbar.php(455): CodeIgniter\Debug\Toolbar->format(Array, 'html')
#4 /home/rizcky/git/project.alcentrali/officer/appcore/Config/Events.php(50): CodeIgniter\Debug\Toolbar->respond()
#5 [internal function]: CodeIgniter\Events\Events::Config\{closure}()
#6 /home/rizcky/git/project.alcentrali/engine/Events/Events.php(188): call_user_func(Object(Closure))
#7 /home/rizcky/git/project.alcentrali/engine/CodeIgniter.php(293): CodeIgniter\Events\Events::trigger('pre_system')
#8 /home/rizcky/git/project.alcentrali/officer/index/index.php(45): CodeIgniter\CodeIgniter->run()
#9 {main}
CRITICAL - 2021-04-27 23:57:04 --> Call to undefined function App\Controllers\server_url()
#0 /home/rizcky/git/project.alcentrali/engine/CodeIgniter.php(918): App\Controllers\OfficerRequest->dataRequest()
#1 /home/rizcky/git/project.alcentrali/engine/CodeIgniter.php(404): CodeIgniter\CodeIgniter->runController(Object(App\Controllers\OfficerRequest))
#2 /home/rizcky/git/project.alcentrali/engine/CodeIgniter.php(312): CodeIgniter\CodeIgniter->handleRequest(NULL, Object(Config\Cache), false)
#3 /home/rizcky/git/project.alcentrali/server/index/index.php(45): CodeIgniter\CodeIgniter->run()
#4 {main}
CRITICAL - 2021-04-27 23:57:04 --> 22 : The requested URL returned error: 500 Internal Server Error
#0 /home/rizcky/git/project.alcentrali/engine/HTTP/CURLRequest.php(821): CodeIgniter\HTTP\Exceptions\HTTPException::forCurlError('22', 'The requested U...')
#1 /home/rizcky/git/project.alcentrali/engine/HTTP/CURLRequest.php(449): CodeIgniter\HTTP\CURLRequest->sendRequest(Array)
#2 /home/rizcky/git/project.alcentrali/engine/HTTP/CURLRequest.php(158): CodeIgniter\HTTP\CURLRequest->send('put', 'http://localhos...')
#3 /home/rizcky/git/project.alcentrali/engine/HTTP/CURLRequest.php(265): CodeIgniter\HTTP\CURLRequest->request('put', 'http://localhos...', Array)
#4 /home/rizcky/git/project.alcentrali/officer/appcore/Controllers/Officer.php(26): CodeIgniter\HTTP\CURLRequest->put('http://localhos...', Array)
#5 /home/rizcky/git/project.alcentrali/officer/appcore/Controllers/Officer.php(196): App\Controllers\Officer->dataRequest('api/dataaccess', Array)
#6 /home/rizcky/git/project.alcentrali/engine/CodeIgniter.php(918): App\Controllers\Officer->dataprocessing('client-processi...')
#7 /home/rizcky/git/project.alcentrali/engine/CodeIgniter.php(404): CodeIgniter\CodeIgniter->runController(Object(App\Controllers\Officer))
#8 /home/rizcky/git/project.alcentrali/engine/CodeIgniter.php(312): CodeIgniter\CodeIgniter->handleRequest(NULL, Object(Config\Cache), false)
#9 /home/rizcky/git/project.alcentrali/officer/index/index.php(45): CodeIgniter\CodeIgniter->run()
#10 {main}
CRITICAL - 2021-04-27 23:58:37 --> Call to undefined function App\Controllers\server_url()
#0 /home/rizcky/git/project.alcentrali/engine/CodeIgniter.php(918): App\Controllers\OfficerRequest->dataRequest()
#1 /home/rizcky/git/project.alcentrali/engine/CodeIgniter.php(404): CodeIgniter\CodeIgniter->runController(Object(App\Controllers\OfficerRequest))
#2 /home/rizcky/git/project.alcentrali/engine/CodeIgniter.php(312): CodeIgniter\CodeIgniter->handleRequest(NULL, Object(Config\Cache), false)
#3 /home/rizcky/git/project.alcentrali/server/index/index.php(45): CodeIgniter\CodeIgniter->run()
#4 {main}
CRITICAL - 2021-04-27 23:58:37 --> 22 : The requested URL returned error: 500 Internal Server Error
#0 /home/rizcky/git/project.alcentrali/engine/HTTP/CURLRequest.php(821): CodeIgniter\HTTP\Exceptions\HTTPException::forCurlError('22', 'The requested U...')
#1 /home/rizcky/git/project.alcentrali/engine/HTTP/CURLRequest.php(449): CodeIgniter\HTTP\CURLRequest->sendRequest(Array)
#2 /home/rizcky/git/project.alcentrali/engine/HTTP/CURLRequest.php(158): CodeIgniter\HTTP\CURLRequest->send('put', 'http://localhos...')
#3 /home/rizcky/git/project.alcentrali/engine/HTTP/CURLRequest.php(265): CodeIgniter\HTTP\CURLRequest->request('put', 'http://localhos...', Array)
#4 /home/rizcky/git/project.alcentrali/officer/appcore/Controllers/Officer.php(26): CodeIgniter\HTTP\CURLRequest->put('http://localhos...', Array)
#5 /home/rizcky/git/project.alcentrali/officer/appcore/Controllers/Officer.php(196): App\Controllers\Officer->dataRequest('api/dataaccess', Array)
#6 /home/rizcky/git/project.alcentrali/engine/CodeIgniter.php(918): App\Controllers\Officer->dataprocessing('client-processi...')
#7 /home/rizcky/git/project.alcentrali/engine/CodeIgniter.php(404): CodeIgniter\CodeIgniter->runController(Object(App\Controllers\Officer))
#8 /home/rizcky/git/project.alcentrali/engine/CodeIgniter.php(312): CodeIgniter\CodeIgniter->handleRequest(NULL, Object(Config\Cache), false)
#9 /home/rizcky/git/project.alcentrali/officer/index/index.php(45): CodeIgniter\CodeIgniter->run()
#10 {main}
CRITICAL - 2021-04-27 23:59:14 --> Call to undefined function App\Controllers\server_url()
#0 /home/rizcky/git/project.alcentrali/engine/CodeIgniter.php(918): App\Controllers\OfficerRequest->dataRequest()
#1 /home/rizcky/git/project.alcentrali/engine/CodeIgniter.php(404): CodeIgniter\CodeIgniter->runController(Object(App\Controllers\OfficerRequest))
#2 /home/rizcky/git/project.alcentrali/engine/CodeIgniter.php(312): CodeIgniter\CodeIgniter->handleRequest(NULL, Object(Config\Cache), false)
#3 /home/rizcky/git/project.alcentrali/server/index/index.php(45): CodeIgniter\CodeIgniter->run()
#4 {main}
CRITICAL - 2021-04-27 23:59:14 --> 22 : The requested URL returned error: 500 Internal Server Error
#0 /home/rizcky/git/project.alcentrali/engine/HTTP/CURLRequest.php(821): CodeIgniter\HTTP\Exceptions\HTTPException::forCurlError('22', 'The requested U...')
#1 /home/rizcky/git/project.alcentrali/engine/HTTP/CURLRequest.php(449): CodeIgniter\HTTP\CURLRequest->sendRequest(Array)
#2 /home/rizcky/git/project.alcentrali/engine/HTTP/CURLRequest.php(158): CodeIgniter\HTTP\CURLRequest->send('put', 'http://localhos...')
#3 /home/rizcky/git/project.alcentrali/engine/HTTP/CURLRequest.php(265): CodeIgniter\HTTP\CURLRequest->request('put', 'http://localhos...', Array)
#4 /home/rizcky/git/project.alcentrali/officer/appcore/Controllers/Officer.php(26): CodeIgniter\HTTP\CURLRequest->put('http://localhos...', Array)
#5 /home/rizcky/git/project.alcentrali/officer/appcore/Controllers/Officer.php(196): App\Controllers\Officer->dataRequest('api/dataaccess', Array)
#6 /home/rizcky/git/project.alcentrali/engine/CodeIgniter.php(918): App\Controllers\Officer->dataprocessing('client-processi...')
#7 /home/rizcky/git/project.alcentrali/engine/CodeIgniter.php(404): CodeIgniter\CodeIgniter->runController(Object(App\Controllers\Officer))
#8 /home/rizcky/git/project.alcentrali/engine/CodeIgniter.php(312): CodeIgniter\CodeIgniter->handleRequest(NULL, Object(Config\Cache), false)
#9 /home/rizcky/git/project.alcentrali/officer/index/index.php(45): CodeIgniter\CodeIgniter->run()
#10 {main}
