CRITICAL - 2020-11-10 19:37:32 --> Undefined index: page-title
#0 /home/rizcky/git/project.alcentrali/officer/appcore/Views/header.php(28): CodeIgniter\Debug\Exceptions->errorHandler(8, 'Undefined index...', '/home/rizcky/gi...', 28, Array)
#1 /home/rizcky/git/project.alcentrali/officer/appcore/Views/setup/profiles.php(1): include('/home/rizcky/gi...')
#2 /home/rizcky/git/project.alcentrali/engine/View/View.php(246): include('/home/rizcky/gi...')
#3 /home/rizcky/git/project.alcentrali/engine/Common.php(1119): CodeIgniter\View\View->render('setup/profiles', Array, true)
#4 /home/rizcky/git/project.alcentrali/officer/appcore/Controllers/Setup.php(76): view('setup/profiles', Array)
#5 /home/rizcky/git/project.alcentrali/engine/CodeIgniter.php(918): App\Controllers\Setup->run('profiles')
#6 /home/rizcky/git/project.alcentrali/engine/CodeIgniter.php(404): CodeIgniter\CodeIgniter->runController(Object(App\Controllers\Setup))
#7 /home/rizcky/git/project.alcentrali/engine/CodeIgniter.php(312): CodeIgniter\CodeIgniter->handleRequest(NULL, Object(Config\Cache), false)
#8 /home/rizcky/git/project.alcentrali/officer/index/index.php(45): CodeIgniter\CodeIgniter->run()
#9 {main}
CRITICAL - 2020-11-10 20:33:12 --> Undefined index: 
#0 /home/rizcky/git/project.alcentrali/officer/appcore/Views/setup/profiles.php(44): CodeIgniter\Debug\Exceptions->errorHandler(8, 'Undefined index...', '/home/rizcky/gi...', 44, Array)
#1 /home/rizcky/git/project.alcentrali/engine/View/View.php(246): include('/home/rizcky/gi...')
#2 /home/rizcky/git/project.alcentrali/engine/Common.php(1119): CodeIgniter\View\View->render('setup/profiles', Array, true)
#3 /home/rizcky/git/project.alcentrali/officer/appcore/Controllers/Setup.php(80): view('setup/profiles', Array)
#4 /home/rizcky/git/project.alcentrali/engine/CodeIgniter.php(918): App\Controllers\Setup->run('profiles')
#5 /home/rizcky/git/project.alcentrali/engine/CodeIgniter.php(404): CodeIgniter\CodeIgniter->runController(Object(App\Controllers\Setup))
#6 /home/rizcky/git/project.alcentrali/engine/CodeIgniter.php(312): CodeIgniter\CodeIgniter->handleRequest(NULL, Object(Config\Cache), false)
#7 /home/rizcky/git/project.alcentrali/officer/index/index.php(45): CodeIgniter\CodeIgniter->run()
#8 {main}
CRITICAL - 2020-11-10 23:00:16 --> Invalid file: setup/dosetup.php
#0 /home/rizcky/git/project.alcentrali/engine/View/View.php(228): CodeIgniter\Exceptions\FrameworkException::forInvalidFile('setup/dosetup.p...')
#1 /home/rizcky/git/project.alcentrali/engine/Common.php(1119): CodeIgniter\View\View->render('setup/dosetup', Array, true)
#2 /home/rizcky/git/project.alcentrali/officer/appcore/Controllers/Setup.php(92): view('setup/dosetup', Array)
#3 /home/rizcky/git/project.alcentrali/engine/CodeIgniter.php(918): App\Controllers\Setup->run('dosetup')
#4 /home/rizcky/git/project.alcentrali/engine/CodeIgniter.php(404): CodeIgniter\CodeIgniter->runController(Object(App\Controllers\Setup))
#5 /home/rizcky/git/project.alcentrali/engine/CodeIgniter.php(312): CodeIgniter\CodeIgniter->handleRequest(NULL, Object(Config\Cache), false)
#6 /home/rizcky/git/project.alcentrali/officer/index/index.php(45): CodeIgniter\CodeIgniter->run()
#7 {main}
