CRITICAL - 2020-07-12 08:45:22 --> Access denied for user '****'@'localhost' (using password: YES)
#0 /home/rizcky/git/project.asman/engine/Database/BaseConnection.php(376): CodeIgniter\Database\MySQLi\Connection->connect(false)
#1 /home/rizcky/git/project.asman/engine/Database/BaseConnection.php(636): CodeIgniter\Database\BaseConnection->initialize()
#2 /home/rizcky/git/project.asman/engine/Database/BaseBuilder.php(1831): CodeIgniter\Database\BaseConnection->query('SELECT *\nFROM `...', Array, false)
#3 /home/rizcky/git/project.asman/engine/Model.php(441): CodeIgniter\Database\BaseBuilder->get()
#4 /home/rizcky/git/project.asman/server/core/Controllers/ServerRequest.php(83): CodeIgniter\Model->findAll()
#5 /home/rizcky/git/project.asman/server/core/Controllers/ServerRequest.php(73): App\Controllers\ServerRequest->isServerReady()
#6 /home/rizcky/git/project.asman/engine/CodeIgniter.php(860): App\Controllers\ServerRequest->index()
#7 /home/rizcky/git/project.asman/engine/CodeIgniter.php(381): CodeIgniter\CodeIgniter->runController(Object(App\Controllers\ServerRequest))
#8 /home/rizcky/git/project.asman/engine/CodeIgniter.php(297): CodeIgniter\CodeIgniter->handleRequest(NULL, Object(Config\Cache), false)
#9 /home/rizcky/git/project.asman/server/public/index.php(44): CodeIgniter\CodeIgniter->run()
#10 {main}
CRITICAL - 2020-07-12 08:45:22 --> 22 : The requested URL returned error: 500 Internal Server Error
#0 /home/rizcky/git/project.asman/engine/HTTP/CURLRequest.php(761): CodeIgniter\HTTP\Exceptions\HTTPException::forCurlError('22', 'The requested U...')
#1 /home/rizcky/git/project.asman/engine/HTTP/CURLRequest.php(441): CodeIgniter\HTTP\CURLRequest->sendRequest(Array)
#2 /home/rizcky/git/project.asman/engine/HTTP/CURLRequest.php(157): CodeIgniter\HTTP\CURLRequest->send('put', 'http://localhos...')
#3 /home/rizcky/git/project.asman/engine/HTTP/CURLRequest.php(264): CodeIgniter\HTTP\CURLRequest->request('put', 'http://localhos...', Array)
#4 /home/rizcky/git/project.asman/server/core/Controllers/BaseController.php(53): CodeIgniter\HTTP\CURLRequest->put('http://localhos...', Array)
#5 /home/rizcky/git/project.asman/server/core/Controllers/ServerLogin.php(32): App\Controllers\BaseController->isFirstTime(Array)
#6 /home/rizcky/git/project.asman/engine/CodeIgniter.php(860): App\Controllers\ServerLogin->index()
#7 /home/rizcky/git/project.asman/engine/CodeIgniter.php(381): CodeIgniter\CodeIgniter->runController(Object(App\Controllers\ServerLogin))
#8 /home/rizcky/git/project.asman/engine/CodeIgniter.php(297): CodeIgniter\CodeIgniter->handleRequest(NULL, Object(Config\Cache), false)
#9 /home/rizcky/git/project.asman/server/public/index.php(44): CodeIgniter\CodeIgniter->run()
#10 {main}
CRITICAL - 2020-07-12 08:47:17 --> Access denied for user '****'@'localhost' (using password: YES)
#0 /home/rizcky/git/project.asman/engine/Database/BaseConnection.php(376): CodeIgniter\Database\MySQLi\Connection->connect(false)
#1 /home/rizcky/git/project.asman/engine/Database/BaseConnection.php(636): CodeIgniter\Database\BaseConnection->initialize()
#2 /home/rizcky/git/project.asman/engine/Database/BaseBuilder.php(1831): CodeIgniter\Database\BaseConnection->query('SELECT *\nFROM `...', Array, false)
#3 /home/rizcky/git/project.asman/engine/Model.php(441): CodeIgniter\Database\BaseBuilder->get()
#4 /home/rizcky/git/project.asman/server/core/Controllers/ServerRequest.php(83): CodeIgniter\Model->findAll()
#5 /home/rizcky/git/project.asman/server/core/Controllers/ServerRequest.php(73): App\Controllers\ServerRequest->isServerReady()
#6 /home/rizcky/git/project.asman/engine/CodeIgniter.php(860): App\Controllers\ServerRequest->index()
#7 /home/rizcky/git/project.asman/engine/CodeIgniter.php(381): CodeIgniter\CodeIgniter->runController(Object(App\Controllers\ServerRequest))
#8 /home/rizcky/git/project.asman/engine/CodeIgniter.php(297): CodeIgniter\CodeIgniter->handleRequest(NULL, Object(Config\Cache), false)
#9 /home/rizcky/git/project.asman/server/public/index.php(44): CodeIgniter\CodeIgniter->run()
#10 {main}
CRITICAL - 2020-07-12 08:47:17 --> 22 : The requested URL returned error: 500 Internal Server Error
#0 /home/rizcky/git/project.asman/engine/HTTP/CURLRequest.php(761): CodeIgniter\HTTP\Exceptions\HTTPException::forCurlError('22', 'The requested U...')
#1 /home/rizcky/git/project.asman/engine/HTTP/CURLRequest.php(441): CodeIgniter\HTTP\CURLRequest->sendRequest(Array)
#2 /home/rizcky/git/project.asman/engine/HTTP/CURLRequest.php(157): CodeIgniter\HTTP\CURLRequest->send('put', 'http://localhos...')
#3 /home/rizcky/git/project.asman/engine/HTTP/CURLRequest.php(264): CodeIgniter\HTTP\CURLRequest->request('put', 'http://localhos...', Array)
#4 /home/rizcky/git/project.asman/server/core/Controllers/BaseController.php(53): CodeIgniter\HTTP\CURLRequest->put('http://localhos...', Array)
#5 /home/rizcky/git/project.asman/server/core/Controllers/ServerLogin.php(32): App\Controllers\BaseController->isFirstTime(Array)
#6 /home/rizcky/git/project.asman/engine/CodeIgniter.php(860): App\Controllers\ServerLogin->index()
#7 /home/rizcky/git/project.asman/engine/CodeIgniter.php(381): CodeIgniter\CodeIgniter->runController(Object(App\Controllers\ServerLogin))
#8 /home/rizcky/git/project.asman/engine/CodeIgniter.php(297): CodeIgniter\CodeIgniter->handleRequest(NULL, Object(Config\Cache), false)
#9 /home/rizcky/git/project.asman/server/public/index.php(44): CodeIgniter\CodeIgniter->run()
#10 {main}
CRITICAL - 2020-07-12 08:47:25 --> Access denied for user '****'@'localhost' (using password: YES)
#0 /home/rizcky/git/project.asman/engine/Database/BaseConnection.php(376): CodeIgniter\Database\MySQLi\Connection->connect(false)
#1 /home/rizcky/git/project.asman/engine/Database/BaseConnection.php(636): CodeIgniter\Database\BaseConnection->initialize()
#2 /home/rizcky/git/project.asman/engine/Database/BaseBuilder.php(1831): CodeIgniter\Database\BaseConnection->query('SELECT *\nFROM `...', Array, false)
#3 /home/rizcky/git/project.asman/engine/Model.php(441): CodeIgniter\Database\BaseBuilder->get()
#4 /home/rizcky/git/project.asman/server/core/Controllers/ServerRequest.php(83): CodeIgniter\Model->findAll()
#5 /home/rizcky/git/project.asman/server/core/Controllers/ServerRequest.php(73): App\Controllers\ServerRequest->isServerReady()
#6 /home/rizcky/git/project.asman/engine/CodeIgniter.php(860): App\Controllers\ServerRequest->index()
#7 /home/rizcky/git/project.asman/engine/CodeIgniter.php(381): CodeIgniter\CodeIgniter->runController(Object(App\Controllers\ServerRequest))
#8 /home/rizcky/git/project.asman/engine/CodeIgniter.php(297): CodeIgniter\CodeIgniter->handleRequest(NULL, Object(Config\Cache), false)
#9 /home/rizcky/git/project.asman/server/public/index.php(44): CodeIgniter\CodeIgniter->run()
#10 {main}
CRITICAL - 2020-07-12 08:47:25 --> 22 : The requested URL returned error: 500 Internal Server Error
#0 /home/rizcky/git/project.asman/engine/HTTP/CURLRequest.php(761): CodeIgniter\HTTP\Exceptions\HTTPException::forCurlError('22', 'The requested U...')
#1 /home/rizcky/git/project.asman/engine/HTTP/CURLRequest.php(441): CodeIgniter\HTTP\CURLRequest->sendRequest(Array)
#2 /home/rizcky/git/project.asman/engine/HTTP/CURLRequest.php(157): CodeIgniter\HTTP\CURLRequest->send('put', 'http://localhos...')
#3 /home/rizcky/git/project.asman/engine/HTTP/CURLRequest.php(264): CodeIgniter\HTTP\CURLRequest->request('put', 'http://localhos...', Array)
#4 /home/rizcky/git/project.asman/server/core/Controllers/BaseController.php(53): CodeIgniter\HTTP\CURLRequest->put('http://localhos...', Array)
#5 /home/rizcky/git/project.asman/server/core/Controllers/ServerLogin.php(32): App\Controllers\BaseController->isFirstTime(Array)
#6 /home/rizcky/git/project.asman/engine/CodeIgniter.php(860): App\Controllers\ServerLogin->index()
#7 /home/rizcky/git/project.asman/engine/CodeIgniter.php(381): CodeIgniter\CodeIgniter->runController(Object(App\Controllers\ServerLogin))
#8 /home/rizcky/git/project.asman/engine/CodeIgniter.php(297): CodeIgniter\CodeIgniter->handleRequest(NULL, Object(Config\Cache), false)
#9 /home/rizcky/git/project.asman/server/public/index.php(44): CodeIgniter\CodeIgniter->run()
#10 {main}
CRITICAL - 2020-07-12 08:48:23 --> Access denied for user '****'@'localhost' (using password: YES)
#0 /home/rizcky/git/project.asman/engine/Database/BaseConnection.php(376): CodeIgniter\Database\MySQLi\Connection->connect(false)
#1 /home/rizcky/git/project.asman/engine/Database/BaseConnection.php(636): CodeIgniter\Database\BaseConnection->initialize()
#2 /home/rizcky/git/project.asman/engine/Database/BaseBuilder.php(1831): CodeIgniter\Database\BaseConnection->query('SELECT *\nFROM `...', Array, false)
#3 /home/rizcky/git/project.asman/engine/Model.php(441): CodeIgniter\Database\BaseBuilder->get()
#4 /home/rizcky/git/project.asman/server/core/Controllers/ServerRequest.php(83): CodeIgniter\Model->findAll()
#5 /home/rizcky/git/project.asman/server/core/Controllers/ServerRequest.php(73): App\Controllers\ServerRequest->isServerReady()
#6 /home/rizcky/git/project.asman/engine/CodeIgniter.php(860): App\Controllers\ServerRequest->index()
#7 /home/rizcky/git/project.asman/engine/CodeIgniter.php(381): CodeIgniter\CodeIgniter->runController(Object(App\Controllers\ServerRequest))
#8 /home/rizcky/git/project.asman/engine/CodeIgniter.php(297): CodeIgniter\CodeIgniter->handleRequest(NULL, Object(Config\Cache), false)
#9 /home/rizcky/git/project.asman/server/public/index.php(44): CodeIgniter\CodeIgniter->run()
#10 {main}
CRITICAL - 2020-07-12 08:48:23 --> 22 : The requested URL returned error: 500 Internal Server Error
#0 /home/rizcky/git/project.asman/engine/HTTP/CURLRequest.php(761): CodeIgniter\HTTP\Exceptions\HTTPException::forCurlError('22', 'The requested U...')
#1 /home/rizcky/git/project.asman/engine/HTTP/CURLRequest.php(441): CodeIgniter\HTTP\CURLRequest->sendRequest(Array)
#2 /home/rizcky/git/project.asman/engine/HTTP/CURLRequest.php(157): CodeIgniter\HTTP\CURLRequest->send('put', 'http://localhos...')
#3 /home/rizcky/git/project.asman/engine/HTTP/CURLRequest.php(264): CodeIgniter\HTTP\CURLRequest->request('put', 'http://localhos...', Array)
#4 /home/rizcky/git/project.asman/server/core/Controllers/BaseController.php(53): CodeIgniter\HTTP\CURLRequest->put('http://localhos...', Array)
#5 /home/rizcky/git/project.asman/server/core/Controllers/ServerLogin.php(32): App\Controllers\BaseController->isFirstTime(Array)
#6 /home/rizcky/git/project.asman/engine/CodeIgniter.php(860): App\Controllers\ServerLogin->index()
#7 /home/rizcky/git/project.asman/engine/CodeIgniter.php(381): CodeIgniter\CodeIgniter->runController(Object(App\Controllers\ServerLogin))
#8 /home/rizcky/git/project.asman/engine/CodeIgniter.php(297): CodeIgniter\CodeIgniter->handleRequest(NULL, Object(Config\Cache), false)
#9 /home/rizcky/git/project.asman/server/public/index.php(44): CodeIgniter\CodeIgniter->run()
#10 {main}
CRITICAL - 2020-07-12 08:49:08 --> Access denied for user '****'@'localhost' (using password: YES)
#0 /home/rizcky/git/project.asman/engine/Database/BaseConnection.php(376): CodeIgniter\Database\MySQLi\Connection->connect(false)
#1 /home/rizcky/git/project.asman/engine/Database/BaseConnection.php(636): CodeIgniter\Database\BaseConnection->initialize()
#2 /home/rizcky/git/project.asman/engine/Database/BaseBuilder.php(1831): CodeIgniter\Database\BaseConnection->query('SELECT *\nFROM `...', Array, false)
#3 /home/rizcky/git/project.asman/engine/Model.php(441): CodeIgniter\Database\BaseBuilder->get()
#4 /home/rizcky/git/project.asman/server/core/Controllers/ServerRequest.php(83): CodeIgniter\Model->findAll()
#5 /home/rizcky/git/project.asman/server/core/Controllers/ServerRequest.php(73): App\Controllers\ServerRequest->isServerReady()
#6 /home/rizcky/git/project.asman/engine/CodeIgniter.php(860): App\Controllers\ServerRequest->index()
#7 /home/rizcky/git/project.asman/engine/CodeIgniter.php(381): CodeIgniter\CodeIgniter->runController(Object(App\Controllers\ServerRequest))
#8 /home/rizcky/git/project.asman/engine/CodeIgniter.php(297): CodeIgniter\CodeIgniter->handleRequest(NULL, Object(Config\Cache), false)
#9 /home/rizcky/git/project.asman/server/public/index.php(44): CodeIgniter\CodeIgniter->run()
#10 {main}
CRITICAL - 2020-07-12 08:49:08 --> 22 : The requested URL returned error: 500 Internal Server Error
#0 /home/rizcky/git/project.asman/engine/HTTP/CURLRequest.php(761): CodeIgniter\HTTP\Exceptions\HTTPException::forCurlError('22', 'The requested U...')
#1 /home/rizcky/git/project.asman/engine/HTTP/CURLRequest.php(441): CodeIgniter\HTTP\CURLRequest->sendRequest(Array)
#2 /home/rizcky/git/project.asman/engine/HTTP/CURLRequest.php(157): CodeIgniter\HTTP\CURLRequest->send('put', 'http://localhos...')
#3 /home/rizcky/git/project.asman/engine/HTTP/CURLRequest.php(264): CodeIgniter\HTTP\CURLRequest->request('put', 'http://localhos...', Array)
#4 /home/rizcky/git/project.asman/server/core/Controllers/BaseController.php(53): CodeIgniter\HTTP\CURLRequest->put('http://localhos...', Array)
#5 /home/rizcky/git/project.asman/server/core/Controllers/ServerLogin.php(32): App\Controllers\BaseController->isFirstTime(Array)
#6 /home/rizcky/git/project.asman/engine/CodeIgniter.php(860): App\Controllers\ServerLogin->index()
#7 /home/rizcky/git/project.asman/engine/CodeIgniter.php(381): CodeIgniter\CodeIgniter->runController(Object(App\Controllers\ServerLogin))
#8 /home/rizcky/git/project.asman/engine/CodeIgniter.php(297): CodeIgniter\CodeIgniter->handleRequest(NULL, Object(Config\Cache), false)
#9 /home/rizcky/git/project.asman/server/public/index.php(44): CodeIgniter\CodeIgniter->run()
#10 {main}
CRITICAL - 2020-07-12 08:49:49 --> Access denied for user '****'@'localhost' (using password: YES)
#0 /home/rizcky/git/project.asman/engine/Database/BaseConnection.php(376): CodeIgniter\Database\MySQLi\Connection->connect(false)
#1 /home/rizcky/git/project.asman/engine/Database/BaseConnection.php(636): CodeIgniter\Database\BaseConnection->initialize()
#2 /home/rizcky/git/project.asman/engine/Database/BaseBuilder.php(1831): CodeIgniter\Database\BaseConnection->query('SELECT *\nFROM `...', Array, false)
#3 /home/rizcky/git/project.asman/engine/Model.php(441): CodeIgniter\Database\BaseBuilder->get()
#4 /home/rizcky/git/project.asman/server/core/Controllers/ServerRequest.php(83): CodeIgniter\Model->findAll()
#5 /home/rizcky/git/project.asman/server/core/Controllers/ServerRequest.php(73): App\Controllers\ServerRequest->isServerReady()
#6 /home/rizcky/git/project.asman/engine/CodeIgniter.php(860): App\Controllers\ServerRequest->index()
#7 /home/rizcky/git/project.asman/engine/CodeIgniter.php(381): CodeIgniter\CodeIgniter->runController(Object(App\Controllers\ServerRequest))
#8 /home/rizcky/git/project.asman/engine/CodeIgniter.php(297): CodeIgniter\CodeIgniter->handleRequest(NULL, Object(Config\Cache), false)
#9 /home/rizcky/git/project.asman/server/public/index.php(44): CodeIgniter\CodeIgniter->run()
#10 {main}
CRITICAL - 2020-07-12 08:49:49 --> 22 : The requested URL returned error: 500 Internal Server Error
#0 /home/rizcky/git/project.asman/engine/HTTP/CURLRequest.php(761): CodeIgniter\HTTP\Exceptions\HTTPException::forCurlError('22', 'The requested U...')
#1 /home/rizcky/git/project.asman/engine/HTTP/CURLRequest.php(441): CodeIgniter\HTTP\CURLRequest->sendRequest(Array)
#2 /home/rizcky/git/project.asman/engine/HTTP/CURLRequest.php(157): CodeIgniter\HTTP\CURLRequest->send('put', 'http://localhos...')
#3 /home/rizcky/git/project.asman/engine/HTTP/CURLRequest.php(264): CodeIgniter\HTTP\CURLRequest->request('put', 'http://localhos...', Array)
#4 /home/rizcky/git/project.asman/server/core/Controllers/BaseController.php(53): CodeIgniter\HTTP\CURLRequest->put('http://localhos...', Array)
#5 /home/rizcky/git/project.asman/server/core/Controllers/ServerLogin.php(32): App\Controllers\BaseController->isFirstTime(Array)
#6 /home/rizcky/git/project.asman/engine/CodeIgniter.php(860): App\Controllers\ServerLogin->index()
#7 /home/rizcky/git/project.asman/engine/CodeIgniter.php(381): CodeIgniter\CodeIgniter->runController(Object(App\Controllers\ServerLogin))
#8 /home/rizcky/git/project.asman/engine/CodeIgniter.php(297): CodeIgniter\CodeIgniter->handleRequest(NULL, Object(Config\Cache), false)
#9 /home/rizcky/git/project.asman/server/public/index.php(44): CodeIgniter\CodeIgniter->run()
#10 {main}
CRITICAL - 2020-07-12 08:50:01 --> Access denied for user '****'@'localhost' (using password: YES)
#0 /home/rizcky/git/project.asman/engine/Database/BaseConnection.php(376): CodeIgniter\Database\MySQLi\Connection->connect(false)
#1 /home/rizcky/git/project.asman/engine/Database/BaseConnection.php(636): CodeIgniter\Database\BaseConnection->initialize()
#2 /home/rizcky/git/project.asman/engine/Database/BaseBuilder.php(1913): CodeIgniter\Database\BaseConnection->query('SELECT COUNT(*)...', Array, false)
#3 /home/rizcky/git/project.asman/engine/Model.php(1554): CodeIgniter\Database\BaseBuilder->countAllResults(true)
#4 /home/rizcky/git/project.asman/server/core/Controllers/ServerRequest.php(83): CodeIgniter\Model->countAllResults()
#5 /home/rizcky/git/project.asman/server/core/Controllers/ServerRequest.php(73): App\Controllers\ServerRequest->isServerReady()
#6 /home/rizcky/git/project.asman/engine/CodeIgniter.php(860): App\Controllers\ServerRequest->index()
#7 /home/rizcky/git/project.asman/engine/CodeIgniter.php(381): CodeIgniter\CodeIgniter->runController(Object(App\Controllers\ServerRequest))
#8 /home/rizcky/git/project.asman/engine/CodeIgniter.php(297): CodeIgniter\CodeIgniter->handleRequest(NULL, Object(Config\Cache), false)
#9 /home/rizcky/git/project.asman/server/public/index.php(44): CodeIgniter\CodeIgniter->run()
#10 {main}
CRITICAL - 2020-07-12 08:50:01 --> 22 : The requested URL returned error: 500 Internal Server Error
#0 /home/rizcky/git/project.asman/engine/HTTP/CURLRequest.php(761): CodeIgniter\HTTP\Exceptions\HTTPException::forCurlError('22', 'The requested U...')
#1 /home/rizcky/git/project.asman/engine/HTTP/CURLRequest.php(441): CodeIgniter\HTTP\CURLRequest->sendRequest(Array)
#2 /home/rizcky/git/project.asman/engine/HTTP/CURLRequest.php(157): CodeIgniter\HTTP\CURLRequest->send('put', 'http://localhos...')
#3 /home/rizcky/git/project.asman/engine/HTTP/CURLRequest.php(264): CodeIgniter\HTTP\CURLRequest->request('put', 'http://localhos...', Array)
#4 /home/rizcky/git/project.asman/server/core/Controllers/BaseController.php(53): CodeIgniter\HTTP\CURLRequest->put('http://localhos...', Array)
#5 /home/rizcky/git/project.asman/server/core/Controllers/ServerLogin.php(32): App\Controllers\BaseController->isFirstTime(Array)
#6 /home/rizcky/git/project.asman/engine/CodeIgniter.php(860): App\Controllers\ServerLogin->index()
#7 /home/rizcky/git/project.asman/engine/CodeIgniter.php(381): CodeIgniter\CodeIgniter->runController(Object(App\Controllers\ServerLogin))
#8 /home/rizcky/git/project.asman/engine/CodeIgniter.php(297): CodeIgniter\CodeIgniter->handleRequest(NULL, Object(Config\Cache), false)
#9 /home/rizcky/git/project.asman/server/public/index.php(44): CodeIgniter\CodeIgniter->run()
#10 {main}
CRITICAL - 2020-07-12 08:50:40 --> Access denied for user '****'@'localhost' (using password: YES)
#0 /home/rizcky/git/project.asman/engine/Database/BaseConnection.php(376): CodeIgniter\Database\MySQLi\Connection->connect(false)
#1 /home/rizcky/git/project.asman/engine/Database/BaseConnection.php(636): CodeIgniter\Database\BaseConnection->initialize()
#2 /home/rizcky/git/project.asman/engine/Database/BaseBuilder.php(1913): CodeIgniter\Database\BaseConnection->query('SELECT COUNT(*)...', Array, false)
#3 /home/rizcky/git/project.asman/engine/Model.php(1554): CodeIgniter\Database\BaseBuilder->countAllResults(true)
#4 /home/rizcky/git/project.asman/server/core/Controllers/ServerRequest.php(83): CodeIgniter\Model->countAllResults()
#5 /home/rizcky/git/project.asman/server/core/Controllers/ServerRequest.php(73): App\Controllers\ServerRequest->isServerReady()
#6 /home/rizcky/git/project.asman/engine/CodeIgniter.php(860): App\Controllers\ServerRequest->index()
#7 /home/rizcky/git/project.asman/engine/CodeIgniter.php(381): CodeIgniter\CodeIgniter->runController(Object(App\Controllers\ServerRequest))
#8 /home/rizcky/git/project.asman/engine/CodeIgniter.php(297): CodeIgniter\CodeIgniter->handleRequest(NULL, Object(Config\Cache), false)
#9 /home/rizcky/git/project.asman/server/public/index.php(44): CodeIgniter\CodeIgniter->run()
#10 {main}
CRITICAL - 2020-07-12 08:50:40 --> 22 : The requested URL returned error: 500 Internal Server Error
#0 /home/rizcky/git/project.asman/engine/HTTP/CURLRequest.php(761): CodeIgniter\HTTP\Exceptions\HTTPException::forCurlError('22', 'The requested U...')
#1 /home/rizcky/git/project.asman/engine/HTTP/CURLRequest.php(441): CodeIgniter\HTTP\CURLRequest->sendRequest(Array)
#2 /home/rizcky/git/project.asman/engine/HTTP/CURLRequest.php(157): CodeIgniter\HTTP\CURLRequest->send('put', 'http://localhos...')
#3 /home/rizcky/git/project.asman/engine/HTTP/CURLRequest.php(264): CodeIgniter\HTTP\CURLRequest->request('put', 'http://localhos...', Array)
#4 /home/rizcky/git/project.asman/server/core/Controllers/BaseController.php(53): CodeIgniter\HTTP\CURLRequest->put('http://localhos...', Array)
#5 /home/rizcky/git/project.asman/server/core/Controllers/ServerLogin.php(32): App\Controllers\BaseController->isFirstTime(Array)
#6 /home/rizcky/git/project.asman/engine/CodeIgniter.php(860): App\Controllers\ServerLogin->index()
#7 /home/rizcky/git/project.asman/engine/CodeIgniter.php(381): CodeIgniter\CodeIgniter->runController(Object(App\Controllers\ServerLogin))
#8 /home/rizcky/git/project.asman/engine/CodeIgniter.php(297): CodeIgniter\CodeIgniter->handleRequest(NULL, Object(Config\Cache), false)
#9 /home/rizcky/git/project.asman/server/public/index.php(44): CodeIgniter\CodeIgniter->run()
#10 {main}
CRITICAL - 2020-07-12 08:50:49 --> Access denied for user '****'@'localhost' (using password: YES)
#0 /home/rizcky/git/project.asman/engine/Database/BaseConnection.php(376): CodeIgniter\Database\MySQLi\Connection->connect(false)
#1 /home/rizcky/git/project.asman/engine/Database/BaseConnection.php(636): CodeIgniter\Database\BaseConnection->initialize()
#2 /home/rizcky/git/project.asman/engine/Database/BaseBuilder.php(1913): CodeIgniter\Database\BaseConnection->query('SELECT COUNT(*)...', Array, false)
#3 /home/rizcky/git/project.asman/engine/Model.php(1554): CodeIgniter\Database\BaseBuilder->countAllResults(true)
#4 /home/rizcky/git/project.asman/server/core/Controllers/ServerRequest.php(83): CodeIgniter\Model->countAllResults()
#5 /home/rizcky/git/project.asman/server/core/Controllers/ServerRequest.php(73): App\Controllers\ServerRequest->isServerReady()
#6 /home/rizcky/git/project.asman/engine/CodeIgniter.php(860): App\Controllers\ServerRequest->index()
#7 /home/rizcky/git/project.asman/engine/CodeIgniter.php(381): CodeIgniter\CodeIgniter->runController(Object(App\Controllers\ServerRequest))
#8 /home/rizcky/git/project.asman/engine/CodeIgniter.php(297): CodeIgniter\CodeIgniter->handleRequest(NULL, Object(Config\Cache), false)
#9 /home/rizcky/git/project.asman/server/public/index.php(44): CodeIgniter\CodeIgniter->run()
#10 {main}
CRITICAL - 2020-07-12 08:50:49 --> 22 : The requested URL returned error: 500 Internal Server Error
#0 /home/rizcky/git/project.asman/engine/HTTP/CURLRequest.php(761): CodeIgniter\HTTP\Exceptions\HTTPException::forCurlError('22', 'The requested U...')
#1 /home/rizcky/git/project.asman/engine/HTTP/CURLRequest.php(441): CodeIgniter\HTTP\CURLRequest->sendRequest(Array)
#2 /home/rizcky/git/project.asman/engine/HTTP/CURLRequest.php(157): CodeIgniter\HTTP\CURLRequest->send('put', 'http://localhos...')
#3 /home/rizcky/git/project.asman/engine/HTTP/CURLRequest.php(264): CodeIgniter\HTTP\CURLRequest->request('put', 'http://localhos...', Array)
#4 /home/rizcky/git/project.asman/server/core/Controllers/BaseController.php(53): CodeIgniter\HTTP\CURLRequest->put('http://localhos...', Array)
#5 /home/rizcky/git/project.asman/server/core/Controllers/ServerLogin.php(32): App\Controllers\BaseController->isFirstTime(Array)
#6 /home/rizcky/git/project.asman/engine/CodeIgniter.php(860): App\Controllers\ServerLogin->index()
#7 /home/rizcky/git/project.asman/engine/CodeIgniter.php(381): CodeIgniter\CodeIgniter->runController(Object(App\Controllers\ServerLogin))
#8 /home/rizcky/git/project.asman/engine/CodeIgniter.php(297): CodeIgniter\CodeIgniter->handleRequest(NULL, Object(Config\Cache), false)
#9 /home/rizcky/git/project.asman/server/public/index.php(44): CodeIgniter\CodeIgniter->run()
#10 {main}
CRITICAL - 2020-07-12 08:53:17 --> Access denied for user '****'@'localhost' (using password: YES)
#0 /home/rizcky/git/project.asman/engine/Database/BaseConnection.php(376): CodeIgniter\Database\MySQLi\Connection->connect(false)
#1 /home/rizcky/git/project.asman/engine/Database/BaseConnection.php(636): CodeIgniter\Database\BaseConnection->initialize()
#2 /home/rizcky/git/project.asman/engine/Database/BaseBuilder.php(1831): CodeIgniter\Database\BaseConnection->query('SELECT *\nFROM `...', Array, false)
#3 /home/rizcky/git/project.asman/engine/Model.php(441): CodeIgniter\Database\BaseBuilder->get()
#4 /home/rizcky/git/project.asman/server/core/Controllers/ServerRequest.php(83): CodeIgniter\Model->findAll()
#5 /home/rizcky/git/project.asman/server/core/Controllers/ServerRequest.php(73): App\Controllers\ServerRequest->isServerReady()
#6 /home/rizcky/git/project.asman/engine/CodeIgniter.php(860): App\Controllers\ServerRequest->index()
#7 /home/rizcky/git/project.asman/engine/CodeIgniter.php(381): CodeIgniter\CodeIgniter->runController(Object(App\Controllers\ServerRequest))
#8 /home/rizcky/git/project.asman/engine/CodeIgniter.php(297): CodeIgniter\CodeIgniter->handleRequest(NULL, Object(Config\Cache), false)
#9 /home/rizcky/git/project.asman/server/public/index.php(44): CodeIgniter\CodeIgniter->run()
#10 {main}
CRITICAL - 2020-07-12 08:53:17 --> 22 : The requested URL returned error: 500 Internal Server Error
#0 /home/rizcky/git/project.asman/engine/HTTP/CURLRequest.php(761): CodeIgniter\HTTP\Exceptions\HTTPException::forCurlError('22', 'The requested U...')
#1 /home/rizcky/git/project.asman/engine/HTTP/CURLRequest.php(441): CodeIgniter\HTTP\CURLRequest->sendRequest(Array)
#2 /home/rizcky/git/project.asman/engine/HTTP/CURLRequest.php(157): CodeIgniter\HTTP\CURLRequest->send('put', 'http://localhos...')
#3 /home/rizcky/git/project.asman/engine/HTTP/CURLRequest.php(264): CodeIgniter\HTTP\CURLRequest->request('put', 'http://localhos...', Array)
#4 /home/rizcky/git/project.asman/server/core/Controllers/BaseController.php(53): CodeIgniter\HTTP\CURLRequest->put('http://localhos...', Array)
#5 /home/rizcky/git/project.asman/server/core/Controllers/ServerLogin.php(32): App\Controllers\BaseController->isFirstTime(Array)
#6 /home/rizcky/git/project.asman/engine/CodeIgniter.php(860): App\Controllers\ServerLogin->index()
#7 /home/rizcky/git/project.asman/engine/CodeIgniter.php(381): CodeIgniter\CodeIgniter->runController(Object(App\Controllers\ServerLogin))
#8 /home/rizcky/git/project.asman/engine/CodeIgniter.php(297): CodeIgniter\CodeIgniter->handleRequest(NULL, Object(Config\Cache), false)
#9 /home/rizcky/git/project.asman/server/public/index.php(44): CodeIgniter\CodeIgniter->run()
#10 {main}
CRITICAL - 2020-07-12 08:54:58 --> Access denied for user '****'@'localhost' (using password: YES)
#0 /home/rizcky/git/project.asman/engine/Database/BaseConnection.php(376): CodeIgniter\Database\MySQLi\Connection->connect(false)
#1 /home/rizcky/git/project.asman/engine/Database/BaseConnection.php(636): CodeIgniter\Database\BaseConnection->initialize()
#2 /home/rizcky/git/project.asman/engine/Database/BaseBuilder.php(1831): CodeIgniter\Database\BaseConnection->query('SELECT *\nFROM `...', Array, false)
#3 /home/rizcky/git/project.asman/engine/Model.php(441): CodeIgniter\Database\BaseBuilder->get()
#4 /home/rizcky/git/project.asman/server/core/Controllers/BaseController.php(55): CodeIgniter\Model->findAll()
#5 /home/rizcky/git/project.asman/server/core/Controllers/ServerLogin.php(32): App\Controllers\BaseController->isFirstTime(Array)
#6 /home/rizcky/git/project.asman/engine/CodeIgniter.php(860): App\Controllers\ServerLogin->index()
#7 /home/rizcky/git/project.asman/engine/CodeIgniter.php(381): CodeIgniter\CodeIgniter->runController(Object(App\Controllers\ServerLogin))
#8 /home/rizcky/git/project.asman/engine/CodeIgniter.php(297): CodeIgniter\CodeIgniter->handleRequest(NULL, Object(Config\Cache), false)
#9 /home/rizcky/git/project.asman/server/public/index.php(44): CodeIgniter\CodeIgniter->run()
#10 {main}
CRITICAL - 2020-07-12 08:56:25 --> Unknown column 'fmk_oapusr.deleted_at' in 'where clause'
#0 /home/rizcky/git/project.asman/engine/Database/MySQLi/Connection.php(294): mysqli->query('SELECT *\nFROM `...')
#1 /home/rizcky/git/project.asman/engine/Database/BaseConnection.php(724): CodeIgniter\Database\MySQLi\Connection->execute('SELECT *\nFROM `...')
#2 /home/rizcky/git/project.asman/engine/Database/BaseConnection.php(659): CodeIgniter\Database\BaseConnection->simpleQuery('SELECT *\nFROM `...')
#3 /home/rizcky/git/project.asman/engine/Database/BaseBuilder.php(1831): CodeIgniter\Database\BaseConnection->query('SELECT *\nFROM `...', Array, false)
#4 /home/rizcky/git/project.asman/engine/Model.php(441): CodeIgniter\Database\BaseBuilder->get()
#5 /home/rizcky/git/project.asman/server/core/Controllers/BaseController.php(55): CodeIgniter\Model->findAll()
#6 /home/rizcky/git/project.asman/server/core/Controllers/ServerLogin.php(32): App\Controllers\BaseController->isFirstTime(Array)
#7 /home/rizcky/git/project.asman/engine/CodeIgniter.php(860): App\Controllers\ServerLogin->index()
#8 /home/rizcky/git/project.asman/engine/CodeIgniter.php(381): CodeIgniter\CodeIgniter->runController(Object(App\Controllers\ServerLogin))
#9 /home/rizcky/git/project.asman/engine/CodeIgniter.php(297): CodeIgniter\CodeIgniter->handleRequest(NULL, Object(Config\Cache), false)
#10 /home/rizcky/git/project.asman/server/public/index.php(44): CodeIgniter\CodeIgniter->run()
#11 {main}
CRITICAL - 2020-07-12 08:56:41 --> Unknown column 'fmk_oapusr.deleted_at' in 'where clause'
#0 /home/rizcky/git/project.asman/engine/Database/MySQLi/Connection.php(294): mysqli->query('SELECT *\nFROM `...')
#1 /home/rizcky/git/project.asman/engine/Database/BaseConnection.php(724): CodeIgniter\Database\MySQLi\Connection->execute('SELECT *\nFROM `...')
#2 /home/rizcky/git/project.asman/engine/Database/BaseConnection.php(659): CodeIgniter\Database\BaseConnection->simpleQuery('SELECT *\nFROM `...')
#3 /home/rizcky/git/project.asman/engine/Database/BaseBuilder.php(1831): CodeIgniter\Database\BaseConnection->query('SELECT *\nFROM `...', Array, false)
#4 /home/rizcky/git/project.asman/engine/Model.php(441): CodeIgniter\Database\BaseBuilder->get()
#5 /home/rizcky/git/project.asman/server/core/Controllers/BaseController.php(55): CodeIgniter\Model->findAll()
#6 /home/rizcky/git/project.asman/server/core/Controllers/ServerLogin.php(32): App\Controllers\BaseController->isFirstTime(Array)
#7 /home/rizcky/git/project.asman/engine/CodeIgniter.php(860): App\Controllers\ServerLogin->index()
#8 /home/rizcky/git/project.asman/engine/CodeIgniter.php(381): CodeIgniter\CodeIgniter->runController(Object(App\Controllers\ServerLogin))
#9 /home/rizcky/git/project.asman/engine/CodeIgniter.php(297): CodeIgniter\CodeIgniter->handleRequest(NULL, Object(Config\Cache), false)
#10 /home/rizcky/git/project.asman/server/public/index.php(44): CodeIgniter\CodeIgniter->run()
#11 {main}
CRITICAL - 2020-07-12 08:57:07 --> Unknown column 'fmk_oapusr.deleted_at' in 'where clause'
#0 /home/rizcky/git/project.asman/engine/Database/MySQLi/Connection.php(294): mysqli->query('SELECT COUNT(*)...')
#1 /home/rizcky/git/project.asman/engine/Database/BaseConnection.php(724): CodeIgniter\Database\MySQLi\Connection->execute('SELECT COUNT(*)...')
#2 /home/rizcky/git/project.asman/engine/Database/BaseConnection.php(659): CodeIgniter\Database\BaseConnection->simpleQuery('SELECT COUNT(*)...')
#3 /home/rizcky/git/project.asman/engine/Database/BaseBuilder.php(1913): CodeIgniter\Database\BaseConnection->query('SELECT COUNT(*)...', Array, false)
#4 /home/rizcky/git/project.asman/engine/Model.php(1554): CodeIgniter\Database\BaseBuilder->countAllResults(true)
#5 /home/rizcky/git/project.asman/server/core/Controllers/ServerRequest.php(83): CodeIgniter\Model->countAllResults()
#6 /home/rizcky/git/project.asman/server/core/Controllers/ServerRequest.php(73): App\Controllers\ServerRequest->isServerReady()
#7 /home/rizcky/git/project.asman/engine/CodeIgniter.php(860): App\Controllers\ServerRequest->index()
#8 /home/rizcky/git/project.asman/engine/CodeIgniter.php(381): CodeIgniter\CodeIgniter->runController(Object(App\Controllers\ServerRequest))
#9 /home/rizcky/git/project.asman/engine/CodeIgniter.php(297): CodeIgniter\CodeIgniter->handleRequest(NULL, Object(Config\Cache), false)
#10 /home/rizcky/git/project.asman/server/public/index.php(44): CodeIgniter\CodeIgniter->run()
#11 {main}
CRITICAL - 2020-07-12 08:57:07 --> 22 : The requested URL returned error: 500 Internal Server Error
#0 /home/rizcky/git/project.asman/engine/HTTP/CURLRequest.php(761): CodeIgniter\HTTP\Exceptions\HTTPException::forCurlError('22', 'The requested U...')
#1 /home/rizcky/git/project.asman/engine/HTTP/CURLRequest.php(441): CodeIgniter\HTTP\CURLRequest->sendRequest(Array)
#2 /home/rizcky/git/project.asman/engine/HTTP/CURLRequest.php(157): CodeIgniter\HTTP\CURLRequest->send('put', 'http://localhos...')
#3 /home/rizcky/git/project.asman/engine/HTTP/CURLRequest.php(264): CodeIgniter\HTTP\CURLRequest->request('put', 'http://localhos...', Array)
#4 /home/rizcky/git/project.asman/server/core/Controllers/BaseController.php(53): CodeIgniter\HTTP\CURLRequest->put('http://localhos...', Array)
#5 /home/rizcky/git/project.asman/server/core/Controllers/ServerLogin.php(32): App\Controllers\BaseController->isFirstTime(Array)
#6 /home/rizcky/git/project.asman/engine/CodeIgniter.php(860): App\Controllers\ServerLogin->index()
#7 /home/rizcky/git/project.asman/engine/CodeIgniter.php(381): CodeIgniter\CodeIgniter->runController(Object(App\Controllers\ServerLogin))
#8 /home/rizcky/git/project.asman/engine/CodeIgniter.php(297): CodeIgniter\CodeIgniter->handleRequest(NULL, Object(Config\Cache), false)
#9 /home/rizcky/git/project.asman/server/public/index.php(44): CodeIgniter\CodeIgniter->run()
#10 {main}
CRITICAL - 2020-07-12 08:57:15 --> Unknown column 'fmk_oapusr.deleted_at' in 'where clause'
#0 /home/rizcky/git/project.asman/engine/Database/MySQLi/Connection.php(294): mysqli->query('SELECT COUNT(*)...')
#1 /home/rizcky/git/project.asman/engine/Database/BaseConnection.php(724): CodeIgniter\Database\MySQLi\Connection->execute('SELECT COUNT(*)...')
#2 /home/rizcky/git/project.asman/engine/Database/BaseConnection.php(659): CodeIgniter\Database\BaseConnection->simpleQuery('SELECT COUNT(*)...')
#3 /home/rizcky/git/project.asman/engine/Database/BaseBuilder.php(1913): CodeIgniter\Database\BaseConnection->query('SELECT COUNT(*)...', Array, false)
#4 /home/rizcky/git/project.asman/engine/Model.php(1554): CodeIgniter\Database\BaseBuilder->countAllResults(true)
#5 /home/rizcky/git/project.asman/server/core/Controllers/ServerRequest.php(83): CodeIgniter\Model->countAllResults()
#6 /home/rizcky/git/project.asman/server/core/Controllers/ServerRequest.php(73): App\Controllers\ServerRequest->isServerReady()
#7 /home/rizcky/git/project.asman/engine/CodeIgniter.php(860): App\Controllers\ServerRequest->index()
#8 /home/rizcky/git/project.asman/engine/CodeIgniter.php(381): CodeIgniter\CodeIgniter->runController(Object(App\Controllers\ServerRequest))
#9 /home/rizcky/git/project.asman/engine/CodeIgniter.php(297): CodeIgniter\CodeIgniter->handleRequest(NULL, Object(Config\Cache), false)
#10 /home/rizcky/git/project.asman/server/public/index.php(44): CodeIgniter\CodeIgniter->run()
#11 {main}
CRITICAL - 2020-07-12 08:57:15 --> 22 : The requested URL returned error: 500 Internal Server Error
#0 /home/rizcky/git/project.asman/engine/HTTP/CURLRequest.php(761): CodeIgniter\HTTP\Exceptions\HTTPException::forCurlError('22', 'The requested U...')
#1 /home/rizcky/git/project.asman/engine/HTTP/CURLRequest.php(441): CodeIgniter\HTTP\CURLRequest->sendRequest(Array)
#2 /home/rizcky/git/project.asman/engine/HTTP/CURLRequest.php(157): CodeIgniter\HTTP\CURLRequest->send('put', 'http://localhos...')
#3 /home/rizcky/git/project.asman/engine/HTTP/CURLRequest.php(264): CodeIgniter\HTTP\CURLRequest->request('put', 'http://localhos...', Array)
#4 /home/rizcky/git/project.asman/server/core/Controllers/BaseController.php(53): CodeIgniter\HTTP\CURLRequest->put('http://localhos...', Array)
#5 /home/rizcky/git/project.asman/server/core/Controllers/ServerLogin.php(32): App\Controllers\BaseController->isFirstTime(Array)
#6 /home/rizcky/git/project.asman/engine/CodeIgniter.php(860): App\Controllers\ServerLogin->index()
#7 /home/rizcky/git/project.asman/engine/CodeIgniter.php(381): CodeIgniter\CodeIgniter->runController(Object(App\Controllers\ServerLogin))
#8 /home/rizcky/git/project.asman/engine/CodeIgniter.php(297): CodeIgniter\CodeIgniter->handleRequest(NULL, Object(Config\Cache), false)
#9 /home/rizcky/git/project.asman/server/public/index.php(44): CodeIgniter\CodeIgniter->run()
#10 {main}
CRITICAL - 2020-07-12 08:57:19 --> Unknown column 'fmk_oapusr.deleted_at' in 'where clause'
#0 /home/rizcky/git/project.asman/engine/Database/MySQLi/Connection.php(294): mysqli->query('SELECT *\nFROM `...')
#1 /home/rizcky/git/project.asman/engine/Database/BaseConnection.php(724): CodeIgniter\Database\MySQLi\Connection->execute('SELECT *\nFROM `...')
#2 /home/rizcky/git/project.asman/engine/Database/BaseConnection.php(659): CodeIgniter\Database\BaseConnection->simpleQuery('SELECT *\nFROM `...')
#3 /home/rizcky/git/project.asman/engine/Database/BaseBuilder.php(1831): CodeIgniter\Database\BaseConnection->query('SELECT *\nFROM `...', Array, false)
#4 /home/rizcky/git/project.asman/engine/Model.php(441): CodeIgniter\Database\BaseBuilder->get()
#5 /home/rizcky/git/project.asman/server/core/Controllers/BaseController.php(55): CodeIgniter\Model->findAll()
#6 /home/rizcky/git/project.asman/server/core/Controllers/ServerLogin.php(32): App\Controllers\BaseController->isFirstTime(Array)
#7 /home/rizcky/git/project.asman/engine/CodeIgniter.php(860): App\Controllers\ServerLogin->index()
#8 /home/rizcky/git/project.asman/engine/CodeIgniter.php(381): CodeIgniter\CodeIgniter->runController(Object(App\Controllers\ServerLogin))
#9 /home/rizcky/git/project.asman/engine/CodeIgniter.php(297): CodeIgniter\CodeIgniter->handleRequest(NULL, Object(Config\Cache), false)
#10 /home/rizcky/git/project.asman/server/public/index.php(44): CodeIgniter\CodeIgniter->run()
#11 {main}
CRITICAL - 2020-07-12 08:58:50 --> Cannot use object of type CodeIgniter\HTTP\Response as array
#0 /home/rizcky/git/project.asman/engine/CodeIgniter.php(860): App\Controllers\ServerLogin->index()
#1 /home/rizcky/git/project.asman/engine/CodeIgniter.php(381): CodeIgniter\CodeIgniter->runController(Object(App\Controllers\ServerLogin))
#2 /home/rizcky/git/project.asman/engine/CodeIgniter.php(297): CodeIgniter\CodeIgniter->handleRequest(NULL, Object(Config\Cache), false)
#3 /home/rizcky/git/project.asman/server/public/index.php(44): CodeIgniter\CodeIgniter->run()
#4 {main}
CRITICAL - 2020-07-12 08:59:26 --> Cannot use object of type CodeIgniter\HTTP\Response as array
#0 /home/rizcky/git/project.asman/engine/CodeIgniter.php(860): App\Controllers\ServerLogin->index()
#1 /home/rizcky/git/project.asman/engine/CodeIgniter.php(381): CodeIgniter\CodeIgniter->runController(Object(App\Controllers\ServerLogin))
#2 /home/rizcky/git/project.asman/engine/CodeIgniter.php(297): CodeIgniter\CodeIgniter->handleRequest(NULL, Object(Config\Cache), false)
#3 /home/rizcky/git/project.asman/server/public/index.php(44): CodeIgniter\CodeIgniter->run()
#4 {main}
CRITICAL - 2020-07-12 08:59:50 --> json_decode() expects parameter 1 to be string, object given
#0 [internal function]: CodeIgniter\Debug\Exceptions->errorHandler(2, 'json_decode() e...', '/home/rizcky/gi...', 54, Array)
#1 /home/rizcky/git/project.asman/server/core/Controllers/BaseController.php(54): json_decode(Object(CodeIgniter\HTTP\Response), true)
#2 /home/rizcky/git/project.asman/server/core/Controllers/ServerLogin.php(32): App\Controllers\BaseController->isFirstTime(Array)
#3 /home/rizcky/git/project.asman/engine/CodeIgniter.php(860): App\Controllers\ServerLogin->index()
#4 /home/rizcky/git/project.asman/engine/CodeIgniter.php(381): CodeIgniter\CodeIgniter->runController(Object(App\Controllers\ServerLogin))
#5 /home/rizcky/git/project.asman/engine/CodeIgniter.php(297): CodeIgniter\CodeIgniter->handleRequest(NULL, Object(Config\Cache), false)
#6 /home/rizcky/git/project.asman/server/public/index.php(44): CodeIgniter\CodeIgniter->run()
#7 {main}
CRITICAL - 2020-07-12 09:00:55 --> Illegal string offset 'status'
#0 /home/rizcky/git/project.asman/server/core/Controllers/ServerLogin.php(33): CodeIgniter\Debug\Exceptions->errorHandler(2, 'Illegal string ...', '/home/rizcky/gi...', 33, Array)
#1 /home/rizcky/git/project.asman/engine/CodeIgniter.php(860): App\Controllers\ServerLogin->index()
#2 /home/rizcky/git/project.asman/engine/CodeIgniter.php(381): CodeIgniter\CodeIgniter->runController(Object(App\Controllers\ServerLogin))
#3 /home/rizcky/git/project.asman/engine/CodeIgniter.php(297): CodeIgniter\CodeIgniter->handleRequest(NULL, Object(Config\Cache), false)
#4 /home/rizcky/git/project.asman/server/public/index.php(44): CodeIgniter\CodeIgniter->run()
#5 {main}
CRITICAL - 2020-07-12 09:06:28 --> 
#0 /home/rizcky/git/project.asman/engine/HTTP/RedirectResponse.php(92): CodeIgniter\HTTP\Exceptions\HTTPException::forInvalidRedirectRoute('')
#1 /home/rizcky/git/project.asman/engine/Common.php(771): CodeIgniter\HTTP\RedirectResponse->route(false)
#2 /home/rizcky/git/project.asman/server/core/Controllers/ServerLogin.php(35): redirect('http://localhos...')
#3 /home/rizcky/git/project.asman/engine/CodeIgniter.php(860): App\Controllers\ServerLogin->index()
#4 /home/rizcky/git/project.asman/engine/CodeIgniter.php(381): CodeIgniter\CodeIgniter->runController(Object(App\Controllers\ServerLogin))
#5 /home/rizcky/git/project.asman/engine/CodeIgniter.php(297): CodeIgniter\CodeIgniter->handleRequest(NULL, Object(Config\Cache), false)
#6 /home/rizcky/git/project.asman/server/public/index.php(44): CodeIgniter\CodeIgniter->run()
#7 {main}
CRITICAL - 2020-07-12 09:07:32 --> Undefined variable: response
#0 /home/rizcky/git/project.asman/server/core/Controllers/ServerLogin.php(33): CodeIgniter\Debug\Exceptions->errorHandler(8, 'Undefined varia...', '/home/rizcky/gi...', 33, Array)
#1 /home/rizcky/git/project.asman/engine/CodeIgniter.php(860): App\Controllers\ServerLogin->index()
#2 /home/rizcky/git/project.asman/engine/CodeIgniter.php(381): CodeIgniter\CodeIgniter->runController(Object(App\Controllers\ServerLogin))
#3 /home/rizcky/git/project.asman/engine/CodeIgniter.php(297): CodeIgniter\CodeIgniter->handleRequest(NULL, Object(Config\Cache), false)
#4 /home/rizcky/git/project.asman/server/public/index.php(44): CodeIgniter\CodeIgniter->run()
#5 {main}
CRITICAL - 2020-07-12 15:22:36 --> Return value of App\Controllers\Dashboard::doSetup() must be of the type bool, none returned
#0 /home/rizcky/git/project.asman/server/core/Controllers/Dashboard.php(38): App\Controllers\Dashboard->doSetup(Array)
#1 /home/rizcky/git/project.asman/engine/CodeIgniter.php(860): App\Controllers\Dashboard->setup()
#2 /home/rizcky/git/project.asman/engine/CodeIgniter.php(381): CodeIgniter\CodeIgniter->runController(Object(App\Controllers\Dashboard))
#3 /home/rizcky/git/project.asman/engine/CodeIgniter.php(297): CodeIgniter\CodeIgniter->handleRequest(NULL, Object(Config\Cache), false)
#4 /home/rizcky/git/project.asman/server/public/index.php(44): CodeIgniter\CodeIgniter->run()
#5 {main}
CRITICAL - 2020-07-12 16:34:45 --> syntax error, unexpected '}'
#0 /home/rizcky/git/project.asman/engine/Autoloader/Autoloader.php(283): CodeIgniter\Autoloader\Autoloader->requireFile('/home/rizcky/gi...')
#1 /home/rizcky/git/project.asman/engine/Autoloader/Autoloader.php(250): CodeIgniter\Autoloader\Autoloader->loadInNamespace('App\\Controllers...')
#2 [internal function]: CodeIgniter\Autoloader\Autoloader->loadClass('App\\Controllers...')
#3 [internal function]: spl_autoload_call('App\\Controllers...')
#4 /home/rizcky/git/project.asman/engine/CodeIgniter.php(816): class_exists('\\App\\Controller...', true)
#5 /home/rizcky/git/project.asman/engine/CodeIgniter.php(372): CodeIgniter\CodeIgniter->startController()
#6 /home/rizcky/git/project.asman/engine/CodeIgniter.php(297): CodeIgniter\CodeIgniter->handleRequest(NULL, Object(Config\Cache), false)
#7 /home/rizcky/git/project.asman/server/public/index.php(44): CodeIgniter\CodeIgniter->run()
#8 {main}
CRITICAL - 2020-07-12 16:34:45 --> 22 : The requested URL returned error: 500 Internal Server Error
#0 /home/rizcky/git/project.asman/engine/HTTP/CURLRequest.php(761): CodeIgniter\HTTP\Exceptions\HTTPException::forCurlError('22', 'The requested U...')
#1 /home/rizcky/git/project.asman/engine/HTTP/CURLRequest.php(441): CodeIgniter\HTTP\CURLRequest->sendRequest(Array)
#2 /home/rizcky/git/project.asman/engine/HTTP/CURLRequest.php(157): CodeIgniter\HTTP\CURLRequest->send('put', 'http://localhos...')
#3 /home/rizcky/git/project.asman/engine/HTTP/CURLRequest.php(264): CodeIgniter\HTTP\CURLRequest->request('put', 'http://localhos...', Array)
#4 /home/rizcky/git/project.asman/server/core/Controllers/Dashboard.php(20): CodeIgniter\HTTP\CURLRequest->put('http://localhos...', Array)
#5 /home/rizcky/git/project.asman/server/core/Controllers/Dashboard.php(53): App\Controllers\Dashboard->doSetup(Array)
#6 /home/rizcky/git/project.asman/engine/CodeIgniter.php(860): App\Controllers\Dashboard->setup()
#7 /home/rizcky/git/project.asman/engine/CodeIgniter.php(381): CodeIgniter\CodeIgniter->runController(Object(App\Controllers\Dashboard))
#8 /home/rizcky/git/project.asman/engine/CodeIgniter.php(297): CodeIgniter\CodeIgniter->handleRequest(NULL, Object(Config\Cache), false)
#9 /home/rizcky/git/project.asman/server/public/index.php(44): CodeIgniter\CodeIgniter->run()
#10 {main}
CRITICAL - 2020-07-12 16:34:53 --> 22 : The requested URL returned error: 404 Not Found
#0 /home/rizcky/git/project.asman/engine/HTTP/CURLRequest.php(761): CodeIgniter\HTTP\Exceptions\HTTPException::forCurlError('22', 'The requested U...')
#1 /home/rizcky/git/project.asman/engine/HTTP/CURLRequest.php(441): CodeIgniter\HTTP\CURLRequest->sendRequest(Array)
#2 /home/rizcky/git/project.asman/engine/HTTP/CURLRequest.php(157): CodeIgniter\HTTP\CURLRequest->send('put', 'http://localhos...')
#3 /home/rizcky/git/project.asman/engine/HTTP/CURLRequest.php(264): CodeIgniter\HTTP\CURLRequest->request('put', 'http://localhos...', Array)
#4 /home/rizcky/git/project.asman/server/core/Controllers/Dashboard.php(20): CodeIgniter\HTTP\CURLRequest->put('http://localhos...', Array)
#5 /home/rizcky/git/project.asman/server/core/Controllers/Dashboard.php(53): App\Controllers\Dashboard->doSetup(Array)
#6 /home/rizcky/git/project.asman/engine/CodeIgniter.php(860): App\Controllers\Dashboard->setup()
#7 /home/rizcky/git/project.asman/engine/CodeIgniter.php(381): CodeIgniter\CodeIgniter->runController(Object(App\Controllers\Dashboard))
#8 /home/rizcky/git/project.asman/engine/CodeIgniter.php(297): CodeIgniter\CodeIgniter->handleRequest(NULL, Object(Config\Cache), false)
#9 /home/rizcky/git/project.asman/server/public/index.php(44): CodeIgniter\CodeIgniter->run()
#10 {main}
CRITICAL - 2020-07-12 16:41:41 --> 22 : The requested URL returned error: 404 Not Found
#0 /home/rizcky/git/project.asman/engine/HTTP/CURLRequest.php(761): CodeIgniter\HTTP\Exceptions\HTTPException::forCurlError('22', 'The requested U...')
#1 /home/rizcky/git/project.asman/engine/HTTP/CURLRequest.php(441): CodeIgniter\HTTP\CURLRequest->sendRequest(Array)
#2 /home/rizcky/git/project.asman/engine/HTTP/CURLRequest.php(157): CodeIgniter\HTTP\CURLRequest->send('put', 'http://localhos...')
#3 /home/rizcky/git/project.asman/engine/HTTP/CURLRequest.php(264): CodeIgniter\HTTP\CURLRequest->request('put', 'http://localhos...', Array)
#4 /home/rizcky/git/project.asman/server/core/Controllers/Dashboard.php(20): CodeIgniter\HTTP\CURLRequest->put('http://localhos...', Array)
#5 /home/rizcky/git/project.asman/server/core/Controllers/Dashboard.php(53): App\Controllers\Dashboard->doSetup(Array)
#6 /home/rizcky/git/project.asman/engine/CodeIgniter.php(860): App\Controllers\Dashboard->setup()
#7 /home/rizcky/git/project.asman/engine/CodeIgniter.php(381): CodeIgniter\CodeIgniter->runController(Object(App\Controllers\Dashboard))
#8 /home/rizcky/git/project.asman/engine/CodeIgniter.php(297): CodeIgniter\CodeIgniter->handleRequest(NULL, Object(Config\Cache), false)
#9 /home/rizcky/git/project.asman/server/public/index.php(44): CodeIgniter\CodeIgniter->run()
#10 {main}
CRITICAL - 2020-07-12 16:41:57 --> 22 : The requested URL returned error: 404 Not Found
#0 /home/rizcky/git/project.asman/engine/HTTP/CURLRequest.php(761): CodeIgniter\HTTP\Exceptions\HTTPException::forCurlError('22', 'The requested U...')
#1 /home/rizcky/git/project.asman/engine/HTTP/CURLRequest.php(441): CodeIgniter\HTTP\CURLRequest->sendRequest(Array)
#2 /home/rizcky/git/project.asman/engine/HTTP/CURLRequest.php(157): CodeIgniter\HTTP\CURLRequest->send('put', 'http://localhos...')
#3 /home/rizcky/git/project.asman/engine/HTTP/CURLRequest.php(264): CodeIgniter\HTTP\CURLRequest->request('put', 'http://localhos...', Array)
#4 /home/rizcky/git/project.asman/server/core/Controllers/Dashboard.php(20): CodeIgniter\HTTP\CURLRequest->put('http://localhos...', Array)
#5 /home/rizcky/git/project.asman/server/core/Controllers/Dashboard.php(53): App\Controllers\Dashboard->doSetup(Array)
#6 /home/rizcky/git/project.asman/engine/CodeIgniter.php(860): App\Controllers\Dashboard->setup()
#7 /home/rizcky/git/project.asman/engine/CodeIgniter.php(381): CodeIgniter\CodeIgniter->runController(Object(App\Controllers\Dashboard))
#8 /home/rizcky/git/project.asman/engine/CodeIgniter.php(297): CodeIgniter\CodeIgniter->handleRequest(NULL, Object(Config\Cache), false)
#9 /home/rizcky/git/project.asman/server/public/index.php(44): CodeIgniter\CodeIgniter->run()
#10 {main}
CRITICAL - 2020-07-12 16:42:02 --> 22 : The requested URL returned error: 404 Not Found
#0 /home/rizcky/git/project.asman/engine/HTTP/CURLRequest.php(761): CodeIgniter\HTTP\Exceptions\HTTPException::forCurlError('22', 'The requested U...')
#1 /home/rizcky/git/project.asman/engine/HTTP/CURLRequest.php(441): CodeIgniter\HTTP\CURLRequest->sendRequest(Array)
#2 /home/rizcky/git/project.asman/engine/HTTP/CURLRequest.php(157): CodeIgniter\HTTP\CURLRequest->send('put', 'http://localhos...')
#3 /home/rizcky/git/project.asman/engine/HTTP/CURLRequest.php(264): CodeIgniter\HTTP\CURLRequest->request('put', 'http://localhos...', Array)
#4 /home/rizcky/git/project.asman/server/core/Controllers/Dashboard.php(20): CodeIgniter\HTTP\CURLRequest->put('http://localhos...', Array)
#5 /home/rizcky/git/project.asman/server/core/Controllers/Dashboard.php(53): App\Controllers\Dashboard->doSetup(Array)
#6 /home/rizcky/git/project.asman/engine/CodeIgniter.php(860): App\Controllers\Dashboard->setup()
#7 /home/rizcky/git/project.asman/engine/CodeIgniter.php(381): CodeIgniter\CodeIgniter->runController(Object(App\Controllers\Dashboard))
#8 /home/rizcky/git/project.asman/engine/CodeIgniter.php(297): CodeIgniter\CodeIgniter->handleRequest(NULL, Object(Config\Cache), false)
#9 /home/rizcky/git/project.asman/server/public/index.php(44): CodeIgniter\CodeIgniter->run()
#10 {main}
CRITICAL - 2020-07-12 16:42:06 --> 22 : The requested URL returned error: 404 Not Found
#0 /home/rizcky/git/project.asman/engine/HTTP/CURLRequest.php(761): CodeIgniter\HTTP\Exceptions\HTTPException::forCurlError('22', 'The requested U...')
#1 /home/rizcky/git/project.asman/engine/HTTP/CURLRequest.php(441): CodeIgniter\HTTP\CURLRequest->sendRequest(Array)
#2 /home/rizcky/git/project.asman/engine/HTTP/CURLRequest.php(157): CodeIgniter\HTTP\CURLRequest->send('put', 'http://localhos...')
#3 /home/rizcky/git/project.asman/engine/HTTP/CURLRequest.php(264): CodeIgniter\HTTP\CURLRequest->request('put', 'http://localhos...', Array)
#4 /home/rizcky/git/project.asman/server/core/Controllers/Dashboard.php(20): CodeIgniter\HTTP\CURLRequest->put('http://localhos...', Array)
#5 /home/rizcky/git/project.asman/server/core/Controllers/Dashboard.php(53): App\Controllers\Dashboard->doSetup(Array)
#6 /home/rizcky/git/project.asman/engine/CodeIgniter.php(860): App\Controllers\Dashboard->setup()
#7 /home/rizcky/git/project.asman/engine/CodeIgniter.php(381): CodeIgniter\CodeIgniter->runController(Object(App\Controllers\Dashboard))
#8 /home/rizcky/git/project.asman/engine/CodeIgniter.php(297): CodeIgniter\CodeIgniter->handleRequest(NULL, Object(Config\Cache), false)
#9 /home/rizcky/git/project.asman/server/public/index.php(44): CodeIgniter\CodeIgniter->run()
#10 {main}
CRITICAL - 2020-07-12 16:42:09 --> 22 : The requested URL returned error: 404 Not Found
#0 /home/rizcky/git/project.asman/engine/HTTP/CURLRequest.php(761): CodeIgniter\HTTP\Exceptions\HTTPException::forCurlError('22', 'The requested U...')
#1 /home/rizcky/git/project.asman/engine/HTTP/CURLRequest.php(441): CodeIgniter\HTTP\CURLRequest->sendRequest(Array)
#2 /home/rizcky/git/project.asman/engine/HTTP/CURLRequest.php(157): CodeIgniter\HTTP\CURLRequest->send('put', 'http://localhos...')
#3 /home/rizcky/git/project.asman/engine/HTTP/CURLRequest.php(264): CodeIgniter\HTTP\CURLRequest->request('put', 'http://localhos...', Array)
#4 /home/rizcky/git/project.asman/server/core/Controllers/Dashboard.php(20): CodeIgniter\HTTP\CURLRequest->put('http://localhos...', Array)
#5 /home/rizcky/git/project.asman/server/core/Controllers/Dashboard.php(53): App\Controllers\Dashboard->doSetup(Array)
#6 /home/rizcky/git/project.asman/engine/CodeIgniter.php(860): App\Controllers\Dashboard->setup()
#7 /home/rizcky/git/project.asman/engine/CodeIgniter.php(381): CodeIgniter\CodeIgniter->runController(Object(App\Controllers\Dashboard))
#8 /home/rizcky/git/project.asman/engine/CodeIgniter.php(297): CodeIgniter\CodeIgniter->handleRequest(NULL, Object(Config\Cache), false)
#9 /home/rizcky/git/project.asman/server/public/index.php(44): CodeIgniter\CodeIgniter->run()
#10 {main}
CRITICAL - 2020-07-12 16:42:12 --> 22 : The requested URL returned error: 404 Not Found
#0 /home/rizcky/git/project.asman/engine/HTTP/CURLRequest.php(761): CodeIgniter\HTTP\Exceptions\HTTPException::forCurlError('22', 'The requested U...')
#1 /home/rizcky/git/project.asman/engine/HTTP/CURLRequest.php(441): CodeIgniter\HTTP\CURLRequest->sendRequest(Array)
#2 /home/rizcky/git/project.asman/engine/HTTP/CURLRequest.php(157): CodeIgniter\HTTP\CURLRequest->send('put', 'http://localhos...')
#3 /home/rizcky/git/project.asman/engine/HTTP/CURLRequest.php(264): CodeIgniter\HTTP\CURLRequest->request('put', 'http://localhos...', Array)
#4 /home/rizcky/git/project.asman/server/core/Controllers/Dashboard.php(20): CodeIgniter\HTTP\CURLRequest->put('http://localhos...', Array)
#5 /home/rizcky/git/project.asman/server/core/Controllers/Dashboard.php(53): App\Controllers\Dashboard->doSetup(Array)
#6 /home/rizcky/git/project.asman/engine/CodeIgniter.php(860): App\Controllers\Dashboard->setup()
#7 /home/rizcky/git/project.asman/engine/CodeIgniter.php(381): CodeIgniter\CodeIgniter->runController(Object(App\Controllers\Dashboard))
#8 /home/rizcky/git/project.asman/engine/CodeIgniter.php(297): CodeIgniter\CodeIgniter->handleRequest(NULL, Object(Config\Cache), false)
#9 /home/rizcky/git/project.asman/server/public/index.php(44): CodeIgniter\CodeIgniter->run()
#10 {main}
CRITICAL - 2020-07-12 16:42:32 --> 22 : The requested URL returned error: 404 Not Found
#0 /home/rizcky/git/project.asman/engine/HTTP/CURLRequest.php(761): CodeIgniter\HTTP\Exceptions\HTTPException::forCurlError('22', 'The requested U...')
#1 /home/rizcky/git/project.asman/engine/HTTP/CURLRequest.php(441): CodeIgniter\HTTP\CURLRequest->sendRequest(Array)
#2 /home/rizcky/git/project.asman/engine/HTTP/CURLRequest.php(157): CodeIgniter\HTTP\CURLRequest->send('put', 'http://localhos...')
#3 /home/rizcky/git/project.asman/engine/HTTP/CURLRequest.php(264): CodeIgniter\HTTP\CURLRequest->request('put', 'http://localhos...', Array)
#4 /home/rizcky/git/project.asman/server/core/Controllers/Dashboard.php(20): CodeIgniter\HTTP\CURLRequest->put('http://localhos...', Array)
#5 /home/rizcky/git/project.asman/server/core/Controllers/Dashboard.php(53): App\Controllers\Dashboard->doSetup(Array)
#6 /home/rizcky/git/project.asman/engine/CodeIgniter.php(860): App\Controllers\Dashboard->setup()
#7 /home/rizcky/git/project.asman/engine/CodeIgniter.php(381): CodeIgniter\CodeIgniter->runController(Object(App\Controllers\Dashboard))
#8 /home/rizcky/git/project.asman/engine/CodeIgniter.php(297): CodeIgniter\CodeIgniter->handleRequest(NULL, Object(Config\Cache), false)
#9 /home/rizcky/git/project.asman/server/public/index.php(44): CodeIgniter\CodeIgniter->run()
#10 {main}
CRITICAL - 2020-07-12 16:43:00 --> Duplicate entry 'rizcky' for key 'PRIMARY'
#0 /home/rizcky/git/project.asman/engine/Database/MySQLi/Connection.php(294): mysqli->query('INSERT INTO `fm...')
#1 /home/rizcky/git/project.asman/engine/Database/BaseConnection.php(724): CodeIgniter\Database\MySQLi\Connection->execute('INSERT INTO `fm...')
#2 /home/rizcky/git/project.asman/engine/Database/BaseConnection.php(659): CodeIgniter\Database\BaseConnection->simpleQuery('INSERT INTO `fm...')
#3 /home/rizcky/git/project.asman/engine/Database/BaseBuilder.php(2186): CodeIgniter\Database\BaseConnection->query('INSERT INTO `fm...', Array, false)
#4 /home/rizcky/git/project.asman/engine/Model.php(711): CodeIgniter\Database\BaseBuilder->insert()
#5 /home/rizcky/git/project.asman/server/core/Controllers/ServerRequest.php(25): CodeIgniter\Model->insert(Array)
#6 /home/rizcky/git/project.asman/server/core/Controllers/ServerRequest.php(96): App\Controllers\ServerRequest->setupServer()
#7 /home/rizcky/git/project.asman/engine/CodeIgniter.php(860): App\Controllers\ServerRequest->index()
#8 /home/rizcky/git/project.asman/engine/CodeIgniter.php(381): CodeIgniter\CodeIgniter->runController(Object(App\Controllers\ServerRequest))
#9 /home/rizcky/git/project.asman/engine/CodeIgniter.php(297): CodeIgniter\CodeIgniter->handleRequest(NULL, Object(Config\Cache), false)
#10 /home/rizcky/git/project.asman/server/public/index.php(44): CodeIgniter\CodeIgniter->run()
#11 {main}
CRITICAL - 2020-07-12 16:43:00 --> 22 : The requested URL returned error: 500 Internal Server Error
#0 /home/rizcky/git/project.asman/engine/HTTP/CURLRequest.php(761): CodeIgniter\HTTP\Exceptions\HTTPException::forCurlError('22', 'The requested U...')
#1 /home/rizcky/git/project.asman/engine/HTTP/CURLRequest.php(441): CodeIgniter\HTTP\CURLRequest->sendRequest(Array)
#2 /home/rizcky/git/project.asman/engine/HTTP/CURLRequest.php(157): CodeIgniter\HTTP\CURLRequest->send('put', 'http://localhos...')
#3 /home/rizcky/git/project.asman/engine/HTTP/CURLRequest.php(264): CodeIgniter\HTTP\CURLRequest->request('put', 'http://localhos...', Array)
#4 /home/rizcky/git/project.asman/server/core/Controllers/Dashboard.php(20): CodeIgniter\HTTP\CURLRequest->put('http://localhos...', Array)
#5 /home/rizcky/git/project.asman/server/core/Controllers/Dashboard.php(53): App\Controllers\Dashboard->doSetup(Array)
#6 /home/rizcky/git/project.asman/engine/CodeIgniter.php(860): App\Controllers\Dashboard->setup()
#7 /home/rizcky/git/project.asman/engine/CodeIgniter.php(381): CodeIgniter\CodeIgniter->runController(Object(App\Controllers\Dashboard))
#8 /home/rizcky/git/project.asman/engine/CodeIgniter.php(297): CodeIgniter\CodeIgniter->handleRequest(NULL, Object(Config\Cache), false)
#9 /home/rizcky/git/project.asman/server/public/index.php(44): CodeIgniter\CodeIgniter->run()
#10 {main}
CRITICAL - 2020-07-12 16:54:41 --> Duplicate entry 'rizckyfm' for key 'PRIMARY'
#0 /home/rizcky/git/project.asman/engine/Database/MySQLi/Connection.php(294): mysqli->query('INSERT INTO `fm...')
#1 /home/rizcky/git/project.asman/engine/Database/BaseConnection.php(724): CodeIgniter\Database\MySQLi\Connection->execute('INSERT INTO `fm...')
#2 /home/rizcky/git/project.asman/engine/Database/BaseConnection.php(659): CodeIgniter\Database\BaseConnection->simpleQuery('INSERT INTO `fm...')
#3 /home/rizcky/git/project.asman/engine/Database/BaseBuilder.php(2186): CodeIgniter\Database\BaseConnection->query('INSERT INTO `fm...', Array, false)
#4 /home/rizcky/git/project.asman/engine/Model.php(711): CodeIgniter\Database\BaseBuilder->insert()
#5 /home/rizcky/git/project.asman/server/core/Controllers/ServerRequest.php(26): CodeIgniter\Model->insert(Array)
#6 /home/rizcky/git/project.asman/server/core/Controllers/ServerRequest.php(105): App\Controllers\ServerRequest->setupServer()
#7 /home/rizcky/git/project.asman/engine/CodeIgniter.php(860): App\Controllers\ServerRequest->index()
#8 /home/rizcky/git/project.asman/engine/CodeIgniter.php(381): CodeIgniter\CodeIgniter->runController(Object(App\Controllers\ServerRequest))
#9 /home/rizcky/git/project.asman/engine/CodeIgniter.php(297): CodeIgniter\CodeIgniter->handleRequest(NULL, Object(Config\Cache), false)
#10 /home/rizcky/git/project.asman/server/public/index.php(44): CodeIgniter\CodeIgniter->run()
#11 {main}
CRITICAL - 2020-07-12 16:54:41 --> 22 : The requested URL returned error: 500 Internal Server Error
#0 /home/rizcky/git/project.asman/engine/HTTP/CURLRequest.php(761): CodeIgniter\HTTP\Exceptions\HTTPException::forCurlError('22', 'The requested U...')
#1 /home/rizcky/git/project.asman/engine/HTTP/CURLRequest.php(441): CodeIgniter\HTTP\CURLRequest->sendRequest(Array)
#2 /home/rizcky/git/project.asman/engine/HTTP/CURLRequest.php(157): CodeIgniter\HTTP\CURLRequest->send('put', 'http://localhos...')
#3 /home/rizcky/git/project.asman/engine/HTTP/CURLRequest.php(264): CodeIgniter\HTTP\CURLRequest->request('put', 'http://localhos...', Array)
#4 /home/rizcky/git/project.asman/server/core/Controllers/Dashboard.php(20): CodeIgniter\HTTP\CURLRequest->put('http://localhos...', Array)
#5 /home/rizcky/git/project.asman/server/core/Controllers/Dashboard.php(53): App\Controllers\Dashboard->doSetup(Array)
#6 /home/rizcky/git/project.asman/engine/CodeIgniter.php(860): App\Controllers\Dashboard->setup()
#7 /home/rizcky/git/project.asman/engine/CodeIgniter.php(381): CodeIgniter\CodeIgniter->runController(Object(App\Controllers\Dashboard))
#8 /home/rizcky/git/project.asman/engine/CodeIgniter.php(297): CodeIgniter\CodeIgniter->handleRequest(NULL, Object(Config\Cache), false)
#9 /home/rizcky/git/project.asman/server/public/index.php(44): CodeIgniter\CodeIgniter->run()
#10 {main}
