CRITICAL - 2020-07-16 09:29:29 --> Uninitialized string offset: 62
#0 /home/rizcky/git/project.asman/server/core/Controllers/Dashboard.php(157): CodeIgniter\Debug\Exceptions->errorHandler(8, 'Uninitialized s...', '/home/rizcky/gi...', 157, Array)
#1 /home/rizcky/git/project.asman/engine/CodeIgniter.php(860): App\Controllers\Dashboard->services()
#2 /home/rizcky/git/project.asman/engine/CodeIgniter.php(381): CodeIgniter\CodeIgniter->runController(Object(App\Controllers\Dashboard))
#3 /home/rizcky/git/project.asman/engine/CodeIgniter.php(297): CodeIgniter\CodeIgniter->handleRequest(NULL, Object(Config\Cache), false)
#4 /home/rizcky/git/project.asman/server/public/index.php(44): CodeIgniter\CodeIgniter->run()
#5 {main}
CRITICAL - 2020-07-16 10:22:29 --> Uninitialized string offset: 62
#0 /home/rizcky/git/project.asman/server/core/Controllers/Dashboard.php(157): CodeIgniter\Debug\Exceptions->errorHandler(8, 'Uninitialized s...', '/home/rizcky/gi...', 157, Array)
#1 /home/rizcky/git/project.asman/engine/CodeIgniter.php(860): App\Controllers\Dashboard->services()
#2 /home/rizcky/git/project.asman/engine/CodeIgniter.php(381): CodeIgniter\CodeIgniter->runController(Object(App\Controllers\Dashboard))
#3 /home/rizcky/git/project.asman/engine/CodeIgniter.php(297): CodeIgniter\CodeIgniter->handleRequest(NULL, Object(Config\Cache), false)
#4 /home/rizcky/git/project.asman/server/public/index.php(44): CodeIgniter\CodeIgniter->run()
#5 {main}
CRITICAL - 2020-07-16 10:54:46 --> syntax error, unexpected 'break' (T_BREAK)
#0 /home/rizcky/git/project.asman/engine/Autoloader/Autoloader.php(283): CodeIgniter\Autoloader\Autoloader->requireFile('/home/rizcky/gi...')
#1 /home/rizcky/git/project.asman/engine/Autoloader/Autoloader.php(250): CodeIgniter\Autoloader\Autoloader->loadInNamespace('App\\Controllers...')
#2 [internal function]: CodeIgniter\Autoloader\Autoloader->loadClass('App\\Controllers...')
#3 [internal function]: spl_autoload_call('App\\Controllers...')
#4 /home/rizcky/git/project.asman/engine/CodeIgniter.php(816): class_exists('\\App\\Controller...', true)
#5 /home/rizcky/git/project.asman/engine/CodeIgniter.php(372): CodeIgniter\CodeIgniter->startController()
#6 /home/rizcky/git/project.asman/engine/CodeIgniter.php(297): CodeIgniter\CodeIgniter->handleRequest(NULL, Object(Config\Cache), false)
#7 /home/rizcky/git/project.asman/server/public/index.php(44): CodeIgniter\CodeIgniter->run()
#8 {main}
CRITICAL - 2020-07-16 10:54:46 --> 22 : The requested URL returned error: 500 Internal Server Error
#0 /home/rizcky/git/project.asman/engine/HTTP/CURLRequest.php(761): CodeIgniter\HTTP\Exceptions\HTTPException::forCurlError('22', 'The requested U...')
#1 /home/rizcky/git/project.asman/engine/HTTP/CURLRequest.php(441): CodeIgniter\HTTP\CURLRequest->sendRequest(Array)
#2 /home/rizcky/git/project.asman/engine/HTTP/CURLRequest.php(157): CodeIgniter\HTTP\CURLRequest->send('put', 'http://localhos...')
#3 /home/rizcky/git/project.asman/engine/HTTP/CURLRequest.php(264): CodeIgniter\HTTP\CURLRequest->request('put', 'http://localhos...', Array)
#4 /home/rizcky/git/project.asman/server/core/Controllers/BaseController.php(72): CodeIgniter\HTTP\CURLRequest->put('http://localhos...', Array)
#5 /home/rizcky/git/project.asman/server/core/Controllers/Dashboard.php(45): App\Controllers\BaseController->isFirstTime(Array)
#6 /home/rizcky/git/project.asman/engine/CodeIgniter.php(860): App\Controllers\Dashboard->index()
#7 /home/rizcky/git/project.asman/engine/CodeIgniter.php(381): CodeIgniter\CodeIgniter->runController(Object(App\Controllers\Dashboard))
#8 /home/rizcky/git/project.asman/engine/CodeIgniter.php(297): CodeIgniter\CodeIgniter->handleRequest(NULL, Object(Config\Cache), false)
#9 /home/rizcky/git/project.asman/server/public/index.php(44): CodeIgniter\CodeIgniter->run()
#10 {main}
CRITICAL - 2020-07-16 11:06:45 --> Creating default object from empty value
#0 /home/rizcky/git/project.asman/server/core/Controllers/ServerRequest.php(72): CodeIgniter\Debug\Exceptions->errorHandler(2, 'Creating defaul...', '/home/rizcky/gi...', 72, Array)
#1 /home/rizcky/git/project.asman/server/core/Controllers/ServerRequest.php(207): App\Controllers\ServerRequest->createNewClient()
#2 /home/rizcky/git/project.asman/engine/CodeIgniter.php(860): App\Controllers\ServerRequest->index()
#3 /home/rizcky/git/project.asman/engine/CodeIgniter.php(381): CodeIgniter\CodeIgniter->runController(Object(App\Controllers\ServerRequest))
#4 /home/rizcky/git/project.asman/engine/CodeIgniter.php(297): CodeIgniter\CodeIgniter->handleRequest(NULL, Object(Config\Cache), false)
#5 /home/rizcky/git/project.asman/server/public/index.php(44): CodeIgniter\CodeIgniter->run()
#6 {main}
CRITICAL - 2020-07-16 11:06:45 --> 22 : The requested URL returned error: 500 Internal Server Error
#0 /home/rizcky/git/project.asman/engine/HTTP/CURLRequest.php(761): CodeIgniter\HTTP\Exceptions\HTTPException::forCurlError('22', 'The requested U...')
#1 /home/rizcky/git/project.asman/engine/HTTP/CURLRequest.php(441): CodeIgniter\HTTP\CURLRequest->sendRequest(Array)
#2 /home/rizcky/git/project.asman/engine/HTTP/CURLRequest.php(157): CodeIgniter\HTTP\CURLRequest->send('put', 'http://localhos...')
#3 /home/rizcky/git/project.asman/engine/HTTP/CURLRequest.php(264): CodeIgniter\HTTP\CURLRequest->request('put', 'http://localhos...', Array)
#4 /home/rizcky/git/project.asman/server/core/Controllers/Dashboard.php(67): CodeIgniter\HTTP\CURLRequest->put('http://localhos...', Array)
#5 /home/rizcky/git/project.asman/engine/CodeIgniter.php(860): App\Controllers\Dashboard->index()
#6 /home/rizcky/git/project.asman/engine/CodeIgniter.php(381): CodeIgniter\CodeIgniter->runController(Object(App\Controllers\Dashboard))
#7 /home/rizcky/git/project.asman/engine/CodeIgniter.php(297): CodeIgniter\CodeIgniter->handleRequest(NULL, Object(Config\Cache), false)
#8 /home/rizcky/git/project.asman/server/public/index.php(44): CodeIgniter\CodeIgniter->run()
#9 {main}
CRITICAL - 2020-07-16 11:54:49 --> Undefined index: input-new-clientid
#0 /home/rizcky/git/project.asman/server/core/Controllers/ServerRequest.php(65): CodeIgniter\Debug\Exceptions->errorHandler(8, 'Undefined index...', '/home/rizcky/gi...', 65, Array)
#1 /home/rizcky/git/project.asman/server/core/Controllers/ServerRequest.php(208): App\Controllers\ServerRequest->createNewClient()
#2 /home/rizcky/git/project.asman/engine/CodeIgniter.php(918): App\Controllers\ServerRequest->index()
#3 /home/rizcky/git/project.asman/engine/CodeIgniter.php(404): CodeIgniter\CodeIgniter->runController(Object(App\Controllers\ServerRequest))
#4 /home/rizcky/git/project.asman/engine/CodeIgniter.php(312): CodeIgniter\CodeIgniter->handleRequest(NULL, Object(Config\Cache), false)
#5 /home/rizcky/git/project.asman/server/public/index.php(44): CodeIgniter\CodeIgniter->run()
#6 {main}
CRITICAL - 2020-07-16 11:54:49 --> 22 : The requested URL returned error: 500 Internal Server Error
#0 /home/rizcky/git/project.asman/engine/HTTP/CURLRequest.php(821): CodeIgniter\HTTP\Exceptions\HTTPException::forCurlError('22', 'The requested U...')
#1 /home/rizcky/git/project.asman/engine/HTTP/CURLRequest.php(449): CodeIgniter\HTTP\CURLRequest->sendRequest(Array)
#2 /home/rizcky/git/project.asman/engine/HTTP/CURLRequest.php(158): CodeIgniter\HTTP\CURLRequest->send('put', 'http://localhos...')
#3 /home/rizcky/git/project.asman/engine/HTTP/CURLRequest.php(265): CodeIgniter\HTTP\CURLRequest->request('put', 'http://localhos...', Array)
#4 /home/rizcky/git/project.asman/server/core/Controllers/Dashboard.php(150): CodeIgniter\HTTP\CURLRequest->put('http://localhos...', Array)
#5 /home/rizcky/git/project.asman/engine/CodeIgniter.php(918): App\Controllers\Dashboard->services()
#6 /home/rizcky/git/project.asman/engine/CodeIgniter.php(404): CodeIgniter\CodeIgniter->runController(Object(App\Controllers\Dashboard))
#7 /home/rizcky/git/project.asman/engine/CodeIgniter.php(312): CodeIgniter\CodeIgniter->handleRequest(NULL, Object(Config\Cache), false)
#8 /home/rizcky/git/project.asman/server/public/index.php(44): CodeIgniter\CodeIgniter->run()
#9 {main}
CRITICAL - 2020-07-16 11:54:50 --> Undefined index: input-new-clientid
#0 /home/rizcky/git/project.asman/server/core/Controllers/ServerRequest.php(65): CodeIgniter\Debug\Exceptions->errorHandler(8, 'Undefined index...', '/home/rizcky/gi...', 65, Array)
#1 /home/rizcky/git/project.asman/server/core/Controllers/ServerRequest.php(208): App\Controllers\ServerRequest->createNewClient()
#2 /home/rizcky/git/project.asman/engine/CodeIgniter.php(918): App\Controllers\ServerRequest->index()
#3 /home/rizcky/git/project.asman/engine/CodeIgniter.php(404): CodeIgniter\CodeIgniter->runController(Object(App\Controllers\ServerRequest))
#4 /home/rizcky/git/project.asman/engine/CodeIgniter.php(312): CodeIgniter\CodeIgniter->handleRequest(NULL, Object(Config\Cache), false)
#5 /home/rizcky/git/project.asman/server/public/index.php(44): CodeIgniter\CodeIgniter->run()
#6 {main}
CRITICAL - 2020-07-16 11:54:51 --> 22 : The requested URL returned error: 500 Internal Server Error
#0 /home/rizcky/git/project.asman/engine/HTTP/CURLRequest.php(821): CodeIgniter\HTTP\Exceptions\HTTPException::forCurlError('22', 'The requested U...')
#1 /home/rizcky/git/project.asman/engine/HTTP/CURLRequest.php(449): CodeIgniter\HTTP\CURLRequest->sendRequest(Array)
#2 /home/rizcky/git/project.asman/engine/HTTP/CURLRequest.php(158): CodeIgniter\HTTP\CURLRequest->send('put', 'http://localhos...')
#3 /home/rizcky/git/project.asman/engine/HTTP/CURLRequest.php(265): CodeIgniter\HTTP\CURLRequest->request('put', 'http://localhos...', Array)
#4 /home/rizcky/git/project.asman/server/core/Controllers/Dashboard.php(150): CodeIgniter\HTTP\CURLRequest->put('http://localhos...', Array)
#5 /home/rizcky/git/project.asman/engine/CodeIgniter.php(918): App\Controllers\Dashboard->services()
#6 /home/rizcky/git/project.asman/engine/CodeIgniter.php(404): CodeIgniter\CodeIgniter->runController(Object(App\Controllers\Dashboard))
#7 /home/rizcky/git/project.asman/engine/CodeIgniter.php(312): CodeIgniter\CodeIgniter->handleRequest(NULL, Object(Config\Cache), false)
#8 /home/rizcky/git/project.asman/server/public/index.php(44): CodeIgniter\CodeIgniter->run()
#9 {main}
CRITICAL - 2020-07-16 11:54:51 --> Undefined index: input-new-clientid
#0 /home/rizcky/git/project.asman/server/core/Controllers/ServerRequest.php(65): CodeIgniter\Debug\Exceptions->errorHandler(8, 'Undefined index...', '/home/rizcky/gi...', 65, Array)
#1 /home/rizcky/git/project.asman/server/core/Controllers/ServerRequest.php(208): App\Controllers\ServerRequest->createNewClient()
#2 /home/rizcky/git/project.asman/engine/CodeIgniter.php(918): App\Controllers\ServerRequest->index()
#3 /home/rizcky/git/project.asman/engine/CodeIgniter.php(404): CodeIgniter\CodeIgniter->runController(Object(App\Controllers\ServerRequest))
#4 /home/rizcky/git/project.asman/engine/CodeIgniter.php(312): CodeIgniter\CodeIgniter->handleRequest(NULL, Object(Config\Cache), false)
#5 /home/rizcky/git/project.asman/server/public/index.php(44): CodeIgniter\CodeIgniter->run()
#6 {main}
CRITICAL - 2020-07-16 11:54:51 --> 22 : The requested URL returned error: 500 Internal Server Error
#0 /home/rizcky/git/project.asman/engine/HTTP/CURLRequest.php(821): CodeIgniter\HTTP\Exceptions\HTTPException::forCurlError('22', 'The requested U...')
#1 /home/rizcky/git/project.asman/engine/HTTP/CURLRequest.php(449): CodeIgniter\HTTP\CURLRequest->sendRequest(Array)
#2 /home/rizcky/git/project.asman/engine/HTTP/CURLRequest.php(158): CodeIgniter\HTTP\CURLRequest->send('put', 'http://localhos...')
#3 /home/rizcky/git/project.asman/engine/HTTP/CURLRequest.php(265): CodeIgniter\HTTP\CURLRequest->request('put', 'http://localhos...', Array)
#4 /home/rizcky/git/project.asman/server/core/Controllers/Dashboard.php(150): CodeIgniter\HTTP\CURLRequest->put('http://localhos...', Array)
#5 /home/rizcky/git/project.asman/engine/CodeIgniter.php(918): App\Controllers\Dashboard->services()
#6 /home/rizcky/git/project.asman/engine/CodeIgniter.php(404): CodeIgniter\CodeIgniter->runController(Object(App\Controllers\Dashboard))
#7 /home/rizcky/git/project.asman/engine/CodeIgniter.php(312): CodeIgniter\CodeIgniter->handleRequest(NULL, Object(Config\Cache), false)
#8 /home/rizcky/git/project.asman/server/public/index.php(44): CodeIgniter\CodeIgniter->run()
#9 {main}
CRITICAL - 2020-07-16 11:55:30 --> syntax error, unexpected '$authenticity' (T_VARIABLE)
#0 /home/rizcky/git/project.asman/engine/Autoloader/Autoloader.php(296): CodeIgniter\Autoloader\Autoloader->requireFile('/home/rizcky/gi...')
#1 /home/rizcky/git/project.asman/engine/Autoloader/Autoloader.php(258): CodeIgniter\Autoloader\Autoloader->loadInNamespace('App\\Controllers...')
#2 [internal function]: CodeIgniter\Autoloader\Autoloader->loadClass('App\\Controllers...')
#3 [internal function]: spl_autoload_call('App\\Controllers...')
#4 /home/rizcky/git/project.asman/engine/CodeIgniter.php(869): class_exists('\\App\\Controller...', true)
#5 /home/rizcky/git/project.asman/engine/CodeIgniter.php(394): CodeIgniter\CodeIgniter->startController()
#6 /home/rizcky/git/project.asman/engine/CodeIgniter.php(312): CodeIgniter\CodeIgniter->handleRequest(NULL, Object(Config\Cache), false)
#7 /home/rizcky/git/project.asman/server/public/index.php(44): CodeIgniter\CodeIgniter->run()
#8 {main}
CRITICAL - 2020-07-16 11:55:30 --> 22 : The requested URL returned error: 500 Internal Server Error
#0 /home/rizcky/git/project.asman/engine/HTTP/CURLRequest.php(821): CodeIgniter\HTTP\Exceptions\HTTPException::forCurlError('22', 'The requested U...')
#1 /home/rizcky/git/project.asman/engine/HTTP/CURLRequest.php(449): CodeIgniter\HTTP\CURLRequest->sendRequest(Array)
#2 /home/rizcky/git/project.asman/engine/HTTP/CURLRequest.php(158): CodeIgniter\HTTP\CURLRequest->send('put', 'http://localhos...')
#3 /home/rizcky/git/project.asman/engine/HTTP/CURLRequest.php(265): CodeIgniter\HTTP\CURLRequest->request('put', 'http://localhos...', Array)
#4 /home/rizcky/git/project.asman/server/core/Controllers/Dashboard.php(150): CodeIgniter\HTTP\CURLRequest->put('http://localhos...', Array)
#5 /home/rizcky/git/project.asman/engine/CodeIgniter.php(918): App\Controllers\Dashboard->services()
#6 /home/rizcky/git/project.asman/engine/CodeIgniter.php(404): CodeIgniter\CodeIgniter->runController(Object(App\Controllers\Dashboard))
#7 /home/rizcky/git/project.asman/engine/CodeIgniter.php(312): CodeIgniter\CodeIgniter->handleRequest(NULL, Object(Config\Cache), false)
#8 /home/rizcky/git/project.asman/server/public/index.php(44): CodeIgniter\CodeIgniter->run()
#9 {main}
CRITICAL - 2020-07-16 11:55:56 --> syntax error, unexpected '$authenticity' (T_VARIABLE)
#0 /home/rizcky/git/project.asman/engine/Autoloader/Autoloader.php(296): CodeIgniter\Autoloader\Autoloader->requireFile('/home/rizcky/gi...')
#1 /home/rizcky/git/project.asman/engine/Autoloader/Autoloader.php(258): CodeIgniter\Autoloader\Autoloader->loadInNamespace('App\\Controllers...')
#2 [internal function]: CodeIgniter\Autoloader\Autoloader->loadClass('App\\Controllers...')
#3 [internal function]: spl_autoload_call('App\\Controllers...')
#4 /home/rizcky/git/project.asman/engine/CodeIgniter.php(869): class_exists('\\App\\Controller...', true)
#5 /home/rizcky/git/project.asman/engine/CodeIgniter.php(394): CodeIgniter\CodeIgniter->startController()
#6 /home/rizcky/git/project.asman/engine/CodeIgniter.php(312): CodeIgniter\CodeIgniter->handleRequest(NULL, Object(Config\Cache), false)
#7 /home/rizcky/git/project.asman/server/public/index.php(44): CodeIgniter\CodeIgniter->run()
#8 {main}
CRITICAL - 2020-07-16 11:55:56 --> 22 : The requested URL returned error: 500 Internal Server Error
#0 /home/rizcky/git/project.asman/engine/HTTP/CURLRequest.php(821): CodeIgniter\HTTP\Exceptions\HTTPException::forCurlError('22', 'The requested U...')
#1 /home/rizcky/git/project.asman/engine/HTTP/CURLRequest.php(449): CodeIgniter\HTTP\CURLRequest->sendRequest(Array)
#2 /home/rizcky/git/project.asman/engine/HTTP/CURLRequest.php(158): CodeIgniter\HTTP\CURLRequest->send('put', 'http://localhos...')
#3 /home/rizcky/git/project.asman/engine/HTTP/CURLRequest.php(265): CodeIgniter\HTTP\CURLRequest->request('put', 'http://localhos...', Array)
#4 /home/rizcky/git/project.asman/server/core/Controllers/Dashboard.php(150): CodeIgniter\HTTP\CURLRequest->put('http://localhos...', Array)
#5 /home/rizcky/git/project.asman/engine/CodeIgniter.php(918): App\Controllers\Dashboard->services()
#6 /home/rizcky/git/project.asman/engine/CodeIgniter.php(404): CodeIgniter\CodeIgniter->runController(Object(App\Controllers\Dashboard))
#7 /home/rizcky/git/project.asman/engine/CodeIgniter.php(312): CodeIgniter\CodeIgniter->handleRequest(NULL, Object(Config\Cache), false)
#8 /home/rizcky/git/project.asman/server/public/index.php(44): CodeIgniter\CodeIgniter->run()
#9 {main}
CRITICAL - 2020-07-16 11:56:35 --> syntax error, unexpected '$authenticity' (T_VARIABLE)
#0 /home/rizcky/git/project.asman/engine/Autoloader/Autoloader.php(296): CodeIgniter\Autoloader\Autoloader->requireFile('/home/rizcky/gi...')
#1 /home/rizcky/git/project.asman/engine/Autoloader/Autoloader.php(258): CodeIgniter\Autoloader\Autoloader->loadInNamespace('App\\Controllers...')
#2 [internal function]: CodeIgniter\Autoloader\Autoloader->loadClass('App\\Controllers...')
#3 [internal function]: spl_autoload_call('App\\Controllers...')
#4 /home/rizcky/git/project.asman/engine/CodeIgniter.php(869): class_exists('\\App\\Controller...', true)
#5 /home/rizcky/git/project.asman/engine/CodeIgniter.php(394): CodeIgniter\CodeIgniter->startController()
#6 /home/rizcky/git/project.asman/engine/CodeIgniter.php(312): CodeIgniter\CodeIgniter->handleRequest(NULL, Object(Config\Cache), false)
#7 /home/rizcky/git/project.asman/server/public/index.php(44): CodeIgniter\CodeIgniter->run()
#8 {main}
CRITICAL - 2020-07-16 11:57:09 --> Undefined index: input-new-clientid
#0 /home/rizcky/git/project.asman/server/core/Controllers/ServerRequest.php(65): CodeIgniter\Debug\Exceptions->errorHandler(8, 'Undefined index...', '/home/rizcky/gi...', 65, Array)
#1 /home/rizcky/git/project.asman/server/core/Controllers/ServerRequest.php(209): App\Controllers\ServerRequest->createNewClient()
#2 /home/rizcky/git/project.asman/engine/CodeIgniter.php(918): App\Controllers\ServerRequest->index()
#3 /home/rizcky/git/project.asman/engine/CodeIgniter.php(404): CodeIgniter\CodeIgniter->runController(Object(App\Controllers\ServerRequest))
#4 /home/rizcky/git/project.asman/engine/CodeIgniter.php(312): CodeIgniter\CodeIgniter->handleRequest(NULL, Object(Config\Cache), false)
#5 /home/rizcky/git/project.asman/server/public/index.php(44): CodeIgniter\CodeIgniter->run()
#6 {main}
CRITICAL - 2020-07-16 11:57:09 --> 22 : The requested URL returned error: 500 Internal Server Error
#0 /home/rizcky/git/project.asman/engine/HTTP/CURLRequest.php(821): CodeIgniter\HTTP\Exceptions\HTTPException::forCurlError('22', 'The requested U...')
#1 /home/rizcky/git/project.asman/engine/HTTP/CURLRequest.php(449): CodeIgniter\HTTP\CURLRequest->sendRequest(Array)
#2 /home/rizcky/git/project.asman/engine/HTTP/CURLRequest.php(158): CodeIgniter\HTTP\CURLRequest->send('put', 'http://localhos...')
#3 /home/rizcky/git/project.asman/engine/HTTP/CURLRequest.php(265): CodeIgniter\HTTP\CURLRequest->request('put', 'http://localhos...', Array)
#4 /home/rizcky/git/project.asman/server/core/Controllers/Dashboard.php(150): CodeIgniter\HTTP\CURLRequest->put('http://localhos...', Array)
#5 /home/rizcky/git/project.asman/engine/CodeIgniter.php(918): App\Controllers\Dashboard->services()
#6 /home/rizcky/git/project.asman/engine/CodeIgniter.php(404): CodeIgniter\CodeIgniter->runController(Object(App\Controllers\Dashboard))
#7 /home/rizcky/git/project.asman/engine/CodeIgniter.php(312): CodeIgniter\CodeIgniter->handleRequest(NULL, Object(Config\Cache), false)
#8 /home/rizcky/git/project.asman/server/public/index.php(44): CodeIgniter\CodeIgniter->run()
#9 {main}
CRITICAL - 2020-07-16 11:57:36 --> Undefined index: input-new-clientid
#0 /home/rizcky/git/project.asman/server/core/Controllers/ServerRequest.php(65): CodeIgniter\Debug\Exceptions->errorHandler(8, 'Undefined index...', '/home/rizcky/gi...', 65, Array)
#1 /home/rizcky/git/project.asman/server/core/Controllers/ServerRequest.php(208): App\Controllers\ServerRequest->createNewClient()
#2 /home/rizcky/git/project.asman/engine/CodeIgniter.php(918): App\Controllers\ServerRequest->index()
#3 /home/rizcky/git/project.asman/engine/CodeIgniter.php(404): CodeIgniter\CodeIgniter->runController(Object(App\Controllers\ServerRequest))
#4 /home/rizcky/git/project.asman/engine/CodeIgniter.php(312): CodeIgniter\CodeIgniter->handleRequest(NULL, Object(Config\Cache), false)
#5 /home/rizcky/git/project.asman/server/public/index.php(44): CodeIgniter\CodeIgniter->run()
#6 {main}
CRITICAL - 2020-07-16 11:57:36 --> 22 : The requested URL returned error: 500 Internal Server Error
#0 /home/rizcky/git/project.asman/engine/HTTP/CURLRequest.php(821): CodeIgniter\HTTP\Exceptions\HTTPException::forCurlError('22', 'The requested U...')
#1 /home/rizcky/git/project.asman/engine/HTTP/CURLRequest.php(449): CodeIgniter\HTTP\CURLRequest->sendRequest(Array)
#2 /home/rizcky/git/project.asman/engine/HTTP/CURLRequest.php(158): CodeIgniter\HTTP\CURLRequest->send('put', 'http://localhos...')
#3 /home/rizcky/git/project.asman/engine/HTTP/CURLRequest.php(265): CodeIgniter\HTTP\CURLRequest->request('put', 'http://localhos...', Array)
#4 /home/rizcky/git/project.asman/server/core/Controllers/Dashboard.php(150): CodeIgniter\HTTP\CURLRequest->put('http://localhos...', Array)
#5 /home/rizcky/git/project.asman/engine/CodeIgniter.php(918): App\Controllers\Dashboard->services()
#6 /home/rizcky/git/project.asman/engine/CodeIgniter.php(404): CodeIgniter\CodeIgniter->runController(Object(App\Controllers\Dashboard))
#7 /home/rizcky/git/project.asman/engine/CodeIgniter.php(312): CodeIgniter\CodeIgniter->handleRequest(NULL, Object(Config\Cache), false)
#8 /home/rizcky/git/project.asman/server/public/index.php(44): CodeIgniter\CodeIgniter->run()
#9 {main}
CRITICAL - 2020-07-16 11:57:54 --> Undefined index: input-new-clientid
#0 /home/rizcky/git/project.asman/server/core/Controllers/ServerRequest.php(65): CodeIgniter\Debug\Exceptions->errorHandler(8, 'Undefined index...', '/home/rizcky/gi...', 65, Array)
#1 /home/rizcky/git/project.asman/server/core/Controllers/ServerRequest.php(209): App\Controllers\ServerRequest->createNewClient()
#2 /home/rizcky/git/project.asman/engine/CodeIgniter.php(918): App\Controllers\ServerRequest->index()
#3 /home/rizcky/git/project.asman/engine/CodeIgniter.php(404): CodeIgniter\CodeIgniter->runController(Object(App\Controllers\ServerRequest))
#4 /home/rizcky/git/project.asman/engine/CodeIgniter.php(312): CodeIgniter\CodeIgniter->handleRequest(NULL, Object(Config\Cache), false)
#5 /home/rizcky/git/project.asman/server/public/index.php(44): CodeIgniter\CodeIgniter->run()
#6 {main}
CRITICAL - 2020-07-16 11:57:54 --> 22 : The requested URL returned error: 500 Internal Server Error
#0 /home/rizcky/git/project.asman/engine/HTTP/CURLRequest.php(821): CodeIgniter\HTTP\Exceptions\HTTPException::forCurlError('22', 'The requested U...')
#1 /home/rizcky/git/project.asman/engine/HTTP/CURLRequest.php(449): CodeIgniter\HTTP\CURLRequest->sendRequest(Array)
#2 /home/rizcky/git/project.asman/engine/HTTP/CURLRequest.php(158): CodeIgniter\HTTP\CURLRequest->send('put', 'http://localhos...')
#3 /home/rizcky/git/project.asman/engine/HTTP/CURLRequest.php(265): CodeIgniter\HTTP\CURLRequest->request('put', 'http://localhos...', Array)
#4 /home/rizcky/git/project.asman/server/core/Controllers/Dashboard.php(150): CodeIgniter\HTTP\CURLRequest->put('http://localhos...', Array)
#5 /home/rizcky/git/project.asman/engine/CodeIgniter.php(918): App\Controllers\Dashboard->services()
#6 /home/rizcky/git/project.asman/engine/CodeIgniter.php(404): CodeIgniter\CodeIgniter->runController(Object(App\Controllers\Dashboard))
#7 /home/rizcky/git/project.asman/engine/CodeIgniter.php(312): CodeIgniter\CodeIgniter->handleRequest(NULL, Object(Config\Cache), false)
#8 /home/rizcky/git/project.asman/server/public/index.php(44): CodeIgniter\CodeIgniter->run()
#9 {main}
CRITICAL - 2020-07-16 11:58:44 --> Undefined index: input-new-clientid
#0 /home/rizcky/git/project.asman/server/core/Controllers/ServerRequest.php(65): CodeIgniter\Debug\Exceptions->errorHandler(8, 'Undefined index...', '/home/rizcky/gi...', 65, Array)
#1 /home/rizcky/git/project.asman/server/core/Controllers/ServerRequest.php(209): App\Controllers\ServerRequest->createNewClient()
#2 /home/rizcky/git/project.asman/engine/CodeIgniter.php(918): App\Controllers\ServerRequest->index()
#3 /home/rizcky/git/project.asman/engine/CodeIgniter.php(404): CodeIgniter\CodeIgniter->runController(Object(App\Controllers\ServerRequest))
#4 /home/rizcky/git/project.asman/engine/CodeIgniter.php(312): CodeIgniter\CodeIgniter->handleRequest(NULL, Object(Config\Cache), false)
#5 /home/rizcky/git/project.asman/server/public/index.php(44): CodeIgniter\CodeIgniter->run()
#6 {main}
CRITICAL - 2020-07-16 11:58:44 --> 22 : The requested URL returned error: 500 Internal Server Error
#0 /home/rizcky/git/project.asman/engine/HTTP/CURLRequest.php(821): CodeIgniter\HTTP\Exceptions\HTTPException::forCurlError('22', 'The requested U...')
#1 /home/rizcky/git/project.asman/engine/HTTP/CURLRequest.php(449): CodeIgniter\HTTP\CURLRequest->sendRequest(Array)
#2 /home/rizcky/git/project.asman/engine/HTTP/CURLRequest.php(158): CodeIgniter\HTTP\CURLRequest->send('put', 'http://localhos...')
#3 /home/rizcky/git/project.asman/engine/HTTP/CURLRequest.php(265): CodeIgniter\HTTP\CURLRequest->request('put', 'http://localhos...', Array)
#4 /home/rizcky/git/project.asman/server/core/Controllers/Dashboard.php(150): CodeIgniter\HTTP\CURLRequest->put('http://localhos...', Array)
#5 /home/rizcky/git/project.asman/engine/CodeIgniter.php(918): App\Controllers\Dashboard->services()
#6 /home/rizcky/git/project.asman/engine/CodeIgniter.php(404): CodeIgniter\CodeIgniter->runController(Object(App\Controllers\Dashboard))
#7 /home/rizcky/git/project.asman/engine/CodeIgniter.php(312): CodeIgniter\CodeIgniter->handleRequest(NULL, Object(Config\Cache), false)
#8 /home/rizcky/git/project.asman/server/public/index.php(44): CodeIgniter\CodeIgniter->run()
#9 {main}
CRITICAL - 2020-07-16 11:59:52 --> syntax error, unexpected 'case' (T_CASE)
#0 /home/rizcky/git/project.asman/engine/Autoloader/Autoloader.php(296): CodeIgniter\Autoloader\Autoloader->requireFile('/home/rizcky/gi...')
#1 /home/rizcky/git/project.asman/engine/Autoloader/Autoloader.php(258): CodeIgniter\Autoloader\Autoloader->loadInNamespace('App\\Controllers...')
#2 [internal function]: CodeIgniter\Autoloader\Autoloader->loadClass('App\\Controllers...')
#3 [internal function]: spl_autoload_call('App\\Controllers...')
#4 /home/rizcky/git/project.asman/engine/CodeIgniter.php(869): class_exists('\\App\\Controller...', true)
#5 /home/rizcky/git/project.asman/engine/CodeIgniter.php(394): CodeIgniter\CodeIgniter->startController()
#6 /home/rizcky/git/project.asman/engine/CodeIgniter.php(312): CodeIgniter\CodeIgniter->handleRequest(NULL, Object(Config\Cache), false)
#7 /home/rizcky/git/project.asman/server/public/index.php(44): CodeIgniter\CodeIgniter->run()
#8 {main}
CRITICAL - 2020-07-16 11:59:52 --> 22 : The requested URL returned error: 500 Internal Server Error
#0 /home/rizcky/git/project.asman/engine/HTTP/CURLRequest.php(821): CodeIgniter\HTTP\Exceptions\HTTPException::forCurlError('22', 'The requested U...')
#1 /home/rizcky/git/project.asman/engine/HTTP/CURLRequest.php(449): CodeIgniter\HTTP\CURLRequest->sendRequest(Array)
#2 /home/rizcky/git/project.asman/engine/HTTP/CURLRequest.php(158): CodeIgniter\HTTP\CURLRequest->send('put', 'http://localhos...')
#3 /home/rizcky/git/project.asman/engine/HTTP/CURLRequest.php(265): CodeIgniter\HTTP\CURLRequest->request('put', 'http://localhos...', Array)
#4 /home/rizcky/git/project.asman/server/core/Controllers/Dashboard.php(150): CodeIgniter\HTTP\CURLRequest->put('http://localhos...', Array)
#5 /home/rizcky/git/project.asman/engine/CodeIgniter.php(918): App\Controllers\Dashboard->services()
#6 /home/rizcky/git/project.asman/engine/CodeIgniter.php(404): CodeIgniter\CodeIgniter->runController(Object(App\Controllers\Dashboard))
#7 /home/rizcky/git/project.asman/engine/CodeIgniter.php(312): CodeIgniter\CodeIgniter->handleRequest(NULL, Object(Config\Cache), false)
#8 /home/rizcky/git/project.asman/server/public/index.php(44): CodeIgniter\CodeIgniter->run()
#9 {main}
CRITICAL - 2020-07-16 12:04:10 --> Undefined index: input-new-clientid
#0 /home/rizcky/git/project.asman/server/core/Controllers/ServerRequest.php(65): CodeIgniter\Debug\Exceptions->errorHandler(8, 'Undefined index...', '/home/rizcky/gi...', 65, Array)
#1 /home/rizcky/git/project.asman/server/core/Controllers/ServerRequest.php(210): App\Controllers\ServerRequest->createNewClient()
#2 /home/rizcky/git/project.asman/engine/CodeIgniter.php(918): App\Controllers\ServerRequest->index()
#3 /home/rizcky/git/project.asman/engine/CodeIgniter.php(404): CodeIgniter\CodeIgniter->runController(Object(App\Controllers\ServerRequest))
#4 /home/rizcky/git/project.asman/engine/CodeIgniter.php(312): CodeIgniter\CodeIgniter->handleRequest(NULL, Object(Config\Cache), false)
#5 /home/rizcky/git/project.asman/server/public/index.php(44): CodeIgniter\CodeIgniter->run()
#6 {main}
CRITICAL - 2020-07-16 12:04:10 --> 22 : The requested URL returned error: 500 Internal Server Error
#0 /home/rizcky/git/project.asman/engine/HTTP/CURLRequest.php(821): CodeIgniter\HTTP\Exceptions\HTTPException::forCurlError('22', 'The requested U...')
#1 /home/rizcky/git/project.asman/engine/HTTP/CURLRequest.php(449): CodeIgniter\HTTP\CURLRequest->sendRequest(Array)
#2 /home/rizcky/git/project.asman/engine/HTTP/CURLRequest.php(158): CodeIgniter\HTTP\CURLRequest->send('put', 'http://localhos...')
#3 /home/rizcky/git/project.asman/engine/HTTP/CURLRequest.php(265): CodeIgniter\HTTP\CURLRequest->request('put', 'http://localhos...', Array)
#4 /home/rizcky/git/project.asman/server/core/Controllers/Dashboard.php(150): CodeIgniter\HTTP\CURLRequest->put('http://localhos...', Array)
#5 /home/rizcky/git/project.asman/engine/CodeIgniter.php(918): App\Controllers\Dashboard->services()
#6 /home/rizcky/git/project.asman/engine/CodeIgniter.php(404): CodeIgniter\CodeIgniter->runController(Object(App\Controllers\Dashboard))
#7 /home/rizcky/git/project.asman/engine/CodeIgniter.php(312): CodeIgniter\CodeIgniter->handleRequest(NULL, Object(Config\Cache), false)
#8 /home/rizcky/git/project.asman/server/public/index.php(44): CodeIgniter\CodeIgniter->run()
#9 {main}
CRITICAL - 2020-07-16 12:04:21 --> Undefined index: input-new-clientid
#0 /home/rizcky/git/project.asman/server/core/Controllers/ServerRequest.php(65): CodeIgniter\Debug\Exceptions->errorHandler(8, 'Undefined index...', '/home/rizcky/gi...', 65, Array)
#1 /home/rizcky/git/project.asman/server/core/Controllers/ServerRequest.php(210): App\Controllers\ServerRequest->createNewClient()
#2 /home/rizcky/git/project.asman/engine/CodeIgniter.php(918): App\Controllers\ServerRequest->index()
#3 /home/rizcky/git/project.asman/engine/CodeIgniter.php(404): CodeIgniter\CodeIgniter->runController(Object(App\Controllers\ServerRequest))
#4 /home/rizcky/git/project.asman/engine/CodeIgniter.php(312): CodeIgniter\CodeIgniter->handleRequest(NULL, Object(Config\Cache), false)
#5 /home/rizcky/git/project.asman/server/public/index.php(44): CodeIgniter\CodeIgniter->run()
#6 {main}
CRITICAL - 2020-07-16 12:04:21 --> 22 : The requested URL returned error: 500 Internal Server Error
#0 /home/rizcky/git/project.asman/engine/HTTP/CURLRequest.php(821): CodeIgniter\HTTP\Exceptions\HTTPException::forCurlError('22', 'The requested U...')
#1 /home/rizcky/git/project.asman/engine/HTTP/CURLRequest.php(449): CodeIgniter\HTTP\CURLRequest->sendRequest(Array)
#2 /home/rizcky/git/project.asman/engine/HTTP/CURLRequest.php(158): CodeIgniter\HTTP\CURLRequest->send('put', 'http://localhos...')
#3 /home/rizcky/git/project.asman/engine/HTTP/CURLRequest.php(265): CodeIgniter\HTTP\CURLRequest->request('put', 'http://localhos...', Array)
#4 /home/rizcky/git/project.asman/server/core/Controllers/Dashboard.php(150): CodeIgniter\HTTP\CURLRequest->put('http://localhos...', Array)
#5 /home/rizcky/git/project.asman/engine/CodeIgniter.php(918): App\Controllers\Dashboard->services()
#6 /home/rizcky/git/project.asman/engine/CodeIgniter.php(404): CodeIgniter\CodeIgniter->runController(Object(App\Controllers\Dashboard))
#7 /home/rizcky/git/project.asman/engine/CodeIgniter.php(312): CodeIgniter\CodeIgniter->handleRequest(NULL, Object(Config\Cache), false)
#8 /home/rizcky/git/project.asman/server/public/index.php(44): CodeIgniter\CodeIgniter->run()
#9 {main}
CRITICAL - 2020-07-16 12:04:38 --> Undefined index: input-new-clientid
#0 /home/rizcky/git/project.asman/server/core/Controllers/ServerRequest.php(65): CodeIgniter\Debug\Exceptions->errorHandler(8, 'Undefined index...', '/home/rizcky/gi...', 65, Array)
#1 /home/rizcky/git/project.asman/server/core/Controllers/ServerRequest.php(210): App\Controllers\ServerRequest->createNewClient()
#2 /home/rizcky/git/project.asman/engine/CodeIgniter.php(918): App\Controllers\ServerRequest->index()
#3 /home/rizcky/git/project.asman/engine/CodeIgniter.php(404): CodeIgniter\CodeIgniter->runController(Object(App\Controllers\ServerRequest))
#4 /home/rizcky/git/project.asman/engine/CodeIgniter.php(312): CodeIgniter\CodeIgniter->handleRequest(NULL, Object(Config\Cache), false)
#5 /home/rizcky/git/project.asman/server/public/index.php(44): CodeIgniter\CodeIgniter->run()
#6 {main}
CRITICAL - 2020-07-16 12:04:38 --> 22 : The requested URL returned error: 500 Internal Server Error
#0 /home/rizcky/git/project.asman/engine/HTTP/CURLRequest.php(821): CodeIgniter\HTTP\Exceptions\HTTPException::forCurlError('22', 'The requested U...')
#1 /home/rizcky/git/project.asman/engine/HTTP/CURLRequest.php(449): CodeIgniter\HTTP\CURLRequest->sendRequest(Array)
#2 /home/rizcky/git/project.asman/engine/HTTP/CURLRequest.php(158): CodeIgniter\HTTP\CURLRequest->send('put', 'http://localhos...')
#3 /home/rizcky/git/project.asman/engine/HTTP/CURLRequest.php(265): CodeIgniter\HTTP\CURLRequest->request('put', 'http://localhos...', Array)
#4 /home/rizcky/git/project.asman/server/core/Controllers/Dashboard.php(150): CodeIgniter\HTTP\CURLRequest->put('http://localhos...', Array)
#5 /home/rizcky/git/project.asman/engine/CodeIgniter.php(918): App\Controllers\Dashboard->services()
#6 /home/rizcky/git/project.asman/engine/CodeIgniter.php(404): CodeIgniter\CodeIgniter->runController(Object(App\Controllers\Dashboard))
#7 /home/rizcky/git/project.asman/engine/CodeIgniter.php(312): CodeIgniter\CodeIgniter->handleRequest(NULL, Object(Config\Cache), false)
#8 /home/rizcky/git/project.asman/server/public/index.php(44): CodeIgniter\CodeIgniter->run()
#9 {main}
CRITICAL - 2020-07-16 12:04:56 --> Undefined index: input-new-clientid
#0 /home/rizcky/git/project.asman/server/core/Controllers/ServerRequest.php(65): CodeIgniter\Debug\Exceptions->errorHandler(8, 'Undefined index...', '/home/rizcky/gi...', 65, Array)
#1 /home/rizcky/git/project.asman/server/core/Controllers/ServerRequest.php(210): App\Controllers\ServerRequest->createNewClient()
#2 /home/rizcky/git/project.asman/engine/CodeIgniter.php(918): App\Controllers\ServerRequest->index()
#3 /home/rizcky/git/project.asman/engine/CodeIgniter.php(404): CodeIgniter\CodeIgniter->runController(Object(App\Controllers\ServerRequest))
#4 /home/rizcky/git/project.asman/engine/CodeIgniter.php(312): CodeIgniter\CodeIgniter->handleRequest(NULL, Object(Config\Cache), false)
#5 /home/rizcky/git/project.asman/server/public/index.php(44): CodeIgniter\CodeIgniter->run()
#6 {main}
CRITICAL - 2020-07-16 12:04:56 --> 22 : The requested URL returned error: 500 Internal Server Error
#0 /home/rizcky/git/project.asman/engine/HTTP/CURLRequest.php(821): CodeIgniter\HTTP\Exceptions\HTTPException::forCurlError('22', 'The requested U...')
#1 /home/rizcky/git/project.asman/engine/HTTP/CURLRequest.php(449): CodeIgniter\HTTP\CURLRequest->sendRequest(Array)
#2 /home/rizcky/git/project.asman/engine/HTTP/CURLRequest.php(158): CodeIgniter\HTTP\CURLRequest->send('put', 'http://localhos...')
#3 /home/rizcky/git/project.asman/engine/HTTP/CURLRequest.php(265): CodeIgniter\HTTP\CURLRequest->request('put', 'http://localhos...', Array)
#4 /home/rizcky/git/project.asman/server/core/Controllers/Dashboard.php(150): CodeIgniter\HTTP\CURLRequest->put('http://localhos...', Array)
#5 /home/rizcky/git/project.asman/engine/CodeIgniter.php(918): App\Controllers\Dashboard->services()
#6 /home/rizcky/git/project.asman/engine/CodeIgniter.php(404): CodeIgniter\CodeIgniter->runController(Object(App\Controllers\Dashboard))
#7 /home/rizcky/git/project.asman/engine/CodeIgniter.php(312): CodeIgniter\CodeIgniter->handleRequest(NULL, Object(Config\Cache), false)
#8 /home/rizcky/git/project.asman/server/public/index.php(44): CodeIgniter\CodeIgniter->run()
#9 {main}
CRITICAL - 2020-07-16 12:05:02 --> Undefined index: input-new-clientid
#0 /home/rizcky/git/project.asman/server/core/Controllers/ServerRequest.php(65): CodeIgniter\Debug\Exceptions->errorHandler(8, 'Undefined index...', '/home/rizcky/gi...', 65, Array)
#1 /home/rizcky/git/project.asman/server/core/Controllers/ServerRequest.php(210): App\Controllers\ServerRequest->createNewClient()
#2 /home/rizcky/git/project.asman/engine/CodeIgniter.php(918): App\Controllers\ServerRequest->index()
#3 /home/rizcky/git/project.asman/engine/CodeIgniter.php(404): CodeIgniter\CodeIgniter->runController(Object(App\Controllers\ServerRequest))
#4 /home/rizcky/git/project.asman/engine/CodeIgniter.php(312): CodeIgniter\CodeIgniter->handleRequest(NULL, Object(Config\Cache), false)
#5 /home/rizcky/git/project.asman/server/public/index.php(44): CodeIgniter\CodeIgniter->run()
#6 {main}
CRITICAL - 2020-07-16 12:05:02 --> 22 : The requested URL returned error: 500 Internal Server Error
#0 /home/rizcky/git/project.asman/engine/HTTP/CURLRequest.php(821): CodeIgniter\HTTP\Exceptions\HTTPException::forCurlError('22', 'The requested U...')
#1 /home/rizcky/git/project.asman/engine/HTTP/CURLRequest.php(449): CodeIgniter\HTTP\CURLRequest->sendRequest(Array)
#2 /home/rizcky/git/project.asman/engine/HTTP/CURLRequest.php(158): CodeIgniter\HTTP\CURLRequest->send('put', 'http://localhos...')
#3 /home/rizcky/git/project.asman/engine/HTTP/CURLRequest.php(265): CodeIgniter\HTTP\CURLRequest->request('put', 'http://localhos...', Array)
#4 /home/rizcky/git/project.asman/server/core/Controllers/Dashboard.php(150): CodeIgniter\HTTP\CURLRequest->put('http://localhos...', Array)
#5 /home/rizcky/git/project.asman/engine/CodeIgniter.php(918): App\Controllers\Dashboard->services()
#6 /home/rizcky/git/project.asman/engine/CodeIgniter.php(404): CodeIgniter\CodeIgniter->runController(Object(App\Controllers\Dashboard))
#7 /home/rizcky/git/project.asman/engine/CodeIgniter.php(312): CodeIgniter\CodeIgniter->handleRequest(NULL, Object(Config\Cache), false)
#8 /home/rizcky/git/project.asman/server/public/index.php(44): CodeIgniter\CodeIgniter->run()
#9 {main}
CRITICAL - 2020-07-16 12:05:12 --> Undefined index: input-new-clientid
#0 /home/rizcky/git/project.asman/server/core/Controllers/ServerRequest.php(65): CodeIgniter\Debug\Exceptions->errorHandler(8, 'Undefined index...', '/home/rizcky/gi...', 65, Array)
#1 /home/rizcky/git/project.asman/server/core/Controllers/ServerRequest.php(210): App\Controllers\ServerRequest->createNewClient()
#2 /home/rizcky/git/project.asman/engine/CodeIgniter.php(918): App\Controllers\ServerRequest->index()
#3 /home/rizcky/git/project.asman/engine/CodeIgniter.php(404): CodeIgniter\CodeIgniter->runController(Object(App\Controllers\ServerRequest))
#4 /home/rizcky/git/project.asman/engine/CodeIgniter.php(312): CodeIgniter\CodeIgniter->handleRequest(NULL, Object(Config\Cache), false)
#5 /home/rizcky/git/project.asman/server/public/index.php(44): CodeIgniter\CodeIgniter->run()
#6 {main}
CRITICAL - 2020-07-16 12:05:12 --> 22 : The requested URL returned error: 500 Internal Server Error
#0 /home/rizcky/git/project.asman/engine/HTTP/CURLRequest.php(821): CodeIgniter\HTTP\Exceptions\HTTPException::forCurlError('22', 'The requested U...')
#1 /home/rizcky/git/project.asman/engine/HTTP/CURLRequest.php(449): CodeIgniter\HTTP\CURLRequest->sendRequest(Array)
#2 /home/rizcky/git/project.asman/engine/HTTP/CURLRequest.php(158): CodeIgniter\HTTP\CURLRequest->send('put', 'http://localhos...')
#3 /home/rizcky/git/project.asman/engine/HTTP/CURLRequest.php(265): CodeIgniter\HTTP\CURLRequest->request('put', 'http://localhos...', Array)
#4 /home/rizcky/git/project.asman/server/core/Controllers/Dashboard.php(150): CodeIgniter\HTTP\CURLRequest->put('http://localhos...', Array)
#5 /home/rizcky/git/project.asman/engine/CodeIgniter.php(918): App\Controllers\Dashboard->services()
#6 /home/rizcky/git/project.asman/engine/CodeIgniter.php(404): CodeIgniter\CodeIgniter->runController(Object(App\Controllers\Dashboard))
#7 /home/rizcky/git/project.asman/engine/CodeIgniter.php(312): CodeIgniter\CodeIgniter->handleRequest(NULL, Object(Config\Cache), false)
#8 /home/rizcky/git/project.asman/server/public/index.php(44): CodeIgniter\CodeIgniter->run()
#9 {main}
CRITICAL - 2020-07-16 14:09:57 --> syntax error, unexpected 'view' (T_STRING)
#0 /home/rizcky/git/project.asman/engine/Autoloader/Autoloader.php(296): CodeIgniter\Autoloader\Autoloader->requireFile('/home/rizcky/gi...')
#1 /home/rizcky/git/project.asman/engine/Autoloader/Autoloader.php(258): CodeIgniter\Autoloader\Autoloader->loadInNamespace('App\\Controllers...')
#2 [internal function]: CodeIgniter\Autoloader\Autoloader->loadClass('App\\Controllers...')
#3 [internal function]: spl_autoload_call('App\\Controllers...')
#4 /home/rizcky/git/project.asman/engine/CodeIgniter.php(869): class_exists('\\App\\Controller...', true)
#5 /home/rizcky/git/project.asman/engine/CodeIgniter.php(394): CodeIgniter\CodeIgniter->startController()
#6 /home/rizcky/git/project.asman/engine/CodeIgniter.php(312): CodeIgniter\CodeIgniter->handleRequest(NULL, Object(Config\Cache), false)
#7 /home/rizcky/git/project.asman/server/public/index.php(44): CodeIgniter\CodeIgniter->run()
#8 {main}
CRITICAL - 2020-07-16 14:10:34 --> syntax error, unexpected 'view' (T_STRING)
#0 /home/rizcky/git/project.asman/engine/Autoloader/Autoloader.php(296): CodeIgniter\Autoloader\Autoloader->requireFile('/home/rizcky/gi...')
#1 /home/rizcky/git/project.asman/engine/Autoloader/Autoloader.php(258): CodeIgniter\Autoloader\Autoloader->loadInNamespace('App\\Controllers...')
#2 [internal function]: CodeIgniter\Autoloader\Autoloader->loadClass('App\\Controllers...')
#3 [internal function]: spl_autoload_call('App\\Controllers...')
#4 /home/rizcky/git/project.asman/engine/CodeIgniter.php(869): class_exists('\\App\\Controller...', true)
#5 /home/rizcky/git/project.asman/engine/CodeIgniter.php(394): CodeIgniter\CodeIgniter->startController()
#6 /home/rizcky/git/project.asman/engine/CodeIgniter.php(312): CodeIgniter\CodeIgniter->handleRequest(NULL, Object(Config\Cache), false)
#7 /home/rizcky/git/project.asman/server/public/index.php(44): CodeIgniter\CodeIgniter->run()
#8 {main}
CRITICAL - 2020-07-16 14:10:59 --> syntax error, unexpected 'view' (T_STRING)
#0 /home/rizcky/git/project.asman/engine/Autoloader/Autoloader.php(296): CodeIgniter\Autoloader\Autoloader->requireFile('/home/rizcky/gi...')
#1 /home/rizcky/git/project.asman/engine/Autoloader/Autoloader.php(258): CodeIgniter\Autoloader\Autoloader->loadInNamespace('App\\Controllers...')
#2 [internal function]: CodeIgniter\Autoloader\Autoloader->loadClass('App\\Controllers...')
#3 [internal function]: spl_autoload_call('App\\Controllers...')
#4 /home/rizcky/git/project.asman/engine/CodeIgniter.php(869): class_exists('\\App\\Controller...', true)
#5 /home/rizcky/git/project.asman/engine/CodeIgniter.php(394): CodeIgniter\CodeIgniter->startController()
#6 /home/rizcky/git/project.asman/engine/CodeIgniter.php(312): CodeIgniter\CodeIgniter->handleRequest(NULL, Object(Config\Cache), false)
#7 /home/rizcky/git/project.asman/server/public/index.php(44): CodeIgniter\CodeIgniter->run()
#8 {main}
CRITICAL - 2020-07-16 14:11:18 --> Undefined variable: clientInfos
#0 /home/rizcky/git/project.asman/server/core/Views/dashboard.php(329): CodeIgniter\Debug\Exceptions->errorHandler(8, 'Undefined varia...', '/home/rizcky/gi...', 329, Array)
#1 /home/rizcky/git/project.asman/engine/View/View.php(246): include('/home/rizcky/gi...')
#2 /home/rizcky/git/project.asman/engine/Common.php(1119): CodeIgniter\View\View->render('dashboard', Array, true)
#3 /home/rizcky/git/project.asman/server/core/Controllers/Dashboard.php(87): view('dashboard', Array)
#4 /home/rizcky/git/project.asman/engine/CodeIgniter.php(918): App\Controllers\Dashboard->index()
#5 /home/rizcky/git/project.asman/engine/CodeIgniter.php(404): CodeIgniter\CodeIgniter->runController(Object(App\Controllers\Dashboard))
#6 /home/rizcky/git/project.asman/engine/CodeIgniter.php(312): CodeIgniter\CodeIgniter->handleRequest(NULL, Object(Config\Cache), false)
#7 /home/rizcky/git/project.asman/server/public/index.php(44): CodeIgniter\CodeIgniter->run()
#8 {main}
CRITICAL - 2020-07-16 14:11:35 --> Undefined variable: clientInfos
#0 /home/rizcky/git/project.asman/server/core/Views/dashboard.php(329): CodeIgniter\Debug\Exceptions->errorHandler(8, 'Undefined varia...', '/home/rizcky/gi...', 329, Array)
#1 /home/rizcky/git/project.asman/engine/View/View.php(246): include('/home/rizcky/gi...')
#2 /home/rizcky/git/project.asman/engine/Common.php(1119): CodeIgniter\View\View->render('dashboard', Array, true)
#3 /home/rizcky/git/project.asman/server/core/Controllers/Dashboard.php(87): view('dashboard', Array)
#4 /home/rizcky/git/project.asman/engine/CodeIgniter.php(918): App\Controllers\Dashboard->index()
#5 /home/rizcky/git/project.asman/engine/CodeIgniter.php(404): CodeIgniter\CodeIgniter->runController(Object(App\Controllers\Dashboard))
#6 /home/rizcky/git/project.asman/engine/CodeIgniter.php(312): CodeIgniter\CodeIgniter->handleRequest(NULL, Object(Config\Cache), false)
#7 /home/rizcky/git/project.asman/server/public/index.php(44): CodeIgniter\CodeIgniter->run()
#8 {main}
CRITICAL - 2020-07-16 14:11:57 --> Undefined variable: clientInfos
#0 /home/rizcky/git/project.asman/server/core/Views/dashboard.php(329): CodeIgniter\Debug\Exceptions->errorHandler(8, 'Undefined varia...', '/home/rizcky/gi...', 329, Array)
#1 /home/rizcky/git/project.asman/engine/View/View.php(246): include('/home/rizcky/gi...')
#2 /home/rizcky/git/project.asman/engine/Common.php(1119): CodeIgniter\View\View->render('dashboard', Array, true)
#3 /home/rizcky/git/project.asman/server/core/Controllers/Dashboard.php(87): view('dashboard', Array)
#4 /home/rizcky/git/project.asman/engine/CodeIgniter.php(918): App\Controllers\Dashboard->index()
#5 /home/rizcky/git/project.asman/engine/CodeIgniter.php(404): CodeIgniter\CodeIgniter->runController(Object(App\Controllers\Dashboard))
#6 /home/rizcky/git/project.asman/engine/CodeIgniter.php(312): CodeIgniter\CodeIgniter->handleRequest(NULL, Object(Config\Cache), false)
#7 /home/rizcky/git/project.asman/server/public/index.php(44): CodeIgniter\CodeIgniter->run()
#8 {main}
CRITICAL - 2020-07-16 14:12:17 --> Undefined variable: clientInfos
#0 /home/rizcky/git/project.asman/server/core/Views/dashboard.php(329): CodeIgniter\Debug\Exceptions->errorHandler(8, 'Undefined varia...', '/home/rizcky/gi...', 329, Array)
#1 /home/rizcky/git/project.asman/engine/View/View.php(246): include('/home/rizcky/gi...')
#2 /home/rizcky/git/project.asman/engine/Common.php(1119): CodeIgniter\View\View->render('dashboard', Array, true)
#3 /home/rizcky/git/project.asman/server/core/Controllers/Dashboard.php(87): view('dashboard', Array)
#4 /home/rizcky/git/project.asman/engine/CodeIgniter.php(918): App\Controllers\Dashboard->index()
#5 /home/rizcky/git/project.asman/engine/CodeIgniter.php(404): CodeIgniter\CodeIgniter->runController(Object(App\Controllers\Dashboard))
#6 /home/rizcky/git/project.asman/engine/CodeIgniter.php(312): CodeIgniter\CodeIgniter->handleRequest(NULL, Object(Config\Cache), false)
#7 /home/rizcky/git/project.asman/server/public/index.php(44): CodeIgniter\CodeIgniter->run()
#8 {main}
CRITICAL - 2020-07-16 14:12:48 --> syntax error, unexpected ')'
#0 /home/rizcky/git/project.asman/engine/Common.php(1119): CodeIgniter\View\View->render('dashboard', Array, true)
#1 /home/rizcky/git/project.asman/server/core/Controllers/Dashboard.php(87): view('dashboard', Array)
#2 /home/rizcky/git/project.asman/engine/CodeIgniter.php(918): App\Controllers\Dashboard->index()
#3 /home/rizcky/git/project.asman/engine/CodeIgniter.php(404): CodeIgniter\CodeIgniter->runController(Object(App\Controllers\Dashboard))
#4 /home/rizcky/git/project.asman/engine/CodeIgniter.php(312): CodeIgniter\CodeIgniter->handleRequest(NULL, Object(Config\Cache), false)
#5 /home/rizcky/git/project.asman/server/public/index.php(44): CodeIgniter\CodeIgniter->run()
#6 {main}
CRITICAL - 2020-07-16 14:13:01 --> Undefined variable: clientInfos
#0 /home/rizcky/git/project.asman/server/core/Views/dashboard.php(329): CodeIgniter\Debug\Exceptions->errorHandler(8, 'Undefined varia...', '/home/rizcky/gi...', 329, Array)
#1 /home/rizcky/git/project.asman/engine/View/View.php(246): include('/home/rizcky/gi...')
#2 /home/rizcky/git/project.asman/engine/Common.php(1119): CodeIgniter\View\View->render('dashboard', Array, true)
#3 /home/rizcky/git/project.asman/server/core/Controllers/Dashboard.php(87): view('dashboard', Array)
#4 /home/rizcky/git/project.asman/engine/CodeIgniter.php(918): App\Controllers\Dashboard->index()
#5 /home/rizcky/git/project.asman/engine/CodeIgniter.php(404): CodeIgniter\CodeIgniter->runController(Object(App\Controllers\Dashboard))
#6 /home/rizcky/git/project.asman/engine/CodeIgniter.php(312): CodeIgniter\CodeIgniter->handleRequest(NULL, Object(Config\Cache), false)
#7 /home/rizcky/git/project.asman/server/public/index.php(44): CodeIgniter\CodeIgniter->run()
#8 {main}
CRITICAL - 2020-07-16 14:13:07 --> Undefined variable: clientInfos
#0 /home/rizcky/git/project.asman/server/core/Views/dashboard.php(329): CodeIgniter\Debug\Exceptions->errorHandler(8, 'Undefined varia...', '/home/rizcky/gi...', 329, Array)
#1 /home/rizcky/git/project.asman/engine/View/View.php(246): include('/home/rizcky/gi...')
#2 /home/rizcky/git/project.asman/engine/Common.php(1119): CodeIgniter\View\View->render('dashboard', Array, true)
#3 /home/rizcky/git/project.asman/server/core/Controllers/Dashboard.php(87): view('dashboard', Array)
#4 /home/rizcky/git/project.asman/engine/CodeIgniter.php(918): App\Controllers\Dashboard->index()
#5 /home/rizcky/git/project.asman/engine/CodeIgniter.php(404): CodeIgniter\CodeIgniter->runController(Object(App\Controllers\Dashboard))
#6 /home/rizcky/git/project.asman/engine/CodeIgniter.php(312): CodeIgniter\CodeIgniter->handleRequest(NULL, Object(Config\Cache), false)
#7 /home/rizcky/git/project.asman/server/public/index.php(44): CodeIgniter\CodeIgniter->run()
#8 {main}
CRITICAL - 2020-07-16 14:13:12 --> Undefined variable: clientInfos
#0 /home/rizcky/git/project.asman/server/core/Views/dashboard.php(329): CodeIgniter\Debug\Exceptions->errorHandler(8, 'Undefined varia...', '/home/rizcky/gi...', 329, Array)
#1 /home/rizcky/git/project.asman/engine/View/View.php(246): include('/home/rizcky/gi...')
#2 /home/rizcky/git/project.asman/engine/Common.php(1119): CodeIgniter\View\View->render('dashboard', Array, true)
#3 /home/rizcky/git/project.asman/server/core/Controllers/Dashboard.php(87): view('dashboard', Array)
#4 /home/rizcky/git/project.asman/engine/CodeIgniter.php(918): App\Controllers\Dashboard->index()
#5 /home/rizcky/git/project.asman/engine/CodeIgniter.php(404): CodeIgniter\CodeIgniter->runController(Object(App\Controllers\Dashboard))
#6 /home/rizcky/git/project.asman/engine/CodeIgniter.php(312): CodeIgniter\CodeIgniter->handleRequest(NULL, Object(Config\Cache), false)
#7 /home/rizcky/git/project.asman/server/public/index.php(44): CodeIgniter\CodeIgniter->run()
#8 {main}
CRITICAL - 2020-07-16 15:41:49 --> Illegal string offset 'status'
#0 /home/rizcky/git/project.asman/server/core/Controllers/Dashboard.php(35): CodeIgniter\Debug\Exceptions->errorHandler(2, 'Illegal string ...', '/home/rizcky/gi...', 35, Array)
#1 /home/rizcky/git/project.asman/server/core/Controllers/Dashboard.php(97): App\Controllers\Dashboard->getClientInfos()
#2 /home/rizcky/git/project.asman/engine/CodeIgniter.php(918): App\Controllers\Dashboard->index()
#3 /home/rizcky/git/project.asman/engine/CodeIgniter.php(404): CodeIgniter\CodeIgniter->runController(Object(App\Controllers\Dashboard))
#4 /home/rizcky/git/project.asman/engine/CodeIgniter.php(312): CodeIgniter\CodeIgniter->handleRequest(NULL, Object(Config\Cache), false)
#5 /home/rizcky/git/project.asman/server/public/index.php(44): CodeIgniter\CodeIgniter->run()
#6 {main}
CRITICAL - 2020-07-16 15:42:53 --> Array to string conversion
#0 /home/rizcky/git/project.asman/server/core/Views/dashboard.php(333): CodeIgniter\Debug\Exceptions->errorHandler(8, 'Array to string...', '/home/rizcky/gi...', 333, Array)
#1 /home/rizcky/git/project.asman/engine/View/View.php(246): include('/home/rizcky/gi...')
#2 /home/rizcky/git/project.asman/engine/Common.php(1119): CodeIgniter\View\View->render('dashboard', Array, true)
#3 /home/rizcky/git/project.asman/server/core/Controllers/Dashboard.php(100): view('dashboard', Array)
#4 /home/rizcky/git/project.asman/engine/CodeIgniter.php(918): App\Controllers\Dashboard->index()
#5 /home/rizcky/git/project.asman/engine/CodeIgniter.php(404): CodeIgniter\CodeIgniter->runController(Object(App\Controllers\Dashboard))
#6 /home/rizcky/git/project.asman/engine/CodeIgniter.php(312): CodeIgniter\CodeIgniter->handleRequest(NULL, Object(Config\Cache), false)
#7 /home/rizcky/git/project.asman/server/public/index.php(44): CodeIgniter\CodeIgniter->run()
#8 {main}
CRITICAL - 2020-07-16 15:46:51 --> count(): Parameter must be an array or an object that implements Countable
#0 /home/rizcky/git/project.asman/server/core/Views/dashboard.php(329): CodeIgniter\Debug\Exceptions->errorHandler(2, 'count(): Parame...', '/home/rizcky/gi...', 329, Array)
#1 /home/rizcky/git/project.asman/engine/View/View.php(246): include('/home/rizcky/gi...')
#2 /home/rizcky/git/project.asman/engine/Common.php(1119): CodeIgniter\View\View->render('dashboard', Array, true)
#3 /home/rizcky/git/project.asman/server/core/Controllers/Dashboard.php(94): view('dashboard', Array)
#4 /home/rizcky/git/project.asman/engine/CodeIgniter.php(918): App\Controllers\Dashboard->index()
#5 /home/rizcky/git/project.asman/engine/CodeIgniter.php(404): CodeIgniter\CodeIgniter->runController(Object(App\Controllers\Dashboard))
#6 /home/rizcky/git/project.asman/engine/CodeIgniter.php(312): CodeIgniter\CodeIgniter->handleRequest(NULL, Object(Config\Cache), false)
#7 /home/rizcky/git/project.asman/server/public/index.php(44): CodeIgniter\CodeIgniter->run()
#8 {main}
CRITICAL - 2020-07-16 15:50:10 --> count(): Parameter must be an array or an object that implements Countable
#0 /home/rizcky/git/project.asman/server/core/Views/dashboard.php(329): CodeIgniter\Debug\Exceptions->errorHandler(2, 'count(): Parame...', '/home/rizcky/gi...', 329, Array)
#1 /home/rizcky/git/project.asman/engine/View/View.php(246): include('/home/rizcky/gi...')
#2 /home/rizcky/git/project.asman/engine/Common.php(1119): CodeIgniter\View\View->render('dashboard', Array, true)
#3 /home/rizcky/git/project.asman/server/core/Controllers/Dashboard.php(94): view('dashboard', Array)
#4 /home/rizcky/git/project.asman/engine/CodeIgniter.php(918): App\Controllers\Dashboard->index()
#5 /home/rizcky/git/project.asman/engine/CodeIgniter.php(404): CodeIgniter\CodeIgniter->runController(Object(App\Controllers\Dashboard))
#6 /home/rizcky/git/project.asman/engine/CodeIgniter.php(312): CodeIgniter\CodeIgniter->handleRequest(NULL, Object(Config\Cache), false)
#7 /home/rizcky/git/project.asman/server/public/index.php(44): CodeIgniter\CodeIgniter->run()
#8 {main}
CRITICAL - 2020-07-16 16:01:26 --> count(): Parameter must be an array or an object that implements Countable
#0 /home/rizcky/git/project.asman/server/core/Views/dashboard.php(329): CodeIgniter\Debug\Exceptions->errorHandler(2, 'count(): Parame...', '/home/rizcky/gi...', 329, Array)
#1 /home/rizcky/git/project.asman/engine/View/View.php(246): include('/home/rizcky/gi...')
#2 /home/rizcky/git/project.asman/engine/Common.php(1119): CodeIgniter\View\View->render('dashboard', Array, true)
#3 /home/rizcky/git/project.asman/server/core/Controllers/Dashboard.php(94): view('dashboard', Array)
#4 /home/rizcky/git/project.asman/engine/CodeIgniter.php(918): App\Controllers\Dashboard->index()
#5 /home/rizcky/git/project.asman/engine/CodeIgniter.php(404): CodeIgniter\CodeIgniter->runController(Object(App\Controllers\Dashboard))
#6 /home/rizcky/git/project.asman/engine/CodeIgniter.php(312): CodeIgniter\CodeIgniter->handleRequest(NULL, Object(Config\Cache), false)
#7 /home/rizcky/git/project.asman/server/public/index.php(44): CodeIgniter\CodeIgniter->run()
#8 {main}
CRITICAL - 2020-07-16 16:01:29 --> count(): Parameter must be an array or an object that implements Countable
#0 /home/rizcky/git/project.asman/server/core/Views/dashboard.php(329): CodeIgniter\Debug\Exceptions->errorHandler(2, 'count(): Parame...', '/home/rizcky/gi...', 329, Array)
#1 /home/rizcky/git/project.asman/engine/View/View.php(246): include('/home/rizcky/gi...')
#2 /home/rizcky/git/project.asman/engine/Common.php(1119): CodeIgniter\View\View->render('dashboard', Array, true)
#3 /home/rizcky/git/project.asman/server/core/Controllers/Dashboard.php(94): view('dashboard', Array)
#4 /home/rizcky/git/project.asman/engine/CodeIgniter.php(918): App\Controllers\Dashboard->index()
#5 /home/rizcky/git/project.asman/engine/CodeIgniter.php(404): CodeIgniter\CodeIgniter->runController(Object(App\Controllers\Dashboard))
#6 /home/rizcky/git/project.asman/engine/CodeIgniter.php(312): CodeIgniter\CodeIgniter->handleRequest(NULL, Object(Config\Cache), false)
#7 /home/rizcky/git/project.asman/server/public/index.php(44): CodeIgniter\CodeIgniter->run()
#8 {main}
CRITICAL - 2020-07-16 16:01:41 --> count(): Parameter must be an array or an object that implements Countable
#0 /home/rizcky/git/project.asman/server/core/Views/dashboard.php(329): CodeIgniter\Debug\Exceptions->errorHandler(2, 'count(): Parame...', '/home/rizcky/gi...', 329, Array)
#1 /home/rizcky/git/project.asman/engine/View/View.php(246): include('/home/rizcky/gi...')
#2 /home/rizcky/git/project.asman/engine/Common.php(1119): CodeIgniter\View\View->render('dashboard', Array, true)
#3 /home/rizcky/git/project.asman/server/core/Controllers/Dashboard.php(94): view('dashboard', Array)
#4 /home/rizcky/git/project.asman/engine/CodeIgniter.php(918): App\Controllers\Dashboard->index()
#5 /home/rizcky/git/project.asman/engine/CodeIgniter.php(404): CodeIgniter\CodeIgniter->runController(Object(App\Controllers\Dashboard))
#6 /home/rizcky/git/project.asman/engine/CodeIgniter.php(312): CodeIgniter\CodeIgniter->handleRequest(NULL, Object(Config\Cache), false)
#7 /home/rizcky/git/project.asman/server/public/index.php(44): CodeIgniter\CodeIgniter->run()
#8 {main}
CRITICAL - 2020-07-16 16:02:52 --> Undefined variable: idx
#0 /home/rizcky/git/project.asman/server/core/Controllers/ServerRequest.php(128): CodeIgniter\Debug\Exceptions->errorHandler(8, 'Undefined varia...', '/home/rizcky/gi...', 128, Array)
#1 /home/rizcky/git/project.asman/server/core/Controllers/ServerRequest.php(235): App\Controllers\ServerRequest->getClientList()
#2 /home/rizcky/git/project.asman/engine/CodeIgniter.php(918): App\Controllers\ServerRequest->index()
#3 /home/rizcky/git/project.asman/engine/CodeIgniter.php(404): CodeIgniter\CodeIgniter->runController(Object(App\Controllers\ServerRequest))
#4 /home/rizcky/git/project.asman/engine/CodeIgniter.php(312): CodeIgniter\CodeIgniter->handleRequest(NULL, Object(Config\Cache), false)
#5 /home/rizcky/git/project.asman/server/public/index.php(44): CodeIgniter\CodeIgniter->run()
#6 {main}
CRITICAL - 2020-07-16 16:02:52 --> 22 : The requested URL returned error: 500 Internal Server Error
#0 /home/rizcky/git/project.asman/engine/HTTP/CURLRequest.php(821): CodeIgniter\HTTP\Exceptions\HTTPException::forCurlError('22', 'The requested U...')
#1 /home/rizcky/git/project.asman/engine/HTTP/CURLRequest.php(449): CodeIgniter\HTTP\CURLRequest->sendRequest(Array)
#2 /home/rizcky/git/project.asman/engine/HTTP/CURLRequest.php(158): CodeIgniter\HTTP\CURLRequest->send('put', 'http://localhos...')
#3 /home/rizcky/git/project.asman/engine/HTTP/CURLRequest.php(265): CodeIgniter\HTTP\CURLRequest->request('put', 'http://localhos...', Array)
#4 /home/rizcky/git/project.asman/server/core/Controllers/Dashboard.php(34): CodeIgniter\HTTP\CURLRequest->put('http://localhos...', Array)
#5 /home/rizcky/git/project.asman/server/core/Controllers/Dashboard.php(98): App\Controllers\Dashboard->getClientInfos()
#6 /home/rizcky/git/project.asman/engine/CodeIgniter.php(918): App\Controllers\Dashboard->index()
#7 /home/rizcky/git/project.asman/engine/CodeIgniter.php(404): CodeIgniter\CodeIgniter->runController(Object(App\Controllers\Dashboard))
#8 /home/rizcky/git/project.asman/engine/CodeIgniter.php(312): CodeIgniter\CodeIgniter->handleRequest(NULL, Object(Config\Cache), false)
#9 /home/rizcky/git/project.asman/server/public/index.php(44): CodeIgniter\CodeIgniter->run()
#10 {main}
CRITICAL - 2020-07-16 16:03:12 --> Cannot use object of type CodeIgniter\HTTP\Response as array
#0 /home/rizcky/git/project.asman/server/core/Controllers/Dashboard.php(98): App\Controllers\Dashboard->getClientInfos()
#1 /home/rizcky/git/project.asman/engine/CodeIgniter.php(918): App\Controllers\Dashboard->index()
#2 /home/rizcky/git/project.asman/engine/CodeIgniter.php(404): CodeIgniter\CodeIgniter->runController(Object(App\Controllers\Dashboard))
#3 /home/rizcky/git/project.asman/engine/CodeIgniter.php(312): CodeIgniter\CodeIgniter->handleRequest(NULL, Object(Config\Cache), false)
#4 /home/rizcky/git/project.asman/server/public/index.php(44): CodeIgniter\CodeIgniter->run()
#5 {main}
CRITICAL - 2020-07-16 16:03:44 --> Undefined index: status
#0 /home/rizcky/git/project.asman/server/core/Controllers/Dashboard.php(36): CodeIgniter\Debug\Exceptions->errorHandler(8, 'Undefined index...', '/home/rizcky/gi...', 36, Array)
#1 /home/rizcky/git/project.asman/server/core/Controllers/Dashboard.php(99): App\Controllers\Dashboard->getClientInfos()
#2 /home/rizcky/git/project.asman/engine/CodeIgniter.php(918): App\Controllers\Dashboard->index()
#3 /home/rizcky/git/project.asman/engine/CodeIgniter.php(404): CodeIgniter\CodeIgniter->runController(Object(App\Controllers\Dashboard))
#4 /home/rizcky/git/project.asman/engine/CodeIgniter.php(312): CodeIgniter\CodeIgniter->handleRequest(NULL, Object(Config\Cache), false)
#5 /home/rizcky/git/project.asman/server/public/index.php(44): CodeIgniter\CodeIgniter->run()
#6 {main}
CRITICAL - 2020-07-16 16:03:52 --> Undefined index: status
#0 /home/rizcky/git/project.asman/server/core/Controllers/Dashboard.php(37): CodeIgniter\Debug\Exceptions->errorHandler(8, 'Undefined index...', '/home/rizcky/gi...', 37, Array)
#1 /home/rizcky/git/project.asman/server/core/Controllers/Dashboard.php(100): App\Controllers\Dashboard->getClientInfos()
#2 /home/rizcky/git/project.asman/engine/CodeIgniter.php(918): App\Controllers\Dashboard->index()
#3 /home/rizcky/git/project.asman/engine/CodeIgniter.php(404): CodeIgniter\CodeIgniter->runController(Object(App\Controllers\Dashboard))
#4 /home/rizcky/git/project.asman/engine/CodeIgniter.php(312): CodeIgniter\CodeIgniter->handleRequest(NULL, Object(Config\Cache), false)
#5 /home/rizcky/git/project.asman/server/public/index.php(44): CodeIgniter\CodeIgniter->run()
#6 {main}
CRITICAL - 2020-07-16 16:06:11 --> Undefined index: status
#0 /home/rizcky/git/project.asman/server/core/Controllers/Dashboard.php(37): CodeIgniter\Debug\Exceptions->errorHandler(8, 'Undefined index...', '/home/rizcky/gi...', 37, Array)
#1 /home/rizcky/git/project.asman/server/core/Controllers/Dashboard.php(100): App\Controllers\Dashboard->getClientInfos()
#2 /home/rizcky/git/project.asman/engine/CodeIgniter.php(918): App\Controllers\Dashboard->index()
#3 /home/rizcky/git/project.asman/engine/CodeIgniter.php(404): CodeIgniter\CodeIgniter->runController(Object(App\Controllers\Dashboard))
#4 /home/rizcky/git/project.asman/engine/CodeIgniter.php(312): CodeIgniter\CodeIgniter->handleRequest(NULL, Object(Config\Cache), false)
#5 /home/rizcky/git/project.asman/server/public/index.php(44): CodeIgniter\CodeIgniter->run()
#6 {main}
CRITICAL - 2020-07-16 16:06:25 --> Trying to access array offset on value of type int
#0 /home/rizcky/git/project.asman/server/core/Controllers/Dashboard.php(37): CodeIgniter\Debug\Exceptions->errorHandler(8, 'Trying to acces...', '/home/rizcky/gi...', 37, Array)
#1 /home/rizcky/git/project.asman/server/core/Controllers/Dashboard.php(100): App\Controllers\Dashboard->getClientInfos()
#2 /home/rizcky/git/project.asman/engine/CodeIgniter.php(918): App\Controllers\Dashboard->index()
#3 /home/rizcky/git/project.asman/engine/CodeIgniter.php(404): CodeIgniter\CodeIgniter->runController(Object(App\Controllers\Dashboard))
#4 /home/rizcky/git/project.asman/engine/CodeIgniter.php(312): CodeIgniter\CodeIgniter->handleRequest(NULL, Object(Config\Cache), false)
#5 /home/rizcky/git/project.asman/server/public/index.php(44): CodeIgniter\CodeIgniter->run()
#6 {main}
CRITICAL - 2020-07-16 16:08:57 --> Array to string conversion
#0 /home/rizcky/git/project.asman/server/core/Views/dashboard.php(333): CodeIgniter\Debug\Exceptions->errorHandler(8, 'Array to string...', '/home/rizcky/gi...', 333, Array)
#1 /home/rizcky/git/project.asman/engine/View/View.php(246): include('/home/rizcky/gi...')
#2 /home/rizcky/git/project.asman/engine/Common.php(1119): CodeIgniter\View\View->render('dashboard', Array, true)
#3 /home/rizcky/git/project.asman/server/core/Controllers/Dashboard.php(101): view('dashboard', Array)
#4 /home/rizcky/git/project.asman/engine/CodeIgniter.php(918): App\Controllers\Dashboard->index()
#5 /home/rizcky/git/project.asman/engine/CodeIgniter.php(404): CodeIgniter\CodeIgniter->runController(Object(App\Controllers\Dashboard))
#6 /home/rizcky/git/project.asman/engine/CodeIgniter.php(312): CodeIgniter\CodeIgniter->handleRequest(NULL, Object(Config\Cache), false)
#7 /home/rizcky/git/project.asman/server/public/index.php(44): CodeIgniter\CodeIgniter->run()
#8 {main}
CRITICAL - 2020-07-16 16:11:28 --> A non well formed numeric value encountered
#0 [internal function]: CodeIgniter\Debug\Exceptions->errorHandler(8, 'A non well form...', '/home/rizcky/gi...', 333, Array)
#1 /home/rizcky/git/project.asman/server/core/Views/dashboard.php(333): date('d-m-Y', '2020-07-16 15:4...')
#2 /home/rizcky/git/project.asman/engine/View/View.php(246): include('/home/rizcky/gi...')
#3 /home/rizcky/git/project.asman/engine/Common.php(1119): CodeIgniter\View\View->render('dashboard', Array, true)
#4 /home/rizcky/git/project.asman/server/core/Controllers/Dashboard.php(101): view('dashboard', Array)
#5 /home/rizcky/git/project.asman/engine/CodeIgniter.php(918): App\Controllers\Dashboard->index()
#6 /home/rizcky/git/project.asman/engine/CodeIgniter.php(404): CodeIgniter\CodeIgniter->runController(Object(App\Controllers\Dashboard))
#7 /home/rizcky/git/project.asman/engine/CodeIgniter.php(312): CodeIgniter\CodeIgniter->handleRequest(NULL, Object(Config\Cache), false)
#8 /home/rizcky/git/project.asman/server/public/index.php(44): CodeIgniter\CodeIgniter->run()
#9 {main}
