CRITICAL - 2021-10-22 09:51:41 --> unlink(/home/fmkiddo/git/project.alcentrali/writable/debugbar/debugbar_1634743770.json): No such file or directory
#0 [internal function]: CodeIgniter\Debug\Exceptions->errorHandler(2, 'unlink(/home/fm...', '/home/fmkiddo/g...', 106, Array)
#1 /home/fmkiddo/git/project.alcentrali/engine/Debug/Toolbar/Collectors/History.php(106): unlink('/home/fmkiddo/g...')
#2 /home/fmkiddo/git/project.alcentrali/engine/Debug/Toolbar.php(483): CodeIgniter\Debug\Toolbar\Collectors\History->setFiles(1634743826, 20)
#3 /home/fmkiddo/git/project.alcentrali/engine/Debug/Toolbar.php(455): CodeIgniter\Debug\Toolbar->format(Array, 'html')
#4 /home/fmkiddo/git/project.alcentrali/officer/appcore/Config/Events.php(50): CodeIgniter\Debug\Toolbar->respond()
#5 [internal function]: CodeIgniter\Events\Events::Config\{closure}()
#6 /home/fmkiddo/git/project.alcentrali/engine/Events/Events.php(188): call_user_func(Object(Closure))
#7 /home/fmkiddo/git/project.alcentrali/engine/CodeIgniter.php(293): CodeIgniter\Events\Events::trigger('pre_system')
#8 /home/fmkiddo/git/project.alcentrali/officer/index/index.php(45): CodeIgniter\CodeIgniter->run()
#9 {main}
CRITICAL - 2021-10-22 09:51:41 --> unlink(/home/fmkiddo/git/project.alcentrali/writable/debugbar/debugbar_1634743770.json): No such file or directory
#0 [internal function]: CodeIgniter\Debug\Exceptions->errorHandler(2, 'unlink(/home/fm...', '/home/fmkiddo/g...', 106, Array)
#1 /home/fmkiddo/git/project.alcentrali/engine/Debug/Toolbar/Collectors/History.php(106): unlink('/home/fmkiddo/g...')
#2 /home/fmkiddo/git/project.alcentrali/engine/Debug/Toolbar.php(483): CodeIgniter\Debug\Toolbar\Collectors\History->setFiles(1634780226, 20)
#3 /home/fmkiddo/git/project.alcentrali/engine/Debug/Toolbar.php(455): CodeIgniter\Debug\Toolbar->format(Array, 'html')
#4 /home/fmkiddo/git/project.alcentrali/officer/appcore/Config/Events.php(50): CodeIgniter\Debug\Toolbar->respond()
#5 [internal function]: CodeIgniter\Events\Events::Config\{closure}()
#6 /home/fmkiddo/git/project.alcentrali/engine/Events/Events.php(188): call_user_func(Object(Closure))
#7 /home/fmkiddo/git/project.alcentrali/engine/CodeIgniter.php(293): CodeIgniter\Events\Events::trigger('pre_system')
#8 /home/fmkiddo/git/project.alcentrali/officer/index/index.php(45): CodeIgniter\CodeIgniter->run()
#9 {main}
