CRITICAL - 2020-07-20 09:20:18 --> Undefined offset: 1
#0 /home/rizcky/git/project.asman/engine/Router/Router.php(488): CodeIgniter\Debug\Exceptions->errorHandler(8, 'Undefined offse...', '/home/rizcky/gi...', 488, Array)
#1 /home/rizcky/git/project.asman/engine/Router/Router.php(177): CodeIgniter\Router\Router->checkRoutes('system/setup')
#2 /home/rizcky/git/project.asman/engine/CodeIgniter.php(793): CodeIgniter\Router\Router->handle('system/setup')
#3 /home/rizcky/git/project.asman/engine/CodeIgniter.php(364): CodeIgniter\CodeIgniter->tryToRouteIt(Object(CodeIgniter\Router\RouteCollection))
#4 /home/rizcky/git/project.asman/engine/CodeIgniter.php(312): CodeIgniter\CodeIgniter->handleRequest(NULL, Object(Config\Cache), false)
#5 /home/rizcky/git/project.asman/server/public/index.php(44): CodeIgniter\CodeIgniter->run()
#6 {main}
CRITICAL - 2020-07-20 09:32:48 --> Class 'server\core\Controllers\BaseReSTController' not found
#0 /home/rizcky/git/project.asman/engine/Autoloader/Autoloader.php(365): require_once()
#1 /home/rizcky/git/project.asman/engine/Autoloader/Autoloader.php(296): CodeIgniter\Autoloader\Autoloader->requireFile('/home/rizcky/gi...')
#2 /home/rizcky/git/project.asman/engine/Autoloader/Autoloader.php(258): CodeIgniter\Autoloader\Autoloader->loadInNamespace('App\\Controllers...')
#3 [internal function]: CodeIgniter\Autoloader\Autoloader->loadClass('App\\Controllers...')
#4 [internal function]: spl_autoload_call('App\\Controllers...')
#5 /home/rizcky/git/project.asman/engine/CodeIgniter.php(869): class_exists('\\App\\Controller...', true)
#6 /home/rizcky/git/project.asman/engine/CodeIgniter.php(394): CodeIgniter\CodeIgniter->startController()
#7 /home/rizcky/git/project.asman/engine/CodeIgniter.php(312): CodeIgniter\CodeIgniter->handleRequest(NULL, Object(Config\Cache), false)
#8 /home/rizcky/git/project.asman/server/public/index.php(44): CodeIgniter\CodeIgniter->run()
#9 {main}
CRITICAL - 2020-07-20 11:24:43 --> Too few arguments to function App\Models\OfficerKeyModel::__construct(), 0 passed in /home/rizcky/git/project.asman/officer/core/Controllers/Setup.php on line 12 and at least 1 expected
#0 /home/rizcky/git/project.asman/officer/core/Controllers/Setup.php(12): App\Models\OfficerKeyModel->__construct()
#1 /home/rizcky/git/project.asman/engine/CodeIgniter.php(918): App\Controllers\Setup->setup()
#2 /home/rizcky/git/project.asman/engine/CodeIgniter.php(404): CodeIgniter\CodeIgniter->runController(Object(App\Controllers\Setup))
#3 /home/rizcky/git/project.asman/engine/CodeIgniter.php(312): CodeIgniter\CodeIgniter->handleRequest(NULL, Object(Config\Cache), false)
#4 /home/rizcky/git/project.asman/officer/public/index.php(44): CodeIgniter\CodeIgniter->run()
#5 {main}
CRITICAL - 2020-07-20 11:30:55 --> fopen(/.fmkiddo): failed to open stream: No such file or directory
#0 [internal function]: CodeIgniter\Debug\Exceptions->errorHandler(2, 'fopen(/.fmkiddo...', '/home/rizcky/gi...', 20, Array)
#1 /home/rizcky/git/project.asman/officer/core/Models/OfficerKeyModel.php(20): fopen('/.fmkiddo', 'r')
#2 /home/rizcky/git/project.asman/officer/core/Models/BaseModel.php(21): App\Models\OfficerKeyModel->init()
#3 /home/rizcky/git/project.asman/officer/core/Controllers/Setup.php(12): App\Models\BaseModel->__construct()
#4 /home/rizcky/git/project.asman/engine/CodeIgniter.php(918): App\Controllers\Setup->setup()
#5 /home/rizcky/git/project.asman/engine/CodeIgniter.php(404): CodeIgniter\CodeIgniter->runController(Object(App\Controllers\Setup))
#6 /home/rizcky/git/project.asman/engine/CodeIgniter.php(312): CodeIgniter\CodeIgniter->handleRequest(NULL, Object(Config\Cache), false)
#7 /home/rizcky/git/project.asman/officer/public/index.php(44): CodeIgniter\CodeIgniter->run()
#8 {main}
CRITICAL - 2020-07-20 11:31:09 --> fopen(/.fmkiddo): failed to open stream: No such file or directory
#0 [internal function]: CodeIgniter\Debug\Exceptions->errorHandler(2, 'fopen(/.fmkiddo...', '/home/rizcky/gi...', 20, Array)
#1 /home/rizcky/git/project.asman/officer/core/Models/OfficerKeyModel.php(20): fopen('/.fmkiddo', 'r')
#2 /home/rizcky/git/project.asman/officer/core/Models/BaseModel.php(21): App\Models\OfficerKeyModel->init()
#3 /home/rizcky/git/project.asman/officer/core/Controllers/Setup.php(12): App\Models\BaseModel->__construct()
#4 /home/rizcky/git/project.asman/engine/CodeIgniter.php(918): App\Controllers\Setup->setup()
#5 /home/rizcky/git/project.asman/engine/CodeIgniter.php(404): CodeIgniter\CodeIgniter->runController(Object(App\Controllers\Setup))
#6 /home/rizcky/git/project.asman/engine/CodeIgniter.php(312): CodeIgniter\CodeIgniter->handleRequest(NULL, Object(Config\Cache), false)
#7 /home/rizcky/git/project.asman/officer/public/index.php(44): CodeIgniter\CodeIgniter->run()
#8 {main}
CRITICAL - 2020-07-20 11:32:14 --> fopen(./.fmkiddo): failed to open stream: No such file or directory
#0 [internal function]: CodeIgniter\Debug\Exceptions->errorHandler(2, 'fopen(./.fmkidd...', '/home/rizcky/gi...', 18, Array)
#1 /home/rizcky/git/project.asman/officer/core/Models/OfficerKeyModel.php(18): fopen('./.fmkiddo', 'r')
#2 /home/rizcky/git/project.asman/officer/core/Models/BaseModel.php(21): App\Models\OfficerKeyModel->init()
#3 /home/rizcky/git/project.asman/officer/core/Controllers/Setup.php(12): App\Models\BaseModel->__construct()
#4 /home/rizcky/git/project.asman/engine/CodeIgniter.php(918): App\Controllers\Setup->setup()
#5 /home/rizcky/git/project.asman/engine/CodeIgniter.php(404): CodeIgniter\CodeIgniter->runController(Object(App\Controllers\Setup))
#6 /home/rizcky/git/project.asman/engine/CodeIgniter.php(312): CodeIgniter\CodeIgniter->handleRequest(NULL, Object(Config\Cache), false)
#7 /home/rizcky/git/project.asman/officer/public/index.php(44): CodeIgniter\CodeIgniter->run()
#8 {main}
CRITICAL - 2020-07-20 11:33:19 --> fopen(./.fmkiddo): failed to open stream: Permission denied
#0 [internal function]: CodeIgniter\Debug\Exceptions->errorHandler(2, 'fopen(./.fmkidd...', '/home/rizcky/gi...', 22, Array)
#1 /home/rizcky/git/project.asman/officer/core/Models/OfficerKeyModel.php(22): fopen('./.fmkiddo', 'w')
#2 /home/rizcky/git/project.asman/officer/core/Models/BaseModel.php(21): App\Models\OfficerKeyModel->init()
#3 /home/rizcky/git/project.asman/officer/core/Controllers/Setup.php(12): App\Models\BaseModel->__construct()
#4 /home/rizcky/git/project.asman/engine/CodeIgniter.php(918): App\Controllers\Setup->setup()
#5 /home/rizcky/git/project.asman/engine/CodeIgniter.php(404): CodeIgniter\CodeIgniter->runController(Object(App\Controllers\Setup))
#6 /home/rizcky/git/project.asman/engine/CodeIgniter.php(312): CodeIgniter\CodeIgniter->handleRequest(NULL, Object(Config\Cache), false)
#7 /home/rizcky/git/project.asman/officer/public/index.php(44): CodeIgniter\CodeIgniter->run()
#8 {main}
CRITICAL - 2020-07-20 11:38:22 --> fread(): Length parameter must be greater than 0
#0 [internal function]: CodeIgniter\Debug\Exceptions->errorHandler(2, 'fread(): Length...', '/home/rizcky/gi...', 24, Array)
#1 /home/rizcky/git/project.asman/officer/core/Models/OfficerKeyModel.php(24): fread(Resource id #105, 0)
#2 /home/rizcky/git/project.asman/officer/core/Models/BaseModel.php(21): App\Models\OfficerKeyModel->init()
#3 /home/rizcky/git/project.asman/officer/core/Controllers/Setup.php(12): App\Models\BaseModel->__construct()
#4 /home/rizcky/git/project.asman/engine/CodeIgniter.php(918): App\Controllers\Setup->setup()
#5 /home/rizcky/git/project.asman/engine/CodeIgniter.php(404): CodeIgniter\CodeIgniter->runController(Object(App\Controllers\Setup))
#6 /home/rizcky/git/project.asman/engine/CodeIgniter.php(312): CodeIgniter\CodeIgniter->handleRequest(NULL, Object(Config\Cache), false)
#7 /home/rizcky/git/project.asman/officer/public/index.php(44): CodeIgniter\CodeIgniter->run()
#8 {main}
CRITICAL - 2020-07-20 11:44:06 --> fopen(../sysconf/.fmkiddo): failed to open stream: No such file or directory
#0 [internal function]: CodeIgniter\Debug\Exceptions->errorHandler(2, 'fopen(../syscon...', '/home/rizcky/gi...', 22, Array)
#1 /home/rizcky/git/project.asman/officer/core/Models/OfficerKeyModel.php(22): fopen('../sysconf/.fmk...', 'w+')
#2 /home/rizcky/git/project.asman/officer/core/Models/BaseModel.php(21): App\Models\OfficerKeyModel->init()
#3 /home/rizcky/git/project.asman/officer/core/Controllers/Setup.php(12): App\Models\BaseModel->__construct()
#4 /home/rizcky/git/project.asman/engine/CodeIgniter.php(918): App\Controllers\Setup->setup()
#5 /home/rizcky/git/project.asman/engine/CodeIgniter.php(404): CodeIgniter\CodeIgniter->runController(Object(App\Controllers\Setup))
#6 /home/rizcky/git/project.asman/engine/CodeIgniter.php(312): CodeIgniter\CodeIgniter->handleRequest(NULL, Object(Config\Cache), false)
#7 /home/rizcky/git/project.asman/officer/public/index.php(44): CodeIgniter\CodeIgniter->run()
#8 {main}
CRITICAL - 2020-07-20 11:44:17 --> fopen(../sysconf/.fmkiddo): failed to open stream: Permission denied
#0 [internal function]: CodeIgniter\Debug\Exceptions->errorHandler(2, 'fopen(../syscon...', '/home/rizcky/gi...', 22, Array)
#1 /home/rizcky/git/project.asman/officer/core/Models/OfficerKeyModel.php(22): fopen('../sysconf/.fmk...', 'w+')
#2 /home/rizcky/git/project.asman/officer/core/Models/BaseModel.php(21): App\Models\OfficerKeyModel->init()
#3 /home/rizcky/git/project.asman/officer/core/Controllers/Setup.php(12): App\Models\BaseModel->__construct()
#4 /home/rizcky/git/project.asman/engine/CodeIgniter.php(918): App\Controllers\Setup->setup()
#5 /home/rizcky/git/project.asman/engine/CodeIgniter.php(404): CodeIgniter\CodeIgniter->runController(Object(App\Controllers\Setup))
#6 /home/rizcky/git/project.asman/engine/CodeIgniter.php(312): CodeIgniter\CodeIgniter->handleRequest(NULL, Object(Config\Cache), false)
#7 /home/rizcky/git/project.asman/officer/public/index.php(44): CodeIgniter\CodeIgniter->run()
#8 {main}
CRITICAL - 2020-07-20 12:15:20 --> Array to string conversion
#0 /home/rizcky/git/project.asman/officer/core/Views/setup.php(4): CodeIgniter\Debug\Exceptions->errorHandler(8, 'Array to string...', '/home/rizcky/gi...', 4, Array)
#1 /home/rizcky/git/project.asman/engine/View/View.php(246): include('/home/rizcky/gi...')
#2 /home/rizcky/git/project.asman/engine/Common.php(1119): CodeIgniter\View\View->render('setup', Array, true)
#3 /home/rizcky/git/project.asman/officer/core/Controllers/Setup.php(25): view('setup', Array)
#4 /home/rizcky/git/project.asman/engine/CodeIgniter.php(918): App\Controllers\Setup->setup()
#5 /home/rizcky/git/project.asman/engine/CodeIgniter.php(404): CodeIgniter\CodeIgniter->runController(Object(App\Controllers\Setup))
#6 /home/rizcky/git/project.asman/engine/CodeIgniter.php(312): CodeIgniter\CodeIgniter->handleRequest(NULL, Object(Config\Cache), false)
#7 /home/rizcky/git/project.asman/officer/public/index.php(44): CodeIgniter\CodeIgniter->run()
#8 {main}
CRITICAL - 2020-07-20 12:15:21 --> Array to string conversion
#0 /home/rizcky/git/project.asman/officer/core/Views/setup.php(4): CodeIgniter\Debug\Exceptions->errorHandler(8, 'Array to string...', '/home/rizcky/gi...', 4, Array)
#1 /home/rizcky/git/project.asman/engine/View/View.php(246): include('/home/rizcky/gi...')
#2 /home/rizcky/git/project.asman/engine/Common.php(1119): CodeIgniter\View\View->render('setup', Array, true)
#3 /home/rizcky/git/project.asman/officer/core/Controllers/Setup.php(25): view('setup', Array)
#4 /home/rizcky/git/project.asman/engine/CodeIgniter.php(918): App\Controllers\Setup->setup()
#5 /home/rizcky/git/project.asman/engine/CodeIgniter.php(404): CodeIgniter\CodeIgniter->runController(Object(App\Controllers\Setup))
#6 /home/rizcky/git/project.asman/engine/CodeIgniter.php(312): CodeIgniter\CodeIgniter->handleRequest(NULL, Object(Config\Cache), false)
#7 /home/rizcky/git/project.asman/officer/public/index.php(44): CodeIgniter\CodeIgniter->run()
#8 {main}
CRITICAL - 2020-07-20 14:14:53 -->  route cannot be found while reverse-routing.
#0 /home/rizcky/git/project.asman/engine/HTTP/RedirectResponse.php(92): CodeIgniter\HTTP\Exceptions\HTTPException::forInvalidRedirectRoute('')
#1 /home/rizcky/git/project.asman/engine/Common.php(845): CodeIgniter\HTTP\RedirectResponse->route(false)
#2 /home/rizcky/git/project.asman/officer/core/Views/setup.php(14): redirect('rizckyfm.com')
#3 /home/rizcky/git/project.asman/engine/View/View.php(246): include('/home/rizcky/gi...')
#4 /home/rizcky/git/project.asman/engine/Common.php(1119): CodeIgniter\View\View->render('setup', Array, true)
#5 /home/rizcky/git/project.asman/officer/core/Controllers/Setup.php(25): view('setup', Array)
#6 /home/rizcky/git/project.asman/engine/CodeIgniter.php(918): App\Controllers\Setup->setup()
#7 /home/rizcky/git/project.asman/engine/CodeIgniter.php(404): CodeIgniter\CodeIgniter->runController(Object(App\Controllers\Setup))
#8 /home/rizcky/git/project.asman/engine/CodeIgniter.php(312): CodeIgniter\CodeIgniter->handleRequest(NULL, Object(Config\Cache), false)
#9 /home/rizcky/git/project.asman/officer/public/index.php(44): CodeIgniter\CodeIgniter->run()
#10 {main}
CRITICAL - 2020-07-20 14:59:29 --> Undefined variable: formAction
#0 /home/rizcky/git/project.asman/officer/core/Views/setup.php(27): CodeIgniter\Debug\Exceptions->errorHandler(8, 'Undefined varia...', '/home/rizcky/gi...', 27, Array)
#1 /home/rizcky/git/project.asman/engine/View/View.php(246): include('/home/rizcky/gi...')
#2 /home/rizcky/git/project.asman/engine/Common.php(1119): CodeIgniter\View\View->render('setup', Array, true)
#3 /home/rizcky/git/project.asman/officer/core/Controllers/Setup.php(25): view('setup', Array)
#4 /home/rizcky/git/project.asman/engine/CodeIgniter.php(918): App\Controllers\Setup->setup()
#5 /home/rizcky/git/project.asman/engine/CodeIgniter.php(404): CodeIgniter\CodeIgniter->runController(Object(App\Controllers\Setup))
#6 /home/rizcky/git/project.asman/engine/CodeIgniter.php(312): CodeIgniter\CodeIgniter->handleRequest(NULL, Object(Config\Cache), false)
#7 /home/rizcky/git/project.asman/officer/public/index.php(44): CodeIgniter\CodeIgniter->run()
#8 {main}
