CRITICAL - 2021-02-24 00:41:36 --> Undefined variable: view
#0 /home/rizcky/git/project.alcentrali/officer/appcore/Controllers/Officer.php(65): CodeIgniter\Debug\Exceptions->errorHandler(8, 'Undefined varia...', '/home/rizcky/gi...', 65, Array)
#1 /home/rizcky/git/project.alcentrali/engine/CodeIgniter.php(918): App\Controllers\Officer->do('process-login')
#2 /home/rizcky/git/project.alcentrali/engine/CodeIgniter.php(404): CodeIgniter\CodeIgniter->runController(Object(App\Controllers\Officer))
#3 /home/rizcky/git/project.alcentrali/engine/CodeIgniter.php(312): CodeIgniter\CodeIgniter->handleRequest(NULL, Object(Config\Cache), false)
#4 /home/rizcky/git/project.alcentrali/officer/index/index.php(45): CodeIgniter\CodeIgniter->run()
#5 {main}
CRITICAL - 2021-02-24 02:30:42 --> Argument 2 passed to view() must be of the type array, string given, called in /home/rizcky/git/project.alcentrali/officer/appcore/Controllers/Officer.php on line 65
#0 /home/rizcky/git/project.alcentrali/officer/appcore/Controllers/Officer.php(65): view('officer/dologin', '{"server-token"...')
#1 /home/rizcky/git/project.alcentrali/engine/CodeIgniter.php(918): App\Controllers\Officer->do('process-login')
#2 /home/rizcky/git/project.alcentrali/engine/CodeIgniter.php(404): CodeIgniter\CodeIgniter->runController(Object(App\Controllers\Officer))
#3 /home/rizcky/git/project.alcentrali/engine/CodeIgniter.php(312): CodeIgniter\CodeIgniter->handleRequest(NULL, Object(Config\Cache), false)
#4 /home/rizcky/git/project.alcentrali/officer/index/index.php(45): CodeIgniter\CodeIgniter->run()
#5 {main}
CRITICAL - 2021-02-24 20:49:50 --> Undefined variable: view
#0 /home/rizcky/git/project.alcentrali/officer/appcore/Controllers/Officer.php(65): CodeIgniter\Debug\Exceptions->errorHandler(8, 'Undefined varia...', '/home/rizcky/gi...', 65, Array)
#1 /home/rizcky/git/project.alcentrali/engine/CodeIgniter.php(918): App\Controllers\Officer->do('process-login')
#2 /home/rizcky/git/project.alcentrali/engine/CodeIgniter.php(404): CodeIgniter\CodeIgniter->runController(Object(App\Controllers\Officer))
#3 /home/rizcky/git/project.alcentrali/engine/CodeIgniter.php(312): CodeIgniter\CodeIgniter->handleRequest(NULL, Object(Config\Cache), false)
#4 /home/rizcky/git/project.alcentrali/officer/index/index.php(45): CodeIgniter\CodeIgniter->run()
#5 {main}
CRITICAL - 2021-02-24 20:49:55 --> Undefined variable: view
#0 /home/rizcky/git/project.alcentrali/officer/appcore/Controllers/Officer.php(65): CodeIgniter\Debug\Exceptions->errorHandler(8, 'Undefined varia...', '/home/rizcky/gi...', 65, Array)
#1 /home/rizcky/git/project.alcentrali/engine/CodeIgniter.php(918): App\Controllers\Officer->do('process-login')
#2 /home/rizcky/git/project.alcentrali/engine/CodeIgniter.php(404): CodeIgniter\CodeIgniter->runController(Object(App\Controllers\Officer))
#3 /home/rizcky/git/project.alcentrali/engine/CodeIgniter.php(312): CodeIgniter\CodeIgniter->handleRequest(NULL, Object(Config\Cache), false)
#4 /home/rizcky/git/project.alcentrali/officer/index/index.php(45): CodeIgniter\CodeIgniter->run()
#5 {main}
CRITICAL - 2021-02-24 21:14:03 --> Undefined offset: 1
#0 /home/rizcky/git/project.alcentrali/server/syscore/Controllers/OfficerRequest.php(18): CodeIgniter\Debug\Exceptions->errorHandler(8, 'Undefined offse...', '/home/rizcky/gi...', 18, Array)
#1 /home/rizcky/git/project.alcentrali/server/syscore/Controllers/OfficerRequest.php(35): App\Controllers\OfficerRequest->officerDataDecoding('Basci_fmkiddo n...')
#2 /home/rizcky/git/project.alcentrali/engine/CodeIgniter.php(918): App\Controllers\OfficerRequest->officerValidation()
#3 /home/rizcky/git/project.alcentrali/engine/CodeIgniter.php(404): CodeIgniter\CodeIgniter->runController(Object(App\Controllers\OfficerRequest))
#4 /home/rizcky/git/project.alcentrali/engine/CodeIgniter.php(312): CodeIgniter\CodeIgniter->handleRequest(NULL, Object(Config\Cache), false)
#5 /home/rizcky/git/project.alcentrali/server/index/index.php(45): CodeIgniter\CodeIgniter->run()
#6 {main}
CRITICAL - 2021-02-24 21:14:03 --> Uncaught CodeIgniter\Format\Exceptions\FormatException: Failed to parse json string, error: "Malformed UTF-8 characters, possibly incorrectly encoded". in /home/rizcky/git/project.alcentrali/engine/Format/Exceptions/FormatException.php:9
Stack trace:
#0 /home/rizcky/git/project.alcentrali/engine/Format/JSONFormatter.php(71): CodeIgniter\Format\Exceptions\FormatException::forInvalidJSON('Malformed UTF-8...')
#1 /home/rizcky/git/project.alcentrali/engine/API/ResponseTrait.php(414): CodeIgniter\Format\JSONFormatter->format(Array)
#2 /home/rizcky/git/project.alcentrali/engine/API/ResponseTrait.php(134): CodeIgniter\Debug\Exceptions->format(Array)
#3 /home/rizcky/git/project.alcentrali/engine/Debug/Exceptions.php(168): CodeIgniter\Debug\Exceptions->respond(Array, 500)
#4 [internal function]: CodeIgniter\Debug\Exceptions->exceptionHandler(Object(ErrorException))
#5 {main}
  thrown
#0 [internal function]: CodeIgniter\Debug\Exceptions->shutdownHandler()
#1 {main}
CRITICAL - 2021-02-24 21:14:03 --> 22 : The requested URL returned error: 500 Internal Server Error
#0 /home/rizcky/git/project.alcentrali/engine/HTTP/CURLRequest.php(821): CodeIgniter\HTTP\Exceptions\HTTPException::forCurlError('22', 'The requested U...')
#1 /home/rizcky/git/project.alcentrali/engine/HTTP/CURLRequest.php(449): CodeIgniter\HTTP\CURLRequest->sendRequest(Array)
#2 /home/rizcky/git/project.alcentrali/engine/HTTP/CURLRequest.php(158): CodeIgniter\HTTP\CURLRequest->send('put', 'http://localhos...')
#3 /home/rizcky/git/project.alcentrali/engine/HTTP/CURLRequest.php(265): CodeIgniter\HTTP\CURLRequest->request('put', 'http://localhos...', Array)
#4 /home/rizcky/git/project.alcentrali/officer/appcore/Controllers/Officer.php(41): CodeIgniter\HTTP\CURLRequest->put('http://localhos...', Array)
#5 /home/rizcky/git/project.alcentrali/engine/CodeIgniter.php(918): App\Controllers\Officer->do('process-login')
#6 /home/rizcky/git/project.alcentrali/engine/CodeIgniter.php(404): CodeIgniter\CodeIgniter->runController(Object(App\Controllers\Officer))
#7 /home/rizcky/git/project.alcentrali/engine/CodeIgniter.php(312): CodeIgniter\CodeIgniter->handleRequest(NULL, Object(Config\Cache), false)
#8 /home/rizcky/git/project.alcentrali/officer/index/index.php(45): CodeIgniter\CodeIgniter->run()
#9 {main}
CRITICAL - 2021-02-24 21:14:40 --> Undefined offset: 1
#0 /home/rizcky/git/project.alcentrali/server/syscore/Controllers/OfficerRequest.php(18): CodeIgniter\Debug\Exceptions->errorHandler(8, 'Undefined offse...', '/home/rizcky/gi...', 18, Array)
#1 /home/rizcky/git/project.alcentrali/server/syscore/Controllers/OfficerRequest.php(35): App\Controllers\OfficerRequest->officerDataDecoding('Basci_fmkiddo 0...')
#2 /home/rizcky/git/project.alcentrali/engine/CodeIgniter.php(918): App\Controllers\OfficerRequest->officerValidation()
#3 /home/rizcky/git/project.alcentrali/engine/CodeIgniter.php(404): CodeIgniter\CodeIgniter->runController(Object(App\Controllers\OfficerRequest))
#4 /home/rizcky/git/project.alcentrali/engine/CodeIgniter.php(312): CodeIgniter\CodeIgniter->handleRequest(NULL, Object(Config\Cache), false)
#5 /home/rizcky/git/project.alcentrali/server/index/index.php(45): CodeIgniter\CodeIgniter->run()
#6 {main}
CRITICAL - 2021-02-24 21:14:40 --> Uncaught CodeIgniter\Format\Exceptions\FormatException: Failed to parse json string, error: "Malformed UTF-8 characters, possibly incorrectly encoded". in /home/rizcky/git/project.alcentrali/engine/Format/Exceptions/FormatException.php:9
Stack trace:
#0 /home/rizcky/git/project.alcentrali/engine/Format/JSONFormatter.php(71): CodeIgniter\Format\Exceptions\FormatException::forInvalidJSON('Malformed UTF-8...')
#1 /home/rizcky/git/project.alcentrali/engine/API/ResponseTrait.php(414): CodeIgniter\Format\JSONFormatter->format(Array)
#2 /home/rizcky/git/project.alcentrali/engine/API/ResponseTrait.php(134): CodeIgniter\Debug\Exceptions->format(Array)
#3 /home/rizcky/git/project.alcentrali/engine/Debug/Exceptions.php(168): CodeIgniter\Debug\Exceptions->respond(Array, 500)
#4 [internal function]: CodeIgniter\Debug\Exceptions->exceptionHandler(Object(ErrorException))
#5 {main}
  thrown
#0 [internal function]: CodeIgniter\Debug\Exceptions->shutdownHandler()
#1 {main}
CRITICAL - 2021-02-24 21:14:40 --> 22 : The requested URL returned error: 500 Internal Server Error
#0 /home/rizcky/git/project.alcentrali/engine/HTTP/CURLRequest.php(821): CodeIgniter\HTTP\Exceptions\HTTPException::forCurlError('22', 'The requested U...')
#1 /home/rizcky/git/project.alcentrali/engine/HTTP/CURLRequest.php(449): CodeIgniter\HTTP\CURLRequest->sendRequest(Array)
#2 /home/rizcky/git/project.alcentrali/engine/HTTP/CURLRequest.php(158): CodeIgniter\HTTP\CURLRequest->send('put', 'http://localhos...')
#3 /home/rizcky/git/project.alcentrali/engine/HTTP/CURLRequest.php(265): CodeIgniter\HTTP\CURLRequest->request('put', 'http://localhos...', Array)
#4 /home/rizcky/git/project.alcentrali/officer/appcore/Controllers/Officer.php(41): CodeIgniter\HTTP\CURLRequest->put('http://localhos...', Array)
#5 /home/rizcky/git/project.alcentrali/engine/CodeIgniter.php(918): App\Controllers\Officer->do('process-login')
#6 /home/rizcky/git/project.alcentrali/engine/CodeIgniter.php(404): CodeIgniter\CodeIgniter->runController(Object(App\Controllers\Officer))
#7 /home/rizcky/git/project.alcentrali/engine/CodeIgniter.php(312): CodeIgniter\CodeIgniter->handleRequest(NULL, Object(Config\Cache), false)
#8 /home/rizcky/git/project.alcentrali/officer/index/index.php(45): CodeIgniter\CodeIgniter->run()
#9 {main}
CRITICAL - 2021-02-24 21:15:00 --> Undefined offset: 1
#0 /home/rizcky/git/project.alcentrali/server/syscore/Controllers/OfficerRequest.php(18): CodeIgniter\Debug\Exceptions->errorHandler(8, 'Undefined offse...', '/home/rizcky/gi...', 18, Array)
#1 /home/rizcky/git/project.alcentrali/server/syscore/Controllers/OfficerRequest.php(35): App\Controllers\OfficerRequest->officerDataDecoding('Basci_fmkiddo R...')
#2 /home/rizcky/git/project.alcentrali/engine/CodeIgniter.php(918): App\Controllers\OfficerRequest->officerValidation()
#3 /home/rizcky/git/project.alcentrali/engine/CodeIgniter.php(404): CodeIgniter\CodeIgniter->runController(Object(App\Controllers\OfficerRequest))
#4 /home/rizcky/git/project.alcentrali/engine/CodeIgniter.php(312): CodeIgniter\CodeIgniter->handleRequest(NULL, Object(Config\Cache), false)
#5 /home/rizcky/git/project.alcentrali/server/index/index.php(45): CodeIgniter\CodeIgniter->run()
#6 {main}
CRITICAL - 2021-02-24 21:15:00 --> Uncaught CodeIgniter\Format\Exceptions\FormatException: Failed to parse json string, error: "Malformed UTF-8 characters, possibly incorrectly encoded". in /home/rizcky/git/project.alcentrali/engine/Format/Exceptions/FormatException.php:9
Stack trace:
#0 /home/rizcky/git/project.alcentrali/engine/Format/JSONFormatter.php(71): CodeIgniter\Format\Exceptions\FormatException::forInvalidJSON('Malformed UTF-8...')
#1 /home/rizcky/git/project.alcentrali/engine/API/ResponseTrait.php(414): CodeIgniter\Format\JSONFormatter->format(Array)
#2 /home/rizcky/git/project.alcentrali/engine/API/ResponseTrait.php(134): CodeIgniter\Debug\Exceptions->format(Array)
#3 /home/rizcky/git/project.alcentrali/engine/Debug/Exceptions.php(168): CodeIgniter\Debug\Exceptions->respond(Array, 500)
#4 [internal function]: CodeIgniter\Debug\Exceptions->exceptionHandler(Object(ErrorException))
#5 {main}
  thrown
#0 [internal function]: CodeIgniter\Debug\Exceptions->shutdownHandler()
#1 {main}
CRITICAL - 2021-02-24 21:15:00 --> 22 : The requested URL returned error: 500 Internal Server Error
#0 /home/rizcky/git/project.alcentrali/engine/HTTP/CURLRequest.php(821): CodeIgniter\HTTP\Exceptions\HTTPException::forCurlError('22', 'The requested U...')
#1 /home/rizcky/git/project.alcentrali/engine/HTTP/CURLRequest.php(449): CodeIgniter\HTTP\CURLRequest->sendRequest(Array)
#2 /home/rizcky/git/project.alcentrali/engine/HTTP/CURLRequest.php(158): CodeIgniter\HTTP\CURLRequest->send('put', 'http://localhos...')
#3 /home/rizcky/git/project.alcentrali/engine/HTTP/CURLRequest.php(265): CodeIgniter\HTTP\CURLRequest->request('put', 'http://localhos...', Array)
#4 /home/rizcky/git/project.alcentrali/officer/appcore/Controllers/Officer.php(41): CodeIgniter\HTTP\CURLRequest->put('http://localhos...', Array)
#5 /home/rizcky/git/project.alcentrali/engine/CodeIgniter.php(918): App\Controllers\Officer->do('process-login')
#6 /home/rizcky/git/project.alcentrali/engine/CodeIgniter.php(404): CodeIgniter\CodeIgniter->runController(Object(App\Controllers\Officer))
#7 /home/rizcky/git/project.alcentrali/engine/CodeIgniter.php(312): CodeIgniter\CodeIgniter->handleRequest(NULL, Object(Config\Cache), false)
#8 /home/rizcky/git/project.alcentrali/officer/index/index.php(45): CodeIgniter\CodeIgniter->run()
#9 {main}
CRITICAL - 2021-02-24 21:27:06 --> Undefined offset: 1
#0 /home/rizcky/git/project.alcentrali/server/syscore/Controllers/OfficerRequest.php(18): CodeIgniter\Debug\Exceptions->errorHandler(8, 'Undefined offse...', '/home/rizcky/gi...', 18, Array)
#1 /home/rizcky/git/project.alcentrali/server/syscore/Controllers/OfficerRequest.php(35): App\Controllers\OfficerRequest->officerDataDecoding('Basci_fmkiddo h...')
#2 /home/rizcky/git/project.alcentrali/engine/CodeIgniter.php(918): App\Controllers\OfficerRequest->officerValidation()
#3 /home/rizcky/git/project.alcentrali/engine/CodeIgniter.php(404): CodeIgniter\CodeIgniter->runController(Object(App\Controllers\OfficerRequest))
#4 /home/rizcky/git/project.alcentrali/engine/CodeIgniter.php(312): CodeIgniter\CodeIgniter->handleRequest(NULL, Object(Config\Cache), false)
#5 /home/rizcky/git/project.alcentrali/server/index/index.php(45): CodeIgniter\CodeIgniter->run()
#6 {main}
CRITICAL - 2021-02-24 21:27:06 --> Uncaught CodeIgniter\Format\Exceptions\FormatException: Failed to parse json string, error: "Malformed UTF-8 characters, possibly incorrectly encoded". in /home/rizcky/git/project.alcentrali/engine/Format/Exceptions/FormatException.php:9
Stack trace:
#0 /home/rizcky/git/project.alcentrali/engine/Format/JSONFormatter.php(71): CodeIgniter\Format\Exceptions\FormatException::forInvalidJSON('Malformed UTF-8...')
#1 /home/rizcky/git/project.alcentrali/engine/API/ResponseTrait.php(414): CodeIgniter\Format\JSONFormatter->format(Array)
#2 /home/rizcky/git/project.alcentrali/engine/API/ResponseTrait.php(134): CodeIgniter\Debug\Exceptions->format(Array)
#3 /home/rizcky/git/project.alcentrali/engine/Debug/Exceptions.php(168): CodeIgniter\Debug\Exceptions->respond(Array, 500)
#4 [internal function]: CodeIgniter\Debug\Exceptions->exceptionHandler(Object(ErrorException))
#5 {main}
  thrown
#0 [internal function]: CodeIgniter\Debug\Exceptions->shutdownHandler()
#1 {main}
CRITICAL - 2021-02-24 21:27:06 --> 22 : The requested URL returned error: 500 Internal Server Error
#0 /home/rizcky/git/project.alcentrali/engine/HTTP/CURLRequest.php(821): CodeIgniter\HTTP\Exceptions\HTTPException::forCurlError('22', 'The requested U...')
#1 /home/rizcky/git/project.alcentrali/engine/HTTP/CURLRequest.php(449): CodeIgniter\HTTP\CURLRequest->sendRequest(Array)
#2 /home/rizcky/git/project.alcentrali/engine/HTTP/CURLRequest.php(158): CodeIgniter\HTTP\CURLRequest->send('put', 'http://localhos...')
#3 /home/rizcky/git/project.alcentrali/engine/HTTP/CURLRequest.php(265): CodeIgniter\HTTP\CURLRequest->request('put', 'http://localhos...', Array)
#4 /home/rizcky/git/project.alcentrali/officer/appcore/Controllers/Officer.php(41): CodeIgniter\HTTP\CURLRequest->put('http://localhos...', Array)
#5 /home/rizcky/git/project.alcentrali/engine/CodeIgniter.php(918): App\Controllers\Officer->do('process-login')
#6 /home/rizcky/git/project.alcentrali/engine/CodeIgniter.php(404): CodeIgniter\CodeIgniter->runController(Object(App\Controllers\Officer))
#7 /home/rizcky/git/project.alcentrali/engine/CodeIgniter.php(312): CodeIgniter\CodeIgniter->handleRequest(NULL, Object(Config\Cache), false)
#8 /home/rizcky/git/project.alcentrali/officer/index/index.php(45): CodeIgniter\CodeIgniter->run()
#9 {main}
CRITICAL - 2021-02-24 21:28:30 --> Undefined variable: view
#0 /home/rizcky/git/project.alcentrali/officer/appcore/Controllers/Officer.php(65): CodeIgniter\Debug\Exceptions->errorHandler(8, 'Undefined varia...', '/home/rizcky/gi...', 65, Array)
#1 /home/rizcky/git/project.alcentrali/engine/CodeIgniter.php(918): App\Controllers\Officer->do('process-login')
#2 /home/rizcky/git/project.alcentrali/engine/CodeIgniter.php(404): CodeIgniter\CodeIgniter->runController(Object(App\Controllers\Officer))
#3 /home/rizcky/git/project.alcentrali/engine/CodeIgniter.php(312): CodeIgniter\CodeIgniter->handleRequest(NULL, Object(Config\Cache), false)
#4 /home/rizcky/git/project.alcentrali/officer/index/index.php(45): CodeIgniter\CodeIgniter->run()
#5 {main}
CRITICAL - 2021-02-24 21:29:27 --> Undefined variable: data
#0 /home/rizcky/git/project.alcentrali/officer/appcore/Controllers/Officer.php(65): CodeIgniter\Debug\Exceptions->errorHandler(8, 'Undefined varia...', '/home/rizcky/gi...', 65, Array)
#1 /home/rizcky/git/project.alcentrali/engine/CodeIgniter.php(918): App\Controllers\Officer->do('process-login')
#2 /home/rizcky/git/project.alcentrali/engine/CodeIgniter.php(404): CodeIgniter\CodeIgniter->runController(Object(App\Controllers\Officer))
#3 /home/rizcky/git/project.alcentrali/engine/CodeIgniter.php(312): CodeIgniter\CodeIgniter->handleRequest(NULL, Object(Config\Cache), false)
#4 /home/rizcky/git/project.alcentrali/officer/index/index.php(45): CodeIgniter\CodeIgniter->run()
#5 {main}
CRITICAL - 2021-02-24 22:30:21 --> Call to a member function find() on null
#0 /home/rizcky/git/project.alcentrali/engine/CodeIgniter.php(918): App\Controllers\OfficerRequest->officerValidation()
#1 /home/rizcky/git/project.alcentrali/engine/CodeIgniter.php(404): CodeIgniter\CodeIgniter->runController(Object(App\Controllers\OfficerRequest))
#2 /home/rizcky/git/project.alcentrali/engine/CodeIgniter.php(312): CodeIgniter\CodeIgniter->handleRequest(NULL, Object(Config\Cache), false)
#3 /home/rizcky/git/project.alcentrali/server/index/index.php(45): CodeIgniter\CodeIgniter->run()
#4 {main}
CRITICAL - 2021-02-24 22:30:21 --> 22 : The requested URL returned error: 500 Internal Server Error
#0 /home/rizcky/git/project.alcentrali/engine/HTTP/CURLRequest.php(821): CodeIgniter\HTTP\Exceptions\HTTPException::forCurlError('22', 'The requested U...')
#1 /home/rizcky/git/project.alcentrali/engine/HTTP/CURLRequest.php(449): CodeIgniter\HTTP\CURLRequest->sendRequest(Array)
#2 /home/rizcky/git/project.alcentrali/engine/HTTP/CURLRequest.php(158): CodeIgniter\HTTP\CURLRequest->send('put', 'http://localhos...')
#3 /home/rizcky/git/project.alcentrali/engine/HTTP/CURLRequest.php(265): CodeIgniter\HTTP\CURLRequest->request('put', 'http://localhos...', Array)
#4 /home/rizcky/git/project.alcentrali/officer/appcore/Controllers/Officer.php(44): CodeIgniter\HTTP\CURLRequest->put('http://localhos...', Array)
#5 /home/rizcky/git/project.alcentrali/engine/CodeIgniter.php(918): App\Controllers\Officer->do('process-login')
#6 /home/rizcky/git/project.alcentrali/engine/CodeIgniter.php(404): CodeIgniter\CodeIgniter->runController(Object(App\Controllers\Officer))
#7 /home/rizcky/git/project.alcentrali/engine/CodeIgniter.php(312): CodeIgniter\CodeIgniter->handleRequest(NULL, Object(Config\Cache), false)
#8 /home/rizcky/git/project.alcentrali/officer/index/index.php(45): CodeIgniter\CodeIgniter->run()
#9 {main}
CRITICAL - 2021-02-24 22:30:43 --> Call to a member function find() on null
#0 /home/rizcky/git/project.alcentrali/engine/CodeIgniter.php(918): App\Controllers\OfficerRequest->officerValidation()
#1 /home/rizcky/git/project.alcentrali/engine/CodeIgniter.php(404): CodeIgniter\CodeIgniter->runController(Object(App\Controllers\OfficerRequest))
#2 /home/rizcky/git/project.alcentrali/engine/CodeIgniter.php(312): CodeIgniter\CodeIgniter->handleRequest(NULL, Object(Config\Cache), false)
#3 /home/rizcky/git/project.alcentrali/server/index/index.php(45): CodeIgniter\CodeIgniter->run()
#4 {main}
CRITICAL - 2021-02-24 22:30:43 --> 22 : The requested URL returned error: 500 Internal Server Error
#0 /home/rizcky/git/project.alcentrali/engine/HTTP/CURLRequest.php(821): CodeIgniter\HTTP\Exceptions\HTTPException::forCurlError('22', 'The requested U...')
#1 /home/rizcky/git/project.alcentrali/engine/HTTP/CURLRequest.php(449): CodeIgniter\HTTP\CURLRequest->sendRequest(Array)
#2 /home/rizcky/git/project.alcentrali/engine/HTTP/CURLRequest.php(158): CodeIgniter\HTTP\CURLRequest->send('put', 'http://localhos...')
#3 /home/rizcky/git/project.alcentrali/engine/HTTP/CURLRequest.php(265): CodeIgniter\HTTP\CURLRequest->request('put', 'http://localhos...', Array)
#4 /home/rizcky/git/project.alcentrali/officer/appcore/Controllers/Officer.php(44): CodeIgniter\HTTP\CURLRequest->put('http://localhos...', Array)
#5 /home/rizcky/git/project.alcentrali/engine/CodeIgniter.php(918): App\Controllers\Officer->do('process-login')
#6 /home/rizcky/git/project.alcentrali/engine/CodeIgniter.php(404): CodeIgniter\CodeIgniter->runController(Object(App\Controllers\Officer))
#7 /home/rizcky/git/project.alcentrali/engine/CodeIgniter.php(312): CodeIgniter\CodeIgniter->handleRequest(NULL, Object(Config\Cache), false)
#8 /home/rizcky/git/project.alcentrali/officer/index/index.php(45): CodeIgniter\CodeIgniter->run()
#9 {main}
CRITICAL - 2021-02-24 22:31:19 --> Call to a member function find() on null
#0 /home/rizcky/git/project.alcentrali/engine/CodeIgniter.php(918): App\Controllers\OfficerRequest->officerValidation()
#1 /home/rizcky/git/project.alcentrali/engine/CodeIgniter.php(404): CodeIgniter\CodeIgniter->runController(Object(App\Controllers\OfficerRequest))
#2 /home/rizcky/git/project.alcentrali/engine/CodeIgniter.php(312): CodeIgniter\CodeIgniter->handleRequest(NULL, Object(Config\Cache), false)
#3 /home/rizcky/git/project.alcentrali/server/index/index.php(45): CodeIgniter\CodeIgniter->run()
#4 {main}
CRITICAL - 2021-02-24 22:31:19 --> 22 : The requested URL returned error: 500 Internal Server Error
#0 /home/rizcky/git/project.alcentrali/engine/HTTP/CURLRequest.php(821): CodeIgniter\HTTP\Exceptions\HTTPException::forCurlError('22', 'The requested U...')
#1 /home/rizcky/git/project.alcentrali/engine/HTTP/CURLRequest.php(449): CodeIgniter\HTTP\CURLRequest->sendRequest(Array)
#2 /home/rizcky/git/project.alcentrali/engine/HTTP/CURLRequest.php(158): CodeIgniter\HTTP\CURLRequest->send('put', 'http://localhos...')
#3 /home/rizcky/git/project.alcentrali/engine/HTTP/CURLRequest.php(265): CodeIgniter\HTTP\CURLRequest->request('put', 'http://localhos...', Array)
#4 /home/rizcky/git/project.alcentrali/officer/appcore/Controllers/Officer.php(44): CodeIgniter\HTTP\CURLRequest->put('http://localhos...', Array)
#5 /home/rizcky/git/project.alcentrali/engine/CodeIgniter.php(918): App\Controllers\Officer->do('process-login')
#6 /home/rizcky/git/project.alcentrali/engine/CodeIgniter.php(404): CodeIgniter\CodeIgniter->runController(Object(App\Controllers\Officer))
#7 /home/rizcky/git/project.alcentrali/engine/CodeIgniter.php(312): CodeIgniter\CodeIgniter->handleRequest(NULL, Object(Config\Cache), false)
#8 /home/rizcky/git/project.alcentrali/officer/index/index.php(45): CodeIgniter\CodeIgniter->run()
#9 {main}
CRITICAL - 2021-02-24 22:31:40 --> Undefined variable: data
#0 /home/rizcky/git/project.alcentrali/server/syscore/Controllers/OfficerRequest.php(40): CodeIgniter\Debug\Exceptions->errorHandler(8, 'Undefined varia...', '/home/rizcky/gi...', 40, Array)
#1 /home/rizcky/git/project.alcentrali/engine/CodeIgniter.php(918): App\Controllers\OfficerRequest->officerValidation()
#2 /home/rizcky/git/project.alcentrali/engine/CodeIgniter.php(404): CodeIgniter\CodeIgniter->runController(Object(App\Controllers\OfficerRequest))
#3 /home/rizcky/git/project.alcentrali/engine/CodeIgniter.php(312): CodeIgniter\CodeIgniter->handleRequest(NULL, Object(Config\Cache), false)
#4 /home/rizcky/git/project.alcentrali/server/index/index.php(45): CodeIgniter\CodeIgniter->run()
#5 {main}
CRITICAL - 2021-02-24 22:31:40 --> 22 : The requested URL returned error: 500 Internal Server Error
#0 /home/rizcky/git/project.alcentrali/engine/HTTP/CURLRequest.php(821): CodeIgniter\HTTP\Exceptions\HTTPException::forCurlError('22', 'The requested U...')
#1 /home/rizcky/git/project.alcentrali/engine/HTTP/CURLRequest.php(449): CodeIgniter\HTTP\CURLRequest->sendRequest(Array)
#2 /home/rizcky/git/project.alcentrali/engine/HTTP/CURLRequest.php(158): CodeIgniter\HTTP\CURLRequest->send('put', 'http://localhos...')
#3 /home/rizcky/git/project.alcentrali/engine/HTTP/CURLRequest.php(265): CodeIgniter\HTTP\CURLRequest->request('put', 'http://localhos...', Array)
#4 /home/rizcky/git/project.alcentrali/officer/appcore/Controllers/Officer.php(44): CodeIgniter\HTTP\CURLRequest->put('http://localhos...', Array)
#5 /home/rizcky/git/project.alcentrali/engine/CodeIgniter.php(918): App\Controllers\Officer->do('process-login')
#6 /home/rizcky/git/project.alcentrali/engine/CodeIgniter.php(404): CodeIgniter\CodeIgniter->runController(Object(App\Controllers\Officer))
#7 /home/rizcky/git/project.alcentrali/engine/CodeIgniter.php(312): CodeIgniter\CodeIgniter->handleRequest(NULL, Object(Config\Cache), false)
#8 /home/rizcky/git/project.alcentrali/officer/index/index.php(45): CodeIgniter\CodeIgniter->run()
#9 {main}
CRITICAL - 2021-02-24 22:32:01 --> Call to a member function find() on null
#0 /home/rizcky/git/project.alcentrali/engine/CodeIgniter.php(918): App\Controllers\OfficerRequest->officerValidation()
#1 /home/rizcky/git/project.alcentrali/engine/CodeIgniter.php(404): CodeIgniter\CodeIgniter->runController(Object(App\Controllers\OfficerRequest))
#2 /home/rizcky/git/project.alcentrali/engine/CodeIgniter.php(312): CodeIgniter\CodeIgniter->handleRequest(NULL, Object(Config\Cache), false)
#3 /home/rizcky/git/project.alcentrali/server/index/index.php(45): CodeIgniter\CodeIgniter->run()
#4 {main}
CRITICAL - 2021-02-24 22:32:01 --> 22 : The requested URL returned error: 500 Internal Server Error
#0 /home/rizcky/git/project.alcentrali/engine/HTTP/CURLRequest.php(821): CodeIgniter\HTTP\Exceptions\HTTPException::forCurlError('22', 'The requested U...')
#1 /home/rizcky/git/project.alcentrali/engine/HTTP/CURLRequest.php(449): CodeIgniter\HTTP\CURLRequest->sendRequest(Array)
#2 /home/rizcky/git/project.alcentrali/engine/HTTP/CURLRequest.php(158): CodeIgniter\HTTP\CURLRequest->send('put', 'http://localhos...')
#3 /home/rizcky/git/project.alcentrali/engine/HTTP/CURLRequest.php(265): CodeIgniter\HTTP\CURLRequest->request('put', 'http://localhos...', Array)
#4 /home/rizcky/git/project.alcentrali/officer/appcore/Controllers/Officer.php(44): CodeIgniter\HTTP\CURLRequest->put('http://localhos...', Array)
#5 /home/rizcky/git/project.alcentrali/engine/CodeIgniter.php(918): App\Controllers\Officer->do('process-login')
#6 /home/rizcky/git/project.alcentrali/engine/CodeIgniter.php(404): CodeIgniter\CodeIgniter->runController(Object(App\Controllers\Officer))
#7 /home/rizcky/git/project.alcentrali/engine/CodeIgniter.php(312): CodeIgniter\CodeIgniter->handleRequest(NULL, Object(Config\Cache), false)
#8 /home/rizcky/git/project.alcentrali/officer/index/index.php(45): CodeIgniter\CodeIgniter->run()
#9 {main}
CRITICAL - 2021-02-24 22:32:20 --> Call to a member function find() on null
#0 /home/rizcky/git/project.alcentrali/engine/CodeIgniter.php(918): App\Controllers\OfficerRequest->officerValidation()
#1 /home/rizcky/git/project.alcentrali/engine/CodeIgniter.php(404): CodeIgniter\CodeIgniter->runController(Object(App\Controllers\OfficerRequest))
#2 /home/rizcky/git/project.alcentrali/engine/CodeIgniter.php(312): CodeIgniter\CodeIgniter->handleRequest(NULL, Object(Config\Cache), false)
#3 /home/rizcky/git/project.alcentrali/server/index/index.php(45): CodeIgniter\CodeIgniter->run()
#4 {main}
CRITICAL - 2021-02-24 22:32:20 --> 22 : The requested URL returned error: 500 Internal Server Error
#0 /home/rizcky/git/project.alcentrali/engine/HTTP/CURLRequest.php(821): CodeIgniter\HTTP\Exceptions\HTTPException::forCurlError('22', 'The requested U...')
#1 /home/rizcky/git/project.alcentrali/engine/HTTP/CURLRequest.php(449): CodeIgniter\HTTP\CURLRequest->sendRequest(Array)
#2 /home/rizcky/git/project.alcentrali/engine/HTTP/CURLRequest.php(158): CodeIgniter\HTTP\CURLRequest->send('put', 'http://localhos...')
#3 /home/rizcky/git/project.alcentrali/engine/HTTP/CURLRequest.php(265): CodeIgniter\HTTP\CURLRequest->request('put', 'http://localhos...', Array)
#4 /home/rizcky/git/project.alcentrali/officer/appcore/Controllers/Officer.php(44): CodeIgniter\HTTP\CURLRequest->put('http://localhos...', Array)
#5 /home/rizcky/git/project.alcentrali/engine/CodeIgniter.php(918): App\Controllers\Officer->do('process-login')
#6 /home/rizcky/git/project.alcentrali/engine/CodeIgniter.php(404): CodeIgniter\CodeIgniter->runController(Object(App\Controllers\Officer))
#7 /home/rizcky/git/project.alcentrali/engine/CodeIgniter.php(312): CodeIgniter\CodeIgniter->handleRequest(NULL, Object(Config\Cache), false)
#8 /home/rizcky/git/project.alcentrali/officer/index/index.php(45): CodeIgniter\CodeIgniter->run()
#9 {main}
CRITICAL - 2021-02-24 22:33:19 --> Call to a member function find() on null
#0 /home/rizcky/git/project.alcentrali/engine/CodeIgniter.php(918): App\Controllers\OfficerRequest->officerValidation()
#1 /home/rizcky/git/project.alcentrali/engine/CodeIgniter.php(404): CodeIgniter\CodeIgniter->runController(Object(App\Controllers\OfficerRequest))
#2 /home/rizcky/git/project.alcentrali/engine/CodeIgniter.php(312): CodeIgniter\CodeIgniter->handleRequest(NULL, Object(Config\Cache), false)
#3 /home/rizcky/git/project.alcentrali/server/index/index.php(45): CodeIgniter\CodeIgniter->run()
#4 {main}
CRITICAL - 2021-02-24 22:33:19 --> 22 : The requested URL returned error: 500 Internal Server Error
#0 /home/rizcky/git/project.alcentrali/engine/HTTP/CURLRequest.php(821): CodeIgniter\HTTP\Exceptions\HTTPException::forCurlError('22', 'The requested U...')
#1 /home/rizcky/git/project.alcentrali/engine/HTTP/CURLRequest.php(449): CodeIgniter\HTTP\CURLRequest->sendRequest(Array)
#2 /home/rizcky/git/project.alcentrali/engine/HTTP/CURLRequest.php(158): CodeIgniter\HTTP\CURLRequest->send('put', 'http://localhos...')
#3 /home/rizcky/git/project.alcentrali/engine/HTTP/CURLRequest.php(265): CodeIgniter\HTTP\CURLRequest->request('put', 'http://localhos...', Array)
#4 /home/rizcky/git/project.alcentrali/officer/appcore/Controllers/Officer.php(44): CodeIgniter\HTTP\CURLRequest->put('http://localhos...', Array)
#5 /home/rizcky/git/project.alcentrali/engine/CodeIgniter.php(918): App\Controllers\Officer->do('process-login')
#6 /home/rizcky/git/project.alcentrali/engine/CodeIgniter.php(404): CodeIgniter\CodeIgniter->runController(Object(App\Controllers\Officer))
#7 /home/rizcky/git/project.alcentrali/engine/CodeIgniter.php(312): CodeIgniter\CodeIgniter->handleRequest(NULL, Object(Config\Cache), false)
#8 /home/rizcky/git/project.alcentrali/officer/index/index.php(45): CodeIgniter\CodeIgniter->run()
#9 {main}
CRITICAL - 2021-02-24 22:33:57 --> Call to a member function find() on null
#0 /home/rizcky/git/project.alcentrali/engine/CodeIgniter.php(918): App\Controllers\OfficerRequest->officerValidation()
#1 /home/rizcky/git/project.alcentrali/engine/CodeIgniter.php(404): CodeIgniter\CodeIgniter->runController(Object(App\Controllers\OfficerRequest))
#2 /home/rizcky/git/project.alcentrali/engine/CodeIgniter.php(312): CodeIgniter\CodeIgniter->handleRequest(NULL, Object(Config\Cache), false)
#3 /home/rizcky/git/project.alcentrali/server/index/index.php(45): CodeIgniter\CodeIgniter->run()
#4 {main}
CRITICAL - 2021-02-24 22:33:57 --> 22 : The requested URL returned error: 500 Internal Server Error
#0 /home/rizcky/git/project.alcentrali/engine/HTTP/CURLRequest.php(821): CodeIgniter\HTTP\Exceptions\HTTPException::forCurlError('22', 'The requested U...')
#1 /home/rizcky/git/project.alcentrali/engine/HTTP/CURLRequest.php(449): CodeIgniter\HTTP\CURLRequest->sendRequest(Array)
#2 /home/rizcky/git/project.alcentrali/engine/HTTP/CURLRequest.php(158): CodeIgniter\HTTP\CURLRequest->send('put', 'http://localhos...')
#3 /home/rizcky/git/project.alcentrali/engine/HTTP/CURLRequest.php(265): CodeIgniter\HTTP\CURLRequest->request('put', 'http://localhos...', Array)
#4 /home/rizcky/git/project.alcentrali/officer/appcore/Controllers/Officer.php(44): CodeIgniter\HTTP\CURLRequest->put('http://localhos...', Array)
#5 /home/rizcky/git/project.alcentrali/engine/CodeIgniter.php(918): App\Controllers\Officer->do('process-login')
#6 /home/rizcky/git/project.alcentrali/engine/CodeIgniter.php(404): CodeIgniter\CodeIgniter->runController(Object(App\Controllers\Officer))
#7 /home/rizcky/git/project.alcentrali/engine/CodeIgniter.php(312): CodeIgniter\CodeIgniter->handleRequest(NULL, Object(Config\Cache), false)
#8 /home/rizcky/git/project.alcentrali/officer/index/index.php(45): CodeIgniter\CodeIgniter->run()
#9 {main}
CRITICAL - 2021-02-24 22:34:41 --> Undefined index: trigger
#0 /home/rizcky/git/project.alcentrali/server/syscore/Controllers/OfficerRequest.php(29): CodeIgniter\Debug\Exceptions->errorHandler(8, 'Undefined index...', '/home/rizcky/gi...', 29, Array)
#1 /home/rizcky/git/project.alcentrali/engine/CodeIgniter.php(918): App\Controllers\OfficerRequest->officerValidation()
#2 /home/rizcky/git/project.alcentrali/engine/CodeIgniter.php(404): CodeIgniter\CodeIgniter->runController(Object(App\Controllers\OfficerRequest))
#3 /home/rizcky/git/project.alcentrali/engine/CodeIgniter.php(312): CodeIgniter\CodeIgniter->handleRequest(NULL, Object(Config\Cache), false)
#4 /home/rizcky/git/project.alcentrali/server/index/index.php(45): CodeIgniter\CodeIgniter->run()
#5 {main}
CRITICAL - 2021-02-24 22:35:03 --> Undefined index: unverified
#0 /home/rizcky/git/project.alcentrali/server/syscore/Controllers/OfficerRequest.php(34): CodeIgniter\Debug\Exceptions->errorHandler(8, 'Undefined index...', '/home/rizcky/gi...', 34, Array)
#1 /home/rizcky/git/project.alcentrali/engine/CodeIgniter.php(918): App\Controllers\OfficerRequest->officerValidation()
#2 /home/rizcky/git/project.alcentrali/engine/CodeIgniter.php(404): CodeIgniter\CodeIgniter->runController(Object(App\Controllers\OfficerRequest))
#3 /home/rizcky/git/project.alcentrali/engine/CodeIgniter.php(312): CodeIgniter\CodeIgniter->handleRequest(NULL, Object(Config\Cache), false)
#4 /home/rizcky/git/project.alcentrali/server/index/index.php(45): CodeIgniter\CodeIgniter->run()
#5 {main}
CRITICAL - 2021-02-24 22:35:13 --> Undefined offset: 1
#0 /home/rizcky/git/project.alcentrali/server/syscore/Controllers/OfficerRequest.php(18): CodeIgniter\Debug\Exceptions->errorHandler(8, 'Undefined offse...', '/home/rizcky/gi...', 18, Array)
#1 /home/rizcky/git/project.alcentrali/server/syscore/Controllers/OfficerRequest.php(35): App\Controllers\OfficerRequest->officerDataDecoding('')
#2 /home/rizcky/git/project.alcentrali/engine/CodeIgniter.php(918): App\Controllers\OfficerRequest->officerValidation()
#3 /home/rizcky/git/project.alcentrali/engine/CodeIgniter.php(404): CodeIgniter\CodeIgniter->runController(Object(App\Controllers\OfficerRequest))
#4 /home/rizcky/git/project.alcentrali/engine/CodeIgniter.php(312): CodeIgniter\CodeIgniter->handleRequest(NULL, Object(Config\Cache), false)
#5 /home/rizcky/git/project.alcentrali/server/index/index.php(45): CodeIgniter\CodeIgniter->run()
#6 {main}
CRITICAL - 2021-02-24 22:35:26 --> Undefined offset: 1
#0 /home/rizcky/git/project.alcentrali/server/syscore/Controllers/OfficerRequest.php(18): CodeIgniter\Debug\Exceptions->errorHandler(8, 'Undefined offse...', '/home/rizcky/gi...', 18, Array)
#1 /home/rizcky/git/project.alcentrali/server/syscore/Controllers/OfficerRequest.php(35): App\Controllers\OfficerRequest->officerDataDecoding('')
#2 /home/rizcky/git/project.alcentrali/engine/CodeIgniter.php(918): App\Controllers\OfficerRequest->officerValidation()
#3 /home/rizcky/git/project.alcentrali/engine/CodeIgniter.php(404): CodeIgniter\CodeIgniter->runController(Object(App\Controllers\OfficerRequest))
#4 /home/rizcky/git/project.alcentrali/engine/CodeIgniter.php(312): CodeIgniter\CodeIgniter->handleRequest(NULL, Object(Config\Cache), false)
#5 /home/rizcky/git/project.alcentrali/server/index/index.php(45): CodeIgniter\CodeIgniter->run()
#6 {main}
CRITICAL - 2021-02-24 22:36:51 --> Undefined offset: 1
#0 /home/rizcky/git/project.alcentrali/server/syscore/Controllers/OfficerRequest.php(18): CodeIgniter\Debug\Exceptions->errorHandler(8, 'Undefined offse...', '/home/rizcky/gi...', 18, Array)
#1 /home/rizcky/git/project.alcentrali/server/syscore/Controllers/OfficerRequest.php(35): App\Controllers\OfficerRequest->officerDataDecoding('')
#2 /home/rizcky/git/project.alcentrali/engine/CodeIgniter.php(918): App\Controllers\OfficerRequest->officerValidation()
#3 /home/rizcky/git/project.alcentrali/engine/CodeIgniter.php(404): CodeIgniter\CodeIgniter->runController(Object(App\Controllers\OfficerRequest))
#4 /home/rizcky/git/project.alcentrali/engine/CodeIgniter.php(312): CodeIgniter\CodeIgniter->handleRequest(NULL, Object(Config\Cache), false)
#5 /home/rizcky/git/project.alcentrali/server/index/index.php(45): CodeIgniter\CodeIgniter->run()
#6 {main}
CRITICAL - 2021-02-24 22:40:37 --> Undefined index: input-username
#0 /home/rizcky/git/project.alcentrali/server/syscore/Controllers/OfficerRequest.php(38): CodeIgniter\Debug\Exceptions->errorHandler(8, 'Undefined index...', '/home/rizcky/gi...', 38, Array)
#1 /home/rizcky/git/project.alcentrali/engine/CodeIgniter.php(918): App\Controllers\OfficerRequest->officerValidation()
#2 /home/rizcky/git/project.alcentrali/engine/CodeIgniter.php(404): CodeIgniter\CodeIgniter->runController(Object(App\Controllers\OfficerRequest))
#3 /home/rizcky/git/project.alcentrali/engine/CodeIgniter.php(312): CodeIgniter\CodeIgniter->handleRequest(NULL, Object(Config\Cache), false)
#4 /home/rizcky/git/project.alcentrali/server/index/index.php(45): CodeIgniter\CodeIgniter->run()
#5 {main}
CRITICAL - 2021-02-24 22:40:37 --> 22 : The requested URL returned error: 500 Internal Server Error
#0 /home/rizcky/git/project.alcentrali/engine/HTTP/CURLRequest.php(821): CodeIgniter\HTTP\Exceptions\HTTPException::forCurlError('22', 'The requested U...')
#1 /home/rizcky/git/project.alcentrali/engine/HTTP/CURLRequest.php(449): CodeIgniter\HTTP\CURLRequest->sendRequest(Array)
#2 /home/rizcky/git/project.alcentrali/engine/HTTP/CURLRequest.php(158): CodeIgniter\HTTP\CURLRequest->send('put', 'http://localhos...')
#3 /home/rizcky/git/project.alcentrali/engine/HTTP/CURLRequest.php(265): CodeIgniter\HTTP\CURLRequest->request('put', 'http://localhos...', Array)
#4 /home/rizcky/git/project.alcentrali/officer/appcore/Controllers/Officer.php(44): CodeIgniter\HTTP\CURLRequest->put('http://localhos...', Array)
#5 /home/rizcky/git/project.alcentrali/engine/CodeIgniter.php(918): App\Controllers\Officer->do('process-login')
#6 /home/rizcky/git/project.alcentrali/engine/CodeIgniter.php(404): CodeIgniter\CodeIgniter->runController(Object(App\Controllers\Officer))
#7 /home/rizcky/git/project.alcentrali/engine/CodeIgniter.php(312): CodeIgniter\CodeIgniter->handleRequest(NULL, Object(Config\Cache), false)
#8 /home/rizcky/git/project.alcentrali/officer/index/index.php(45): CodeIgniter\CodeIgniter->run()
#9 {main}
CRITICAL - 2021-02-24 22:47:49 --> Undefined index: input-username
#0 /home/rizcky/git/project.alcentrali/server/syscore/Controllers/OfficerRequest.php(38): CodeIgniter\Debug\Exceptions->errorHandler(8, 'Undefined index...', '/home/rizcky/gi...', 38, Array)
#1 /home/rizcky/git/project.alcentrali/engine/CodeIgniter.php(918): App\Controllers\OfficerRequest->officerValidation()
#2 /home/rizcky/git/project.alcentrali/engine/CodeIgniter.php(404): CodeIgniter\CodeIgniter->runController(Object(App\Controllers\OfficerRequest))
#3 /home/rizcky/git/project.alcentrali/engine/CodeIgniter.php(312): CodeIgniter\CodeIgniter->handleRequest(NULL, Object(Config\Cache), false)
#4 /home/rizcky/git/project.alcentrali/server/index/index.php(45): CodeIgniter\CodeIgniter->run()
#5 {main}
CRITICAL - 2021-02-24 22:47:49 --> 22 : The requested URL returned error: 500 Internal Server Error
#0 /home/rizcky/git/project.alcentrali/engine/HTTP/CURLRequest.php(821): CodeIgniter\HTTP\Exceptions\HTTPException::forCurlError('22', 'The requested U...')
#1 /home/rizcky/git/project.alcentrali/engine/HTTP/CURLRequest.php(449): CodeIgniter\HTTP\CURLRequest->sendRequest(Array)
#2 /home/rizcky/git/project.alcentrali/engine/HTTP/CURLRequest.php(158): CodeIgniter\HTTP\CURLRequest->send('put', 'http://localhos...')
#3 /home/rizcky/git/project.alcentrali/engine/HTTP/CURLRequest.php(265): CodeIgniter\HTTP\CURLRequest->request('put', 'http://localhos...', Array)
#4 /home/rizcky/git/project.alcentrali/officer/appcore/Controllers/Officer.php(44): CodeIgniter\HTTP\CURLRequest->put('http://localhos...', Array)
#5 /home/rizcky/git/project.alcentrali/engine/CodeIgniter.php(918): App\Controllers\Officer->do('process-login')
#6 /home/rizcky/git/project.alcentrali/engine/CodeIgniter.php(404): CodeIgniter\CodeIgniter->runController(Object(App\Controllers\Officer))
#7 /home/rizcky/git/project.alcentrali/engine/CodeIgniter.php(312): CodeIgniter\CodeIgniter->handleRequest(NULL, Object(Config\Cache), false)
#8 /home/rizcky/git/project.alcentrali/officer/index/index.php(45): CodeIgniter\CodeIgniter->run()
#9 {main}
CRITICAL - 2021-02-24 22:48:09 --> Undefined index: input-username
#0 /home/rizcky/git/project.alcentrali/server/syscore/Controllers/OfficerRequest.php(38): CodeIgniter\Debug\Exceptions->errorHandler(8, 'Undefined index...', '/home/rizcky/gi...', 38, Array)
#1 /home/rizcky/git/project.alcentrali/engine/CodeIgniter.php(918): App\Controllers\OfficerRequest->officerValidation()
#2 /home/rizcky/git/project.alcentrali/engine/CodeIgniter.php(404): CodeIgniter\CodeIgniter->runController(Object(App\Controllers\OfficerRequest))
#3 /home/rizcky/git/project.alcentrali/engine/CodeIgniter.php(312): CodeIgniter\CodeIgniter->handleRequest(NULL, Object(Config\Cache), false)
#4 /home/rizcky/git/project.alcentrali/server/index/index.php(45): CodeIgniter\CodeIgniter->run()
#5 {main}
CRITICAL - 2021-02-24 22:48:09 --> 22 : The requested URL returned error: 500 Internal Server Error
#0 /home/rizcky/git/project.alcentrali/engine/HTTP/CURLRequest.php(821): CodeIgniter\HTTP\Exceptions\HTTPException::forCurlError('22', 'The requested U...')
#1 /home/rizcky/git/project.alcentrali/engine/HTTP/CURLRequest.php(449): CodeIgniter\HTTP\CURLRequest->sendRequest(Array)
#2 /home/rizcky/git/project.alcentrali/engine/HTTP/CURLRequest.php(158): CodeIgniter\HTTP\CURLRequest->send('put', 'http://localhos...')
#3 /home/rizcky/git/project.alcentrali/engine/HTTP/CURLRequest.php(265): CodeIgniter\HTTP\CURLRequest->request('put', 'http://localhos...', Array)
#4 /home/rizcky/git/project.alcentrali/officer/appcore/Controllers/Officer.php(44): CodeIgniter\HTTP\CURLRequest->put('http://localhos...', Array)
#5 /home/rizcky/git/project.alcentrali/engine/CodeIgniter.php(918): App\Controllers\Officer->do('process-login')
#6 /home/rizcky/git/project.alcentrali/engine/CodeIgniter.php(404): CodeIgniter\CodeIgniter->runController(Object(App\Controllers\Officer))
#7 /home/rizcky/git/project.alcentrali/engine/CodeIgniter.php(312): CodeIgniter\CodeIgniter->handleRequest(NULL, Object(Config\Cache), false)
#8 /home/rizcky/git/project.alcentrali/officer/index/index.php(45): CodeIgniter\CodeIgniter->run()
#9 {main}
CRITICAL - 2021-02-24 22:48:56 --> Undefined index: input-username
#0 /home/rizcky/git/project.alcentrali/server/syscore/Controllers/OfficerRequest.php(38): CodeIgniter\Debug\Exceptions->errorHandler(8, 'Undefined index...', '/home/rizcky/gi...', 38, Array)
#1 /home/rizcky/git/project.alcentrali/engine/CodeIgniter.php(918): App\Controllers\OfficerRequest->officerValidation()
#2 /home/rizcky/git/project.alcentrali/engine/CodeIgniter.php(404): CodeIgniter\CodeIgniter->runController(Object(App\Controllers\OfficerRequest))
#3 /home/rizcky/git/project.alcentrali/engine/CodeIgniter.php(312): CodeIgniter\CodeIgniter->handleRequest(NULL, Object(Config\Cache), false)
#4 /home/rizcky/git/project.alcentrali/server/index/index.php(45): CodeIgniter\CodeIgniter->run()
#5 {main}
CRITICAL - 2021-02-24 22:48:56 --> 22 : The requested URL returned error: 500 Internal Server Error
#0 /home/rizcky/git/project.alcentrali/engine/HTTP/CURLRequest.php(821): CodeIgniter\HTTP\Exceptions\HTTPException::forCurlError('22', 'The requested U...')
#1 /home/rizcky/git/project.alcentrali/engine/HTTP/CURLRequest.php(449): CodeIgniter\HTTP\CURLRequest->sendRequest(Array)
#2 /home/rizcky/git/project.alcentrali/engine/HTTP/CURLRequest.php(158): CodeIgniter\HTTP\CURLRequest->send('put', 'http://localhos...')
#3 /home/rizcky/git/project.alcentrali/engine/HTTP/CURLRequest.php(265): CodeIgniter\HTTP\CURLRequest->request('put', 'http://localhos...', Array)
#4 /home/rizcky/git/project.alcentrali/officer/appcore/Controllers/Officer.php(44): CodeIgniter\HTTP\CURLRequest->put('http://localhos...', Array)
#5 /home/rizcky/git/project.alcentrali/engine/CodeIgniter.php(918): App\Controllers\Officer->do('process-login')
#6 /home/rizcky/git/project.alcentrali/engine/CodeIgniter.php(404): CodeIgniter\CodeIgniter->runController(Object(App\Controllers\Officer))
#7 /home/rizcky/git/project.alcentrali/engine/CodeIgniter.php(312): CodeIgniter\CodeIgniter->handleRequest(NULL, Object(Config\Cache), false)
#8 /home/rizcky/git/project.alcentrali/officer/index/index.php(45): CodeIgniter\CodeIgniter->run()
#9 {main}
CRITICAL - 2021-02-24 22:49:43 --> Undefined index: input-username
#0 /home/rizcky/git/project.alcentrali/server/syscore/Controllers/OfficerRequest.php(38): CodeIgniter\Debug\Exceptions->errorHandler(8, 'Undefined index...', '/home/rizcky/gi...', 38, Array)
#1 /home/rizcky/git/project.alcentrali/engine/CodeIgniter.php(918): App\Controllers\OfficerRequest->officerValidation()
#2 /home/rizcky/git/project.alcentrali/engine/CodeIgniter.php(404): CodeIgniter\CodeIgniter->runController(Object(App\Controllers\OfficerRequest))
#3 /home/rizcky/git/project.alcentrali/engine/CodeIgniter.php(312): CodeIgniter\CodeIgniter->handleRequest(NULL, Object(Config\Cache), false)
#4 /home/rizcky/git/project.alcentrali/server/index/index.php(45): CodeIgniter\CodeIgniter->run()
#5 {main}
CRITICAL - 2021-02-24 22:49:43 --> 22 : The requested URL returned error: 500 Internal Server Error
#0 /home/rizcky/git/project.alcentrali/engine/HTTP/CURLRequest.php(821): CodeIgniter\HTTP\Exceptions\HTTPException::forCurlError('22', 'The requested U...')
#1 /home/rizcky/git/project.alcentrali/engine/HTTP/CURLRequest.php(449): CodeIgniter\HTTP\CURLRequest->sendRequest(Array)
#2 /home/rizcky/git/project.alcentrali/engine/HTTP/CURLRequest.php(158): CodeIgniter\HTTP\CURLRequest->send('put', 'http://localhos...')
#3 /home/rizcky/git/project.alcentrali/engine/HTTP/CURLRequest.php(265): CodeIgniter\HTTP\CURLRequest->request('put', 'http://localhos...', Array)
#4 /home/rizcky/git/project.alcentrali/officer/appcore/Controllers/Officer.php(44): CodeIgniter\HTTP\CURLRequest->put('http://localhos...', Array)
#5 /home/rizcky/git/project.alcentrali/engine/CodeIgniter.php(918): App\Controllers\Officer->do('process-login')
#6 /home/rizcky/git/project.alcentrali/engine/CodeIgniter.php(404): CodeIgniter\CodeIgniter->runController(Object(App\Controllers\Officer))
#7 /home/rizcky/git/project.alcentrali/engine/CodeIgniter.php(312): CodeIgniter\CodeIgniter->handleRequest(NULL, Object(Config\Cache), false)
#8 /home/rizcky/git/project.alcentrali/officer/index/index.php(45): CodeIgniter\CodeIgniter->run()
#9 {main}
CRITICAL - 2021-02-24 22:50:27 --> Undefined index: input-username
#0 /home/rizcky/git/project.alcentrali/server/syscore/Controllers/OfficerRequest.php(38): CodeIgniter\Debug\Exceptions->errorHandler(8, 'Undefined index...', '/home/rizcky/gi...', 38, Array)
#1 /home/rizcky/git/project.alcentrali/engine/CodeIgniter.php(918): App\Controllers\OfficerRequest->officerValidation()
#2 /home/rizcky/git/project.alcentrali/engine/CodeIgniter.php(404): CodeIgniter\CodeIgniter->runController(Object(App\Controllers\OfficerRequest))
#3 /home/rizcky/git/project.alcentrali/engine/CodeIgniter.php(312): CodeIgniter\CodeIgniter->handleRequest(NULL, Object(Config\Cache), false)
#4 /home/rizcky/git/project.alcentrali/server/index/index.php(45): CodeIgniter\CodeIgniter->run()
#5 {main}
CRITICAL - 2021-02-24 22:50:27 --> 22 : The requested URL returned error: 500 Internal Server Error
#0 /home/rizcky/git/project.alcentrali/engine/HTTP/CURLRequest.php(821): CodeIgniter\HTTP\Exceptions\HTTPException::forCurlError('22', 'The requested U...')
#1 /home/rizcky/git/project.alcentrali/engine/HTTP/CURLRequest.php(449): CodeIgniter\HTTP\CURLRequest->sendRequest(Array)
#2 /home/rizcky/git/project.alcentrali/engine/HTTP/CURLRequest.php(158): CodeIgniter\HTTP\CURLRequest->send('put', 'http://localhos...')
#3 /home/rizcky/git/project.alcentrali/engine/HTTP/CURLRequest.php(265): CodeIgniter\HTTP\CURLRequest->request('put', 'http://localhos...', Array)
#4 /home/rizcky/git/project.alcentrali/officer/appcore/Controllers/Officer.php(44): CodeIgniter\HTTP\CURLRequest->put('http://localhos...', Array)
#5 /home/rizcky/git/project.alcentrali/engine/CodeIgniter.php(918): App\Controllers\Officer->do('process-login')
#6 /home/rizcky/git/project.alcentrali/engine/CodeIgniter.php(404): CodeIgniter\CodeIgniter->runController(Object(App\Controllers\Officer))
#7 /home/rizcky/git/project.alcentrali/engine/CodeIgniter.php(312): CodeIgniter\CodeIgniter->handleRequest(NULL, Object(Config\Cache), false)
#8 /home/rizcky/git/project.alcentrali/officer/index/index.php(45): CodeIgniter\CodeIgniter->run()
#9 {main}
CRITICAL - 2021-02-24 22:50:41 --> Undefined index: input-username
#0 /home/rizcky/git/project.alcentrali/server/syscore/Controllers/OfficerRequest.php(38): CodeIgniter\Debug\Exceptions->errorHandler(8, 'Undefined index...', '/home/rizcky/gi...', 38, Array)
#1 /home/rizcky/git/project.alcentrali/engine/CodeIgniter.php(918): App\Controllers\OfficerRequest->officerValidation()
#2 /home/rizcky/git/project.alcentrali/engine/CodeIgniter.php(404): CodeIgniter\CodeIgniter->runController(Object(App\Controllers\OfficerRequest))
#3 /home/rizcky/git/project.alcentrali/engine/CodeIgniter.php(312): CodeIgniter\CodeIgniter->handleRequest(NULL, Object(Config\Cache), false)
#4 /home/rizcky/git/project.alcentrali/server/index/index.php(45): CodeIgniter\CodeIgniter->run()
#5 {main}
CRITICAL - 2021-02-24 22:50:41 --> 22 : The requested URL returned error: 500 Internal Server Error
#0 /home/rizcky/git/project.alcentrali/engine/HTTP/CURLRequest.php(821): CodeIgniter\HTTP\Exceptions\HTTPException::forCurlError('22', 'The requested U...')
#1 /home/rizcky/git/project.alcentrali/engine/HTTP/CURLRequest.php(449): CodeIgniter\HTTP\CURLRequest->sendRequest(Array)
#2 /home/rizcky/git/project.alcentrali/engine/HTTP/CURLRequest.php(158): CodeIgniter\HTTP\CURLRequest->send('put', 'http://localhos...')
#3 /home/rizcky/git/project.alcentrali/engine/HTTP/CURLRequest.php(265): CodeIgniter\HTTP\CURLRequest->request('put', 'http://localhos...', Array)
#4 /home/rizcky/git/project.alcentrali/officer/appcore/Controllers/Officer.php(44): CodeIgniter\HTTP\CURLRequest->put('http://localhos...', Array)
#5 /home/rizcky/git/project.alcentrali/engine/CodeIgniter.php(918): App\Controllers\Officer->do('process-login')
#6 /home/rizcky/git/project.alcentrali/engine/CodeIgniter.php(404): CodeIgniter\CodeIgniter->runController(Object(App\Controllers\Officer))
#7 /home/rizcky/git/project.alcentrali/engine/CodeIgniter.php(312): CodeIgniter\CodeIgniter->handleRequest(NULL, Object(Config\Cache), false)
#8 /home/rizcky/git/project.alcentrali/officer/index/index.php(45): CodeIgniter\CodeIgniter->run()
#9 {main}
CRITICAL - 2021-02-24 22:51:08 --> Undefined index: input-username
#0 /home/rizcky/git/project.alcentrali/server/syscore/Controllers/OfficerRequest.php(38): CodeIgniter\Debug\Exceptions->errorHandler(8, 'Undefined index...', '/home/rizcky/gi...', 38, Array)
#1 /home/rizcky/git/project.alcentrali/engine/CodeIgniter.php(918): App\Controllers\OfficerRequest->officerValidation()
#2 /home/rizcky/git/project.alcentrali/engine/CodeIgniter.php(404): CodeIgniter\CodeIgniter->runController(Object(App\Controllers\OfficerRequest))
#3 /home/rizcky/git/project.alcentrali/engine/CodeIgniter.php(312): CodeIgniter\CodeIgniter->handleRequest(NULL, Object(Config\Cache), false)
#4 /home/rizcky/git/project.alcentrali/server/index/index.php(45): CodeIgniter\CodeIgniter->run()
#5 {main}
CRITICAL - 2021-02-24 22:51:08 --> 22 : The requested URL returned error: 500 Internal Server Error
#0 /home/rizcky/git/project.alcentrali/engine/HTTP/CURLRequest.php(821): CodeIgniter\HTTP\Exceptions\HTTPException::forCurlError('22', 'The requested U...')
#1 /home/rizcky/git/project.alcentrali/engine/HTTP/CURLRequest.php(449): CodeIgniter\HTTP\CURLRequest->sendRequest(Array)
#2 /home/rizcky/git/project.alcentrali/engine/HTTP/CURLRequest.php(158): CodeIgniter\HTTP\CURLRequest->send('put', 'http://localhos...')
#3 /home/rizcky/git/project.alcentrali/engine/HTTP/CURLRequest.php(265): CodeIgniter\HTTP\CURLRequest->request('put', 'http://localhos...', Array)
#4 /home/rizcky/git/project.alcentrali/officer/appcore/Controllers/Officer.php(44): CodeIgniter\HTTP\CURLRequest->put('http://localhos...', Array)
#5 /home/rizcky/git/project.alcentrali/engine/CodeIgniter.php(918): App\Controllers\Officer->do('process-login')
#6 /home/rizcky/git/project.alcentrali/engine/CodeIgniter.php(404): CodeIgniter\CodeIgniter->runController(Object(App\Controllers\Officer))
#7 /home/rizcky/git/project.alcentrali/engine/CodeIgniter.php(312): CodeIgniter\CodeIgniter->handleRequest(NULL, Object(Config\Cache), false)
#8 /home/rizcky/git/project.alcentrali/officer/index/index.php(45): CodeIgniter\CodeIgniter->run()
#9 {main}
CRITICAL - 2021-02-24 22:51:15 --> Undefined index: input-username
#0 /home/rizcky/git/project.alcentrali/server/syscore/Controllers/OfficerRequest.php(38): CodeIgniter\Debug\Exceptions->errorHandler(8, 'Undefined index...', '/home/rizcky/gi...', 38, Array)
#1 /home/rizcky/git/project.alcentrali/engine/CodeIgniter.php(918): App\Controllers\OfficerRequest->officerValidation()
#2 /home/rizcky/git/project.alcentrali/engine/CodeIgniter.php(404): CodeIgniter\CodeIgniter->runController(Object(App\Controllers\OfficerRequest))
#3 /home/rizcky/git/project.alcentrali/engine/CodeIgniter.php(312): CodeIgniter\CodeIgniter->handleRequest(NULL, Object(Config\Cache), false)
#4 /home/rizcky/git/project.alcentrali/server/index/index.php(45): CodeIgniter\CodeIgniter->run()
#5 {main}
CRITICAL - 2021-02-24 22:51:15 --> 22 : The requested URL returned error: 500 Internal Server Error
#0 /home/rizcky/git/project.alcentrali/engine/HTTP/CURLRequest.php(821): CodeIgniter\HTTP\Exceptions\HTTPException::forCurlError('22', 'The requested U...')
#1 /home/rizcky/git/project.alcentrali/engine/HTTP/CURLRequest.php(449): CodeIgniter\HTTP\CURLRequest->sendRequest(Array)
#2 /home/rizcky/git/project.alcentrali/engine/HTTP/CURLRequest.php(158): CodeIgniter\HTTP\CURLRequest->send('put', 'http://localhos...')
#3 /home/rizcky/git/project.alcentrali/engine/HTTP/CURLRequest.php(265): CodeIgniter\HTTP\CURLRequest->request('put', 'http://localhos...', Array)
#4 /home/rizcky/git/project.alcentrali/officer/appcore/Controllers/Officer.php(44): CodeIgniter\HTTP\CURLRequest->put('http://localhos...', Array)
#5 /home/rizcky/git/project.alcentrali/engine/CodeIgniter.php(918): App\Controllers\Officer->do('process-login')
#6 /home/rizcky/git/project.alcentrali/engine/CodeIgniter.php(404): CodeIgniter\CodeIgniter->runController(Object(App\Controllers\Officer))
#7 /home/rizcky/git/project.alcentrali/engine/CodeIgniter.php(312): CodeIgniter\CodeIgniter->handleRequest(NULL, Object(Config\Cache), false)
#8 /home/rizcky/git/project.alcentrali/officer/index/index.php(45): CodeIgniter\CodeIgniter->run()
#9 {main}
CRITICAL - 2021-02-24 22:52:03 --> Undefined index: input-username
#0 /home/rizcky/git/project.alcentrali/server/syscore/Controllers/OfficerRequest.php(39): CodeIgniter\Debug\Exceptions->errorHandler(8, 'Undefined index...', '/home/rizcky/gi...', 39, Array)
#1 /home/rizcky/git/project.alcentrali/engine/CodeIgniter.php(918): App\Controllers\OfficerRequest->officerValidation()
#2 /home/rizcky/git/project.alcentrali/engine/CodeIgniter.php(404): CodeIgniter\CodeIgniter->runController(Object(App\Controllers\OfficerRequest))
#3 /home/rizcky/git/project.alcentrali/engine/CodeIgniter.php(312): CodeIgniter\CodeIgniter->handleRequest(NULL, Object(Config\Cache), false)
#4 /home/rizcky/git/project.alcentrali/server/index/index.php(45): CodeIgniter\CodeIgniter->run()
#5 {main}
CRITICAL - 2021-02-24 22:52:03 --> 22 : The requested URL returned error: 500 Internal Server Error
#0 /home/rizcky/git/project.alcentrali/engine/HTTP/CURLRequest.php(821): CodeIgniter\HTTP\Exceptions\HTTPException::forCurlError('22', 'The requested U...')
#1 /home/rizcky/git/project.alcentrali/engine/HTTP/CURLRequest.php(449): CodeIgniter\HTTP\CURLRequest->sendRequest(Array)
#2 /home/rizcky/git/project.alcentrali/engine/HTTP/CURLRequest.php(158): CodeIgniter\HTTP\CURLRequest->send('put', 'http://localhos...')
#3 /home/rizcky/git/project.alcentrali/engine/HTTP/CURLRequest.php(265): CodeIgniter\HTTP\CURLRequest->request('put', 'http://localhos...', Array)
#4 /home/rizcky/git/project.alcentrali/officer/appcore/Controllers/Officer.php(44): CodeIgniter\HTTP\CURLRequest->put('http://localhos...', Array)
#5 /home/rizcky/git/project.alcentrali/engine/CodeIgniter.php(918): App\Controllers\Officer->do('process-login')
#6 /home/rizcky/git/project.alcentrali/engine/CodeIgniter.php(404): CodeIgniter\CodeIgniter->runController(Object(App\Controllers\Officer))
#7 /home/rizcky/git/project.alcentrali/engine/CodeIgniter.php(312): CodeIgniter\CodeIgniter->handleRequest(NULL, Object(Config\Cache), false)
#8 /home/rizcky/git/project.alcentrali/officer/index/index.php(45): CodeIgniter\CodeIgniter->run()
#9 {main}
CRITICAL - 2021-02-24 22:52:19 --> Undefined index: input-username
#0 /home/rizcky/git/project.alcentrali/server/syscore/Controllers/OfficerRequest.php(39): CodeIgniter\Debug\Exceptions->errorHandler(8, 'Undefined index...', '/home/rizcky/gi...', 39, Array)
#1 /home/rizcky/git/project.alcentrali/engine/CodeIgniter.php(918): App\Controllers\OfficerRequest->officerValidation()
#2 /home/rizcky/git/project.alcentrali/engine/CodeIgniter.php(404): CodeIgniter\CodeIgniter->runController(Object(App\Controllers\OfficerRequest))
#3 /home/rizcky/git/project.alcentrali/engine/CodeIgniter.php(312): CodeIgniter\CodeIgniter->handleRequest(NULL, Object(Config\Cache), false)
#4 /home/rizcky/git/project.alcentrali/server/index/index.php(45): CodeIgniter\CodeIgniter->run()
#5 {main}
CRITICAL - 2021-02-24 22:52:19 --> 22 : The requested URL returned error: 500 Internal Server Error
#0 /home/rizcky/git/project.alcentrali/engine/HTTP/CURLRequest.php(821): CodeIgniter\HTTP\Exceptions\HTTPException::forCurlError('22', 'The requested U...')
#1 /home/rizcky/git/project.alcentrali/engine/HTTP/CURLRequest.php(449): CodeIgniter\HTTP\CURLRequest->sendRequest(Array)
#2 /home/rizcky/git/project.alcentrali/engine/HTTP/CURLRequest.php(158): CodeIgniter\HTTP\CURLRequest->send('put', 'http://localhos...')
#3 /home/rizcky/git/project.alcentrali/engine/HTTP/CURLRequest.php(265): CodeIgniter\HTTP\CURLRequest->request('put', 'http://localhos...', Array)
#4 /home/rizcky/git/project.alcentrali/officer/appcore/Controllers/Officer.php(44): CodeIgniter\HTTP\CURLRequest->put('http://localhos...', Array)
#5 /home/rizcky/git/project.alcentrali/engine/CodeIgniter.php(918): App\Controllers\Officer->do('process-login')
#6 /home/rizcky/git/project.alcentrali/engine/CodeIgniter.php(404): CodeIgniter\CodeIgniter->runController(Object(App\Controllers\Officer))
#7 /home/rizcky/git/project.alcentrali/engine/CodeIgniter.php(312): CodeIgniter\CodeIgniter->handleRequest(NULL, Object(Config\Cache), false)
#8 /home/rizcky/git/project.alcentrali/officer/index/index.php(45): CodeIgniter\CodeIgniter->run()
#9 {main}
CRITICAL - 2021-02-24 22:52:31 --> Undefined index: input-username
#0 /home/rizcky/git/project.alcentrali/server/syscore/Controllers/OfficerRequest.php(39): CodeIgniter\Debug\Exceptions->errorHandler(8, 'Undefined index...', '/home/rizcky/gi...', 39, Array)
#1 /home/rizcky/git/project.alcentrali/engine/CodeIgniter.php(918): App\Controllers\OfficerRequest->officerValidation()
#2 /home/rizcky/git/project.alcentrali/engine/CodeIgniter.php(404): CodeIgniter\CodeIgniter->runController(Object(App\Controllers\OfficerRequest))
#3 /home/rizcky/git/project.alcentrali/engine/CodeIgniter.php(312): CodeIgniter\CodeIgniter->handleRequest(NULL, Object(Config\Cache), false)
#4 /home/rizcky/git/project.alcentrali/server/index/index.php(45): CodeIgniter\CodeIgniter->run()
#5 {main}
CRITICAL - 2021-02-24 22:52:31 --> 22 : The requested URL returned error: 500 Internal Server Error
#0 /home/rizcky/git/project.alcentrali/engine/HTTP/CURLRequest.php(821): CodeIgniter\HTTP\Exceptions\HTTPException::forCurlError('22', 'The requested U...')
#1 /home/rizcky/git/project.alcentrali/engine/HTTP/CURLRequest.php(449): CodeIgniter\HTTP\CURLRequest->sendRequest(Array)
#2 /home/rizcky/git/project.alcentrali/engine/HTTP/CURLRequest.php(158): CodeIgniter\HTTP\CURLRequest->send('put', 'http://localhos...')
#3 /home/rizcky/git/project.alcentrali/engine/HTTP/CURLRequest.php(265): CodeIgniter\HTTP\CURLRequest->request('put', 'http://localhos...', Array)
#4 /home/rizcky/git/project.alcentrali/officer/appcore/Controllers/Officer.php(44): CodeIgniter\HTTP\CURLRequest->put('http://localhos...', Array)
#5 /home/rizcky/git/project.alcentrali/engine/CodeIgniter.php(918): App\Controllers\Officer->do('process-login')
#6 /home/rizcky/git/project.alcentrali/engine/CodeIgniter.php(404): CodeIgniter\CodeIgniter->runController(Object(App\Controllers\Officer))
#7 /home/rizcky/git/project.alcentrali/engine/CodeIgniter.php(312): CodeIgniter\CodeIgniter->handleRequest(NULL, Object(Config\Cache), false)
#8 /home/rizcky/git/project.alcentrali/officer/index/index.php(45): CodeIgniter\CodeIgniter->run()
#9 {main}
CRITICAL - 2021-02-24 22:53:42 --> Undefined index: input-password
#0 /home/rizcky/git/project.alcentrali/server/syscore/Controllers/OfficerRequest.php(46): CodeIgniter\Debug\Exceptions->errorHandler(8, 'Undefined index...', '/home/rizcky/gi...', 46, Array)
#1 /home/rizcky/git/project.alcentrali/engine/CodeIgniter.php(918): App\Controllers\OfficerRequest->officerValidation()
#2 /home/rizcky/git/project.alcentrali/engine/CodeIgniter.php(404): CodeIgniter\CodeIgniter->runController(Object(App\Controllers\OfficerRequest))
#3 /home/rizcky/git/project.alcentrali/engine/CodeIgniter.php(312): CodeIgniter\CodeIgniter->handleRequest(NULL, Object(Config\Cache), false)
#4 /home/rizcky/git/project.alcentrali/server/index/index.php(45): CodeIgniter\CodeIgniter->run()
#5 {main}
CRITICAL - 2021-02-24 22:53:42 --> 22 : The requested URL returned error: 500 Internal Server Error
#0 /home/rizcky/git/project.alcentrali/engine/HTTP/CURLRequest.php(821): CodeIgniter\HTTP\Exceptions\HTTPException::forCurlError('22', 'The requested U...')
#1 /home/rizcky/git/project.alcentrali/engine/HTTP/CURLRequest.php(449): CodeIgniter\HTTP\CURLRequest->sendRequest(Array)
#2 /home/rizcky/git/project.alcentrali/engine/HTTP/CURLRequest.php(158): CodeIgniter\HTTP\CURLRequest->send('put', 'http://localhos...')
#3 /home/rizcky/git/project.alcentrali/engine/HTTP/CURLRequest.php(265): CodeIgniter\HTTP\CURLRequest->request('put', 'http://localhos...', Array)
#4 /home/rizcky/git/project.alcentrali/officer/appcore/Controllers/Officer.php(44): CodeIgniter\HTTP\CURLRequest->put('http://localhos...', Array)
#5 /home/rizcky/git/project.alcentrali/engine/CodeIgniter.php(918): App\Controllers\Officer->do('process-login')
#6 /home/rizcky/git/project.alcentrali/engine/CodeIgniter.php(404): CodeIgniter\CodeIgniter->runController(Object(App\Controllers\Officer))
#7 /home/rizcky/git/project.alcentrali/engine/CodeIgniter.php(312): CodeIgniter\CodeIgniter->handleRequest(NULL, Object(Config\Cache), false)
#8 /home/rizcky/git/project.alcentrali/officer/index/index.php(45): CodeIgniter\CodeIgniter->run()
#9 {main}
CRITICAL - 2021-02-24 22:55:06 --> Undefined index: input-username
#0 /home/rizcky/git/project.alcentrali/server/syscore/Controllers/OfficerRequest.php(37): CodeIgniter\Debug\Exceptions->errorHandler(8, 'Undefined index...', '/home/rizcky/gi...', 37, Array)
#1 /home/rizcky/git/project.alcentrali/engine/CodeIgniter.php(918): App\Controllers\OfficerRequest->officerValidation()
#2 /home/rizcky/git/project.alcentrali/engine/CodeIgniter.php(404): CodeIgniter\CodeIgniter->runController(Object(App\Controllers\OfficerRequest))
#3 /home/rizcky/git/project.alcentrali/engine/CodeIgniter.php(312): CodeIgniter\CodeIgniter->handleRequest(NULL, Object(Config\Cache), false)
#4 /home/rizcky/git/project.alcentrali/server/index/index.php(45): CodeIgniter\CodeIgniter->run()
#5 {main}
CRITICAL - 2021-02-24 22:55:06 --> 22 : The requested URL returned error: 500 Internal Server Error
#0 /home/rizcky/git/project.alcentrali/engine/HTTP/CURLRequest.php(821): CodeIgniter\HTTP\Exceptions\HTTPException::forCurlError('22', 'The requested U...')
#1 /home/rizcky/git/project.alcentrali/engine/HTTP/CURLRequest.php(449): CodeIgniter\HTTP\CURLRequest->sendRequest(Array)
#2 /home/rizcky/git/project.alcentrali/engine/HTTP/CURLRequest.php(158): CodeIgniter\HTTP\CURLRequest->send('put', 'http://localhos...')
#3 /home/rizcky/git/project.alcentrali/engine/HTTP/CURLRequest.php(265): CodeIgniter\HTTP\CURLRequest->request('put', 'http://localhos...', Array)
#4 /home/rizcky/git/project.alcentrali/officer/appcore/Controllers/Officer.php(44): CodeIgniter\HTTP\CURLRequest->put('http://localhos...', Array)
#5 /home/rizcky/git/project.alcentrali/engine/CodeIgniter.php(918): App\Controllers\Officer->do('process-login')
#6 /home/rizcky/git/project.alcentrali/engine/CodeIgniter.php(404): CodeIgniter\CodeIgniter->runController(Object(App\Controllers\Officer))
#7 /home/rizcky/git/project.alcentrali/engine/CodeIgniter.php(312): CodeIgniter\CodeIgniter->handleRequest(NULL, Object(Config\Cache), false)
#8 /home/rizcky/git/project.alcentrali/officer/index/index.php(45): CodeIgniter\CodeIgniter->run()
#9 {main}
CRITICAL - 2021-02-24 22:56:33 --> Illegal string offset 'input-password'
#0 /home/rizcky/git/project.alcentrali/server/syscore/Controllers/OfficerRequest.php(45): CodeIgniter\Debug\Exceptions->errorHandler(2, 'Illegal string ...', '/home/rizcky/gi...', 45, Array)
#1 /home/rizcky/git/project.alcentrali/engine/CodeIgniter.php(918): App\Controllers\OfficerRequest->officerValidation()
#2 /home/rizcky/git/project.alcentrali/engine/CodeIgniter.php(404): CodeIgniter\CodeIgniter->runController(Object(App\Controllers\OfficerRequest))
#3 /home/rizcky/git/project.alcentrali/engine/CodeIgniter.php(312): CodeIgniter\CodeIgniter->handleRequest(NULL, Object(Config\Cache), false)
#4 /home/rizcky/git/project.alcentrali/server/index/index.php(45): CodeIgniter\CodeIgniter->run()
#5 {main}
CRITICAL - 2021-02-24 22:56:33 --> 22 : The requested URL returned error: 500 Internal Server Error
#0 /home/rizcky/git/project.alcentrali/engine/HTTP/CURLRequest.php(821): CodeIgniter\HTTP\Exceptions\HTTPException::forCurlError('22', 'The requested U...')
#1 /home/rizcky/git/project.alcentrali/engine/HTTP/CURLRequest.php(449): CodeIgniter\HTTP\CURLRequest->sendRequest(Array)
#2 /home/rizcky/git/project.alcentrali/engine/HTTP/CURLRequest.php(158): CodeIgniter\HTTP\CURLRequest->send('put', 'http://localhos...')
#3 /home/rizcky/git/project.alcentrali/engine/HTTP/CURLRequest.php(265): CodeIgniter\HTTP\CURLRequest->request('put', 'http://localhos...', Array)
#4 /home/rizcky/git/project.alcentrali/officer/appcore/Controllers/Officer.php(44): CodeIgniter\HTTP\CURLRequest->put('http://localhos...', Array)
#5 /home/rizcky/git/project.alcentrali/engine/CodeIgniter.php(918): App\Controllers\Officer->do('process-login')
#6 /home/rizcky/git/project.alcentrali/engine/CodeIgniter.php(404): CodeIgniter\CodeIgniter->runController(Object(App\Controllers\Officer))
#7 /home/rizcky/git/project.alcentrali/engine/CodeIgniter.php(312): CodeIgniter\CodeIgniter->handleRequest(NULL, Object(Config\Cache), false)
#8 /home/rizcky/git/project.alcentrali/officer/index/index.php(45): CodeIgniter\CodeIgniter->run()
#9 {main}
CRITICAL - 2021-02-24 22:57:40 --> Array to string conversion
#0 /home/rizcky/git/project.alcentrali/officer/appcore/Controllers/Officer.php(38): CodeIgniter\Debug\Exceptions->errorHandler(8, 'Array to string...', '/home/rizcky/gi...', 38, Array)
#1 /home/rizcky/git/project.alcentrali/engine/CodeIgniter.php(918): App\Controllers\Officer->do('process-login')
#2 /home/rizcky/git/project.alcentrali/engine/CodeIgniter.php(404): CodeIgniter\CodeIgniter->runController(Object(App\Controllers\Officer))
#3 /home/rizcky/git/project.alcentrali/engine/CodeIgniter.php(312): CodeIgniter\CodeIgniter->handleRequest(NULL, Object(Config\Cache), false)
#4 /home/rizcky/git/project.alcentrali/officer/index/index.php(45): CodeIgniter\CodeIgniter->run()
#5 {main}
CRITICAL - 2021-02-24 22:57:57 --> Array to string conversion
#0 /home/rizcky/git/project.alcentrali/officer/appcore/Controllers/Officer.php(39): CodeIgniter\Debug\Exceptions->errorHandler(8, 'Array to string...', '/home/rizcky/gi...', 39, Array)
#1 /home/rizcky/git/project.alcentrali/engine/CodeIgniter.php(918): App\Controllers\Officer->do('process-login')
#2 /home/rizcky/git/project.alcentrali/engine/CodeIgniter.php(404): CodeIgniter\CodeIgniter->runController(Object(App\Controllers\Officer))
#3 /home/rizcky/git/project.alcentrali/engine/CodeIgniter.php(312): CodeIgniter\CodeIgniter->handleRequest(NULL, Object(Config\Cache), false)
#4 /home/rizcky/git/project.alcentrali/officer/index/index.php(45): CodeIgniter\CodeIgniter->run()
#5 {main}
CRITICAL - 2021-02-24 22:58:24 --> Undefined offset: 1
#0 /home/rizcky/git/project.alcentrali/server/syscore/Controllers/OfficerRequest.php(18): CodeIgniter\Debug\Exceptions->errorHandler(8, 'Undefined offse...', '/home/rizcky/gi...', 18, Array)
#1 /home/rizcky/git/project.alcentrali/server/syscore/Controllers/OfficerRequest.php(35): App\Controllers\OfficerRequest->officerDataDecoding('')
#2 /home/rizcky/git/project.alcentrali/engine/CodeIgniter.php(918): App\Controllers\OfficerRequest->officerValidation()
#3 /home/rizcky/git/project.alcentrali/engine/CodeIgniter.php(404): CodeIgniter\CodeIgniter->runController(Object(App\Controllers\OfficerRequest))
#4 /home/rizcky/git/project.alcentrali/engine/CodeIgniter.php(312): CodeIgniter\CodeIgniter->handleRequest(NULL, Object(Config\Cache), false)
#5 /home/rizcky/git/project.alcentrali/server/index/index.php(45): CodeIgniter\CodeIgniter->run()
#6 {main}
CRITICAL - 2021-02-24 22:58:24 --> 22 : The requested URL returned error: 500 Internal Server Error
#0 /home/rizcky/git/project.alcentrali/engine/HTTP/CURLRequest.php(821): CodeIgniter\HTTP\Exceptions\HTTPException::forCurlError('22', 'The requested U...')
#1 /home/rizcky/git/project.alcentrali/engine/HTTP/CURLRequest.php(449): CodeIgniter\HTTP\CURLRequest->sendRequest(Array)
#2 /home/rizcky/git/project.alcentrali/engine/HTTP/CURLRequest.php(158): CodeIgniter\HTTP\CURLRequest->send('put', 'http://localhos...')
#3 /home/rizcky/git/project.alcentrali/engine/HTTP/CURLRequest.php(265): CodeIgniter\HTTP\CURLRequest->request('put', 'http://localhos...', Array)
#4 /home/rizcky/git/project.alcentrali/officer/appcore/Controllers/Officer.php(44): CodeIgniter\HTTP\CURLRequest->put('http://localhos...', Array)
#5 /home/rizcky/git/project.alcentrali/engine/CodeIgniter.php(918): App\Controllers\Officer->do('process-login')
#6 /home/rizcky/git/project.alcentrali/engine/CodeIgniter.php(404): CodeIgniter\CodeIgniter->runController(Object(App\Controllers\Officer))
#7 /home/rizcky/git/project.alcentrali/engine/CodeIgniter.php(312): CodeIgniter\CodeIgniter->handleRequest(NULL, Object(Config\Cache), false)
#8 /home/rizcky/git/project.alcentrali/officer/index/index.php(45): CodeIgniter\CodeIgniter->run()
#9 {main}
CRITICAL - 2021-02-24 22:58:41 --> Undefined variable: serverResponses
#0 /home/rizcky/git/project.alcentrali/officer/appcore/Controllers/Officer.php(45): CodeIgniter\Debug\Exceptions->errorHandler(8, 'Undefined varia...', '/home/rizcky/gi...', 45, Array)
#1 /home/rizcky/git/project.alcentrali/engine/CodeIgniter.php(918): App\Controllers\Officer->do('process-login')
#2 /home/rizcky/git/project.alcentrali/engine/CodeIgniter.php(404): CodeIgniter\CodeIgniter->runController(Object(App\Controllers\Officer))
#3 /home/rizcky/git/project.alcentrali/engine/CodeIgniter.php(312): CodeIgniter\CodeIgniter->handleRequest(NULL, Object(Config\Cache), false)
#4 /home/rizcky/git/project.alcentrali/officer/index/index.php(45): CodeIgniter\CodeIgniter->run()
#5 {main}
CRITICAL - 2021-02-24 22:59:59 --> Illegal string offset 'input-password'
#0 /home/rizcky/git/project.alcentrali/server/syscore/Controllers/OfficerRequest.php(45): CodeIgniter\Debug\Exceptions->errorHandler(2, 'Illegal string ...', '/home/rizcky/gi...', 45, Array)
#1 /home/rizcky/git/project.alcentrali/engine/CodeIgniter.php(918): App\Controllers\OfficerRequest->officerValidation()
#2 /home/rizcky/git/project.alcentrali/engine/CodeIgniter.php(404): CodeIgniter\CodeIgniter->runController(Object(App\Controllers\OfficerRequest))
#3 /home/rizcky/git/project.alcentrali/engine/CodeIgniter.php(312): CodeIgniter\CodeIgniter->handleRequest(NULL, Object(Config\Cache), false)
#4 /home/rizcky/git/project.alcentrali/server/index/index.php(45): CodeIgniter\CodeIgniter->run()
#5 {main}
CRITICAL - 2021-02-24 22:59:59 --> 22 : The requested URL returned error: 500 Internal Server Error
#0 /home/rizcky/git/project.alcentrali/engine/HTTP/CURLRequest.php(821): CodeIgniter\HTTP\Exceptions\HTTPException::forCurlError('22', 'The requested U...')
#1 /home/rizcky/git/project.alcentrali/engine/HTTP/CURLRequest.php(449): CodeIgniter\HTTP\CURLRequest->sendRequest(Array)
#2 /home/rizcky/git/project.alcentrali/engine/HTTP/CURLRequest.php(158): CodeIgniter\HTTP\CURLRequest->send('put', 'http://localhos...')
#3 /home/rizcky/git/project.alcentrali/engine/HTTP/CURLRequest.php(265): CodeIgniter\HTTP\CURLRequest->request('put', 'http://localhos...', Array)
#4 /home/rizcky/git/project.alcentrali/officer/appcore/Controllers/Officer.php(44): CodeIgniter\HTTP\CURLRequest->put('http://localhos...', Array)
#5 /home/rizcky/git/project.alcentrali/engine/CodeIgniter.php(918): App\Controllers\Officer->do('process-login')
#6 /home/rizcky/git/project.alcentrali/engine/CodeIgniter.php(404): CodeIgniter\CodeIgniter->runController(Object(App\Controllers\Officer))
#7 /home/rizcky/git/project.alcentrali/engine/CodeIgniter.php(312): CodeIgniter\CodeIgniter->handleRequest(NULL, Object(Config\Cache), false)
#8 /home/rizcky/git/project.alcentrali/officer/index/index.php(45): CodeIgniter\CodeIgniter->run()
#9 {main}
CRITICAL - 2021-02-24 23:01:15 --> Illegal string offset 'input-username'
#0 /home/rizcky/git/project.alcentrali/server/syscore/Controllers/OfficerRequest.php(38): CodeIgniter\Debug\Exceptions->errorHandler(2, 'Illegal string ...', '/home/rizcky/gi...', 38, Array)
#1 /home/rizcky/git/project.alcentrali/engine/CodeIgniter.php(918): App\Controllers\OfficerRequest->officerValidation()
#2 /home/rizcky/git/project.alcentrali/engine/CodeIgniter.php(404): CodeIgniter\CodeIgniter->runController(Object(App\Controllers\OfficerRequest))
#3 /home/rizcky/git/project.alcentrali/engine/CodeIgniter.php(312): CodeIgniter\CodeIgniter->handleRequest(NULL, Object(Config\Cache), false)
#4 /home/rizcky/git/project.alcentrali/server/index/index.php(45): CodeIgniter\CodeIgniter->run()
#5 {main}
CRITICAL - 2021-02-24 23:01:15 --> 22 : The requested URL returned error: 500 Internal Server Error
#0 /home/rizcky/git/project.alcentrali/engine/HTTP/CURLRequest.php(821): CodeIgniter\HTTP\Exceptions\HTTPException::forCurlError('22', 'The requested U...')
#1 /home/rizcky/git/project.alcentrali/engine/HTTP/CURLRequest.php(449): CodeIgniter\HTTP\CURLRequest->sendRequest(Array)
#2 /home/rizcky/git/project.alcentrali/engine/HTTP/CURLRequest.php(158): CodeIgniter\HTTP\CURLRequest->send('put', 'http://localhos...')
#3 /home/rizcky/git/project.alcentrali/engine/HTTP/CURLRequest.php(265): CodeIgniter\HTTP\CURLRequest->request('put', 'http://localhos...', Array)
#4 /home/rizcky/git/project.alcentrali/officer/appcore/Controllers/Officer.php(44): CodeIgniter\HTTP\CURLRequest->put('http://localhos...', Array)
#5 /home/rizcky/git/project.alcentrali/engine/CodeIgniter.php(918): App\Controllers\Officer->do('process-login')
#6 /home/rizcky/git/project.alcentrali/engine/CodeIgniter.php(404): CodeIgniter\CodeIgniter->runController(Object(App\Controllers\Officer))
#7 /home/rizcky/git/project.alcentrali/engine/CodeIgniter.php(312): CodeIgniter\CodeIgniter->handleRequest(NULL, Object(Config\Cache), false)
#8 /home/rizcky/git/project.alcentrali/officer/index/index.php(45): CodeIgniter\CodeIgniter->run()
#9 {main}
CRITICAL - 2021-02-24 23:02:20 --> Cannot use object of type stdClass as array
#0 /home/rizcky/git/project.alcentrali/engine/CodeIgniter.php(918): App\Controllers\OfficerRequest->officerValidation()
#1 /home/rizcky/git/project.alcentrali/engine/CodeIgniter.php(404): CodeIgniter\CodeIgniter->runController(Object(App\Controllers\OfficerRequest))
#2 /home/rizcky/git/project.alcentrali/engine/CodeIgniter.php(312): CodeIgniter\CodeIgniter->handleRequest(NULL, Object(Config\Cache), false)
#3 /home/rizcky/git/project.alcentrali/server/index/index.php(45): CodeIgniter\CodeIgniter->run()
#4 {main}
CRITICAL - 2021-02-24 23:02:20 --> 22 : The requested URL returned error: 500 Internal Server Error
#0 /home/rizcky/git/project.alcentrali/engine/HTTP/CURLRequest.php(821): CodeIgniter\HTTP\Exceptions\HTTPException::forCurlError('22', 'The requested U...')
#1 /home/rizcky/git/project.alcentrali/engine/HTTP/CURLRequest.php(449): CodeIgniter\HTTP\CURLRequest->sendRequest(Array)
#2 /home/rizcky/git/project.alcentrali/engine/HTTP/CURLRequest.php(158): CodeIgniter\HTTP\CURLRequest->send('put', 'http://localhos...')
#3 /home/rizcky/git/project.alcentrali/engine/HTTP/CURLRequest.php(265): CodeIgniter\HTTP\CURLRequest->request('put', 'http://localhos...', Array)
#4 /home/rizcky/git/project.alcentrali/officer/appcore/Controllers/Officer.php(44): CodeIgniter\HTTP\CURLRequest->put('http://localhos...', Array)
#5 /home/rizcky/git/project.alcentrali/engine/CodeIgniter.php(918): App\Controllers\Officer->do('process-login')
#6 /home/rizcky/git/project.alcentrali/engine/CodeIgniter.php(404): CodeIgniter\CodeIgniter->runController(Object(App\Controllers\Officer))
#7 /home/rizcky/git/project.alcentrali/engine/CodeIgniter.php(312): CodeIgniter\CodeIgniter->handleRequest(NULL, Object(Config\Cache), false)
#8 /home/rizcky/git/project.alcentrali/officer/index/index.php(45): CodeIgniter\CodeIgniter->run()
#9 {main}
CRITICAL - 2021-02-24 23:02:53 --> Cannot use object of type stdClass as array
#0 /home/rizcky/git/project.alcentrali/engine/CodeIgniter.php(918): App\Controllers\OfficerRequest->officerValidation()
#1 /home/rizcky/git/project.alcentrali/engine/CodeIgniter.php(404): CodeIgniter\CodeIgniter->runController(Object(App\Controllers\OfficerRequest))
#2 /home/rizcky/git/project.alcentrali/engine/CodeIgniter.php(312): CodeIgniter\CodeIgniter->handleRequest(NULL, Object(Config\Cache), false)
#3 /home/rizcky/git/project.alcentrali/server/index/index.php(45): CodeIgniter\CodeIgniter->run()
#4 {main}
CRITICAL - 2021-02-24 23:02:53 --> 22 : The requested URL returned error: 500 Internal Server Error
#0 /home/rizcky/git/project.alcentrali/engine/HTTP/CURLRequest.php(821): CodeIgniter\HTTP\Exceptions\HTTPException::forCurlError('22', 'The requested U...')
#1 /home/rizcky/git/project.alcentrali/engine/HTTP/CURLRequest.php(449): CodeIgniter\HTTP\CURLRequest->sendRequest(Array)
#2 /home/rizcky/git/project.alcentrali/engine/HTTP/CURLRequest.php(158): CodeIgniter\HTTP\CURLRequest->send('put', 'http://localhos...')
#3 /home/rizcky/git/project.alcentrali/engine/HTTP/CURLRequest.php(265): CodeIgniter\HTTP\CURLRequest->request('put', 'http://localhos...', Array)
#4 /home/rizcky/git/project.alcentrali/officer/appcore/Controllers/Officer.php(44): CodeIgniter\HTTP\CURLRequest->put('http://localhos...', Array)
#5 /home/rizcky/git/project.alcentrali/engine/CodeIgniter.php(918): App\Controllers\Officer->do('process-login')
#6 /home/rizcky/git/project.alcentrali/engine/CodeIgniter.php(404): CodeIgniter\CodeIgniter->runController(Object(App\Controllers\Officer))
#7 /home/rizcky/git/project.alcentrali/engine/CodeIgniter.php(312): CodeIgniter\CodeIgniter->handleRequest(NULL, Object(Config\Cache), false)
#8 /home/rizcky/git/project.alcentrali/officer/index/index.php(45): CodeIgniter\CodeIgniter->run()
#9 {main}
